[term31-1] seq=4 rtt=1633.8200569152832ms  lat=-24.4951229095459 lon=44.76993179321289 time=2026-05-01 17:59:03.054179
[term31-1] msg="Sequence number was missing from sliding window, so packet could not be decoded"
[term31-1] seq=3 rtt=1844.9358940124512ms  lat=62.823665618896484 lon=16.68230628967285 time=2026-05-01 17:59:02.843286
[term31-1] seq=2 rtt=2180.133819580078ms  lat=-265.54681396484375 lon=2.445183515548706 time=2026-05-01 17:59:02.508133
[term31-1] seq=5 rtt=1361.7615699768066ms  lat=-14.595386505126953 lon=198.53048706054688 time=2026-05-01 17:59:03.326544
[term31-1] seq=6 rtt=1303.8876056671143ms  lat=9.07601547241211 lon=44.59430694580078 time=2026-05-01 17:59:03.655385
[term31-1] seq=7 rtt=1366.9633865356445ms  lat=17.706897735595703 lon=95.86577606201172 time=2026-05-01 17:59:03.863376
[term31-1] msg="Non-coded packet received" seq=8 rtt=1085.3595733642578ms  lat=-48.430816650390625 lon=96.30799865722656 time=2026-05-01 17:59:04.426352
[term31-1] seq=9 rtt=1365.3459548950195ms  lat=23.910993576049805 lon=-59.65296173095703 time=2026-05-01 17:59:04.407140
[term31-1] seq=10 rtt=1303.0943870544434ms  lat=-203.8626251220703 lon=-299.7750549316406 time=2026-05-01 17:59:04.740412
[term31-1] seq=11 rtt=1365.8161163330078ms  lat=96.66070556640625 lon=195.23789978027344 time=2026-05-01 17:59:04.948732
[term31-1] seq=12 rtt=1366.124153137207ms  lat=-23.687108993530273 lon=137.24624633789062 time=2026-05-01 17:59:05.219740
[term31-1] seq=13 rtt=1303.6830425262451ms  lat=47.45800018310547 lon=-111.31605529785156 time=2026-05-01 17:59:05.553410
[term31-1] seq=14 rtt=1364.809274673462ms  lat=75.63284301757812 lon=115.4922866821289 time=2026-05-01 17:59:05.763365
[term31-1] seq=15 rtt=1366.936445236206ms  lat=21.932294845581055 lon=130.61761474609375 time=2026-05-01 17:59:06.032416
[term31-1] seq=16 rtt=1307.1691989898682ms  lat=-19.4794864654541 lon=-47.380393981933594 time=2026-05-01 17:59:06.363657
[term31-1] seq=17 rtt=1376.9609928131104ms  lat=20.944366455078125 lon=317.0328674316406 time=2026-05-01 17:59:06.565088
[term31-1] seq=18 rtt=1366.1079406738281ms  lat=0.00958304014056921 lon=-128.15264892578125 time=2026-05-01 17:59:06.847173
[term31-1] seq=19 rtt=1304.6061992645264ms  lat=98.4606704711914 lon=18.120941162109375 time=2026-05-01 17:59:07.179978
[term31-1] seq=20 rtt=1365.9565448760986ms  lat=-14.731306076049805 lon=2.04988169670105 time=2026-05-01 17:59:07.389963
[term31-1] seq=21 rtt=1365.8876419067383ms  lat=-39.953216552734375 lon=-121.14579010009766 time=2026-05-01 17:59:07.661345
[term31-1] seq=22 rtt=1304.1107654571533ms  lat=11.980498313903809 lon=472.872802734375 time=2026-05-01 17:59:07.994240
[term31-1] seq=23 rtt=1365.7331466674805ms  lat=-0.5964751839637756 lon=38.76963424682617 time=2026-05-01 17:59:08.203833
[term31-1] seq=24 rtt=1366.5475845336914ms  lat=-12.661927223205566 lon=136.1575164794922 time=2026-05-01 17:59:08.474194
[term31-1] seq=25 rtt=1306.802749633789ms  lat=-17.090835571289062 lon=84.01319122314453 time=2026-05-01 17:59:08.805159
[term31-1] seq=26 rtt=1366.2822246551514ms  lat=8.173547744750977 lon=330.1466064453125 time=2026-05-01 17:59:09.016826
[term31-1] seq=28 rtt=1303.6518096923828ms  lat=20.600204467773438 lon=4.774689197540283 time=2026-05-01 17:59:09.621647
[term31-1] seq=29 rtt=1366.4095401763916ms  lat=-90.0382080078125 lon=67.75233459472656 time=2026-05-01 17:59:09.830147
[term31-1] seq=30 rtt=1365.722417831421ms  lat=-64.96122741699219 lon=119.74332427978516 time=2026-05-01 17:59:10.102067
[term31-1] seq=31 rtt=1303.8451671600342ms  lat=487.0101623535156 lon=135.7042694091797 time=2026-05-01 17:59:10.435144
[term31-1] seq=32 rtt=1366.276502609253ms  lat=-8.387385368347168 lon=-4.3231401443481445 time=2026-05-01 17:59:10.643940
[term31-1] seq=33 rtt=1365.6766414642334ms  lat=2.96689510345459 lon=3.23866868019104 time=2026-05-01 17:59:10.915853
[term31-1] seq=34 rtt=1304.3558597564697ms  lat=3.889827013015747 lon=-21.296846389770508 time=2026-05-01 17:59:11.248493
[term31-1] seq=35 rtt=1366.072416305542ms  lat=43.46616744995117 lon=176.3722381591797 time=2026-05-01 17:59:11.458119
[term31-1] seq=36 rtt=1366.7280673980713ms  lat=41.5804328918457 lon=3.1850664615631104 time=2026-05-01 17:59:11.728612
[term31-1] seq=37 rtt=1365.7171726226807ms  lat=63.897254943847656 lon=-259.861083984375 time=2026-05-01 17:59:12.000666
[term31-1] seq=38 rtt=1304.307222366333ms  lat=16.965229034423828 lon=42.642051696777344 time=2026-05-01 17:59:12.333366
[term31-1] seq=39 rtt=1369.4484233856201ms  lat=17.399166107177734 lon=22.79244041442871 time=2026-05-01 17:59:12.539440
[term31-1] seq=40 rtt=1361.2310886383057ms  lat=-10.839967727661133 lon=82.05282592773438 time=2026-05-01 17:59:12.818895
[term31-1] seq=41 rtt=1306.4711093902588ms  lat=54.79103469848633 lon=193.00949096679688 time=2026-05-01 17:59:13.144904
[term31-1] seq=43 rtt=1364.6416664123535ms  lat=47.9234619140625 lon=62.07942199707031 time=2026-05-01 17:59:13.628675
[term31-1] seq=44 rtt=1302.1314144134521ms  lat=8.235249519348145 lon=87.48795318603516 time=2026-05-01 17:59:13.962225
[term31-1] seq=45 rtt=1363.7619018554688ms  lat=28.235544204711914 lon=0.44739529490470886 time=2026-05-01 17:59:14.171722
[term31-1] seq=46 rtt=1366.1634922027588ms  lat=32.056522369384766 lon=-2.5277163982391357 time=2026-05-01 17:59:14.440370
[term31-1] seq=47 rtt=797.0230579376221ms  lat=-29.63565444946289 lon=393.5699462890625 time=2026-05-01 17:59:15.280823
[term31-1] seq=48 rtt=1368.3478832244873ms  lat=-59.863319396972656 lon=-0.007901627570390701 time=2026-05-01 17:59:14.980562
[term31-1] seq=49 rtt=1343.837022781372ms  lat=-50.4339599609375 lon=-1.3207556009292603 time=2026-05-01 17:59:15.276109
[term31-1] seq=50 rtt=1304.8546314239502ms  lat=492.71185302734375 lon=-9.292068481445312 time=2026-05-01 17:59:15.586096
[term31-1] seq=51 rtt=1367.5119876861572ms  lat=-3.6586508750915527 lon=-2.2233264446258545 time=2026-05-01 17:59:15.794463
[term31-1] seq=52 rtt=1343.9018726348877ms  lat=93.67919921875 lon=6.236426830291748 time=2026-05-01 17:59:16.089058
[term31-1] seq=53 rtt=1304.910659790039ms  lat=121.72000122070312 lon=-2.2832984924316406 time=2026-05-01 17:59:16.399060
[term31-1] seq=54 rtt=1359.5688343048096ms  lat=-0.444507360458374 lon=-8.028512954711914 time=2026-05-01 17:59:16.615453
[term31-1] seq=55 rtt=1363.499402999878ms  lat=49.579105377197266 lon=67.65892791748047 time=2026-05-01 17:59:16.882488
[term31-1] seq=56 rtt=1304.6925067901611ms  lat=-53.606380462646484 lon=50.218021392822266 time=2026-05-01 17:59:17.212208
[term31-1] seq=57 rtt=1359.6246242523193ms  lat=32.190696716308594 lon=-314.7369384765625 time=2026-05-01 17:59:17.428241
[term31-1] seq=58 rtt=1367.3605918884277ms  lat=-13.459540367126465 lon=325.3825988769531 time=2026-05-01 17:59:17.691693
[term31-1] seq=59 rtt=1809.1988563537598ms  lat=2.702476739883423 lon=-31.999412536621094 time=2026-05-01 17:59:17.521178
[term31-1] seq=60 rtt=1359.9638938903809ms  lat=56.71641159057617 lon=-12.255269050598145 time=2026-05-01 17:59:18.241442
[term31-1] seq=61 rtt=1367.8076267242432ms  lat=62.07930374145508 lon=-3.2488977909088135 time=2026-05-01 17:59:18.504832
[term31-1] seq=62 rtt=1311.6319179534912ms  lat=85.13423919677734 lon=117.75651550292969 time=2026-05-01 17:59:18.831858
[term31-1] seq=63 rtt=1367.2516345977783ms  lat=-15.367815971374512 lon=-48.742431640625 time=2026-05-01 17:59:19.047461
[term31-1] seq=64 rtt=1372.1723556518555ms  lat=1.9579181671142578 lon=-118.43851470947266 time=2026-05-01 17:59:19.313846
[term31-1] seq=65 rtt=1315.993309020996ms  lat=116.93051147460938 lon=427.1466979980469 time=2026-05-01 17:59:19.641061
[term31-1] seq=66 rtt=1400.162935256958ms  lat=38.46649932861328 lon=-3.2499732971191406 time=2026-05-01 17:59:19.828006
[term31-1] seq=67 rtt=1358.9284420013428ms  lat=-3.1796348094940186 lon=-31.93965721130371 time=2026-05-01 17:59:20.140125
[term31-1] seq=68 rtt=1304.0475845336914ms  lat=428.8800048828125 lon=-105.03861236572266 time=2026-05-01 17:59:20.465987
[term31-1] seq=69 rtt=1403.3870697021484ms  lat=17.699527740478516 lon=69.34104919433594 time=2026-05-01 17:59:20.637634
[term31-1] seq=70 rtt=1362.7586364746094ms  lat=-5.159537315368652 lon=2.5207252502441406 time=2026-05-01 17:59:20.949311
[term31-1] msg="Non-coded packet received" seq=71 rtt=1081.160545349121ms  lat=53.11930847167969 lon=-34.365352630615234 time=2026-05-01 17:59:21.511999
[term31-1] seq=72 rtt=1405.4553508758545ms  lat=-104.50965118408203 lon=-41.08769989013672 time=2026-05-01 17:59:21.448610
[term31-1] seq=73 rtt=1365.1049137115479ms  lat=-68.88719177246094 lon=-39.49892807006836 time=2026-05-01 17:59:21.759938
[term31-1] seq=74 rtt=1306.23197555542ms  lat=-351.955078125 lon=-2.2136294841766357 time=2026-05-01 17:59:22.089751
[term31-1] seq=75 rtt=1408.54811668396ms  lat=-52.937191009521484 lon=-24.02942657470703 time=2026-05-01 17:59:22.258445
[term31-1] seq=77 rtt=1307.0743083953857ms  lat=0.6513545513153076 lon=-65.26004028320312 time=2026-05-01 17:59:22.901917
[term31-1] seq=78 rtt=1408.7097644805908ms  lat=-18.948213577270508 lon=-56.73131561279297 time=2026-05-01 17:59:23.071301
[term31-1] seq=79 rtt=1369.473934173584ms  lat=27.91019630432129 lon=158.01918029785156 time=2026-05-01 17:59:23.381502
[term31-1] seq=80 rtt=1361.6995811462402ms  lat=77.62413024902344 lon=-191.146484375 time=2026-05-01 17:59:23.660256
[term31-1] seq=81 rtt=1306.8735599517822ms  lat=-8.664411544799805 lon=122.77518463134766 time=2026-05-01 17:59:23.986130
[term31-1] seq=82 rtt=1369.4210052490234ms  lat=90.66072082519531 lon=50.95777130126953 time=2026-05-01 17:59:24.194657
[term31-1] seq=83 rtt=1361.8900775909424ms  lat=-65.06033325195312 lon=17.207094192504883 time=2026-05-01 17:59:24.473259
[term31-1] seq=84 rtt=1307.33060836792ms  lat=11.970657348632812 lon=-5.350419521331787 time=2026-05-01 17:59:24.799038
[term31-1] seq=85 rtt=1370.0642585754395ms  lat=-0.47180238366127014 lon=-24.217912673950195 time=2026-05-01 17:59:25.007392
[term31-1] seq=86 rtt=1362.3836040496826ms  lat=-0.2041153758764267 lon=10.288583755493164 time=2026-05-01 17:59:25.286145
[term31-1] seq=87 rtt=1306.9837093353271ms  lat=170.6842498779297 lon=-108.30963897705078 time=2026-05-01 17:59:25.612540
[term31-1] msg="Non-coded packet received" seq=88 rtt=1080.6524753570557ms  lat=31.436309814453125 lon=-98.42939758300781 time=2026-05-01 17:59:26.120013
[term31-1] seq=90 rtt=1310.3516101837158ms  lat=33.57206726074219 lon=-115.16143035888672 time=2026-05-01 17:59:26.422128
[term31-1] seq=91 rtt=1377.2151470184326ms  lat=-15.229207992553711 lon=3.765150785446167 time=2026-05-01 17:59:26.626204
[term31-1] seq=92 rtt=1338.1626605987549ms  lat=77.9332046508789 lon=173.53208923339844 time=2026-05-01 17:59:26.936141
[term31-1] seq=93 rtt=1298.7949848175049ms  lat=-72.07396697998047 lon=-276.2584533691406 time=2026-05-01 17:59:27.246527
[term31-1] seq=94 rtt=1369.227409362793ms  lat=37.507450103759766 lon=-115.91100311279297 time=2026-05-01 17:59:27.447079
[term31-1] seq=95 rtt=1337.8889560699463ms  lat=12.285221099853516 lon=2.9822278022766113 time=2026-05-01 17:59:27.749413
[term31-1] seq=96 rtt=1299.0520000457764ms  lat=-66.43177032470703 lon=62.58006286621094 time=2026-05-01 17:59:28.059224
[term31-1] seq=97 rtt=1369.3983554840088ms  lat=122.23442840576172 lon=-100.19038391113281 time=2026-05-01 17:59:28.259909
[term31-1] seq=98 rtt=1338.625431060791ms  lat=11.605463027954102 lon=466.1142272949219 time=2026-05-01 17:59:28.561775
[term31-1] seq=99 rtt=1309.279203414917ms  lat=-79.4552230834961 lon=124.52416229248047 time=2026-05-01 17:59:28.862074
[term31-1] seq=100 rtt=1370.0711727142334ms  lat=-80.14852142333984 lon=74.30264282226562 time=2026-05-01 17:59:29.072513
[term31-1] seq=101 rtt=1345.0639247894287ms  lat=37.307743072509766 lon=-196.64431762695312 time=2026-05-01 17:59:29.368744
[term31-1] seq=102 rtt=1308.5532188415527ms  lat=6.008662223815918 lon=33.02062225341797 time=2026-05-01 17:59:29.676337
[term31-1] seq=103 rtt=1372.222661972046ms  lat=-0.21458782255649567 lon=-130.19680786132812 time=2026-05-01 17:59:29.883733
[term31-1] seq=104 rtt=1341.5331840515137ms  lat=0.010228739120066166 lon=-22.666261672973633 time=2026-05-01 17:59:30.185613
[term31-1] seq=105 rtt=1307.7330589294434ms  lat=-0.022572340443730354 lon=-121.55909729003906 time=2026-05-01 17:59:30.490253
[term31-1] seq=106 rtt=1360.910415649414ms  lat=-27.756017684936523 lon=-185.6758270263672 time=2026-05-01 17:59:30.708069
[term31-1] seq=107 rtt=1370.6707954406738ms  lat=235.07699584960938 lon=-2.0227787494659424 time=2026-05-01 17:59:30.969498
[term31-1] Duration elapsed, shutting down.
[{label}_{term_id}] Stats saved to /tmp/satcom_stats/ddos_use_case_31_termA.json
