[term32-4] Starting (duration=30s)
[term32-4] seq=1 rtt=613.0614280700684ms  lat=-32.44305419921875 lon=-135.39402770996094 time=2026-05-01 17:59:45.035339
[term32-4] seq=2 rtt=623.2051849365234ms  lat=16.586454391479492 lon=72.50167846679688 time=2026-05-01 17:59:45.285918
[term32-4] seq=3 rtt=633.1272125244141ms  lat=6.595539569854736 lon=-149.6166534423828 time=2026-05-01 17:59:45.536794
[term32-4] seq=5 rtt=651.6408920288086ms  lat=-67.5197525024414 lon=79.49617767333984 time=2026-05-01 17:59:46.039616
[term32-4] Missing packets [4], sending NACK...
[term32-4] seq=6 rtt=661.8540287017822ms  lat=72.8498764038086 lon=33.742645263671875 time=2026-05-01 17:59:46.290233
[term32-4] seq=7 rtt=672.1279621124268ms  lat=-57.24379348754883 lon=159.1613311767578 time=2026-05-01 17:59:46.540859
[term32-4] seq=8 rtt=682.5191974639893ms  lat=-50.35578155517578 lon=115.17049407958984 time=2026-05-01 17:59:46.791342
[term32-4] seq=9 rtt=692.8765773773193ms  lat=-25.35710334777832 lon=19.17605209350586 time=2026-05-01 17:59:47.041898
[term32-4] seq=10 rtt=703.1300067901611ms  lat=63.75164031982422 lon=-29.159265518188477 time=2026-05-01 17:59:47.292527
[term32-4] seq=11 rtt=713.324785232544ms  lat=10.961263656616211 lon=-88.12372589111328 time=2026-05-01 17:59:47.543055
[term32-4] msg="Coded packet received" for seqs=[2]
[term32-4] seq=12 rtt=723.4268188476562ms  lat=-40.457149505615234 lon=92.86310577392578 time=2026-05-01 17:59:47.793735
[term32-4] seq=13 rtt=733.6668968200684ms  lat=31.931360244750977 lon=19.88811683654785 time=2026-05-01 17:59:48.044277
[term32-4] Missing packets [4], sending NACK...
[term32-4] seq=14 rtt=744.0128326416016ms  lat=0.6819228529930115 lon=-48.76486587524414 time=2026-05-01 17:59:48.294973
[term32-4] seq=15 rtt=503.3581256866455ms  lat=-79.6390151977539 lon=141.86233520507812 time=2026-05-01 17:59:48.545678
[term32-4] seq=16 rtt=513.6165618896484ms  lat=40.94512939453125 lon=72.30999755859375 time=2026-05-01 17:59:48.796247
[term32-4] seq=17 rtt=523.8497257232666ms  lat=43.8109130859375 lon=-20.714004516601562 time=2026-05-01 17:59:49.046828
[term32-4] seq=18 rtt=534.1081619262695ms  lat=54.00041961669922 lon=91.43745422363281 time=2026-05-01 17:59:49.297289
[term32-4] seq=19 rtt=544.35133934021ms  lat=-60.60970687866211 lon=-114.84503936767578 time=2026-05-01 17:59:49.547973
[term32-4] seq=20 rtt=554.5353889465332ms  lat=25.110034942626953 lon=-22.580093383789062 time=2026-05-01 17:59:49.798724
[term32-4] seq=21 rtt=564.9001598358154ms  lat=-32.77883529663086 lon=16.349857330322266 time=2026-05-01 17:59:50.049276
[term32-4] seq=22 rtt=575.2339363098145ms  lat=29.645313262939453 lon=132.07516479492188 time=2026-05-01 17:59:50.299749
[term32-4] Missing packets [4], sending NACK...
[term32-4] seq=23 rtt=585.4325294494629ms  lat=18.366973876953125 lon=-144.872314453125 time=2026-05-01 17:59:50.550438
[term32-4] seq=24 rtt=595.7770347595215ms  lat=62.6058235168457 lon=141.8916778564453 time=2026-05-01 17:59:50.801116
[term32-4] seq=25 rtt=606.0585975646973ms  lat=53.5561408996582 lon=61.726104736328125 time=2026-05-01 17:59:51.051761
[term32-4] seq=26 rtt=616.0526275634766ms  lat=-62.18738555908203 lon=-144.36502075195312 time=2026-05-01 17:59:51.302517
[term32-4] seq=27 rtt=626.2233257293701ms  lat=-1.782256007194519 lon=-131.73098754882812 time=2026-05-01 17:59:51.553325
[term32-4] seq=28 rtt=636.4555358886719ms  lat=22.920825958251953 lon=-100.04499053955078 time=2026-05-01 17:59:51.804084
[term32-4] seq=29 rtt=646.8675136566162ms  lat=-44.265708923339844 lon=-47.647735595703125 time=2026-05-01 17:59:52.054753
[term32-4] seq=30 rtt=657.3841571807861ms  lat=-57.90934753417969 lon=169.5807647705078 time=2026-05-01 17:59:52.305353
[term32-4] Missing packets [4], sending NACK...
[term32-4] seq=31 rtt=667.7136421203613ms  lat=-4.761937141418457 lon=112.29206085205078 time=2026-05-01 17:59:52.556129
[term32-4] seq=32 rtt=677.4568557739258ms  lat=-17.52109146118164 lon=14.625019073486328 time=2026-05-01 17:59:52.806948
[term32-4] seq=33 rtt=687.7622604370117ms  lat=-45.22820281982422 lon=66.25262451171875 time=2026-05-01 17:59:53.057740
[term32-4] seq=34 rtt=698.1368064880371ms  lat=-16.893795013427734 lon=-49.814998626708984 time=2026-05-01 17:59:53.308233
[term32-4] seq=35 rtt=708.5342407226562ms  lat=53.15727996826172 lon=-121.8460464477539 time=2026-05-01 17:59:53.558846
[term32-4] seq=36 rtt=718.775749206543ms  lat=76.41363525390625 lon=-32.03681945800781 time=2026-05-01 17:59:53.809565
[term32-4] seq=37 rtt=729.0074825286865ms  lat=59.47977066040039 lon=111.3991470336914 time=2026-05-01 17:59:54.060200
[term32-4] seq=38 rtt=739.1955852508545ms  lat=24.5872802734375 lon=63.695533752441406 time=2026-05-01 17:59:54.310869
[term32-4] Missing packets [4], sending NACK...
[term32-4] seq=39 rtt=749.1111755371094ms  lat=-68.76776123046875 lon=-45.89131164550781 time=2026-05-01 17:59:54.561702
[term32-4] seq=40 rtt=503.0958652496338ms  lat=32.228309631347656 lon=-171.0774688720703 time=2026-05-01 17:59:54.812664
[term32-4] seq=41 rtt=513.2784843444824ms  lat=73.19402313232422 lon=122.58919525146484 time=2026-05-01 17:59:55.063236
[term32-4] seq=42 rtt=523.3895778656006ms  lat=13.27452564239502 lon=-46.0258903503418 time=2026-05-01 17:59:55.313871
[term32-4] seq=43 rtt=533.522367477417ms  lat=78.98777770996094 lon=32.36728286743164 time=2026-05-01 17:59:55.564547
[term32-4] seq=44 rtt=543.8685417175293ms  lat=-72.48545837402344 lon=-109.28723907470703 time=2026-05-01 17:59:55.815108
[term32-4] seq=45 rtt=554.0726184844971ms  lat=-7.253602027893066 lon=-109.73814392089844 time=2026-05-01 17:59:56.065801
[term32-4] seq=46 rtt=564.4392967224121ms  lat=34.274898529052734 lon=-154.64682006835938 time=2026-05-01 17:59:56.316303
[term32-4] seq=47 rtt=574.756383895874ms  lat=32.02085876464844 lon=3.3083226680755615 time=2026-05-01 17:59:56.566936
[term32-4] Missing packets [4], sending NACK...
[term32-4] seq=48 rtt=584.6068859100342ms  lat=-89.3574447631836 lon=-123.33196258544922 time=2026-05-01 17:59:56.817776
[term32-4] seq=49 rtt=594.606876373291ms  lat=53.0956916809082 lon=90.90536499023438 time=2026-05-01 17:59:57.068499
[term32-4] seq=50 rtt=604.7592163085938ms  lat=-53.6977653503418 lon=-110.08844757080078 time=2026-05-01 17:59:57.319258
[term32-4] seq=51 rtt=615.2868270874023ms  lat=-79.28871154785156 lon=-76.04840087890625 time=2026-05-01 17:59:57.569894
[term32-4] seq=52 rtt=625.5526542663574ms  lat=67.95710754394531 lon=-89.1485824584961 time=2026-05-01 17:59:57.820559
[term32-4] seq=53 rtt=636.1813545227051ms  lat=-36.62777328491211 lon=-135.1300811767578 time=2026-05-01 17:59:58.071151
[term32-4] seq=54 rtt=646.4447975158691ms  lat=-87.08405303955078 lon=156.2052459716797 time=2026-05-01 17:59:58.321836
[term32-4] seq=55 rtt=656.6133499145508ms  lat=-26.443706512451172 lon=-123.2596435546875 time=2026-05-01 17:59:58.572542
[term32-4] seq=56 rtt=666.7249202728271ms  lat=-3.477346181869507 lon=90.5383529663086 time=2026-05-01 17:59:58.823374
[term32-4] seq=57 rtt=677.1559715270996ms  lat=-25.53186798095703 lon=155.32664489746094 time=2026-05-01 17:59:59.074086
[term32-4] seq=58 rtt=687.1955394744873ms  lat=36.031436920166016 lon=-61.14249038696289 time=2026-05-01 17:59:59.324740
[term32-4] seq=59 rtt=697.746992111206ms  lat=8.796201705932617 lon=179.2095184326172 time=2026-05-01 17:59:59.575253
[term32-4] seq=60 rtt=708.1344127655029ms  lat=66.23716735839844 lon=94.75906372070312 time=2026-05-01 17:59:59.825885
[term32-4] seq=61 rtt=718.2209491729736ms  lat=57.680301666259766 lon=-145.7007598876953 time=2026-05-01 18:00:00.076564
[term32-4] seq=62 rtt=728.3608913421631ms  lat=-10.144572257995605 lon=-147.1178436279297 time=2026-05-01 18:00:00.327143
[term32-4] seq=63 rtt=738.713264465332ms  lat=-11.419803619384766 lon=2.346395492553711 time=2026-05-01 18:00:00.577795
[term32-4] seq=64 rtt=749.1171360015869ms  lat=-32.47871780395508 lon=-118.82635498046875 time=2026-05-01 18:00:00.828483
[term32-4] seq=65 rtt=503.5128593444824ms  lat=-75.5367660522461 lon=-154.36407470703125 time=2026-05-01 18:00:01.079038
[term32-4] seq=66 rtt=513.8299465179443ms  lat=-2.171562910079956 lon=127.81745910644531 time=2026-05-01 18:00:01.329727
[term32-4] seq=67 rtt=524.0306854248047ms  lat=-26.607698440551758 lon=63.66493225097656 time=2026-05-01 18:00:01.580279
[term32-4] seq=68 rtt=534.614086151123ms  lat=-59.837547302246094 lon=118.38713836669922 time=2026-05-01 18:00:01.830910
[term32-4] seq=69 rtt=544.2965030670166ms  lat=-53.74557876586914 lon=13.510669708251953 time=2026-05-01 18:00:02.081696
[term32-4] seq=70 rtt=554.7301769256592ms  lat=-34.097816467285156 lon=115.47876739501953 time=2026-05-01 18:00:02.332409
[term32-4] seq=71 rtt=564.8834705352783ms  lat=-53.74378204345703 lon=84.29034423828125 time=2026-05-01 18:00:02.582968
[term32-4] seq=72 rtt=575.6018161773682ms  lat=-72.94412231445312 lon=3.9598631858825684 time=2026-05-01 18:00:02.833726
[term32-4] seq=73 rtt=585.561990737915ms  lat=-83.57568359375 lon=168.8799285888672 time=2026-05-01 18:00:03.084403
[term32-4] seq=74 rtt=595.8466529846191ms  lat=-2.0982418060302734 lon=-6.173637390136719 time=2026-05-01 18:00:03.334960
[term32-4] seq=75 rtt=605.9408187866211ms  lat=68.86460876464844 lon=-168.63638305664062 time=2026-05-01 18:00:03.585794
[term32-4] seq=76 rtt=617.3446178436279ms  lat=-67.22261810302734 lon=155.9258575439453 time=2026-05-01 18:00:03.836681
[term32-4] seq=77 rtt=627.3343563079834ms  lat=-8.391531944274902 lon=43.57026290893555 time=2026-05-01 18:00:04.087449
[term32-4] seq=78 rtt=637.4633312225342ms  lat=-4.411457538604736 lon=143.4912567138672 time=2026-05-01 18:00:04.338003
[term32-4] seq=79 rtt=647.5315093994141ms  lat=-89.15943908691406 lon=-10.77913761138916 time=2026-05-01 18:00:04.588775
[term32-4] seq=80 rtt=657.6342582702637ms  lat=-58.46890640258789 lon=-155.40040588378906 time=2026-05-01 18:00:04.839597
[term32-4] seq=81 rtt=668.010950088501ms  lat=6.955950736999512 lon=72.9524917602539 time=2026-05-01 18:00:05.090242
[term32-4] seq=82 rtt=678.32350730896ms  lat=84.60421752929688 lon=-18.45113182067871 time=2026-05-01 18:00:05.340923
[term32-4] seq=83 rtt=688.6851787567139ms  lat=87.07842254638672 lon=-104.78936767578125 time=2026-05-01 18:00:05.591614
[term32-4] seq=84 rtt=698.6162662506104ms  lat=64.50361633300781 lon=148.7826385498047 time=2026-05-01 18:00:05.842341
[term32-4] seq=85 rtt=708.80126953125ms  lat=-55.8360481262207 lon=66.52310943603516 time=2026-05-01 18:00:06.092938
[term32-4] seq=86 rtt=718.7857627868652ms  lat=-7.905764102935791 lon=-15.47541618347168 time=2026-05-01 18:00:06.343691
[term32-4] seq=87 rtt=728.8062572479248ms  lat=4.3143110275268555 lon=10.79495906829834 time=2026-05-01 18:00:06.594687
[term32-4] seq=88 rtt=738.8606071472168ms  lat=9.170085906982422 lon=95.46293640136719 time=2026-05-01 18:00:06.845390
[term32-4] seq=89 rtt=749.0754127502441ms  lat=-36.63056564331055 lon=162.30836486816406 time=2026-05-01 18:00:07.095930
[term32-4] seq=90 rtt=503.12113761901855ms  lat=59.19825744628906 lon=-147.87388610839844 time=2026-05-01 18:00:07.346590
[term32-4] seq=92 rtt=523.0472087860107ms  lat=-77.22286987304688 lon=90.31114959716797 time=2026-05-01 18:00:07.848078
[term32-4] Missing packets [91], sending NACK...
[term32-4] seq=93 rtt=532.9277515411377ms  lat=17.651166915893555 lon=-47.63032913208008 time=2026-05-01 18:00:08.098825
[term32-4] seq=94 rtt=542.5510406494141ms  lat=57.42168426513672 lon=178.6441650390625 time=2026-05-01 18:00:08.349785
[term32-4] seq=95 rtt=552.6912212371826ms  lat=-78.05851745605469 lon=2.6702847480773926 time=2026-05-01 18:00:08.600457
[term32-4] seq=96 rtt=562.7584457397461ms  lat=51.33684158325195 lon=-174.5386199951172 time=2026-05-01 18:00:08.851204
[term32-4] seq=97 rtt=573.1003284454346ms  lat=-85.06285858154297 lon=-56.83183288574219 time=2026-05-01 18:00:09.101916
[term32-4] seq=98 rtt=583.3961963653564ms  lat=82.56710052490234 lon=-37.916412353515625 time=2026-05-01 18:00:09.352623
[term32-4] seq=99 rtt=593.5492515563965ms  lat=-0.6370481252670288 lon=46.21127700805664 time=2026-05-01 18:00:09.603374
[term32-4] seq=100 rtt=603.8370132446289ms  lat=-65.90508270263672 lon=19.818185806274414 time=2026-05-01 18:00:09.854083
[term32-4] Missing packets [91], sending NACK...
[term32-4] seq=101 rtt=613.8622760772705ms  lat=-1.9832161664962769 lon=91.73683166503906 time=2026-05-01 18:00:10.104816
[term32-4] seq=102 rtt=623.9540576934814ms  lat=23.28766632080078 lon=-97.4497299194336 time=2026-05-01 18:00:10.355567
[term32-4] seq=103 rtt=634.1695785522461ms  lat=36.25442123413086 lon=74.21072387695312 time=2026-05-01 18:00:10.606490
[term32-4] seq=104 rtt=644.3603038787842ms  lat=43.29581832885742 lon=124.09893035888672 time=2026-05-01 18:00:10.857148
[term32-4] seq=105 rtt=652.937650680542ms  lat=-33.34619140625 lon=59.678375244140625 time=2026-05-01 18:00:11.109204
[term32-4] seq=106 rtt=663.1672382354736ms  lat=-80.88655853271484 lon=163.99725341796875 time=2026-05-01 18:00:11.359904
[term32-4] seq=107 rtt=673.342227935791ms  lat=-60.599830627441406 lon=-3.557210683822632 time=2026-05-01 18:00:11.610602
[term32-4] seq=108 rtt=683.5787296295166ms  lat=-59.291099548339844 lon=-42.46672058105469 time=2026-05-01 18:00:11.861236
[term32-4] Missing packets [91], sending NACK...
[term32-4] seq=109 rtt=693.6821937561035ms  lat=-62.366966247558594 lon=80.183349609375 time=2026-05-01 18:00:12.111886
[term32-4] seq=110 rtt=703.9940357208252ms  lat=15.342567443847656 lon=17.63724136352539 time=2026-05-01 18:00:12.362518
[term32-4] seq=111 rtt=714.2908573150635ms  lat=81.81144714355469 lon=154.94830322265625 time=2026-05-01 18:00:12.613019
[term32-4] seq=112 rtt=724.4634628295898ms  lat=-10.784595489501953 lon=127.84990692138672 time=2026-05-01 18:00:12.863690
[term32-4] seq=113 rtt=734.8122596740723ms  lat=53.87259292602539 lon=-153.7740020751953 time=2026-05-01 18:00:13.114224
[term32-4] seq=114 rtt=744.9445724487305ms  lat=-65.96808624267578 lon=57.31879425048828 time=2026-05-01 18:00:13.364865
[term32-4] seq=115 rtt=502.5820732116699ms  lat=85.5354232788086 lon=-168.9845428466797 time=2026-05-01 18:00:13.615462
[term32-4] seq=116 rtt=512.9623413085938ms  lat=38.848045349121094 lon=-51.5218620300293 time=2026-05-01 18:00:13.865939
[term32-4] seq=117 rtt=523.2536792755127ms  lat=14.407245635986328 lon=20.907609939575195 time=2026-05-01 18:00:14.116582
[term32-4] Missing packets [91], sending NACK...
[term32-4] seq=118 rtt=533.3731174468994ms  lat=-31.68221092224121 lon=170.6628875732422 time=2026-05-01 18:00:14.367316
[term32-4] Duration elapsed, shutting down.
[{label}_{term_id}] Stats saved to /tmp/satcom_stats/ddos_use_case_32_term_4.json
