[term31-0] seq=4 rtt=1633.2416534423828ms  lat=10.377518653869629 lon=56.99979019165039 time=2026-05-01 17:59:03.064218
[term31-0] msg="Sequence number was missing from sliding window, so packet could not be decoded"
[term31-0] seq=3 rtt=1881.105661392212ms  lat=2.2727153301239014 lon=-220.29859924316406 time=2026-05-01 17:59:02.816540
[term31-0] seq=2 rtt=2191.223382949829ms  lat=6.77133321762085 lon=-25.972841262817383 time=2026-05-01 17:59:02.506488
[term31-0] seq=5 rtt=1378.004789352417ms  lat=-110.9101791381836 lon=-352.32781982421875 time=2026-05-01 17:59:03.320045
[term31-0] seq=6 rtt=1339.1878604888916ms  lat=-29.81636619567871 lon=-350.57464599609375 time=2026-05-01 17:59:03.630144
[term31-0] seq=7 rtt=1362.701416015625ms  lat=-118.90553283691406 lon=-319.21246337890625 time=2026-05-01 17:59:03.877881
[term31-0] seq=9 rtt=1346.3635444641113ms  lat=25.80185890197754 lon=63.1090087890625 time=2026-05-01 17:59:04.436306
[term31-0] seq=10 rtt=1307.33323097229ms  lat=6.126926422119141 lon=-169.06700134277344 time=2026-05-01 17:59:04.746567
[term31-0] seq=11 rtt=1326.9710540771484ms  lat=3.780045509338379 lon=90.96678161621094 time=2026-05-01 17:59:04.998010
[term31-0] seq=12 rtt=1349.4696617126465ms  lat=26.684112548828125 lon=-78.74520874023438 time=2026-05-01 17:59:05.246689
[term31-0] seq=13 rtt=1308.8629245758057ms  lat=21.423320770263672 lon=102.2229232788086 time=2026-05-01 17:59:05.558594
[term31-0] seq=14 rtt=1331.8254947662354ms  lat=72.2306137084961 lon=176.95620727539062 time=2026-05-01 17:59:05.806934
[term31-0] seq=15 rtt=1353.0492782592773ms  lat=9.407670021057129 lon=131.68157958984375 time=2026-05-01 17:59:06.056895
[term31-0] seq=16 rtt=1312.6637935638428ms  lat=15.767861366271973 lon=-45.04994201660156 time=2026-05-01 17:59:06.368376
[term31-0] seq=17 rtt=1335.8917236328125ms  lat=-90.97525024414062 lon=-181.18814086914062 time=2026-05-01 17:59:06.616416
[term31-0] seq=18 rtt=1357.4013710021973ms  lat=-0.6958642601966858 lon=-34.520442962646484 time=2026-05-01 17:59:06.866108
[term31-0] seq=19 rtt=1316.4658546447754ms  lat=-0.919251561164856 lon=23.185752868652344 time=2026-05-01 17:59:07.178421
[term31-0] seq=20 rtt=1340.3072357177734ms  lat=-29.673019409179688 lon=72.6298599243164 time=2026-05-01 17:59:07.425792
[term31-0] seq=21 rtt=1362.837791442871ms  lat=-43.19438171386719 lon=199.28904724121094 time=2026-05-01 17:59:07.674485
[term31-0] seq=22 rtt=1322.6203918457031ms  lat=-8.866268157958984 lon=47.60536575317383 time=2026-05-01 17:59:07.985953
[term31-0] seq=23 rtt=1347.25022315979ms  lat=-0.018228605389595032 lon=-110.13603210449219 time=2026-05-01 17:59:08.232551
[term31-0] seq=24 rtt=1367.5282001495361ms  lat=1.9878883361816406 lon=183.96450805664062 time=2026-05-01 17:59:08.483425
[term31-0] seq=25 rtt=1327.216625213623ms  lat=19.20296287536621 lon=87.38241577148438 time=2026-05-01 17:59:08.794855
[term31-0] seq=26 rtt=1349.9836921691895ms  lat=39.03428649902344 lon=-222.42527770996094 time=2026-05-01 17:59:09.043554
[term31-0] seq=28 rtt=1332.0295810699463ms  lat=-14.728694915771484 lon=9.033538818359375 time=2026-05-01 17:59:09.603534
[term31-0] seq=29 rtt=1353.9459705352783ms  lat=-22.58196258544922 lon=9.59252643585205 time=2026-05-01 17:59:09.853111
[term31-0] seq=30 rtt=1378.6075115203857ms  lat=-47.197914123535156 lon=122.84123229980469 time=2026-05-01 17:59:10.099765
[term31-0] seq=31 rtt=1335.9344005584717ms  lat=-444.0211181640625 lon=127.2843246459961 time=2026-05-01 17:59:10.413481
[term31-0] seq=32 rtt=1357.6061725616455ms  lat=7.916512966156006 lon=13.145066261291504 time=2026-05-01 17:59:10.662925
[term31-0] seq=33 rtt=1378.5419464111328ms  lat=-3.2055978775024414 lon=-35.800392150878906 time=2026-05-01 17:59:10.913399
[term31-0] seq=34 rtt=1339.5662307739258ms  lat=-39.65236282348633 lon=-15.467080116271973 time=2026-05-01 17:59:11.223616
[term31-0] seq=35 rtt=1363.3182048797607ms  lat=-92.52216339111328 lon=-495.3827209472656 time=2026-05-01 17:59:11.471185
[term31-0] seq=36 rtt=1385.3247165679932ms  lat=69.43463897705078 lon=-28.328336715698242 time=2026-05-01 17:59:11.720539
[term31-0] seq=37 rtt=1347.724199295044ms  lat=-110.35332489013672 lon=268.2183532714844 time=2026-05-01 17:59:12.029517
[term31-0] seq=38 rtt=1304.9662113189697ms  lat=-14.75903606414795 lon=204.94227600097656 time=2026-05-01 17:59:12.343472
[term31-0] seq=39 rtt=1328.7222385406494ms  lat=-70.99475860595703 lon=-4.116219520568848 time=2026-05-01 17:59:12.590933
[term31-0] seq=40 rtt=1352.283000946045ms  lat=10.534278869628906 lon=-289.20233154296875 time=2026-05-01 17:59:12.838972
[term31-0] seq=41 rtt=1313.093662261963ms  lat=-26.95319175720215 lon=99.1146469116211 time=2026-05-01 17:59:13.149591
[term31-0] seq=43 rtt=1355.5622100830078ms  lat=83.94087219238281 lon=11.965332984924316 time=2026-05-01 17:59:13.649235
[term31-0] seq=44 rtt=1316.6568279266357ms  lat=-63.54313278198242 lon=32.95500946044922 time=2026-05-01 17:59:13.959322
[term31-0] seq=45 rtt=1340.0936126708984ms  lat=24.613903045654297 lon=-0.27299612760543823 time=2026-05-01 17:59:14.207073
[term31-0] seq=46 rtt=1359.915018081665ms  lat=30.07988929748535 lon=-0.014508306980133057 time=2026-05-01 17:59:14.458380
[term31-0] seq=47 rtt=820.990800857544ms  lat=37.12837600708008 lon=-45.417991638183594 time=2026-05-01 17:59:15.268970
[term31-0] seq=48 rtt=1345.2472686767578ms  lat=127.4017333984375 lon=0.030217161402106285 time=2026-05-01 17:59:15.015756
[term31-0] seq=49 rtt=1368.1566715240479ms  lat=87.43219757080078 lon=26.271089553833008 time=2026-05-01 17:59:15.264019
[term31-0] seq=50 rtt=1328.8726806640625ms  lat=168.87557983398438 lon=-8.662239074707031 time=2026-05-01 17:59:15.574311
[term31-0] seq=51 rtt=1344.6128368377686ms  lat=8.036005020141602 lon=194.527587890625 time=2026-05-01 17:59:15.829605
[term31-0] seq=52 rtt=1368.011236190796ms  lat=33.75244903564453 lon=-33.753135681152344 time=2026-05-01 17:59:16.077194
[term31-0] seq=53 rtt=1329.3073177337646ms  lat=-49.81821060180664 lon=8.25686264038086 time=2026-05-01 17:59:16.386719
[term31-0] seq=54 rtt=1350.693941116333ms  lat=0.2852296531200409 lon=-38.31595230102539 time=2026-05-01 17:59:16.636461
[term31-0] seq=55 rtt=1372.1647262573242ms  lat=0.2946988642215729 lon=40.7925910949707 time=2026-05-01 17:59:16.885977
[term31-0] seq=56 rtt=1327.3723125457764ms  lat=-51.64705276489258 lon=100.9128189086914 time=2026-05-01 17:59:17.201936
[term31-0] seq=57 rtt=1352.6711463928223ms  lat=24.550952911376953 lon=-141.05593872070312 time=2026-05-01 17:59:17.447694
[term31-0] seq=58 rtt=1374.3114471435547ms  lat=-30.744247436523438 lon=56.22890090942383 time=2026-05-01 17:59:17.697252
[term31-0] seq=59 rtt=1841.7398929595947ms  lat=466.2046203613281 lon=15.680133819580078 time=2026-05-01 17:59:17.501331
[term31-0] seq=60 rtt=1359.6653938293457ms  lat=3.5191304683685303 lon=-48.472900390625 time=2026-05-01 17:59:18.254706
[term31-0] seq=61 rtt=1377.7499198913574ms  lat=-78.92129516601562 lon=-6.789669036865234 time=2026-05-01 17:59:18.507861
[term31-0] seq=62 rtt=1338.2980823516846ms  lat=-74.0567855834961 lon=-3.7729787826538086 time=2026-05-01 17:59:18.818377
[term31-0] seq=63 rtt=1359.3997955322266ms  lat=15.960886001586914 lon=76.13690185546875 time=2026-05-01 17:59:19.068270
[term31-0] seq=64 rtt=1373.018503189087ms  lat=0.008116260170936584 lon=-39.11240005493164 time=2026-05-01 17:59:19.325840
[term31-0] seq=65 rtt=1341.81809425354ms  lat=1.2204241752624512 lon=-430.6147766113281 time=2026-05-01 17:59:19.628114
[term31-0] seq=66 rtt=1311.1732006072998ms  lat=53.00419235229492 lon=4.3116135597229 time=2026-05-01 17:59:19.929925
[term31-0] seq=67 rtt=1326.6565799713135ms  lat=3.2265472412109375 lon=206.99993896484375 time=2026-05-01 17:59:20.185504
[term31-0] seq=68 rtt=1345.1731204986572ms  lat=26.678478240966797 lon=-72.08340454101562 time=2026-05-01 17:59:20.438104
[term31-0] seq=69 rtt=1310.7328414916992ms  lat=-6.669869899749756 lon=-110.21065521240234 time=2026-05-01 17:59:20.743841
[term31-0] seq=70 rtt=1326.8852233886719ms  lat=5.18581485748291 lon=-4.497893333435059 time=2026-05-01 17:59:20.998861
[term31-0] seq=72 rtt=1311.2661838531494ms  lat=-37.254634857177734 lon=-48.80654525756836 time=2026-05-01 17:59:21.556629
[term31-0] seq=73 rtt=1326.9193172454834ms  lat=100.3606948852539 lon=-53.922969818115234 time=2026-05-01 17:59:21.812110
[term31-0] seq=74 rtt=1342.008113861084ms  lat=-202.49307250976562 lon=-2.3690390586853027 time=2026-05-01 17:59:22.067990
[term31-0] seq=75 rtt=1311.2144470214844ms  lat=-20.991823196411133 lon=-208.6951446533203 time=2026-05-01 17:59:22.369719
[term31-0] msg="Non-coded packet received" seq=76 rtt=1108.1674098968506ms  lat=61.41224670410156 lon=70.05042266845703 time=2026-05-01 17:59:22.853868
[term31-0] seq=77 rtt=1338.890552520752ms  lat=1.970788836479187 lon=144.4705352783203 time=2026-05-01 17:59:22.884035
[term31-0] seq=78 rtt=1313.4467601776123ms  lat=-0.023993002250790596 lon=59.10953903198242 time=2026-05-01 17:59:23.180478
[term31-0] seq=79 rtt=1342.8232669830322ms  lat=47.405914306640625 lon=-432.19586181640625 time=2026-05-01 17:59:23.422163
[term31-0] seq=80 rtt=1356.4093112945557ms  lat=-42.07469940185547 lon=-54.77436828613281 time=2026-05-01 17:59:23.679569
[term31-0] seq=81 rtt=1307.8534603118896ms  lat=23.836339950561523 lon=109.84424591064453 time=2026-05-01 17:59:23.999082
[term31-0] seq=82 rtt=1336.9204998016357ms  lat=-51.57770919799805 lon=-295.6793212890625 time=2026-05-01 17:59:24.241076
[term31-0] seq=83 rtt=1358.53910446167ms  lat=90.4742431640625 lon=-9.871853828430176 time=2026-05-01 17:59:24.490592
[term31-0] seq=84 rtt=1309.7856044769287ms  lat=-10.01916217803955 lon=-243.853759765625 time=2026-05-01 17:59:24.810361
[term31-0] seq=85 rtt=1339.09010887146ms  lat=-0.08500248938798904 lon=-6.810728549957275 time=2026-05-01 17:59:25.052168
[term31-0] seq=86 rtt=1360.7256412506104ms  lat=28.929828643798828 lon=-113.437744140625 time=2026-05-01 17:59:25.301518
[term31-0] seq=87 rtt=1310.4264736175537ms  lat=0.05680054426193237 lon=-180.26028442382812 time=2026-05-01 17:59:25.622955
[term31-0] seq=90 rtt=1337.9371166229248ms  lat=-40.372657775878906 lon=-207.54696655273438 time=2026-05-01 17:59:26.408580
[term31-0] seq=91 rtt=1342.5722122192383ms  lat=-27.65399169921875 lon=-23.5068302154541 time=2026-05-01 17:59:26.674987
[term31-0] seq=92 rtt=1374.1340637207031ms  lat=-27.66633415222168 lon=-18.56660270690918 time=2026-05-01 17:59:26.914361
[term31-0] seq=93 rtt=1325.6416320800781ms  lat=25.49022674560547 lon=-11.945691108703613 time=2026-05-01 17:59:27.234006
[term31-0] seq=94 rtt=1339.3702507019043ms  lat=-15.471872329711914 lon=-6.924740791320801 time=2026-05-01 17:59:27.491594
[term31-0] seq=95 rtt=1368.809700012207ms  lat=14.159245491027832 lon=-27.12455940246582 time=2026-05-01 17:59:27.733157
[term31-0] seq=96 rtt=1327.9187679290771ms  lat=13.44515609741211 lon=5.74165678024292 time=2026-05-01 17:59:28.045098
[term31-0] seq=97 rtt=1341.5131568908691ms  lat=11.664719581604004 lon=-381.4644775390625 time=2026-05-01 17:59:28.302601
[term31-0] seq=98 rtt=1370.4357147216797ms  lat=26.0241756439209 lon=212.3894500732422 time=2026-05-01 17:59:28.544784
[term31-0] seq=99 rtt=1338.7317657470703ms  lat=29.36857032775879 lon=472.2330627441406 time=2026-05-01 17:59:28.847421
[term31-0] seq=100 rtt=1337.1527194976807ms  lat=-43.97752380371094 lon=56.19928741455078 time=2026-05-01 17:59:29.120350
[term31-0] seq=101 rtt=1374.0911483764648ms  lat=75.58680725097656 lon=-184.87472534179688 time=2026-05-01 17:59:29.354391
[term31-0] seq=102 rtt=1339.831829071045ms  lat=-3.342526435852051 lon=-243.0432891845703 time=2026-05-01 17:59:29.659886
[term31-0] seq=103 rtt=1341.322660446167ms  lat=-0.011331346817314625 lon=222.5888214111328 time=2026-05-01 17:59:29.929815
[term31-0] seq=104 rtt=1371.0885047912598ms  lat=2.0059726238250732 lon=2.0083632469177246 time=2026-05-01 17:59:30.171122
[term31-0] seq=105 rtt=1337.4502658843994ms  lat=-0.019639670848846436 lon=-31.36655616760254 time=2026-05-01 17:59:30.475846
[term31-0] seq=106 rtt=1359.9040508270264ms  lat=0.7444972991943359 lon=-188.43943786621094 time=2026-05-01 17:59:30.724631
[term31-0] seq=107 rtt=1372.3931312561035ms  lat=-161.3941650390625 lon=2.2992196083068848 time=2026-05-01 17:59:30.983465
[term31-0] Duration elapsed, shutting down.
[{label}_{term_id}] Stats saved to /tmp/satcom_stats/ddos_use_case_31_termA.json
