[term_nc] Starting no coding terminal (duration=30s)
[term_nc-1] seq=2 rtt=790.489673614502ms  lat=-35.12466049194336 lon=123.86241912841797 time=2026-05-01 17:58:25.347004
[term_nc-1] seq=1 rtt=1051.4066219329834ms  lat=83.9030990600586 lon=90.61672973632812 time=2026-05-01 17:58:25.086303
[term_nc-1] seq=3 rtt=529.9346446990967ms  lat=68.19095611572266 lon=-164.11398315429688 time=2026-05-01 17:58:25.607824
[term_nc-1] seq=4 rtt=529.9174785614014ms  lat=-55.2243537902832 lon=-98.95963287353516 time=2026-05-01 17:58:25.868666
[term_nc-1] seq=5 rtt=530.5356979370117ms  lat=-4.36896276473999 lon=-2.585174322128296 time=2026-05-01 17:58:26.129295
[term_nc-1] seq=6 rtt=530.3812026977539ms  lat=18.329235076904297 lon=126.12340545654297 time=2026-05-01 17:58:26.390432
[term_nc-1] seq=7 rtt=530.5290222167969ms  lat=-25.80092430114746 lon=162.44912719726562 time=2026-05-01 17:58:26.651278
[term_nc-1] seq=8 rtt=530.3590297698975ms  lat=7.246476650238037 lon=152.2356719970703 time=2026-05-01 17:58:26.912241
[term_nc-1] seq=9 rtt=530.4830074310303ms  lat=-29.435029983520508 lon=39.3983039855957 time=2026-05-01 17:58:27.173266
[term_nc-1] seq=10 rtt=530.5874347686768ms  lat=-85.10139465332031 lon=-155.14149475097656 time=2026-05-01 17:58:27.434195
[term_nc-1] seq=11 rtt=530.2853584289551ms  lat=21.332706451416016 lon=-168.98809814453125 time=2026-05-01 17:58:27.695258
[term_nc-1] seq=12 rtt=530.2979946136475ms  lat=20.320968627929688 lon=124.14762115478516 time=2026-05-01 17:58:27.956203
[term_nc-1] seq=13 rtt=529.9828052520752ms  lat=-37.403358459472656 lon=-173.01097106933594 time=2026-05-01 17:58:28.217468
[term_nc-1] seq=14 rtt=530.1070213317871ms  lat=-64.44530487060547 lon=91.89643859863281 time=2026-05-01 17:58:28.478573
[term_nc-1] seq=15 rtt=530.0030708312988ms  lat=60.99784851074219 lon=-21.774269104003906 time=2026-05-01 17:58:28.739782
[term_nc-1] seq=16 rtt=529.8726558685303ms  lat=41.83503341674805 lon=26.492780685424805 time=2026-05-01 17:58:29.000952
[term_nc-1] seq=17 rtt=529.909610748291ms  lat=-62.79410171508789 lon=110.08140563964844 time=2026-05-01 17:58:29.261879
[term_nc-1] seq=18 rtt=529.8068523406982ms  lat=43.774696350097656 lon=127.49330139160156 time=2026-05-01 17:58:29.522894
[term_nc-1] seq=19 rtt=529.6413898468018ms  lat=-27.895931243896484 lon=-42.686946868896484 time=2026-05-01 17:58:29.783956
[term_nc-1] seq=20 rtt=529.7949314117432ms  lat=-3.548349142074585 lon=-21.457420349121094 time=2026-05-01 17:58:30.045017
[term_nc-1] seq=21 rtt=529.7973155975342ms  lat=2.8070919513702393 lon=1.7785441875457764 time=2026-05-01 17:58:30.306084
[term_nc-1] seq=22 rtt=529.7420024871826ms  lat=-52.703006744384766 lon=167.090576171875 time=2026-05-01 17:58:30.567138
[term_nc-1] seq=23 rtt=529.6494960784912ms  lat=0.4137685000896454 lon=102.57192993164062 time=2026-05-01 17:58:30.828297
[term_nc-1] seq=24 rtt=529.6564102172852ms  lat=-16.38804817199707 lon=-139.95074462890625 time=2026-05-01 17:58:31.089241
[term_nc-1] seq=25 rtt=529.6430587768555ms  lat=82.87924194335938 lon=124.22875213623047 time=2026-05-01 17:58:31.350323
[term_nc-1] seq=26 rtt=529.6268463134766ms  lat=-51.68468475341797 lon=-67.94983673095703 time=2026-05-01 17:58:31.611258
[term_nc-1] seq=27 rtt=529.5751094818115ms  lat=-48.43038558959961 lon=91.51971435546875 time=2026-05-01 17:58:31.872278
[term_nc-1] seq=28 rtt=529.5863151550293ms  lat=-4.974985599517822 lon=138.14791870117188 time=2026-05-01 17:58:32.133310
[term_nc-1] seq=29 rtt=529.3262004852295ms  lat=-54.709842681884766 lon=170.1995849609375 time=2026-05-01 17:58:32.394524
[term_nc-1] seq=30 rtt=529.1843414306641ms  lat=-76.02603149414062 lon=-178.0588836669922 time=2026-05-01 17:58:32.655701
[term_nc-1] seq=31 rtt=528.5704135894775ms  lat=-73.6485366821289 lon=157.23150634765625 time=2026-05-01 17:58:32.917244
[term_nc-1] seq=32 rtt=528.5770893096924ms  lat=81.58671569824219 lon=151.7740020751953 time=2026-05-01 17:58:33.178301
[term_nc-1] seq=33 rtt=528.6128520965576ms  lat=71.32846069335938 lon=-165.77969360351562 time=2026-05-01 17:58:33.439229
[term_nc-1] seq=35 rtt=528.5947322845459ms  lat=-78.61100006103516 lon=-51.01713180541992 time=2026-05-01 17:58:33.961431
[term_nc-1] seq=36 rtt=528.3231735229492ms  lat=-47.23044204711914 lon=112.01628875732422 time=2026-05-01 17:58:34.222712
[term_nc-1] seq=37 rtt=528.0559062957764ms  lat=-49.16954040527344 lon=132.85354614257812 time=2026-05-01 17:58:34.483829
[term_nc-1] seq=38 rtt=527.9192924499512ms  lat=1.69160795211792 lon=-2.157592535018921 time=2026-05-01 17:58:34.744907
[term_nc-1] seq=39 rtt=527.9004573822021ms  lat=62.20482635498047 lon=-26.312053680419922 time=2026-05-01 17:58:35.005927
[term_nc-1] seq=40 rtt=527.7953147888184ms  lat=75.39425659179688 lon=173.47714233398438 time=2026-05-01 17:58:35.266885
[term_nc-1] seq=41 rtt=527.6880264282227ms  lat=80.63180541992188 lon=-62.3618278503418 time=2026-05-01 17:58:35.527674
[term_nc-1] seq=42 rtt=527.5225639343262ms  lat=-45.12802505493164 lon=50.690338134765625 time=2026-05-01 17:58:35.788750
[term_nc-1] seq=43 rtt=527.4713039398193ms  lat=-26.398645401000977 lon=-17.018476486206055 time=2026-05-01 17:58:36.049810
[term_nc-1] seq=44 rtt=527.5397300720215ms  lat=66.82247924804688 lon=-98.4943618774414 time=2026-05-01 17:58:36.310674
[term_nc-1] seq=45 rtt=527.5230407714844ms  lat=2.9924237728118896 lon=-150.65293884277344 time=2026-05-01 17:58:36.571573
[term_nc-1] seq=46 rtt=527.0829200744629ms  lat=-23.89967918395996 lon=102.44731903076172 time=2026-05-01 17:58:36.832968
[term_nc-1] seq=47 rtt=527.3559093475342ms  lat=24.29585838317871 lon=-54.12879180908203 time=2026-05-01 17:58:37.093904
[term_nc-1] seq=48 rtt=527.3704528808594ms  lat=50.6170768737793 lon=-86.99362182617188 time=2026-05-01 17:58:37.355023
[term_nc-1] seq=49 rtt=527.2250175476074ms  lat=-37.77992630004883 lon=-15.014310836791992 time=2026-05-01 17:58:37.616179
[term_nc-1] seq=50 rtt=526.8964767456055ms  lat=48.996665954589844 lon=-149.5716094970703 time=2026-05-01 17:58:37.877335
[term_nc-1] seq=51 rtt=526.7298221588135ms  lat=-11.665157318115234 lon=-73.33722686767578 time=2026-05-01 17:58:38.138478
[term_nc-1] seq=52 rtt=526.3833999633789ms  lat=-75.61494445800781 lon=174.1585693359375 time=2026-05-01 17:58:38.399709
[term_nc-1] seq=53 rtt=526.4036655426025ms  lat=54.7496223449707 lon=11.50559139251709 time=2026-05-01 17:58:38.660635
[term_nc-1] seq=54 rtt=526.4487266540527ms  lat=-2.085510015487671 lon=107.40176391601562 time=2026-05-01 17:58:38.921571
[term_nc-1] seq=55 rtt=526.2472629547119ms  lat=-68.28565979003906 lon=59.333370208740234 time=2026-05-01 17:58:39.182739
[term_nc-1] seq=56 rtt=526.0531902313232ms  lat=64.29903411865234 lon=-92.98529052734375 time=2026-05-01 17:58:39.443839
[term_nc-1] seq=57 rtt=525.784969329834ms  lat=65.84707641601562 lon=69.88021850585938 time=2026-05-01 17:58:39.704994
[term_nc-1] seq=58 rtt=525.7446765899658ms  lat=-33.25847244262695 lon=-115.65677642822266 time=2026-05-01 17:58:39.965948
[term_nc-1] seq=59 rtt=525.6850719451904ms  lat=48.25954818725586 lon=111.842041015625 time=2026-05-01 17:58:40.227095
[term_nc-1] seq=60 rtt=525.4917144775391ms  lat=-31.706453323364258 lon=-148.76687622070312 time=2026-05-01 17:58:40.488281
[term_nc-1] seq=61 rtt=525.3210067749023ms  lat=35.89780807495117 lon=-26.32977294921875 time=2026-05-01 17:58:40.749454
[term_nc-1] seq=62 rtt=525.2375602722168ms  lat=-61.83837890625 lon=34.739227294921875 time=2026-05-01 17:58:41.010600
[term_nc-1] seq=63 rtt=524.9505043029785ms  lat=-27.079429626464844 lon=15.050980567932129 time=2026-05-01 17:58:41.272001
[term_nc-1] seq=64 rtt=524.6446132659912ms  lat=-11.663215637207031 lon=124.72852325439453 time=2026-05-01 17:58:41.533204
[term_nc-1] seq=65 rtt=524.3849754333496ms  lat=-81.83332824707031 lon=68.9254150390625 time=2026-05-01 17:58:41.794434
[term_nc-1] seq=66 rtt=524.3871212005615ms  lat=36.95610809326172 lon=40.36528015136719 time=2026-05-01 17:58:42.055455
[term_nc-1] seq=67 rtt=524.4896411895752ms  lat=-69.24838256835938 lon=155.69886779785156 time=2026-05-01 17:58:42.316446
[term_nc-1] seq=68 rtt=524.2271423339844ms  lat=73.43036651611328 lon=54.302391052246094 time=2026-05-01 17:58:42.577547
[term_nc-1] seq=69 rtt=523.5176086425781ms  lat=-66.68655395507812 lon=-32.9845085144043 time=2026-05-01 17:58:42.838905
[term_nc-1] seq=70 rtt=523.2565402984619ms  lat=-7.234251499176025 lon=-173.847900390625 time=2026-05-01 17:58:43.099988
[term_nc-1] seq=71 rtt=522.9947566986084ms  lat=7.681443214416504 lon=-126.53250885009766 time=2026-05-01 17:58:43.360870
[term_nc-1] seq=72 rtt=522.6056575775146ms  lat=81.00621795654297 lon=71.12203216552734 time=2026-05-01 17:58:43.621824
[term_nc-1] seq=73 rtt=522.3085880279541ms  lat=-37.92747116088867 lon=72.3802719116211 time=2026-05-01 17:58:43.882943
[term_nc-1] seq=74 rtt=522.4993228912354ms  lat=37.786075592041016 lon=160.65696716308594 time=2026-05-01 17:58:44.143923
[term_nc-1] seq=75 rtt=522.493839263916ms  lat=83.0530014038086 lon=-62.45982360839844 time=2026-05-01 17:58:44.404936
[term_nc-1] seq=76 rtt=522.3438739776611ms  lat=77.34952545166016 lon=-124.89734649658203 time=2026-05-01 17:58:44.666163
[term_nc-1] seq=77 rtt=522.3932266235352ms  lat=-63.65888214111328 lon=68.1248550415039 time=2026-05-01 17:58:44.927250
[term_nc-1] seq=78 rtt=522.6039886474609ms  lat=66.19560241699219 lon=-18.120527267456055 time=2026-05-01 17:58:45.188323
[term_nc-1] seq=79 rtt=522.5012302398682ms  lat=20.964805603027344 lon=-59.81692886352539 time=2026-05-01 17:58:45.449466
[term_nc-1] seq=80 rtt=522.2337245941162ms  lat=-35.976600646972656 lon=-51.507850646972656 time=2026-05-01 17:58:45.710785
[term_nc-1] seq=81 rtt=522.376537322998ms  lat=-46.44615173339844 lon=-141.4955596923828 time=2026-05-01 17:58:45.971843
[term_nc-1] seq=82 rtt=522.467851638794ms  lat=-17.299854278564453 lon=107.35796356201172 time=2026-05-01 17:58:46.232869
[term_nc-1] seq=83 rtt=522.4361419677734ms  lat=47.532535552978516 lon=116.55082702636719 time=2026-05-01 17:58:46.494022
[term_nc-1] seq=84 rtt=522.3889350891113ms  lat=-84.86946105957031 lon=-167.20758056640625 time=2026-05-01 17:58:46.755187
[term_nc-1] seq=85 rtt=522.6798057556152ms  lat=20.492490768432617 lon=-38.34415817260742 time=2026-05-01 17:58:47.016289
[term_nc-1] seq=86 rtt=522.6249694824219ms  lat=-67.52217864990234 lon=-4.540232181549072 time=2026-05-01 17:58:47.277408
[term_nc-1] seq=87 rtt=522.2423076629639ms  lat=-43.198917388916016 lon=-160.10513305664062 time=2026-05-01 17:58:47.538782
[term_nc-1] seq=88 rtt=522.219181060791ms  lat=41.99859619140625 lon=109.9258804321289 time=2026-05-01 17:58:47.799872
[term_nc-1] seq=89 rtt=522.3991870880127ms  lat=84.51625061035156 lon=-49.451904296875 time=2026-05-01 17:58:48.060879
[term_nc-1] seq=90 rtt=522.4695205688477ms  lat=36.72123718261719 lon=-176.72994995117188 time=2026-05-01 17:58:48.321950
[term_nc-1] seq=91 rtt=522.2711563110352ms  lat=-50.59298324584961 lon=19.475488662719727 time=2026-05-01 17:58:48.583059
[term_nc-1] seq=92 rtt=522.1493244171143ms  lat=10.542651176452637 lon=-139.6608428955078 time=2026-05-01 17:58:48.844218
[term_nc-1] seq=93 rtt=522.2451686859131ms  lat=-64.80094909667969 lon=-110.38109588623047 time=2026-05-01 17:58:49.105179
[term_nc-1] seq=94 rtt=522.2551822662354ms  lat=68.33549499511719 lon=16.07818031311035 time=2026-05-01 17:58:49.366228
[term_nc-1] seq=95 rtt=522.1521854400635ms  lat=-89.8333511352539 lon=93.36273956298828 time=2026-05-01 17:58:49.627283
[term_nc-1] seq=96 rtt=522.1288204193115ms  lat=61.37028884887695 lon=-45.589508056640625 time=2026-05-01 17:58:49.888354
[term_nc-1] seq=97 rtt=522.1068859100342ms  lat=-31.63031768798828 lon=-1.604151964187622 time=2026-05-01 17:58:50.149400
[term_nc-1] seq=98 rtt=522.1922397613525ms  lat=70.9098892211914 lon=132.65902709960938 time=2026-05-01 17:58:50.410301
[term_nc-1] seq=99 rtt=522.118091583252ms  lat=43.303199768066406 lon=105.23633575439453 time=2026-05-01 17:58:50.671352
[term_nc-1] seq=100 rtt=522.0918655395508ms  lat=67.42475128173828 lon=-137.40042114257812 time=2026-05-01 17:58:50.932406
[term_nc-1] seq=101 rtt=522.4874019622803ms  lat=26.538928985595703 lon=7.318714141845703 time=2026-05-01 17:58:51.193376
[term_nc-1] seq=102 rtt=522.6693153381348ms  lat=-72.13507843017578 lon=173.54205322265625 time=2026-05-01 17:58:51.454427
[term_nc-1] seq=103 rtt=522.4206447601318ms  lat=-24.229488372802734 lon=-100.06095123291016 time=2026-05-01 17:58:51.715677
[term_nc-1] seq=104 rtt=522.1600532531738ms  lat=-74.79627227783203 lon=-106.37738037109375 time=2026-05-01 17:58:51.976948
[term_nc-1] seq=105 rtt=522.3209857940674ms  lat=-41.428810119628906 lon=-157.6923065185547 time=2026-05-01 17:58:52.237953
[term_nc-1] seq=106 rtt=522.5338935852051ms  lat=20.033645629882812 lon=-21.708436965942383 time=2026-05-01 17:58:52.498879
[term_nc-1] seq=107 rtt=522.4297046661377ms  lat=28.94828224182129 lon=-141.99002075195312 time=2026-05-01 17:58:52.760081
[term_nc-1] seq=108 rtt=522.39990234375ms  lat=76.91829681396484 lon=-10.050103187561035 time=2026-05-01 17:58:53.021281
[term_nc-1] seq=109 rtt=522.5644111633301ms  lat=31.993566513061523 lon=-158.67626953125 time=2026-05-01 17:58:53.282364
[term_nc-1] seq=110 rtt=522.4685668945312ms  lat=-62.364295959472656 lon=179.68603515625 time=2026-05-01 17:58:53.543412
[term_nc-1] seq=111 rtt=522.406816482544ms  lat=55.73594665527344 lon=-112.6087646484375 time=2026-05-01 17:58:53.804603
[term_nc-1] seq=112 rtt=522.2897529602051ms  lat=35.90180969238281 lon=172.70663452148438 time=2026-05-01 17:58:54.065837
[term_nc-1] seq=113 rtt=522.4747657775879ms  lat=-30.623029708862305 lon=99.84497833251953 time=2026-05-01 17:58:54.326849
[{}] Duration elapsed, shutting down.
[{label}_{term_id}] Stats saved to /tmp/satcom_stats/ddos_control_nc_termB.json
