[term31-1] seq=1 rtt=1897.2923755645752ms  lat=111.80941009521484 lon=196.47572326660156 time=2026-05-01 17:55:09.600438
[term31-1] seq=3 rtt=1897.5803852081299ms  lat=-84.08486938476562 lon=-68.322265625 time=2026-05-01 17:55:09.600348
[term31-1] seq=4 rtt=1626.5809535980225ms  lat=44.789588928222656 lon=14.860860824584961 time=2026-05-01 17:55:09.871395
[term31-1] msg="Sequence number was missing from sliding window, so packet could not be decoded"
[term31-1] seq=5 rtt=1355.4763793945312ms  lat=-76.23550415039062 lon=-141.26890563964844 time=2026-05-01 17:55:10.142556
[term31-1] seq=6 rtt=1355.724811553955ms  lat=-213.0745086669922 lon=109.88321685791016 time=2026-05-01 17:55:10.413507
[term31-1] seq=7 rtt=1356.1182022094727ms  lat=-3.8718318939208984 lon=-482.88043212890625 time=2026-05-01 17:55:10.684440
[term31-1] seq=8 rtt=1356.2343120574951ms  lat=-280.01922607421875 lon=-102.74163055419922 time=2026-05-01 17:55:10.955484
[term31-1] seq=9 rtt=1356.557846069336ms  lat=-42.844093322753906 lon=-465.7120056152344 time=2026-05-01 17:55:11.226335
[term31-1] seq=10 rtt=1356.529712677002ms  lat=-1.2422477006912231 lon=4.117471694946289 time=2026-05-01 17:55:11.497544
[term31-1] seq=11 rtt=1356.3616275787354ms  lat=0.022441759705543518 lon=12.85757827758789 time=2026-05-01 17:55:11.769050
[term31-1] seq=12 rtt=1356.6176891326904ms  lat=29.773944854736328 lon=-78.85337829589844 time=2026-05-01 17:55:12.039794
[term31-1] seq=13 rtt=1356.6417694091797ms  lat=-15.310656547546387 lon=28.559932708740234 time=2026-05-01 17:55:12.311050
[term31-1] seq=15 rtt=1355.9894561767578ms  lat=68.49310302734375 lon=-122.14979553222656 time=2026-05-01 17:55:12.853896
[term31-1] seq=16 rtt=1355.837106704712ms  lat=39.22127151489258 lon=-7.1635332107543945 time=2026-05-01 17:55:13.125226
[term31-1] seq=17 rtt=1356.0304641723633ms  lat=-37.67730712890625 lon=265.0430603027344 time=2026-05-01 17:55:13.396265
[term31-1] seq=18 rtt=1355.9203147888184ms  lat=122.88987731933594 lon=-26.7189884185791 time=2026-05-01 17:55:13.667593
[term31-1] seq=19 rtt=1356.485366821289ms  lat=24.8817195892334 lon=77.7104721069336 time=2026-05-01 17:55:13.938612
[term31-1] seq=20 rtt=1356.9881916046143ms  lat=-217.75057983398438 lon=11.691024780273438 time=2026-05-01 17:55:14.209163
[term31-1] seq=21 rtt=1356.5831184387207ms  lat=15.612003326416016 lon=87.51311492919922 time=2026-05-01 17:55:14.480651
[term31-1] seq=22 rtt=1356.313705444336ms  lat=-9.912284851074219 lon=6.4005208015441895 time=2026-05-01 17:55:14.752048
[term31-1] seq=23 rtt=1359.9860668182373ms  lat=26.323076248168945 lon=-51.931488037109375 time=2026-05-01 17:55:15.019610
[term31-1] seq=24 rtt=1355.1216125488281ms  lat=93.62525177001953 lon=-100.2836685180664 time=2026-05-01 17:55:15.295792
[term31-1] seq=25 rtt=1355.9706211090088ms  lat=4.284493923187256 lon=58.343116760253906 time=2026-05-01 17:55:15.566082
[term31-1] seq=26 rtt=1356.1348915100098ms  lat=129.74708557128906 lon=48.028507232666016 time=2026-05-01 17:55:15.837075
[term31-1] seq=27 rtt=1356.2586307525635ms  lat=32.345184326171875 lon=-369.1246032714844 time=2026-05-01 17:55:16.108194
[term31-1] seq=28 rtt=1356.0740947723389ms  lat=-15.205154418945312 lon=-3.470540761947632 time=2026-05-01 17:55:16.379708
[term31-1] seq=29 rtt=1376.481294631958ms  lat=-113.6920394897461 lon=-129.49195861816406 time=2026-05-01 17:55:16.630377
[term31-1] seq=30 rtt=1356.0810089111328ms  lat=70.53730010986328 lon=-446.50006103515625 time=2026-05-01 17:55:16.921963
[term31-1] seq=32 rtt=1355.931282043457ms  lat=116.87335968017578 lon=135.5487060546875 time=2026-05-01 17:55:17.464327
[term31-1] seq=33 rtt=1356.0130596160889ms  lat=103.42767333984375 lon=-429.02191162109375 time=2026-05-01 17:55:17.735492
[term31-1] seq=34 rtt=1356.1046123504639ms  lat=-106.35242462158203 lon=74.12071228027344 time=2026-05-01 17:55:18.006750
[term31-1] seq=35 rtt=1356.3909530639648ms  lat=-2.579800605773926 lon=55.989768981933594 time=2026-05-01 17:55:18.277876
[term31-1] seq=36 rtt=1345.2746868133545ms  lat=-399.69024658203125 lon=49.94850540161133 time=2026-05-01 17:55:18.560435
[term31-1] seq=37 rtt=1357.5222492218018ms  lat=-57.08425521850586 lon=23.93653106689453 time=2026-05-01 17:55:18.819484
[term31-1] seq=38 rtt=1357.116460800171ms  lat=86.17548370361328 lon=-11.69277572631836 time=2026-05-01 17:55:19.091300
[term31-1] seq=39 rtt=1357.7795028686523ms  lat=88.17332458496094 lon=84.26002502441406 time=2026-05-01 17:55:19.362322
[term31-1] seq=40 rtt=1357.0730686187744ms  lat=10.587891578674316 lon=-184.78421020507812 time=2026-05-01 17:55:19.634002
[term31-1] seq=41 rtt=1356.7612171173096ms  lat=46.7788200378418 lon=129.54150390625 time=2026-05-01 17:55:19.905492
[term31-1] seq=42 rtt=1356.5075397491455ms  lat=23.097213745117188 lon=82.38209533691406 time=2026-05-01 17:55:20.176788
[term31-1] seq=43 rtt=1356.3809394836426ms  lat=-75.15450286865234 lon=5.184809684753418 time=2026-05-01 17:55:20.448072
[term31-1] seq=44 rtt=1356.114387512207ms  lat=-0.011794978752732277 lon=-117.30162048339844 time=2026-05-01 17:55:20.719608
[term31-1] seq=46 rtt=1355.7555675506592ms  lat=-44.93696212768555 lon=42.96763610839844 time=2026-05-01 17:55:21.262131
[term31-1] seq=47 rtt=1356.151819229126ms  lat=55.821739196777344 lon=333.21697998046875 time=2026-05-01 17:55:21.533192
[term31-1] seq=48 rtt=1356.1420440673828ms  lat=-14.814882278442383 lon=-358.8244934082031 time=2026-05-01 17:55:21.804317
[term31-1] seq=49 rtt=1356.0152053833008ms  lat=-17.871822357177734 lon=289.6296081542969 time=2026-05-01 17:55:22.075528
[term31-1] seq=50 rtt=1356.2617301940918ms  lat=8.035040855407715 lon=-84.03527069091797 time=2026-05-01 17:55:22.346602
[term31-1] seq=51 rtt=1356.1999797821045ms  lat=90.78611755371094 lon=-187.1793212890625 time=2026-05-01 17:55:22.617821
[term31-1] seq=52 rtt=1360.961675643921ms  lat=-25.13611602783203 lon=239.35830688476562 time=2026-05-01 17:55:22.884412
[term31-1] seq=54 rtt=1356.7466735839844ms  lat=-2.360807418823242 lon=-94.40727233886719 time=2026-05-01 17:55:23.431011
[term31-1] seq=55 rtt=1356.431245803833ms  lat=14.585597038269043 lon=-6.0214924812316895 time=2026-05-01 17:55:23.702644
[term31-1] seq=56 rtt=1356.4202785491943ms  lat=26.104251861572266 lon=7.928840160369873 time=2026-05-01 17:55:23.973859
[term31-1] seq=57 rtt=1356.3084602355957ms  lat=42.09152603149414 lon=350.205078125 time=2026-05-01 17:55:24.245250
[term31-1] seq=58 rtt=1356.4958572387695ms  lat=-8.279413223266602 lon=49.77949523925781 time=2026-05-01 17:55:24.516571
[term31-1] seq=59 rtt=1356.825828552246ms  lat=77.24913024902344 lon=204.51353454589844 time=2026-05-01 17:55:24.787565
[term31-1] seq=60 rtt=1356.3652038574219ms  lat=-365.4934997558594 lon=11.427184104919434 time=2026-05-01 17:55:25.059072
[term31-1] seq=61 rtt=1356.5378189086914ms  lat=-6.522861480712891 lon=117.873046875 time=2026-05-01 17:55:25.330213
[term31-1] seq=62 rtt=1356.6739559173584ms  lat=5.885927200317383 lon=-96.77847290039062 time=2026-05-01 17:55:25.601388
[term31-1] seq=63 rtt=1356.619119644165ms  lat=-10.959756851196289 lon=23.803020477294922 time=2026-05-01 17:55:25.872910
[term31-1] seq=64 rtt=1356.4949035644531ms  lat=3.9899322986602783 lon=17.383281707763672 time=2026-05-01 17:55:26.144174
[term31-1] seq=65 rtt=1356.980562210083ms  lat=-4.249704837799072 lon=-190.2692413330078 time=2026-05-01 17:55:26.414796
[term31-1] seq=66 rtt=1356.1360836029053ms  lat=30.166393280029297 lon=-14.498947143554688 time=2026-05-01 17:55:26.686738
[term31-1] seq=67 rtt=1356.6229343414307ms  lat=-91.67627716064453 lon=-330.7856750488281 time=2026-05-01 17:55:26.957483
[term31-1] seq=68 rtt=814.5973682403564ms  lat=-61.584556579589844 lon=8.25600814819336 time=2026-05-01 17:55:27.770896
[term31-1] seq=69 rtt=1356.3146591186523ms  lat=-47.83772277832031 lon=36.18374252319336 time=2026-05-01 17:55:27.500434
[term31-1] seq=70 rtt=1356.332540512085ms  lat=-350.439453125 lon=24.74517059326172 time=2026-05-01 17:55:27.771487
[term31-1] seq=71 rtt=1356.2438488006592ms  lat=-232.653076171875 lon=-507.17041015625 time=2026-05-01 17:55:28.042746
[term31-1] seq=72 rtt=1356.6246032714844ms  lat=16.8067626953125 lon=-5.574056625366211 time=2026-05-01 17:55:28.313473
[term31-1] seq=73 rtt=1356.4364910125732ms  lat=9.921281814575195 lon=125.41859436035156 time=2026-05-01 17:55:28.584791
[term31-1] seq=74 rtt=1356.065034866333ms  lat=54.563499450683594 lon=-29.48444366455078 time=2026-05-01 17:55:28.856519
[term31-1] seq=75 rtt=1356.367826461792ms  lat=-13.432822227478027 lon=285.162841796875 time=2026-05-01 17:55:29.127492
[term31-1] seq=77 rtt=1355.8495044708252ms  lat=120.12796020507812 lon=-401.5567321777344 time=2026-05-01 17:55:29.670153
[term31-1] seq=78 rtt=1356.11891746521ms  lat=112.82222747802734 lon=-93.57421875 time=2026-05-01 17:55:29.941069
[term31-1] seq=79 rtt=1356.1413288116455ms  lat=-43.98834228515625 lon=77.48097229003906 time=2026-05-01 17:55:30.212206
[term31-1] seq=80 rtt=1356.602668762207ms  lat=15.361340522766113 lon=-248.50302124023438 time=2026-05-01 17:55:30.483078
[term31-1] seq=81 rtt=1356.6560745239258ms  lat=66.25816345214844 lon=3.2779717445373535 time=2026-05-01 17:55:30.754155
[term31-1] seq=82 rtt=1355.6807041168213ms  lat=-3.3017008304595947 lon=3.1636579036712646 time=2026-05-01 17:55:31.026164
[term31-1] seq=83 rtt=1352.4277210235596ms  lat=3.7982447147369385 lon=-2.7525734901428223 time=2026-05-01 17:55:31.300498
[term31-1] seq=84 rtt=1356.1491966247559ms  lat=4.955240249633789 lon=31.189329147338867 time=2026-05-01 17:55:31.567897
[term31-1] seq=85 rtt=1355.6504249572754ms  lat=-10.358034133911133 lon=-10.452154159545898 time=2026-05-01 17:55:31.839446
[term31-1] seq=86 rtt=1356.4112186431885ms  lat=-27.074535369873047 lon=152.3475799560547 time=2026-05-01 17:55:32.109972
[term31-1] seq=87 rtt=1356.6949367523193ms  lat=112.37496185302734 lon=42.510650634765625 time=2026-05-01 17:55:32.381087
[term31-1] seq=88 rtt=1356.4107418060303ms  lat=47.156646728515625 lon=-133.2523651123047 time=2026-05-01 17:55:32.652693
[term31-1] seq=89 rtt=1356.3120365142822ms  lat=-392.31378173828125 lon=-102.40155029296875 time=2026-05-01 17:55:32.923984
[term31-1] seq=90 rtt=1356.6334247589111ms  lat=-108.67176055908203 lon=-3.8146820068359375 time=2026-05-01 17:55:33.194887
[term31-1] seq=91 rtt=1356.6350936889648ms  lat=10.763810157775879 lon=-10.90517520904541 time=2026-05-01 17:55:33.466217
[term31-1] seq=92 rtt=1356.8668365478516ms  lat=14.152663230895996 lon=-3.574439764022827 time=2026-05-01 17:55:33.737220
[term31-1] seq=93 rtt=1356.2827110290527ms  lat=26.89845085144043 lon=-121.759521484375 time=2026-05-01 17:55:34.009027
[term31-1] seq=94 rtt=1356.5244674682617ms  lat=0.812256395816803 lon=-66.25540924072266 time=2026-05-01 17:55:34.280084
[term31-1] seq=95 rtt=1356.3339710235596ms  lat=0.011839035898447037 lon=-52.119110107421875 time=2026-05-01 17:55:34.551391
[term31-1] seq=96 rtt=1356.213092803955ms  lat=-25.709972381591797 lon=192.54153442382812 time=2026-05-01 17:55:34.822747
[term31-1] seq=97 rtt=1356.2901020050049ms  lat=-96.4337158203125 lon=-171.9779510498047 time=2026-05-01 17:55:35.093993
[term31-1] seq=98 rtt=1356.6646575927734ms  lat=81.83750915527344 lon=116.66944122314453 time=2026-05-01 17:55:35.364781
[term31-1] seq=99 rtt=1356.3292026519775ms  lat=10.357837677001953 lon=118.10591125488281 time=2026-05-01 17:55:35.636440
[term31-1] seq=100 rtt=1355.9072017669678ms  lat=20.716341018676758 lon=499.1744689941406 time=2026-05-01 17:55:35.907489
[term31-1] msg="Non-coded packet received" seq=101 rtt=1094.921588897705ms  lat=81.4627456665039 lon=-16.693450927734375 time=2026-05-01 17:55:36.449910
[term31-1] seq=103 rtt=1355.381727218628ms  lat=-17.119304656982422 lon=-9.40244197845459 time=2026-05-01 17:55:36.721477
[term31-1] seq=104 rtt=1355.9601306915283ms  lat=45.943294525146484 lon=224.7464599609375 time=2026-05-01 17:55:36.992393
[term31-1] seq=105 rtt=1355.7517528533936ms  lat=-88.36518859863281 lon=-207.45606994628906 time=2026-05-01 17:55:37.263622
[term31-1] seq=106 rtt=1356.856346130371ms  lat=-118.6298828125 lon=235.084228515625 time=2026-05-01 17:55:37.533952
[term31-1] seq=107 rtt=1355.6780815124512ms  lat=248.09910583496094 lon=3.139634132385254 time=2026-05-01 17:55:37.806006
[term31-1] Duration elapsed, shutting down.
[{label}_{term_id}] Stats saved to /tmp/satcom_stats/control_use_case_31_termA.json
