[term32-7] Starting (duration=30s)
[term32-7] seq=1 rtt=621.6821670532227ms  lat=82.59552764892578 lon=-73.69511413574219 time=2026-05-01 17:55:51.259882
[term32-7] seq=2 rtt=631.9942474365234ms  lat=73.3711929321289 lon=-44.12110900878906 time=2026-05-01 17:55:51.510427
[term32-7] seq=3 rtt=642.3242092132568ms  lat=86.52149963378906 lon=129.09117126464844 time=2026-05-01 17:55:51.761063
[term32-7] seq=4 rtt=652.2562503814697ms  lat=75.35643768310547 lon=-11.181867599487305 time=2026-05-01 17:55:52.011705
[term32-7] seq=5 rtt=662.6906394958496ms  lat=60.66043472290039 lon=90.31780242919922 time=2026-05-01 17:55:52.262247
[term32-7] seq=6 rtt=672.8765964508057ms  lat=-81.78252410888672 lon=-7.97000789642334 time=2026-05-01 17:55:52.512838
[term32-7] seq=7 rtt=682.9321384429932ms  lat=56.0234489440918 lon=125.1605453491211 time=2026-05-01 17:55:52.763409
[term32-7] seq=8 rtt=693.356990814209ms  lat=-22.02652359008789 lon=142.44439697265625 time=2026-05-01 17:55:53.014081
[term32-7] seq=9 rtt=703.4890651702881ms  lat=14.43570613861084 lon=-111.49365234375 time=2026-05-01 17:55:53.264715
[term32-7] seq=10 rtt=713.9794826507568ms  lat=81.33885955810547 lon=44.27162551879883 time=2026-05-01 17:55:53.515252
[term32-7] seq=11 rtt=724.102258682251ms  lat=61.24611282348633 lon=-138.19757080078125 time=2026-05-01 17:55:53.765872
[term32-7] seq=12 rtt=734.3676090240479ms  lat=-58.9475212097168 lon=-147.1747283935547 time=2026-05-01 17:55:54.016518
[term32-7] seq=13 rtt=744.5144653320312ms  lat=-12.609325408935547 lon=-131.27012634277344 time=2026-05-01 17:55:54.267063
[term32-7] msg="Coded packet received" for seqs=[4]
[term32-7] seq=14 rtt=503.2961368560791ms  lat=-49.0467643737793 lon=149.87274169921875 time=2026-05-01 17:55:54.517706
[term32-7] seq=15 rtt=513.1683349609375ms  lat=60.219337463378906 lon=86.81436920166016 time=2026-05-01 17:55:54.768591
[term32-7] seq=16 rtt=522.8757858276367ms  lat=-43.73787307739258 lon=11.872633934020996 time=2026-05-01 17:55:55.019548
[term32-7] seq=17 rtt=533.0812931060791ms  lat=-84.73355865478516 lon=148.4459991455078 time=2026-05-01 17:55:55.270143
[term32-7] seq=18 rtt=543.2038307189941ms  lat=7.720133304595947 lon=148.58790588378906 time=2026-05-01 17:55:55.520844
[term32-7] seq=19 rtt=553.5600185394287ms  lat=59.90673828125 lon=-94.73667907714844 time=2026-05-01 17:55:55.771461
[term32-7] seq=20 rtt=563.8909339904785ms  lat=-14.05403995513916 lon=-164.40438842773438 time=2026-05-01 17:55:56.022169
[term32-7] seq=21 rtt=573.9049911499023ms  lat=76.54901123046875 lon=23.54587173461914 time=2026-05-01 17:55:56.272941
[term32-7] seq=22 rtt=583.7376117706299ms  lat=0.5875281095504761 lon=38.701881408691406 time=2026-05-01 17:55:56.523979
[term32-7] seq=23 rtt=594.010591506958ms  lat=4.638341426849365 lon=93.58776092529297 time=2026-05-01 17:55:56.774668
[term32-7] seq=24 rtt=604.0811538696289ms  lat=-67.8377914428711 lon=-52.2409782409668 time=2026-05-01 17:55:57.025334
[term32-7] seq=25 rtt=614.5241260528564ms  lat=45.437217712402344 lon=129.35296630859375 time=2026-05-01 17:55:57.275913
[term32-7] seq=26 rtt=624.7103214263916ms  lat=-50.65687942504883 lon=33.718414306640625 time=2026-05-01 17:55:57.526668
[term32-7] seq=27 rtt=634.9234580993652ms  lat=-31.235172271728516 lon=-61.946372985839844 time=2026-05-01 17:55:57.777367
[term32-7] seq=28 rtt=645.0827121734619ms  lat=30.810884475708008 lon=167.68515014648438 time=2026-05-01 17:55:58.028180
[term32-7] seq=29 rtt=655.2915573120117ms  lat=30.44597816467285 lon=-21.414979934692383 time=2026-05-01 17:55:58.278939
[term32-7] seq=30 rtt=665.4760837554932ms  lat=47.31018829345703 lon=-11.011273384094238 time=2026-05-01 17:55:58.529709
[term32-7] seq=31 rtt=675.7984161376953ms  lat=-79.73114013671875 lon=32.89638900756836 time=2026-05-01 17:55:58.780398
[term32-7] seq=32 rtt=685.9502792358398ms  lat=-56.022056579589844 lon=-39.64774703979492 time=2026-05-01 17:55:59.031119
[term32-7] seq=33 rtt=696.1078643798828ms  lat=28.182371139526367 lon=-179.74188232421875 time=2026-05-01 17:55:59.281885
[term32-7] seq=34 rtt=706.268310546875ms  lat=-66.26396942138672 lon=-74.52115631103516 time=2026-05-01 17:55:59.532557
[term32-7] seq=35 rtt=716.32981300354ms  lat=40.26517868041992 lon=-110.57196044921875 time=2026-05-01 17:55:59.783281
[term32-7] seq=36 rtt=726.6175746917725ms  lat=16.446208953857422 lon=150.62852478027344 time=2026-05-01 17:56:00.033900
[term32-7] seq=37 rtt=736.8381023406982ms  lat=24.68694496154785 lon=87.1543960571289 time=2026-05-01 17:56:00.284554
[term32-7] seq=38 rtt=746.6986179351807ms  lat=-25.485755920410156 lon=166.4675750732422 time=2026-05-01 17:56:00.535230
[term32-7] seq=39 rtt=503.00049781799316ms  lat=9.721040725708008 lon=107.82437896728516 time=2026-05-01 17:56:00.785756
[term32-7] seq=40 rtt=513.1175518035889ms  lat=5.6537981033325195 lon=-17.377246856689453 time=2026-05-01 17:56:01.036405
[term32-7] seq=41 rtt=523.4084129333496ms  lat=-13.511645317077637 lon=-68.4344711303711 time=2026-05-01 17:56:01.286945
[term32-7] seq=42 rtt=533.7939262390137ms  lat=5.621705055236816 lon=-48.2317008972168 time=2026-05-01 17:56:01.537590
[term32-7] seq=43 rtt=544.0342426300049ms  lat=-42.0682373046875 lon=-59.860713958740234 time=2026-05-01 17:56:01.788480
[term32-7] seq=44 rtt=554.3506145477295ms  lat=23.636119842529297 lon=179.46072387695312 time=2026-05-01 17:56:02.039019
[term32-7] seq=45 rtt=564.5124912261963ms  lat=-35.08788299560547 lon=-2.115042209625244 time=2026-05-01 17:56:02.289758
[term32-7] seq=46 rtt=574.7218132019043ms  lat=53.98093795776367 lon=134.1326446533203 time=2026-05-01 17:56:02.540490
[term32-7] seq=47 rtt=584.9263668060303ms  lat=-9.355955123901367 lon=-55.951995849609375 time=2026-05-01 17:56:02.791080
[term32-7] seq=48 rtt=594.8636531829834ms  lat=16.220355987548828 lon=-179.9619598388672 time=2026-05-01 17:56:03.041965
[term32-7] seq=49 rtt=605.1421165466309ms  lat=-66.13908386230469 lon=115.81295776367188 time=2026-05-01 17:56:03.292737
[term32-7] seq=50 rtt=615.2908802032471ms  lat=89.70170593261719 lon=175.71633911132812 time=2026-05-01 17:56:03.543405
[term32-7] seq=51 rtt=625.6945133209229ms  lat=84.7786636352539 lon=-15.710212707519531 time=2026-05-01 17:56:03.794060
[term32-7] seq=52 rtt=635.8447074890137ms  lat=-74.13455963134766 lon=25.093753814697266 time=2026-05-01 17:56:04.044712
[term32-7] seq=53 rtt=646.0881233215332ms  lat=-2.9160315990448 lon=5.620743751525879 time=2026-05-01 17:56:04.295320
[term32-7] seq=54 rtt=656.1489105224609ms  lat=88.44801330566406 lon=117.52540588378906 time=2026-05-01 17:56:04.545901
[term32-7] seq=55 rtt=666.2859916687012ms  lat=-36.64990234375 lon=-18.290388107299805 time=2026-05-01 17:56:04.796690
[term32-7] seq=56 rtt=676.4955520629883ms  lat=33.58627700805664 lon=138.05148315429688 time=2026-05-01 17:56:05.047681
[term32-7] seq=57 rtt=686.7654323577881ms  lat=-83.12230682373047 lon=-169.0811767578125 time=2026-05-01 17:56:05.298218
[term32-7] seq=58 rtt=696.868896484375ms  lat=87.38533782958984 lon=89.80180358886719 time=2026-05-01 17:56:05.548864
[term32-7] seq=59 rtt=707.5262069702148ms  lat=78.72916412353516 lon=58.81301498413086 time=2026-05-01 17:56:05.799506
[term32-7] seq=60 rtt=717.5755500793457ms  lat=3.586007595062256 lon=-23.609548568725586 time=2026-05-01 17:56:06.050224
[term32-7] seq=61 rtt=728.1405925750732ms  lat=67.24283599853516 lon=-35.950660705566406 time=2026-05-01 17:56:06.300862
[term32-7] seq=62 rtt=738.5177612304688ms  lat=-36.599853515625 lon=18.11248016357422 time=2026-05-01 17:56:06.551534
[term32-7] seq=63 rtt=748.5992908477783ms  lat=-26.125144958496094 lon=-150.13487243652344 time=2026-05-01 17:56:06.802239
[term32-7] seq=64 rtt=503.2837390899658ms  lat=0.7293785214424133 lon=127.56549835205078 time=2026-05-01 17:56:07.052902
[term32-7] seq=65 rtt=513.585090637207ms  lat=-44.90325164794922 lon=11.601838111877441 time=2026-05-01 17:56:07.303397
[term32-7] seq=66 rtt=523.8828659057617ms  lat=44.585716247558594 lon=-126.07642364501953 time=2026-05-01 17:56:07.553971
[term32-7] seq=67 rtt=534.1906547546387ms  lat=70.9890365600586 lon=140.60354614257812 time=2026-05-01 17:56:07.804669
[term32-7] seq=68 rtt=544.6333885192871ms  lat=36.75202560424805 lon=-108.51332092285156 time=2026-05-01 17:56:08.055173
[term32-7] seq=69 rtt=554.9435615539551ms  lat=46.42036819458008 lon=-134.16696166992188 time=2026-05-01 17:56:08.305860
[term32-7] seq=70 rtt=565.0925636291504ms  lat=-60.153934478759766 lon=99.12454223632812 time=2026-05-01 17:56:08.556702
[term32-7] seq=71 rtt=575.0446319580078ms  lat=-23.79189109802246 lon=-97.13716888427734 time=2026-05-01 17:56:08.807559
[term32-7] seq=72 rtt=585.0896835327148ms  lat=-12.96872615814209 lon=-122.64054870605469 time=2026-05-01 17:56:09.058384
[term32-7] seq=73 rtt=595.2959060668945ms  lat=72.64094543457031 lon=110.5982894897461 time=2026-05-01 17:56:09.308988
[term32-7] seq=74 rtt=605.2639484405518ms  lat=34.61931610107422 lon=-172.15164184570312 time=2026-05-01 17:56:09.559811
[term32-7] seq=75 rtt=615.3285503387451ms  lat=-78.60005950927734 lon=160.0340118408203 time=2026-05-01 17:56:09.810562
[term32-7] seq=76 rtt=625.4007816314697ms  lat=2.2627155780792236 lon=-171.9687957763672 time=2026-05-01 17:56:10.061337
[term32-7] seq=77 rtt=635.777473449707ms  lat=0.43958109617233276 lon=94.49878692626953 time=2026-05-01 17:56:10.311930
[term32-7] seq=78 rtt=646.3685035705566ms  lat=29.647626876831055 lon=-37.862247467041016 time=2026-05-01 17:56:10.562518
[term32-7] seq=79 rtt=656.5330028533936ms  lat=74.38397979736328 lon=-171.1947479248047 time=2026-05-01 17:56:10.813254
[term32-7] seq=80 rtt=666.9051647186279ms  lat=32.4810676574707 lon=-50.53743362426758 time=2026-05-01 17:56:11.063926
[term32-7] seq=81 rtt=676.8529415130615ms  lat=46.638465881347656 lon=-74.58271026611328 time=2026-05-01 17:56:11.314672
[term32-7] seq=82 rtt=687.131404876709ms  lat=-60.618038177490234 lon=-161.0891571044922 time=2026-05-01 17:56:11.565210
[term32-7] seq=83 rtt=697.5147724151611ms  lat=40.96309280395508 lon=-134.46974182128906 time=2026-05-01 17:56:11.815839
[term32-7] seq=84 rtt=707.8242301940918ms  lat=-11.792920112609863 lon=-143.8422088623047 time=2026-05-01 17:56:12.066442
[term32-7] seq=85 rtt=718.3938026428223ms  lat=-45.17035675048828 lon=169.62451171875 time=2026-05-01 17:56:12.316919
[term32-7] seq=86 rtt=728.4481525421143ms  lat=-25.273746490478516 lon=15.809741973876953 time=2026-05-01 17:56:12.567574
[term32-7] seq=87 rtt=738.80934715271ms  lat=20.0820255279541 lon=-15.523256301879883 time=2026-05-01 17:56:12.818157
[term32-7] seq=88 rtt=749.0019798278809ms  lat=75.8405990600586 lon=-102.44183349609375 time=2026-05-01 17:56:13.068837
[term32-7] seq=89 rtt=503.12256813049316ms  lat=-47.64928436279297 lon=143.17568969726562 time=2026-05-01 17:56:13.319377
[term32-7] seq=90 rtt=513.460636138916ms  lat=-66.41590881347656 lon=-83.6897201538086 time=2026-05-01 17:56:13.569921
[term32-7] seq=91 rtt=523.6539840698242ms  lat=-35.82535171508789 lon=-41.78463363647461 time=2026-05-01 17:56:13.820607
[term32-7] seq=92 rtt=534.2807769775391ms  lat=-81.88011169433594 lon=2.266386032104492 time=2026-05-01 17:56:14.071185
[term32-7] seq=93 rtt=544.203519821167ms  lat=77.15740966796875 lon=34.85599899291992 time=2026-05-01 17:56:14.321900
[term32-7] seq=94 rtt=554.4877052307129ms  lat=72.82164001464844 lon=-150.47811889648438 time=2026-05-01 17:56:14.572582
[term32-7] seq=95 rtt=564.6665096282959ms  lat=-42.15970993041992 lon=30.732969284057617 time=2026-05-01 17:56:14.823337
[term32-7] seq=96 rtt=575.0813484191895ms  lat=-69.12669372558594 lon=-153.78640747070312 time=2026-05-01 17:56:15.073958
[term32-7] seq=97 rtt=585.2408409118652ms  lat=11.783905982971191 lon=63.494476318359375 time=2026-05-01 17:56:15.324583
[term32-7] seq=98 rtt=595.2694416046143ms  lat=1.7127605676651 lon=-160.59706115722656 time=2026-05-01 17:56:15.575361
[term32-7] seq=100 rtt=615.2682304382324ms  lat=14.231592178344727 lon=126.47229766845703 time=2026-05-01 17:56:16.076837
[term32-7] Missing packets [99], sending NACK...
[term32-7] seq=101 rtt=625.4270076751709ms  lat=-25.171228408813477 lon=-98.45378112792969 time=2026-05-01 17:56:16.327492
[term32-7] seq=102 rtt=635.3707313537598ms  lat=-81.45989990234375 lon=67.2363510131836 time=2026-05-01 17:56:16.578401
[term32-7] seq=103 rtt=645.3351974487305ms  lat=50.8739128112793 lon=-0.23130491375923157 time=2026-05-01 17:56:16.829120
[term32-7] seq=104 rtt=655.691385269165ms  lat=-21.82558250427246 lon=137.77102661132812 time=2026-05-01 17:56:17.079804
[term32-7] seq=105 rtt=665.9319400787354ms  lat=-9.675248146057129 lon=-169.47413635253906 time=2026-05-01 17:56:17.330531
[term32-7] seq=106 rtt=676.0380268096924ms  lat=12.233901977539062 lon=145.80540466308594 time=2026-05-01 17:56:17.581360
[term32-7] seq=107 rtt=686.3977909088135ms  lat=-56.269744873046875 lon=3.014338970184326 time=2026-05-01 17:56:17.832110
[term32-7] seq=108 rtt=696.6872215270996ms  lat=-38.41139602661133 lon=-20.46929168701172 time=2026-05-01 17:56:18.082882
[term32-7] Missing packets [99], sending NACK...
[term32-7] seq=109 rtt=706.754207611084ms  lat=-73.3206558227539 lon=81.08367919921875 time=2026-05-01 17:56:18.333604
[term32-7] seq=110 rtt=716.7923450469971ms  lat=-70.7354965209961 lon=147.5924835205078 time=2026-05-01 17:56:18.584537
[term32-7] seq=111 rtt=727.0698547363281ms  lat=-45.839820861816406 lon=-148.35757446289062 time=2026-05-01 17:56:18.835102
[term32-7] seq=112 rtt=737.3948097229004ms  lat=-46.288475036621094 lon=25.2868595123291 time=2026-05-01 17:56:19.085810
[term32-7] seq=113 rtt=747.7705478668213ms  lat=-60.163116455078125 lon=49.17212677001953 time=2026-05-01 17:56:19.336492
[term32-7] seq=114 rtt=503.4341812133789ms  lat=-38.2828483581543 lon=12.914767265319824 time=2026-05-01 17:56:19.587168
[term32-7] seq=115 rtt=513.4866237640381ms  lat=54.35018539428711 lon=-161.52499389648438 time=2026-05-01 17:56:19.837847
[term32-7] seq=116 rtt=523.6287117004395ms  lat=-66.83060455322266 lon=-111.78466796875 time=2026-05-01 17:56:20.088533
[term32-7] seq=117 rtt=533.9207649230957ms  lat=-36.30270767211914 lon=164.9376983642578 time=2026-05-01 17:56:20.339116
[term32-7] Missing packets [99], sending NACK...
[term32-7] seq=118 rtt=544.2166328430176ms  lat=61.829750061035156 lon=-105.78604888916016 time=2026-05-01 17:56:20.589751
[term32-7] Duration elapsed, shutting down.
[{label}_{term_id}] Stats saved to /tmp/satcom_stats/control_use_case_32_term_7.json
