[term32-6] Starting (duration=30s)
[term32-6] seq=2 rtt=632.0962905883789ms  lat=73.3711929321289 lon=-44.12110900878906 time=2026-05-01 17:55:51.510427
[term32-6] Missing packets [1], sending NACK...
[term32-6] seq=3 rtt=642.0621871948242ms  lat=86.52149963378906 lon=129.09117126464844 time=2026-05-01 17:55:51.761063
[term32-6] seq=4 rtt=652.4326801300049ms  lat=75.35643768310547 lon=-11.181867599487305 time=2026-05-01 17:55:52.011705
[term32-6] seq=5 rtt=662.8246307373047ms  lat=60.66043472290039 lon=90.31780242919922 time=2026-05-01 17:55:52.262247
[term32-6] seq=6 rtt=673.1932163238525ms  lat=-81.78252410888672 lon=-7.97000789642334 time=2026-05-01 17:55:52.512838
[term32-6] seq=7 rtt=683.2046508789062ms  lat=56.0234489440918 lon=125.1605453491211 time=2026-05-01 17:55:52.763409
[term32-6] seq=8 rtt=693.4890747070312ms  lat=-22.02652359008789 lon=142.44439697265625 time=2026-05-01 17:55:53.014081
[term32-6] seq=9 rtt=703.8345336914062ms  lat=14.43570613861084 lon=-111.49365234375 time=2026-05-01 17:55:53.264715
[term32-6] seq=10 rtt=714.104175567627ms  lat=81.33885955810547 lon=44.27162551879883 time=2026-05-01 17:55:53.515252
[term32-6] Missing packets [1], sending NACK...
[term32-6] seq=11 rtt=724.4231700897217ms  lat=61.24611282348633 lon=-138.19757080078125 time=2026-05-01 17:55:53.765872
[term32-6] seq=12 rtt=734.4808578491211ms  lat=-58.9475212097168 lon=-147.1747283935547 time=2026-05-01 17:55:54.016518
[term32-6] seq=13 rtt=744.7395324707031ms  lat=-12.609325408935547 lon=-131.27012634277344 time=2026-05-01 17:55:54.267063
[term32-6] msg="Coded packet received" for seqs=[4]
[term32-6] seq=14 rtt=503.21412086486816ms  lat=-49.0467643737793 lon=149.87274169921875 time=2026-05-01 17:55:54.517706
[term32-6] seq=16 rtt=522.7131843566895ms  lat=-43.73787307739258 lon=11.872633934020996 time=2026-05-01 17:55:55.019548
[term32-6] Missing packets [15], sending NACK...
[term32-6] seq=17 rtt=532.8109264373779ms  lat=-84.73355865478516 lon=148.4459991455078 time=2026-05-01 17:55:55.270143
[term32-6] seq=18 rtt=542.8192615509033ms  lat=7.720133304595947 lon=148.58790588378906 time=2026-05-01 17:55:55.520844
[term32-6] seq=19 rtt=553.0526638031006ms  lat=59.90673828125 lon=-94.73667907714844 time=2026-05-01 17:55:55.771461
[term32-6] Missing packets [1], sending NACK...
[term32-6] seq=20 rtt=563.1978511810303ms  lat=-14.05403995513916 lon=-164.40438842773438 time=2026-05-01 17:55:56.022169
[term32-6] seq=21 rtt=573.4736919403076ms  lat=76.54901123046875 lon=23.54587173461914 time=2026-05-01 17:55:56.272941
[term32-6] seq=22 rtt=583.4553241729736ms  lat=0.5875281095504761 lon=38.701881408691406 time=2026-05-01 17:55:56.523979
[term32-6] seq=23 rtt=593.7118530273438ms  lat=4.638341426849365 lon=93.58776092529297 time=2026-05-01 17:55:56.774668
[term32-6] seq=24 rtt=604.0408611297607ms  lat=-67.8377914428711 lon=-52.2409782409668 time=2026-05-01 17:55:57.025334
[term32-6] Missing packets [15], sending NACK...
[term32-6] seq=25 rtt=614.5174503326416ms  lat=45.437217712402344 lon=129.35296630859375 time=2026-05-01 17:55:57.275913
[term32-6] seq=26 rtt=624.781608581543ms  lat=-50.65687942504883 lon=33.718414306640625 time=2026-05-01 17:55:57.526668
[term32-6] seq=27 rtt=635.0185871124268ms  lat=-31.235172271728516 lon=-61.946372985839844 time=2026-05-01 17:55:57.777367
[term32-6] Missing packets [1], sending NACK...
[term32-6] seq=28 rtt=644.9439525604248ms  lat=30.810884475708008 lon=167.68515014648438 time=2026-05-01 17:55:58.028180
[term32-6] seq=29 rtt=655.2271842956543ms  lat=30.44597816467285 lon=-21.414979934692383 time=2026-05-01 17:55:58.278939
[term32-6] seq=30 rtt=665.372371673584ms  lat=47.31018829345703 lon=-11.011273384094238 time=2026-05-01 17:55:58.529709
[term32-6] seq=31 rtt=675.6155490875244ms  lat=-79.73114013671875 lon=32.89638900756836 time=2026-05-01 17:55:58.780398
[term32-6] seq=32 rtt=685.8096122741699ms  lat=-56.022056579589844 lon=-39.64774703979492 time=2026-05-01 17:55:59.031119
[term32-6] Missing packets [15], sending NACK...
[term32-6] seq=33 rtt=695.9495544433594ms  lat=28.182371139526367 lon=-179.74188232421875 time=2026-05-01 17:55:59.281885
[term32-6] seq=34 rtt=705.9826850891113ms  lat=-66.26396942138672 lon=-74.52115631103516 time=2026-05-01 17:55:59.532557
[term32-6] seq=35 rtt=716.3043022155762ms  lat=40.26517868041992 lon=-110.57196044921875 time=2026-05-01 17:55:59.783281
[term32-6] Missing packets [1], sending NACK...
[term32-6] seq=36 rtt=726.5102863311768ms  lat=16.446208953857422 lon=150.62852478027344 time=2026-05-01 17:56:00.033900
[term32-6] seq=37 rtt=736.7796897888184ms  lat=24.68694496154785 lon=87.1543960571289 time=2026-05-01 17:56:00.284554
[term32-6] seq=38 rtt=746.9861507415771ms  lat=-25.485755920410156 lon=166.4675750732422 time=2026-05-01 17:56:00.535230
[term32-6] seq=39 rtt=503.02767753601074ms  lat=9.721040725708008 lon=107.82437896728516 time=2026-05-01 17:56:00.785756
[term32-6] seq=40 rtt=513.3323669433594ms  lat=5.6537981033325195 lon=-17.377246856689453 time=2026-05-01 17:56:01.036405
[term32-6] seq=41 rtt=523.6680507659912ms  lat=-13.511645317077637 lon=-68.4344711303711 time=2026-05-01 17:56:01.286945
[term32-6] Missing packets [15], sending NACK...
[term32-6] seq=42 rtt=534.0847969055176ms  lat=5.621705055236816 lon=-48.2317008972168 time=2026-05-01 17:56:01.537590
[term32-6] seq=43 rtt=544.1081523895264ms  lat=-42.0682373046875 lon=-59.860713958740234 time=2026-05-01 17:56:01.788480
[term32-6] seq=44 rtt=554.7490119934082ms  lat=23.636119842529297 lon=179.46072387695312 time=2026-05-01 17:56:02.039019
[term32-6] Missing packets [1], sending NACK...
[term32-6] seq=45 rtt=564.6991729736328ms  lat=-35.08788299560547 lon=-2.115042209625244 time=2026-05-01 17:56:02.289758
[term32-6] seq=46 rtt=574.8398303985596ms  lat=53.98093795776367 lon=134.1326446533203 time=2026-05-01 17:56:02.540490
[term32-6] seq=47 rtt=585.1247310638428ms  lat=-9.355955123901367 lon=-55.951995849609375 time=2026-05-01 17:56:02.791080
[term32-6] seq=48 rtt=594.9902534484863ms  lat=16.220355987548828 lon=-179.9619598388672 time=2026-05-01 17:56:03.041965
[term32-6] seq=49 rtt=605.0858497619629ms  lat=-66.13908386230469 lon=115.81295776367188 time=2026-05-01 17:56:03.292737
[term32-6] Missing packets [15], sending NACK...
[term32-6] seq=50 rtt=614.9604320526123ms  lat=89.70170593261719 lon=175.71633911132812 time=2026-05-01 17:56:03.543405
[term32-6] seq=51 rtt=625.2474784851074ms  lat=84.7786636352539 lon=-15.710212707519531 time=2026-05-01 17:56:03.794060
[term32-6] seq=52 rtt=635.6525421142578ms  lat=-74.13455963134766 lon=25.093753814697266 time=2026-05-01 17:56:04.044712
[term32-6] seq=53 rtt=645.8926200866699ms  lat=-2.9160315990448 lon=5.620743751525879 time=2026-05-01 17:56:04.295320
[term32-6] seq=54 rtt=656.3608646392822ms  lat=88.44801330566406 lon=117.52540588378906 time=2026-05-01 17:56:04.545901
[term32-6] seq=55 rtt=666.4671897888184ms  lat=-36.64990234375 lon=-18.290388107299805 time=2026-05-01 17:56:04.796690
[term32-6] seq=56 rtt=676.2452125549316ms  lat=33.58627700805664 lon=138.05148315429688 time=2026-05-01 17:56:05.047681
[term32-6] Missing packets [15], sending NACK...
[term32-6] seq=58 rtt=697.1638202667236ms  lat=87.38533782958984 lon=89.80180358886719 time=2026-05-01 17:56:05.548864
[term32-6] Missing packets [57], sending NACK...
[term32-6] seq=59 rtt=707.3063850402832ms  lat=78.72916412353516 lon=58.81301498413086 time=2026-05-01 17:56:05.799506
[term32-6] seq=60 rtt=717.8382873535156ms  lat=3.586007595062256 lon=-23.609548568725586 time=2026-05-01 17:56:06.050224
[term32-6] seq=61 rtt=727.9219627380371ms  lat=67.24283599853516 lon=-35.950660705566406 time=2026-05-01 17:56:06.300862
[term32-6] seq=62 rtt=738.2979393005371ms  lat=-36.599853515625 lon=18.11248016357422 time=2026-05-01 17:56:06.551534
[term32-6] seq=63 rtt=748.8017082214355ms  lat=-26.125144958496094 lon=-150.13487243652344 time=2026-05-01 17:56:06.802239
[term32-6] seq=64 rtt=503.21388244628906ms  lat=0.7293785214424133 lon=127.56549835205078 time=2026-05-01 17:56:07.052902
[term32-6] seq=65 rtt=513.542890548706ms  lat=-44.90325164794922 lon=11.601838111877441 time=2026-05-01 17:56:07.303397
[term32-6] seq=66 rtt=523.7400531768799ms  lat=44.585716247558594 lon=-126.07642364501953 time=2026-05-01 17:56:07.553971
[term32-6] seq=67 rtt=534.2857837677002ms  lat=70.9890365600586 lon=140.60354614257812 time=2026-05-01 17:56:07.804669
[term32-6] Missing packets [57], sending NACK...
[term32-6] seq=68 rtt=544.729471206665ms  lat=36.75202560424805 lon=-108.51332092285156 time=2026-05-01 17:56:08.055173
[term32-6] seq=69 rtt=554.6035766601562ms  lat=46.42036819458008 lon=-134.16696166992188 time=2026-05-01 17:56:08.305860
[term32-6] seq=70 rtt=564.7838115692139ms  lat=-60.153934478759766 lon=99.12454223632812 time=2026-05-01 17:56:08.556702
[term32-6] seq=71 rtt=574.9869346618652ms  lat=-23.79189109802246 lon=-97.13716888427734 time=2026-05-01 17:56:08.807559
[term32-6] seq=72 rtt=585.1316452026367ms  lat=-12.96872615814209 lon=-122.64054870605469 time=2026-05-01 17:56:09.058384
[term32-6] seq=73 rtt=595.4804420471191ms  lat=72.64094543457031 lon=110.5982894897461 time=2026-05-01 17:56:09.308988
[term32-6] seq=74 rtt=605.7438850402832ms  lat=34.61931610107422 lon=-172.15164184570312 time=2026-05-01 17:56:09.559811
[term32-6] seq=75 rtt=615.9923076629639ms  lat=-78.60005950927734 lon=160.0340118408203 time=2026-05-01 17:56:09.810562
[term32-6] Missing packets [57], sending NACK...
[term32-6] seq=76 rtt=626.0318756103516ms  lat=2.2627155780792236 lon=-171.9687957763672 time=2026-05-01 17:56:10.061337
[term32-6] seq=77 rtt=636.7568969726562ms  lat=0.43958109617233276 lon=94.49878692626953 time=2026-05-01 17:56:10.311930
[term32-6] seq=78 rtt=647.3164558410645ms  lat=29.647626876831055 lon=-37.862247467041016 time=2026-05-01 17:56:10.562518
[term32-6] seq=79 rtt=657.660722732544ms  lat=74.38397979736328 lon=-171.1947479248047 time=2026-05-01 17:56:10.813254
[term32-6] seq=80 rtt=668.0221557617188ms  lat=32.4810676574707 lon=-50.53743362426758 time=2026-05-01 17:56:11.063926
[term32-6] seq=81 rtt=678.213357925415ms  lat=46.638465881347656 lon=-74.58271026611328 time=2026-05-01 17:56:11.314672
[term32-6] seq=82 rtt=688.5249614715576ms  lat=-60.618038177490234 lon=-161.0891571044922 time=2026-05-01 17:56:11.565210
[term32-6] seq=83 rtt=698.9901065826416ms  lat=40.96309280395508 lon=-134.46974182128906 time=2026-05-01 17:56:11.815839
[term32-6] Missing packets [57], sending NACK...
[term32-6] seq=84 rtt=709.3162536621094ms  lat=-11.792920112609863 lon=-143.8422088623047 time=2026-05-01 17:56:12.066442
[term32-6] seq=85 rtt=719.8677062988281ms  lat=-45.17035675048828 lon=169.62451171875 time=2026-05-01 17:56:12.316919
[term32-6] seq=86 rtt=730.2026748657227ms  lat=-25.273746490478516 lon=15.809741973876953 time=2026-05-01 17:56:12.567574
[term32-6] seq=87 rtt=740.6497001647949ms  lat=20.0820255279541 lon=-15.523256301879883 time=2026-05-01 17:56:12.818157
[term32-6] seq=88 rtt=751.004695892334ms  lat=75.8405990600586 lon=-102.44183349609375 time=2026-05-01 17:56:13.068837
[term32-6] seq=89 rtt=503.1306743621826ms  lat=-47.64928436279297 lon=143.17568969726562 time=2026-05-01 17:56:13.319377
[term32-6] seq=90 rtt=513.3829116821289ms  lat=-66.41590881347656 lon=-83.6897201538086 time=2026-05-01 17:56:13.569921
[term32-6] seq=91 rtt=523.6034393310547ms  lat=-35.82535171508789 lon=-41.78463363647461 time=2026-05-01 17:56:13.820607
[term32-6] seq=92 rtt=534.1949462890625ms  lat=-81.88011169433594 lon=2.266386032104492 time=2026-05-01 17:56:14.071185
[term32-6] Missing packets [57], sending NACK...
[term32-6] seq=93 rtt=544.2736148834229ms  lat=77.15740966796875 lon=34.85599899291992 time=2026-05-01 17:56:14.321900
[term32-6] seq=94 rtt=554.4984340667725ms  lat=72.82164001464844 lon=-150.47811889648438 time=2026-05-01 17:56:14.572582
[term32-6] seq=95 rtt=564.8479461669922ms  lat=-42.15970993041992 lon=30.732969284057617 time=2026-05-01 17:56:14.823337
[term32-6] seq=96 rtt=575.0381946563721ms  lat=-69.12669372558594 lon=-153.78640747070312 time=2026-05-01 17:56:15.073958
[term32-6] seq=97 rtt=584.9697589874268ms  lat=11.783905982971191 lon=63.494476318359375 time=2026-05-01 17:56:15.324583
[term32-6] seq=98 rtt=595.1926708221436ms  lat=1.7127605676651 lon=-160.59706115722656 time=2026-05-01 17:56:15.575361
[term32-6] seq=99 rtt=605.311393737793ms  lat=-11.650280952453613 lon=-151.19920349121094 time=2026-05-01 17:56:15.826114
[term32-6] seq=100 rtt=615.5154705047607ms  lat=14.231592178344727 lon=126.47229766845703 time=2026-05-01 17:56:16.076837
[term32-6] Missing packets [57], sending NACK...
[term32-6] seq=101 rtt=625.5500316619873ms  lat=-25.171228408813477 lon=-98.45378112792969 time=2026-05-01 17:56:16.327492
[term32-6] seq=102 rtt=635.6306076049805ms  lat=-81.45989990234375 lon=67.2363510131836 time=2026-05-01 17:56:16.578401
[term32-6] seq=103 rtt=645.7746028900146ms  lat=50.8739128112793 lon=-0.23130491375923157 time=2026-05-01 17:56:16.829120
[term32-6] seq=104 rtt=656.0006141662598ms  lat=-21.82558250427246 lon=137.77102661132812 time=2026-05-01 17:56:17.079804
[term32-6] seq=105 rtt=666.05544090271ms  lat=-9.675248146057129 lon=-169.47413635253906 time=2026-05-01 17:56:17.330531
[term32-6] seq=106 rtt=676.2464046478271ms  lat=12.233901977539062 lon=145.80540466308594 time=2026-05-01 17:56:17.581360
[term32-6] seq=107 rtt=686.6683959960938ms  lat=-56.269744873046875 lon=3.014338970184326 time=2026-05-01 17:56:17.832110
[term32-6] seq=108 rtt=696.9344615936279ms  lat=-38.41139602661133 lon=-20.46929168701172 time=2026-05-01 17:56:18.082882
[term32-6] seq=109 rtt=707.2012424468994ms  lat=-73.3206558227539 lon=81.08367919921875 time=2026-05-01 17:56:18.333604
[term32-6] seq=110 rtt=717.2505855560303ms  lat=-70.7354965209961 lon=147.5924835205078 time=2026-05-01 17:56:18.584537
[term32-6] seq=111 rtt=727.4734973907471ms  lat=-45.839820861816406 lon=-148.35757446289062 time=2026-05-01 17:56:18.835102
[term32-6] seq=112 rtt=737.5683784484863ms  lat=-46.288475036621094 lon=25.2868595123291 time=2026-05-01 17:56:19.085810
[term32-6] seq=113 rtt=748.046875ms  lat=-60.163116455078125 lon=49.17212677001953 time=2026-05-01 17:56:19.336492
[term32-6] seq=114 rtt=503.3862590789795ms  lat=-38.2828483581543 lon=12.914767265319824 time=2026-05-01 17:56:19.587168
[term32-6] seq=115 rtt=513.5800838470459ms  lat=54.35018539428711 lon=-161.52499389648438 time=2026-05-01 17:56:19.837847
[term32-6] seq=116 rtt=523.6918926239014ms  lat=-66.83060455322266 lon=-111.78466796875 time=2026-05-01 17:56:20.088533
[term32-6] seq=117 rtt=534.0480804443359ms  lat=-36.30270767211914 lon=164.9376983642578 time=2026-05-01 17:56:20.339116
[term32-6] seq=118 rtt=544.2087650299072ms  lat=61.829750061035156 lon=-105.78604888916016 time=2026-05-01 17:56:20.589751
[term32-6] Duration elapsed, shutting down.
[{label}_{term_id}] Stats saved to /tmp/satcom_stats/control_use_case_32_term_6.json
