[term_nc] Starting no coding terminal (duration=30s)
[term_nc-0] seq=1 rtt=1035.254716873169ms  lat=60.619022369384766 lon=33.675048828125 time=2026-05-01 17:58:25.094194
[term_nc-0] seq=2 rtt=774.6906280517578ms  lat=88.85503387451172 lon=17.139638900756836 time=2026-05-01 17:58:25.354941
[term_nc-0] seq=4 rtt=514.0321254730225ms  lat=47.02622604370117 lon=-82.97061157226562 time=2026-05-01 17:58:25.876565
[term_nc-0] seq=5 rtt=514.0748023986816ms  lat=-13.281591415405273 lon=-119.1800537109375 time=2026-05-01 17:58:26.137351
[term_nc-0] seq=6 rtt=513.9918327331543ms  lat=58.542972564697266 lon=-142.59970092773438 time=2026-05-01 17:58:26.398425
[term_nc-0] seq=7 rtt=513.7362480163574ms  lat=-57.49164962768555 lon=109.93022918701172 time=2026-05-01 17:58:26.659721
[term_nc-0] seq=8 rtt=513.6492252349854ms  lat=15.821142196655273 lon=82.15438842773438 time=2026-05-01 17:58:26.920691
[term_nc-0] seq=9 rtt=513.8404369354248ms  lat=18.61235809326172 lon=150.03269958496094 time=2026-05-01 17:58:27.181578
[term_nc-0] seq=10 rtt=513.8790607452393ms  lat=5.154851913452148 lon=-121.3593521118164 time=2026-05-01 17:58:27.442479
[term_nc-0] seq=11 rtt=514.197826385498ms  lat=-76.80519104003906 lon=93.9202651977539 time=2026-05-01 17:58:27.703532
[term_nc-0] seq=12 rtt=514.2123699188232ms  lat=43.04231643676758 lon=-52.315757751464844 time=2026-05-01 17:58:27.964587
[term_nc-0] seq=13 rtt=514.5151615142822ms  lat=-11.455784797668457 lon=125.28921508789062 time=2026-05-01 17:58:28.225424
[term_nc-0] seq=14 rtt=514.7485733032227ms  lat=47.52048873901367 lon=26.807605743408203 time=2026-05-01 17:58:28.486365
[term_nc-0] seq=15 rtt=514.7020816802979ms  lat=28.172414779663086 lon=68.57980346679688 time=2026-05-01 17:58:28.747320
[term_nc-0] seq=16 rtt=514.6117210388184ms  lat=37.05900955200195 lon=38.356136322021484 time=2026-05-01 17:58:29.008446
[term_nc-0] seq=17 rtt=514.4908428192139ms  lat=42.831520080566406 lon=-98.22344970703125 time=2026-05-01 17:58:29.269640
[term_nc-0] seq=18 rtt=514.4872665405273ms  lat=71.84709930419922 lon=79.459716796875 time=2026-05-01 17:58:29.530689
[term_nc-0] seq=19 rtt=514.6605968475342ms  lat=-25.564739227294922 lon=35.220298767089844 time=2026-05-01 17:58:29.791601
[term_nc-0] seq=20 rtt=514.732837677002ms  lat=25.487468719482422 lon=-144.34141540527344 time=2026-05-01 17:58:30.052597
[term_nc-0] seq=21 rtt=515.0527954101562ms  lat=65.9435806274414 lon=165.31707763671875 time=2026-05-01 17:58:30.313435
[term_nc-0] seq=22 rtt=514.754056930542ms  lat=-19.872583389282227 lon=-104.7414321899414 time=2026-05-01 17:58:30.574656
[term_nc-0] seq=24 rtt=514.700174331665ms  lat=43.71846008300781 lon=153.9497528076172 time=2026-05-01 17:58:31.096745
[term_nc-0] seq=25 rtt=514.5788192749023ms  lat=-56.998470306396484 lon=18.875600814819336 time=2026-05-01 17:58:31.357826
[term_nc-0] seq=26 rtt=514.7373676300049ms  lat=-78.53801727294922 lon=-70.17295837402344 time=2026-05-01 17:58:31.618748
[term_nc-0] seq=27 rtt=514.8704051971436ms  lat=-6.896141529083252 lon=104.53990173339844 time=2026-05-01 17:58:31.879849
[term_nc-0] seq=28 rtt=515.439510345459ms  lat=-4.668118476867676 lon=-112.39490509033203 time=2026-05-01 17:58:32.140734
[term_nc-0] seq=29 rtt=515.6841278076172ms  lat=-88.33133697509766 lon=-126.88411712646484 time=2026-05-01 17:58:32.401729
[term_nc-0] seq=30 rtt=515.7215595245361ms  lat=16.615619659423828 lon=173.13436889648438 time=2026-05-01 17:58:32.662747
[term_nc-0] seq=31 rtt=515.6388282775879ms  lat=26.461753845214844 lon=171.56069946289062 time=2026-05-01 17:58:32.923726
[term_nc-0] seq=32 rtt=515.7251358032227ms  lat=-24.397701263427734 lon=-113.54578399658203 time=2026-05-01 17:58:33.184744
[term_nc-0] seq=33 rtt=516.0763263702393ms  lat=22.884061813354492 lon=-63.2723274230957 time=2026-05-01 17:58:33.445684
[term_nc-0] seq=34 rtt=516.1352157592773ms  lat=16.548046112060547 lon=80.86775970458984 time=2026-05-01 17:58:33.706722
[term_nc-0] seq=35 rtt=516.3145065307617ms  lat=32.92089080810547 lon=47.648983001708984 time=2026-05-01 17:58:33.967726
[term_nc-0] seq=36 rtt=516.2601470947266ms  lat=-5.942595481872559 lon=59.184608459472656 time=2026-05-01 17:58:34.228820
[term_nc-0] seq=37 rtt=516.2527561187744ms  lat=67.02881622314453 lon=-175.93109130859375 time=2026-05-01 17:58:34.489838
[term_nc-0] seq=38 rtt=516.082763671875ms  lat=-24.42611312866211 lon=27.135160446166992 time=2026-05-01 17:58:34.750926
[term_nc-0] seq=39 rtt=516.0834789276123ms  lat=-62.545223236083984 lon=-46.77344512939453 time=2026-05-01 17:58:35.011759
[term_nc-0] seq=40 rtt=516.2124633789062ms  lat=-38.53715896606445 lon=-165.49522399902344 time=2026-05-01 17:58:35.272727
[term_nc-0] seq=41 rtt=516.226053237915ms  lat=16.127559661865234 lon=-103.26447296142578 time=2026-05-01 17:58:35.533711
[term_nc-0] seq=42 rtt=516.237735748291ms  lat=48.95450210571289 lon=32.908504486083984 time=2026-05-01 17:58:35.794544
[term_nc-0] seq=43 rtt=516.7627334594727ms  lat=-9.181468963623047 lon=-156.31304931640625 time=2026-05-01 17:58:36.055269
[term_nc-0] seq=44 rtt=516.9467926025391ms  lat=74.00654602050781 lon=142.00303649902344 time=2026-05-01 17:58:36.316170
[term_nc-0] seq=45 rtt=516.916036605835ms  lat=39.411903381347656 lon=100.5074462890625 time=2026-05-01 17:58:36.577153
[term_nc-0] seq=46 rtt=517.1146392822266ms  lat=13.908652305603027 lon=-173.1282196044922 time=2026-05-01 17:58:36.838079
[term_nc-0] seq=47 rtt=517.4181461334229ms  lat=-67.73329162597656 lon=27.140216827392578 time=2026-05-01 17:58:37.098963
[term_nc-0] seq=48 rtt=517.6048278808594ms  lat=13.941023826599121 lon=-179.0232696533203 time=2026-05-01 17:58:37.359904
[term_nc-0] seq=49 rtt=517.5817012786865ms  lat=-13.06309700012207 lon=-143.75411987304688 time=2026-05-01 17:58:37.621088
[term_nc-0] seq=50 rtt=517.5991058349609ms  lat=-71.40221405029297 lon=-33.245361328125 time=2026-05-01 17:58:37.882254
[term_nc-0] seq=51 rtt=517.5044536590576ms  lat=47.957542419433594 lon=51.2039909362793 time=2026-05-01 17:58:38.143271
[term_nc-0] seq=52 rtt=517.7056789398193ms  lat=32.90847396850586 lon=-83.13619232177734 time=2026-05-01 17:58:38.404109
[term_nc-0] seq=53 rtt=517.810583114624ms  lat=-45.26959991455078 lon=-75.65790557861328 time=2026-05-01 17:58:38.665092
[term_nc-0] seq=54 rtt=518.0625915527344ms  lat=73.49502563476562 lon=-35.99837875366211 time=2026-05-01 17:58:38.925961
[term_nc-0] seq=56 rtt=518.2108879089355ms  lat=-13.519543647766113 lon=-93.2620620727539 time=2026-05-01 17:58:39.447872
[term_nc-0] seq=57 rtt=518.3737277984619ms  lat=60.51820755004883 lon=137.53121948242188 time=2026-05-01 17:58:39.708854
[term_nc-0] seq=58 rtt=518.6917781829834ms  lat=-28.65419578552246 lon=20.239620208740234 time=2026-05-01 17:58:39.969767
[term_nc-0] seq=59 rtt=519.0331935882568ms  lat=-43.07861328125 lon=9.275394439697266 time=2026-05-01 17:58:40.230654
[term_nc-0] seq=60 rtt=519.2370414733887ms  lat=68.74520874023438 lon=-8.068824768066406 time=2026-05-01 17:58:40.491525
[term_nc-0] seq=61 rtt=519.5648670196533ms  lat=27.64626693725586 lon=-158.9215087890625 time=2026-05-01 17:58:40.752631
[term_nc-0] seq=62 rtt=519.8793411254883ms  lat=-43.248046875 lon=157.52024841308594 time=2026-05-01 17:58:41.013532
[term_nc-0] seq=63 rtt=519.9577808380127ms  lat=-70.51641845703125 lon=-12.149259567260742 time=2026-05-01 17:58:41.274640
[term_nc-0] seq=64 rtt=519.9167728424072ms  lat=37.42490005493164 lon=-176.8554229736328 time=2026-05-01 17:58:41.535666
[term_nc-0] seq=65 rtt=519.817590713501ms  lat=15.161245346069336 lon=-13.873367309570312 time=2026-05-01 17:58:41.796766
[term_nc-0] seq=66 rtt=520.1184749603271ms  lat=-48.85869598388672 lon=-140.9994354248047 time=2026-05-01 17:58:42.057763
[term_nc-0] seq=67 rtt=520.3735828399658ms  lat=-3.3307108879089355 lon=74.88731384277344 time=2026-05-01 17:58:42.318696
[term_nc-0] seq=68 rtt=520.4083919525146ms  lat=69.06979370117188 lon=20.67244529724121 time=2026-05-01 17:58:42.579692
[term_nc-0] seq=69 rtt=520.2476978302002ms  lat=83.26617431640625 lon=55.864830017089844 time=2026-05-01 17:58:42.840781
[term_nc-0] seq=70 rtt=520.3037261962891ms  lat=-77.91317749023438 lon=-78.05757904052734 time=2026-05-01 17:58:43.101694
[term_nc-0] seq=71 rtt=520.7772254943848ms  lat=6.795571327209473 lon=-80.03673553466797 time=2026-05-01 17:58:43.362298
[term_nc-0] seq=72 rtt=520.9178924560547ms  lat=-69.17875671386719 lon=-172.3555450439453 time=2026-05-01 17:58:43.623142
[term_nc-0] seq=73 rtt=521.3549137115479ms  lat=55.624305725097656 lon=108.82699584960938 time=2026-05-01 17:58:43.883775
[term_nc-0] seq=74 rtt=521.9993591308594ms  lat=-11.696927070617676 lon=30.25366973876953 time=2026-05-01 17:58:44.144355
[term_nc-0] seq=75 rtt=522.3178863525391ms  lat=-67.25160217285156 lon=131.63291931152344 time=2026-05-01 17:58:44.405090
[term_nc-0] seq=76 rtt=522.27783203125ms  lat=-70.51744079589844 lon=102.04969787597656 time=2026-05-01 17:58:44.666219
[term_nc-0] seq=77 rtt=522.3546028137207ms  lat=78.06741333007812 lon=-124.13060760498047 time=2026-05-01 17:58:44.927288
[term_nc-0] seq=78 rtt=522.6316452026367ms  lat=-43.46291732788086 lon=31.09682273864746 time=2026-05-01 17:58:45.188315
[term_nc-0] seq=79 rtt=522.5112438201904ms  lat=-37.951847076416016 lon=169.77525329589844 time=2026-05-01 17:58:45.449467
[term_nc-0] seq=80 rtt=522.2344398498535ms  lat=4.140781879425049 lon=-40.615638732910156 time=2026-05-01 17:58:45.710781
[term_nc-0] seq=81 rtt=522.3631858825684ms  lat=-87.94821166992188 lon=118.30268096923828 time=2026-05-01 17:58:45.971847
[term_nc-0] seq=82 rtt=522.4664211273193ms  lat=2.9847984313964844 lon=-3.1830077171325684 time=2026-05-01 17:58:46.232874
[term_nc-0] seq=83 rtt=522.4287509918213ms  lat=48.41588592529297 lon=-121.23064422607422 time=2026-05-01 17:58:46.494029
[term_nc-0] seq=84 rtt=522.3896503448486ms  lat=9.107972145080566 lon=-70.87350463867188 time=2026-05-01 17:58:46.755188
[term_nc-0] seq=85 rtt=522.6774215698242ms  lat=-20.904911041259766 lon=135.3099365234375 time=2026-05-01 17:58:47.016291
[term_nc-0] seq=86 rtt=522.6306915283203ms  lat=72.21863555908203 lon=-6.930769920349121 time=2026-05-01 17:58:47.277402
[term_nc-0] seq=87 rtt=522.2413539886475ms  lat=78.14260864257812 lon=77.34193420410156 time=2026-05-01 17:58:47.538782
[term_nc-0] seq=88 rtt=522.2194194793701ms  lat=72.23796081542969 lon=133.3394012451172 time=2026-05-01 17:58:47.799872
[term_nc-0] seq=89 rtt=522.3982334136963ms  lat=17.31100082397461 lon=114.60093688964844 time=2026-05-01 17:58:48.060879
[term_nc-0] seq=90 rtt=522.4330425262451ms  lat=26.43766975402832 lon=-35.23693084716797 time=2026-05-01 17:58:48.321950
[term_nc-0] seq=91 rtt=522.2716331481934ms  lat=16.05522918701172 lon=-85.3373794555664 time=2026-05-01 17:58:48.583059
[term_nc-0] seq=92 rtt=522.1028327941895ms  lat=-89.47911071777344 lon=11.957958221435547 time=2026-05-01 17:58:48.844279
[term_nc-0] seq=93 rtt=522.2568511962891ms  lat=85.04935455322266 lon=-128.7756805419922 time=2026-05-01 17:58:49.105181
[term_nc-0] seq=94 rtt=522.303581237793ms  lat=-7.986325263977051 lon=72.50813293457031 time=2026-05-01 17:58:49.366206
[term_nc-0] seq=95 rtt=522.2373008728027ms  lat=49.40507125854492 lon=-141.09664916992188 time=2026-05-01 17:58:49.627265
[term_nc-0] seq=96 rtt=522.1433639526367ms  lat=-39.88874053955078 lon=-120.88567352294922 time=2026-05-01 17:58:49.888334
[term_nc-0] seq=97 rtt=522.205114364624ms  lat=62.09767532348633 lon=71.0438003540039 time=2026-05-01 17:58:50.149302
[term_nc-0] seq=98 rtt=522.2127437591553ms  lat=26.19898796081543 lon=132.73191833496094 time=2026-05-01 17:58:50.410310
[term_nc-0] seq=99 rtt=522.1738815307617ms  lat=-52.7955207824707 lon=-163.37710571289062 time=2026-05-01 17:58:50.671342
[term_nc-0] seq=100 rtt=522.249698638916ms  lat=-65.96024322509766 lon=-124.88928985595703 time=2026-05-01 17:58:50.932354
[term_nc-0] seq=101 rtt=522.5732326507568ms  lat=-81.07723236083984 lon=118.04694366455078 time=2026-05-01 17:58:51.193332
[term_nc-0] seq=102 rtt=522.773265838623ms  lat=-39.86863708496094 lon=61.5568962097168 time=2026-05-01 17:58:51.454328
[term_nc-0] seq=103 rtt=522.4895477294922ms  lat=48.01179885864258 lon=83.24642944335938 time=2026-05-01 17:58:51.715592
[term_nc-0] seq=104 rtt=522.1157073974609ms  lat=20.290477752685547 lon=-139.8563690185547 time=2026-05-01 17:58:51.976951
[term_nc-0] seq=105 rtt=522.3066806793213ms  lat=75.86854553222656 lon=-89.925537109375 time=2026-05-01 17:58:52.237967
[term_nc-0] seq=106 rtt=522.5026607513428ms  lat=25.408756256103516 lon=169.1965789794922 time=2026-05-01 17:58:52.498928
[term_nc-0] seq=107 rtt=522.4230289459229ms  lat=35.94157028198242 lon=38.54031753540039 time=2026-05-01 17:58:52.760088
[term_nc-0] seq=108 rtt=522.3333835601807ms  lat=-18.272491455078125 lon=-89.36944580078125 time=2026-05-01 17:58:53.021265
[term_nc-0] seq=109 rtt=522.6926803588867ms  lat=-0.7685670852661133 lon=147.74432373046875 time=2026-05-01 17:58:53.282367
[term_nc-0] seq=110 rtt=522.5262641906738ms  lat=77.38782501220703 lon=-133.2431640625 time=2026-05-01 17:58:53.543422
[term_nc-0] seq=111 rtt=522.2196578979492ms  lat=74.39810943603516 lon=106.77436065673828 time=2026-05-01 17:58:53.804767
[term_nc-0] seq=112 rtt=522.3839282989502ms  lat=-67.60494995117188 lon=-166.23291015625 time=2026-05-01 17:58:54.065742
[term_nc-0] seq=113 rtt=522.4485397338867ms  lat=17.78934669494629 lon=-170.63478088378906 time=2026-05-01 17:58:54.326874
[{}] Duration elapsed, shutting down.
[{label}_{term_id}] Stats saved to /tmp/satcom_stats/ddos_control_nc_termA.json
