[term31-0] msg="Non-coded packet received" seq=3 rtt=1631.9527626037598ms  lat=34.06026077270508 lon=-20.230745315551758 time=2026-05-01 17:57:05.264007
[term31-0] msg="Non-coded packet received" seq=5 rtt=1090.4273986816406ms  lat=46.40876007080078 lon=-132.09031677246094 time=2026-05-01 17:57:05.805718
[term31-0] seq=13 rtt=1351.630687713623ms  lat=-51.445594787597656 lon=69.35149383544922 time=2026-05-01 17:57:07.701498
[term31-0] seq=15 rtt=1362.7903461456299ms  lat=-80.97599792480469 lon=94.41132354736328 time=2026-05-01 17:57:08.232188
[term31-0] seq=17 rtt=1343.9643383026123ms  lat=34.541595458984375 lon=2.970620632171631 time=2026-05-01 17:57:08.793463
[term31-0] seq=24 rtt=1371.0315227508545ms  lat=-2.8485803604125977 lon=-353.6417541503906 time=2026-05-01 17:57:10.664096
[term31-0] msg="Non-coded packet received" seq=26 rtt=1089.6227359771729ms  lat=-30.052221298217773 lon=-132.29873657226562 time=2026-05-01 17:57:11.497820
[term31-0] msg="Non-coded packet received" seq=27 rtt=1089.6046161651611ms  lat=88.5735092163086 lon=-75.8578109741211 time=2026-05-01 17:57:11.768946
[term31-0] msg="Non-coded packet received" seq=31 rtt=1090.120792388916ms  lat=-34.09140396118164 lon=124.88279724121094 time=2026-05-01 17:57:12.853207
[term31-0] msg="Non-coded packet received" seq=35 rtt=1090.4698371887207ms  lat=-86.16339874267578 lon=30.199947357177734 time=2026-05-01 17:57:13.937273
[term31-0] msg="Non-coded packet received" seq=38 rtt=1090.505838394165ms  lat=-16.228797912597656 lon=106.64749908447266 time=2026-05-01 17:57:14.750482
[term31-0] msg="Non-coded packet received" seq=40 rtt=1091.019630432129ms  lat=54.187381744384766 lon=-162.54400634765625 time=2026-05-01 17:57:15.292410
[term31-0] seq=46 rtt=1353.0185222625732ms  lat=7.820401191711426 lon=-3.832566261291504 time=2026-05-01 17:57:16.646709
[term31-0] msg="Non-coded packet received" seq=49 rtt=1091.2842750549316ms  lat=6.387210369110107 lon=-128.4426727294922 time=2026-05-01 17:57:17.732003
[term31-0] seq=50 rtt=813.5077953338623ms  lat=-5.212625980377197 lon=-3.0973122119903564 time=2026-05-01 17:57:18.270831
[term31-0] seq=57 rtt=1343.8091278076172ms  lat=-41.29831314086914 lon=0.6633802652359009 time=2026-05-01 17:57:19.637780
[term31-0] seq=70 rtt=1378.3085346221924ms  lat=104.1478271484375 lon=63.81945037841797 time=2026-05-01 17:57:23.127366
[term31-0] msg="Non-coded packet received" seq=72 rtt=1089.7753238677979ms  lat=83.66168975830078 lon=44.8940315246582 time=2026-05-01 17:57:23.968276
[term31-0] msg="Non-coded packet received" seq=74 rtt=1090.0449752807617ms  lat=73.03584289550781 lon=-76.24702453613281 time=2026-05-01 17:57:24.510209
[term31-0] msg="Non-coded packet received" seq=77 rtt=1090.6152725219727ms  lat=34.24739456176758 lon=82.93277740478516 time=2026-05-01 17:57:25.323225
[term31-0] msg="Non-coded packet received" seq=81 rtt=1089.824914932251ms  lat=-41.398193359375 lon=164.00253295898438 time=2026-05-01 17:57:26.407887
[term31-0] msg="Non-coded packet received" seq=82 rtt=1089.5836353302002ms  lat=63.54387283325195 lon=19.919960021972656 time=2026-05-01 17:57:26.679215
[term31-0] msg="Non-coded packet received" seq=83 rtt=1089.8709297180176ms  lat=-6.531896114349365 lon=-140.44969177246094 time=2026-05-01 17:57:26.950323
[term31-0] msg="Non-coded packet received" seq=87 rtt=1090.3713703155518ms  lat=-3.383291721343994 lon=-82.10340118408203 time=2026-05-01 17:57:28.034555
[term31-0] seq=90 rtt=1316.0226345062256ms  lat=13.614097595214844 lon=126.20816040039062 time=2026-05-01 17:57:28.611804
[term31-0] msg="Non-coded packet received" seq=101 rtt=1090.9321308135986ms  lat=18.21864128112793 lon=41.34359359741211 time=2026-05-01 17:57:31.828988
[term31-0] msg="Non-coded packet received" seq=107 rtt=1090.1038646697998ms  lat=53.01105499267578 lon=127.5677719116211 time=2026-05-01 17:57:33.455965
[term31-0] Duration elapsed, shutting down.
[{label}_{term_id}] Stats saved to /tmp/satcom_stats/jamming_use_case_31_termA.json
