[term_nc] Starting no coding terminal (duration=30s)
[term_nc-1] seq=1 rtt=2086.93528175354ms  lat=68.5176773071289 lon=163.64447021484375 time=2026-05-01 17:56:28.125032
[term_nc-1] seq=6 rtt=782.9837799072266ms  lat=-85.25828552246094 lon=83.40091705322266 time=2026-05-01 17:56:29.429184
[term_nc-1] seq=4 rtt=1304.5454025268555ms  lat=-1.3970484733581543 lon=-18.592506408691406 time=2026-05-01 17:56:28.907665
[term_nc-1] seq=2 rtt=1826.380729675293ms  lat=-68.17674255371094 lon=-130.76190185546875 time=2026-05-01 17:56:28.385869
[term_nc-1] seq=7 rtt=522.2351551055908ms  lat=68.34679412841797 lon=-6.028029918670654 time=2026-05-01 17:56:29.690047
[term_nc-1] seq=8 rtt=522.0694541931152ms  lat=67.53477478027344 lon=-110.33258819580078 time=2026-05-01 17:56:29.950969
[term_nc-1] seq=11 rtt=522.1192836761475ms  lat=-84.66685485839844 lon=-171.31820678710938 time=2026-05-01 17:56:30.733473
[term_nc-1] seq=12 rtt=522.2063064575195ms  lat=-68.24972534179688 lon=-61.1240119934082 time=2026-05-01 17:56:30.994321
[term_nc-1] seq=13 rtt=522.4463939666748ms  lat=-53.50145721435547 lon=-130.29002380371094 time=2026-05-01 17:56:31.255095
[term_nc-1] seq=15 rtt=522.4425792694092ms  lat=-45.97892379760742 lon=-11.824978828430176 time=2026-05-01 17:56:31.776641
[term_nc-1] seq=18 rtt=522.7065086364746ms  lat=66.21708679199219 lon=85.63602447509766 time=2026-05-01 17:56:32.559321
[term_nc-1] seq=19 rtt=523.0181217193604ms  lat=19.18520736694336 lon=34.4544677734375 time=2026-05-01 17:56:32.820115
[term_nc-1] seq=24 rtt=522.1374034881592ms  lat=57.69783401489258 lon=108.99876403808594 time=2026-05-01 17:56:34.124761
[term_nc-1] seq=25 rtt=522.4010944366455ms  lat=85.23478698730469 lon=160.5449676513672 time=2026-05-01 17:56:34.385568
[term_nc-1] seq=26 rtt=522.8207111358643ms  lat=-12.158402442932129 lon=152.69497680664062 time=2026-05-01 17:56:34.646256
[term_nc-1] seq=30 rtt=522.9024887084961ms  lat=28.38591957092285 lon=178.16514587402344 time=2026-05-01 17:56:35.689767
[term_nc-1] seq=34 rtt=522.1388339996338ms  lat=-74.7507553100586 lon=-34.46784973144531 time=2026-05-01 17:56:36.733986
[term_nc-1] seq=36 rtt=522.0873355865479ms  lat=-2.4867026805877686 lon=-148.6845245361328 time=2026-05-01 17:56:37.255980
[term_nc-1] seq=38 rtt=522.0952033996582ms  lat=-43.28607940673828 lon=136.66964721679688 time=2026-05-01 17:56:37.777828
[term_nc-1] seq=39 rtt=2610.133647918701ms  lat=-65.02452087402344 lon=178.97396850585938 time=2026-05-01 17:56:38.038654
[term_nc-1] seq=40 rtt=2349.0757942199707ms  lat=-82.26580810546875 lon=163.06382751464844 time=2026-05-01 17:56:38.299848
[term_nc-1] seq=42 rtt=1827.1124362945557ms  lat=65.24244689941406 lon=32.10799789428711 time=2026-05-01 17:56:38.821847
[term_nc-1] seq=45 rtt=1044.0380573272705ms  lat=-58.2546501159668 lon=-43.68928527832031 time=2026-05-01 17:56:39.604951
[term_nc-1] seq=52 rtt=521.4667320251465ms  lat=39.634090423583984 lon=52.708885192871094 time=2026-05-01 17:56:41.431906
[term_nc-1] seq=53 rtt=521.4803218841553ms  lat=17.628732681274414 lon=-151.17721557617188 time=2026-05-01 17:56:41.692931
[term_nc-1] seq=54 rtt=521.8477249145508ms  lat=-53.535945892333984 lon=-39.03734588623047 time=2026-05-01 17:56:41.953847
[term_nc-1] seq=55 rtt=521.934986114502ms  lat=78.99433135986328 lon=-0.9693731069564819 time=2026-05-01 17:56:42.214967
[term_nc-1] seq=58 rtt=522.1343040466309ms  lat=46.0954704284668 lon=-173.02452087402344 time=2026-05-01 17:56:42.997895
[term_nc-1] seq=59 rtt=521.8396186828613ms  lat=16.50425910949707 lon=-142.92640686035156 time=2026-05-01 17:56:43.259053
[term_nc-1] seq=63 rtt=521.7559337615967ms  lat=-44.35211944580078 lon=34.25712203979492 time=2026-05-01 17:56:44.302688
[term_nc-1] seq=67 rtt=521.3057994842529ms  lat=-5.085607528686523 lon=-108.86190032958984 time=2026-05-01 17:56:45.346809
[term_nc-1] seq=68 rtt=521.064043045044ms  lat=56.66926193237305 lon=124.77095794677734 time=2026-05-01 17:56:45.607917
[term_nc-1] seq=69 rtt=520.953893661499ms  lat=69.0549545288086 lon=78.68658447265625 time=2026-05-01 17:56:45.869028
[term_nc-1] seq=70 rtt=521.26145362854ms  lat=47.28728485107422 lon=-62.534324645996094 time=2026-05-01 17:56:46.129741
[term_nc-1] seq=71 rtt=521.7831134796143ms  lat=53.794342041015625 lon=-131.63394165039062 time=2026-05-01 17:56:46.390356
[term_nc-1] seq=72 rtt=522.1121311187744ms  lat=33.69746398925781 lon=57.33364486694336 time=2026-05-01 17:56:46.651121
[term_nc-1] seq=74 rtt=521.681547164917ms  lat=-48.47353744506836 lon=148.50497436523438 time=2026-05-01 17:56:47.173258
[term_nc-1] seq=75 rtt=522.066593170166ms  lat=-2.904681921005249 lon=-162.294677734375 time=2026-05-01 17:56:47.434048
[term_nc-1] seq=77 rtt=522.1967697143555ms  lat=-63.367393493652344 lon=70.12261962890625 time=2026-05-01 17:56:47.955931
[term_nc-1] seq=79 rtt=522.13454246521ms  lat=-60.0584831237793 lon=-16.62071990966797 time=2026-05-01 17:56:48.478096
[term_nc-1] seq=84 rtt=521.6159820556641ms  lat=41.109989166259766 lon=108.28524017333984 time=2026-05-01 17:56:49.782900
[term_nc-1] seq=85 rtt=521.7585563659668ms  lat=-23.706907272338867 lon=37.35455322265625 time=2026-05-01 17:56:50.043759
[term_nc-1] seq=86 rtt=522.1812725067139ms  lat=-38.46473693847656 lon=-52.87449645996094 time=2026-05-01 17:56:50.304335
[term_nc-1] seq=87 rtt=522.2065448760986ms  lat=-22.85993194580078 lon=74.62761688232422 time=2026-05-01 17:56:50.565313
[term_nc-1] seq=88 rtt=522.2737789154053ms  lat=-35.72642135620117 lon=16.615352630615234 time=2026-05-01 17:56:50.826269
[term_nc-1] seq=91 rtt=522.7327346801758ms  lat=59.12953186035156 lon=-92.45366668701172 time=2026-05-01 17:56:51.609210
[term_nc-1] seq=94 rtt=522.3672389984131ms  lat=-12.412368774414062 lon=-54.274742126464844 time=2026-05-01 17:56:52.392498
[term_nc-1] seq=96 rtt=521.9950675964355ms  lat=-19.52151107788086 lon=121.15901947021484 time=2026-05-01 17:56:52.914948
[term_nc-1] seq=97 rtt=522.1602916717529ms  lat=-66.78275299072266 lon=-76.08439636230469 time=2026-05-01 17:56:53.175884
[term_nc-1] seq=98 rtt=522.2969055175781ms  lat=-60.435211181640625 lon=-159.9310760498047 time=2026-05-01 17:56:53.436779
[term_nc-1] seq=99 rtt=522.2921371459961ms  lat=-78.01921844482422 lon=-64.58434295654297 time=2026-05-01 17:56:53.697879
[term_nc-1] seq=104 rtt=522.1624374389648ms  lat=-45.687625885009766 lon=-54.916481018066406 time=2026-05-01 17:56:55.003204
[term_nc-1] seq=105 rtt=522.0870971679688ms  lat=28.26487159729004 lon=-96.85519409179688 time=2026-05-01 17:56:55.264311
[term_nc-1] seq=108 rtt=521.9540596008301ms  lat=55.766448974609375 lon=-170.21376037597656 time=2026-05-01 17:56:56.047010
[term_nc-1] seq=111 rtt=522.0935344696045ms  lat=39.94029998779297 lon=-159.4716339111328 time=2026-05-01 17:56:56.829568
[term_nc-1] seq=113 rtt=522.3467350006104ms  lat=84.24708557128906 lon=-142.7394561767578 time=2026-05-01 17:56:57.351377
[{}] Duration elapsed, shutting down.
[{label}_{term_id}] Stats saved to /tmp/satcom_stats/jamming_control_nc_termB.json
