[term31-1] seq=11 rtt=1350.7022857666016ms  lat=21.17494010925293 lon=-180.63926696777344 time=2026-05-01 17:57:07.165587
[term31-1] seq=13 rtt=1349.6739864349365ms  lat=-88.02913665771484 lon=22.806854248046875 time=2026-05-01 17:57:07.708796
[term31-1] seq=15 rtt=1380.7425498962402ms  lat=60.114463806152344 lon=72.61279296875 time=2026-05-01 17:57:08.220075
[term31-1] msg="Non-coded packet received" seq=19 rtt=1100.266933441162ms  lat=-62.017234802246094 lon=-96.32469177246094 time=2026-05-01 17:57:09.594823
[term31-1] msg="Non-coded packet received" seq=21 rtt=1099.879503250122ms  lat=56.96531295776367 lon=-21.558168411254883 time=2026-05-01 17:57:10.137253
[term31-1] seq=23 rtt=1350.1391410827637ms  lat=-32.727725982666016 lon=-119.69065856933594 time=2026-05-01 17:57:10.418999
[term31-1] msg="Non-coded packet received" seq=32 rtt=1099.2982387542725ms  lat=10.668879508972168 lon=6.2624945640563965 time=2026-05-01 17:57:13.119431
[term31-1] msg="Non-coded packet received" seq=36 rtt=1098.5283851623535ms  lat=-2.7738072872161865 lon=27.81462860107422 time=2026-05-01 17:57:14.204251
[term31-1] seq=44 rtt=1319.617748260498ms  lat=1.7414871454238892 lon=-378.8268127441406 time=2026-05-01 17:57:16.141320
[term31-1] msg="Non-coded packet received" seq=42 rtt=2182.891845703125ms  lat=30.637451171875 lon=148.23500061035156 time=2026-05-01 17:57:15.830550
[term31-1] msg="Non-coded packet received" seq=48 rtt=1098.118543624878ms  lat=36.4438362121582 lon=16.271440505981445 time=2026-05-01 17:57:17.457409
[term31-1] seq=50 rtt=820.7290172576904ms  lat=-2.980189323425293 lon=-15.810903549194336 time=2026-05-01 17:57:18.266815
[term31-1] seq=57 rtt=1351.7286777496338ms  lat=-343.38409423828125 lon=0.937156081199646 time=2026-05-01 17:57:19.634197
[term31-1] msg="Non-coded packet received" seq=58 rtt=1099.2019176483154ms  lat=16.266529083251953 lon=-42.77799987792969 time=2026-05-01 17:57:20.168186
[term31-1] seq=59 rtt=1348.9775657653809ms  lat=7.377317905426025 lon=-77.49993133544922 time=2026-05-01 17:57:20.179591
[term31-1] msg="Non-coded packet received" seq=60 rtt=1099.6079444885254ms  lat=-27.579090118408203 lon=-18.188072204589844 time=2026-05-01 17:57:20.710346
[term31-1] msg="Non-coded packet received" seq=76 rtt=1099.3916988372803ms  lat=-69.80823516845703 lon=62.4418830871582 time=2026-05-01 17:57:25.047800
[term31-1] seq=80 rtt=1349.4157791137695ms  lat=9.01801872253418 lon=-92.2656478881836 time=2026-05-01 17:57:25.872116
[term31-1] seq=86 rtt=1350.7108688354492ms  lat=8.877355575561523 lon=-2.631174087524414 time=2026-05-01 17:57:27.497221
[term31-1] seq=90 rtt=1317.7165985107422ms  lat=-109.10389709472656 lon=10.833732604980469 time=2026-05-01 17:57:28.614284
[term31-1] msg="Non-coded packet received" seq=91 rtt=1098.989725112915ms  lat=-65.94063568115234 lon=93.9699935913086 time=2026-05-01 17:57:29.114433
[term31-1] msg="Non-coded packet received" seq=102 rtt=1098.7629890441895ms  lat=-38.480224609375 lon=158.7291259765625 time=2026-05-01 17:57:32.096313
[term31-1] msg="Non-coded packet received" seq=105 rtt=1099.1265773773193ms  lat=46.07841873168945 lon=-64.66549682617188 time=2026-05-01 17:57:32.909597
[term31-1] Duration elapsed, shutting down.
[{label}_{term_id}] Stats saved to /tmp/satcom_stats/jamming_use_case_31_termA.json
