[term32-1] Starting (duration=30s)
[term32-1] seq=2 rtt=580.8854103088379ms  lat=-32.341068267822266 lon=-26.9886474609375 time=2026-05-01 17:57:47.164569
[term32-1] Missing packets [1], sending NACK...
[term32-1] seq=3 rtt=591.2032127380371ms  lat=85.02093505859375 lon=-102.51419067382812 time=2026-05-01 17:57:47.415134
[term32-1] seq=4 rtt=601.3326644897461ms  lat=-31.61194610595703 lon=-168.1351776123047 time=2026-05-01 17:57:47.665812
[term32-1] seq=7 rtt=631.617546081543ms  lat=-8.67408275604248 lon=-41.93962478637695 time=2026-05-01 17:57:48.417584
[term32-1] Missing packets [5, 6], sending NACK...
[term32-1] seq=8 rtt=641.7253017425537ms  lat=43.5367431640625 lon=-171.17453002929688 time=2026-05-01 17:57:48.668164
[term32-1] seq=10 rtt=661.7147922515869ms  lat=-74.02656555175781 lon=-58.875492095947266 time=2026-05-01 17:57:49.169584
[term32-1] Missing packets [1, 9], sending NACK...
[term32-1] msg="Coded packet received" for seqs=[2]
[term32-1] seq=12 rtt=682.1186542510986ms  lat=-53.24323654174805 lon=-19.4047908782959 time=2026-05-01 17:57:49.671114
[term32-1] Missing packets [11], sending NACK...
[term32-1] seq=13 rtt=692.0843124389648ms  lat=-4.368764400482178 lon=-83.82676696777344 time=2026-05-01 17:57:49.921799
[term32-1] seq=14 rtt=702.4500370025635ms  lat=11.909761428833008 lon=94.61783599853516 time=2026-05-01 17:57:50.172365
[term32-1] Missing packets [5, 6], sending NACK...
[term32-1] seq=16 rtt=722.8307723999023ms  lat=-36.5377197265625 lon=-104.07862091064453 time=2026-05-01 17:57:50.673422
[term32-1] Missing packets [15], sending NACK...
[term32-1] Missing packets [1, 9], sending NACK...
[term32-1] seq=19 rtt=753.1654834747314ms  lat=65.46654510498047 lon=-8.337937355041504 time=2026-05-01 17:57:51.425262
[term32-1] seq=20 rtt=503.50475311279297ms  lat=73.82642364501953 lon=-72.472900390625 time=2026-05-01 17:57:51.675881
[term32-1] Missing packets [17, 18], sending NACK...
[term32-1] seq=21 rtt=513.8230323791504ms  lat=-43.96397399902344 lon=141.27761840820312 time=2026-05-01 17:57:51.926531
[term32-1] Missing packets [11], sending NACK...
[term32-1] seq=22 rtt=524.2629051208496ms  lat=-41.1159553527832 lon=-103.21648406982422 time=2026-05-01 17:57:52.177136
[term32-1] seq=23 rtt=534.2967510223389ms  lat=24.220029830932617 lon=40.94043731689453 time=2026-05-01 17:57:52.427881
[term32-1] seq=24 rtt=544.2149639129639ms  lat=-80.28021240234375 lon=121.55949401855469 time=2026-05-01 17:57:52.678684
[term32-1] Missing packets [5, 6], sending NACK...
[term32-1] Missing packets [15], sending NACK...
[term32-1] seq=27 rtt=574.4037628173828ms  lat=54.26396942138672 lon=-130.90501403808594 time=2026-05-01 17:57:53.430787
[term32-1] Missing packets [1, 9, 25, 26], sending NACK...
[term32-1] Missing packets [17, 18], sending NACK...
[term32-1] seq=29 rtt=594.8672294616699ms  lat=-84.40513610839844 lon=-10.944205284118652 time=2026-05-01 17:57:53.932165
[term32-1] Missing packets [11, 28], sending NACK...
[term32-1] seq=32 rtt=625.485897064209ms  lat=20.454063415527344 lon=-112.86823272705078 time=2026-05-01 17:57:54.684202
[term32-1] Missing packets [5, 6, 30, 31], sending NACK...
[term32-1] Missing packets [15], sending NACK...
[term32-1] seq=34 rtt=645.5717086791992ms  lat=10.273733139038086 lon=116.0087661743164 time=2026-05-01 17:57:55.185515
[term32-1] Missing packets [33], sending NACK...
[term32-1] Missing packets [1, 9, 25, 26], sending NACK...
[term32-1] Missing packets [17, 18], sending NACK...
[term32-1] seq=37 rtt=675.0979423522949ms  lat=-20.1015682220459 lon=-90.22274780273438 time=2026-05-01 17:57:55.937611
[term32-1] Missing packets [11, 28, 35, 36], sending NACK...
[term32-1] Missing packets [5, 6, 30, 31], sending NACK...
[term32-1] Missing packets [15], sending NACK...
[term32-1] Missing packets [33], sending NACK...
[term32-1] seq=43 rtt=735.8736991882324ms  lat=-81.36805725097656 lon=-128.30953979492188 time=2026-05-01 17:57:57.441360
[term32-1] Missing packets [1, 9, 25, 26, 38, 39, 40, 41, 42], sending NACK...
[term32-1] Missing packets [17, 18], sending NACK...
[term32-1] Missing packets [11, 28, 35, 36], sending NACK...
[term32-1] seq=47 rtt=515.4538154602051ms  lat=68.6212387084961 lon=-9.267955780029297 time=2026-05-01 17:57:58.443607
[term32-1] Missing packets [44, 45, 46], sending NACK...
[term32-1] seq=48 rtt=525.9730815887451ms  lat=-30.45209312438965 lon=-1.7219575643539429 time=2026-05-01 17:57:58.694139
[term32-1] Missing packets [5, 6, 30, 31], sending NACK...
[term32-1] seq=50 rtt=546.104907989502ms  lat=68.20792388916016 lon=104.86908721923828 time=2026-05-01 17:57:59.195523
[term32-1] Missing packets [15, 49], sending NACK...
[term32-1] seq=51 rtt=555.802583694458ms  lat=-59.7916374206543 lon=-4.09755802154541 time=2026-05-01 17:57:59.446447
[term32-1] Missing packets [33], sending NACK...
[term32-1] seq=52 rtt=565.8297538757324ms  lat=-70.76988983154297 lon=-65.243896484375 time=2026-05-01 17:57:59.697184
[term32-1] Missing packets [9, 25, 26, 38, 39, 40, 41, 42], sending NACK...
[term32-1] seq=53 rtt=575.9987831115723ms  lat=-25.577943801879883 lon=-162.20054626464844 time=2026-05-01 17:57:59.947777
[term32-1] Missing packets [17, 18], sending NACK...
[term32-1] Missing packets [11, 28, 35, 36], sending NACK...
[term32-1] Missing packets [44, 45, 46], sending NACK...
[term32-1] seq=56 rtt=606.5487861633301ms  lat=39.93088150024414 lon=-38.72108459472656 time=2026-05-01 17:58:00.699418
[term32-1] Missing packets [54, 55], sending NACK...
[term32-1] Missing packets [30, 31], sending NACK...
[term32-1] seq=58 rtt=626.7518997192383ms  lat=-58.896602630615234 lon=32.863136291503906 time=2026-05-01 17:58:01.200745
[term32-1] Missing packets [15, 49, 57], sending NACK...
[term32-1] Missing packets [33], sending NACK...
[term32-1] Missing packets [9, 25, 26, 38, 39, 40, 41, 42], sending NACK...
[term32-1] Missing packets [17, 18], sending NACK...
[term32-1] Missing packets [11, 28, 35, 36], sending NACK...
[term32-1] Missing packets [44, 45, 46], sending NACK...
[term32-1] Missing packets [54, 55], sending NACK...
[term32-1] seq=65 rtt=698.6842155456543ms  lat=42.26567077636719 lon=120.37973022460938 time=2026-05-01 17:58:02.954847
[term32-1] Missing packets [30, 31, 59, 60, 61, 62, 63, 64], sending NACK...
[term32-1] seq=66 rtt=708.9371681213379ms  lat=-14.484609603881836 lon=-127.14924621582031 time=2026-05-01 17:58:03.205381
[term32-1] Missing packets [49, 57], sending NACK...
[term32-1] seq=67 rtt=719.5310592651367ms  lat=45.46723556518555 lon=42.05241394042969 time=2026-05-01 17:58:03.455850
[term32-1] Missing packets [33], sending NACK...
[term32-1] Missing packets [25, 26, 38, 39, 40, 41, 42], sending NACK...
[term32-1] seq=69 rtt=740.025520324707ms  lat=63.45852279663086 lon=34.64057159423828 time=2026-05-01 17:58:03.956864
[term32-1] Missing packets [68], sending NACK...
[term32-1] seq=70 rtt=750.2789497375488ms  lat=-45.18617248535156 lon=-50.70956802368164 time=2026-05-01 17:58:04.207444
[term32-1] Missing packets [28, 35, 36], sending NACK...
[term32-1] seq=72 rtt=509.98806953430176ms  lat=68.3215103149414 lon=-96.7628173828125 time=2026-05-01 17:58:04.708621
[term32-1] Missing packets [44, 45, 46, 71], sending NACK...
[term32-1] Missing packets [54, 55], sending NACK...
[term32-1] Missing packets [30, 31, 59, 60, 61, 62, 63, 64], sending NACK...
[term32-1] seq=75 rtt=540.6966209411621ms  lat=28.74700164794922 lon=-3.562154769897461 time=2026-05-01 17:58:05.460188
[term32-1] Missing packets [49, 57, 73, 74], sending NACK...
[term32-1] Missing packets [33], sending NACK...
[term32-1] seq=77 rtt=560.8639717102051ms  lat=-31.04933738708496 lon=129.8846435546875 time=2026-05-01 17:58:05.961321
[term32-1] Missing packets [38, 39, 40, 41, 42, 76], sending NACK...
[term32-1] Missing packets [68], sending NACK...
[term32-1] seq=79 rtt=580.8455944061279ms  lat=85.90863037109375 lon=-17.501968383789062 time=2026-05-01 17:58:06.462667
[term32-1] Missing packets [35, 36, 78], sending NACK...
[term32-1] Missing packets [44, 45, 46, 71], sending NACK...
[term32-1] Missing packets [54, 55], sending NACK...
[term32-1] Missing packets [30, 31, 59, 60, 61, 62, 63, 64], sending NACK...
[term32-1] seq=83 rtt=620.6252574920654ms  lat=-89.6982650756836 lon=-141.97938537597656 time=2026-05-01 17:58:07.465231
[term32-1] Missing packets [49, 57, 73, 74, 80, 81, 82], sending NACK...
[term32-1] seq=84 rtt=630.9435367584229ms  lat=-59.122310638427734 lon=-57.39175796508789 time=2026-05-01 17:58:07.715887
[term32-1] seq=85 rtt=641.4241790771484ms  lat=-87.48612213134766 lon=-162.10301208496094 time=2026-05-01 17:58:07.966364
[term32-1] Missing packets [38, 39, 40, 41, 42, 76], sending NACK...
[term32-1] Missing packets [68], sending NACK...
[term32-1] Missing packets [36, 78], sending NACK...
[term32-1] seq=88 rtt=671.4098453521729ms  lat=-5.115979194641113 lon=-21.518966674804688 time=2026-05-01 17:58:08.718431
[term32-1] Missing packets [44, 45, 46, 71, 86, 87], sending NACK...
[term32-1] Missing packets [54, 55], sending NACK...
[term32-1] seq=90 rtt=691.5531158447266ms  lat=65.4042739868164 lon=26.43267822265625 time=2026-05-01 17:58:09.219563
[term32-1] Missing packets [59, 60, 61, 62, 63, 64, 89], sending NACK...
[term32-1] Missing packets [49, 57, 73, 74, 80, 81, 82], sending NACK...
[term32-1] Missing packets [41, 42, 76], sending NACK...
[term32-1] seq=94 rtt=732.4347496032715ms  lat=80.56603240966797 lon=-172.92323303222656 time=2026-05-01 17:58:10.221710
[term32-1] Missing packets [68, 91, 92, 93], sending NACK...
[term32-1] Missing packets [78], sending NACK...
[term32-1] seq=96 rtt=753.0548572540283ms  lat=5.032215118408203 lon=-26.490158081054688 time=2026-05-01 17:58:10.722760
[term32-1] Missing packets [71, 86, 87, 95], sending NACK...
[term32-1] Missing packets [54, 55], sending NACK...
[term32-1] Missing packets [59, 60, 61, 62, 63, 64, 89], sending NACK...
[term32-1] Missing packets [49, 57, 73, 74, 80, 81, 82], sending NACK...
[term32-1] seq=101 rtt=542.6855087280273ms  lat=-5.0863518714904785 lon=-116.97620391845703 time=2026-05-01 17:58:11.975333
[term32-1] Missing packets [97, 98, 99, 100], sending NACK...
[term32-1] Missing packets [76], sending NACK...
[term32-1] seq=103 rtt=563.1587505340576ms  lat=-34.77420425415039 lon=-123.8426742553711 time=2026-05-01 17:58:12.476529
[term32-1] Missing packets [68, 91, 92, 93, 102], sending NACK...
[term32-1] Missing packets [78], sending NACK...
[term32-1] seq=105 rtt=583.8615894317627ms  lat=3.2450954914093018 lon=-131.26034545898438 time=2026-05-01 17:58:12.977468
[term32-1] Missing packets [71, 86, 87, 95, 104], sending NACK...
[term32-1] Missing packets [59, 60, 61, 62, 63, 64, 89], sending NACK...
[term32-1] seq=108 rtt=614.2303943634033ms  lat=69.89759063720703 lon=44.0496826171875 time=2026-05-01 17:58:13.729392
[term32-1] Missing packets [73, 74, 80, 81, 82, 106, 107], sending NACK...
[term32-1] seq=109 rtt=624.6037483215332ms  lat=-73.08616638183594 lon=68.33763885498047 time=2026-05-01 17:58:13.979989
[term32-1] Missing packets [97, 98, 99, 100], sending NACK...
[term32-1] seq=110 rtt=635.0736618041992ms  lat=-17.8017635345459 lon=-128.0103759765625 time=2026-05-01 17:58:14.230291
[term32-1] Missing packets [76], sending NACK...
[term32-1] seq=111 rtt=645.331621170044ms  lat=72.19348907470703 lon=64.14453125 time=2026-05-01 17:58:14.480809
[term32-1] Missing packets [68, 91, 92, 93, 102], sending NACK...
[term32-1] seq=112 rtt=655.7774543762207ms  lat=-58.04114532470703 lon=56.994327545166016 time=2026-05-01 17:58:14.731378
[term32-1] Missing packets [78], sending NACK...
[term32-1] seq=113 rtt=665.9791469573975ms  lat=80.9760513305664 lon=-14.95080852508545 time=2026-05-01 17:58:14.981920
[term32-1] Missing packets [71, 86, 87, 95, 104], sending NACK...
[term32-1] seq=114 rtt=676.1181354522705ms  lat=-78.38875579833984 lon=138.601318359375 time=2026-05-01 17:58:15.232514
[term32-1] seq=115 rtt=686.4063739776611ms  lat=-16.677555084228516 lon=78.0971450805664 time=2026-05-01 17:58:15.483132
[term32-1] Missing packets [89], sending NACK...
[term32-1] seq=116 rtt=696.5081691741943ms  lat=44.539669036865234 lon=-13.18927001953125 time=2026-05-01 17:58:15.733706
[term32-1] Missing packets [73, 74, 80, 81, 82, 106, 107], sending NACK...
[term32-1] seq=117 rtt=707.211971282959ms  lat=-1.8098864555358887 lon=-33.92924880981445 time=2026-05-01 17:58:15.983991
[term32-1] Missing packets [97, 98, 99, 100], sending NACK...
[term32-1] seq=118 rtt=717.2946929931641ms  lat=-45.38025665283203 lon=-104.72460174560547 time=2026-05-01 17:58:16.234564
[term32-1] Missing packets [76], sending NACK...
[term32-1] Duration elapsed, shutting down.
[{label}_{term_id}] Stats saved to /tmp/satcom_stats/jamming_use_case_32_term_1.json
