[term31-1] seq=3 rtt=1353.6884784698486ms  lat=-125.94721221923828 lon=-311.8797302246094 time=2026-05-01 17:08:44.966638
[term31-1] msg="Sequence number was missing from sliding window, so packet could not be decoded"
[term31-1] seq=1 rtt=1897.4730968475342ms  lat=-111.00346374511719 lon=2.980823516845703 time=2026-05-01 17:08:44.423057
[term31-1] seq=4 rtt=2152.657985687256ms  lat=102.45723724365234 lon=-138.3721160888672 time=2026-05-01 17:08:44.167912
[term31-1] seq=5 rtt=1355.3125858306885ms  lat=53.00339126586914 lon=507.0716857910156 time=2026-05-01 17:08:44.965293
[term31-1] seq=6 rtt=1355.621576309204ms  lat=35.096588134765625 lon=-15.482746124267578 time=2026-05-01 17:08:45.236236
[term31-1] seq=7 rtt=1355.699062347412ms  lat=-10.717926025390625 lon=6.627608299255371 time=2026-05-01 17:08:45.507298
[term31-1] seq=8 rtt=1355.985164642334ms  lat=0.007817523553967476 lon=164.62478637695312 time=2026-05-01 17:08:45.778122
[term31-1] seq=9 rtt=1356.0516834259033ms  lat=-69.92241668701172 lon=-292.38525390625 time=2026-05-01 17:08:46.049143
[term31-1] seq=10 rtt=1356.1840057373047ms  lat=11.209233283996582 lon=7.50724458694458 time=2026-05-01 17:08:46.320184
[term31-1] seq=11 rtt=1356.3776016235352ms  lat=-11.968259811401367 lon=4.8195977210998535 time=2026-05-01 17:08:46.590972
[term31-1] seq=12 rtt=1355.367660522461ms  lat=102.86188507080078 lon=-124.06593322753906 time=2026-05-01 17:08:46.863028
[term31-1] seq=14 rtt=1355.550765991211ms  lat=11.379288673400879 lon=11.675082206726074 time=2026-05-01 17:08:47.405170
[term31-1] seq=15 rtt=1355.5409908294678ms  lat=10.290464401245117 lon=2.61116623878479 time=2026-05-01 17:08:47.676116
[term31-1] seq=16 rtt=1356.6017150878906ms  lat=9.333890914916992 lon=17.485794067382812 time=2026-05-01 17:08:47.946293
[term31-1] seq=17 rtt=1355.8480739593506ms  lat=15.583724021911621 lon=51.574851989746094 time=2026-05-01 17:08:48.218281
[term31-1] seq=18 rtt=1355.7000160217285ms  lat=-121.21900939941406 lon=151.37242126464844 time=2026-05-01 17:08:48.489621
[term31-1] seq=19 rtt=1356.1244010925293ms  lat=-47.99488067626953 lon=43.81258773803711 time=2026-05-01 17:08:48.760358
[term31-1] seq=20 rtt=1356.2648296356201ms  lat=58.677207946777344 lon=2.1888680458068848 time=2026-05-01 17:08:49.031562
[term31-1] seq=21 rtt=1356.3847541809082ms  lat=-26.616619110107422 lon=-2.4367551803588867 time=2026-05-01 17:08:49.302720
[term31-1] seq=22 rtt=1356.3616275787354ms  lat=-9.915261268615723 lon=5.900594234466553 time=2026-05-01 17:08:49.573865
[term31-1] seq=23 rtt=1356.2636375427246ms  lat=-8.126082420349121 lon=-21.508113861083984 time=2026-05-01 17:08:49.845125
[term31-1] seq=24 rtt=1356.7311763763428ms  lat=-107.88407135009766 lon=4.0000128746032715 time=2026-05-01 17:08:50.116272
[term31-1] seq=25 rtt=1356.3110828399658ms  lat=-15.288084983825684 lon=-228.988525390625 time=2026-05-01 17:08:50.387620
[term31-1] seq=26 rtt=1355.8754920959473ms  lat=-5.924122333526611 lon=-107.6729965209961 time=2026-05-01 17:08:50.659007
[term31-1] seq=27 rtt=1356.0984134674072ms  lat=261.5855407714844 lon=54.97598648071289 time=2026-05-01 17:08:50.930045
[term31-1] seq=28 rtt=1360.1453304290771ms  lat=-16.05886459350586 lon=2.605496406555176 time=2026-05-01 17:08:51.197210
[term31-1] seq=29 rtt=1355.1416397094727ms  lat=43.5330810546875 lon=11.354491233825684 time=2026-05-01 17:08:51.473601
[term31-1] seq=30 rtt=1356.0948371887207ms  lat=120.224853515625 lon=-69.97821044921875 time=2026-05-01 17:08:51.743828
[term31-1] seq=31 rtt=1356.210470199585ms  lat=-59.99941635131836 lon=20.141841888427734 time=2026-05-01 17:08:52.014736
[term31-1] seq=32 rtt=1356.2090396881104ms  lat=-64.25353240966797 lon=-30.171525955200195 time=2026-05-01 17:08:52.285920
[term31-1] seq=33 rtt=1356.1766147613525ms  lat=-89.49374389648438 lon=-361.0149230957031 time=2026-05-01 17:08:52.557323
[term31-1] seq=34 rtt=1353.0879020690918ms  lat=-20.09432029724121 lon=144.74436950683594 time=2026-05-01 17:08:52.831628
[term31-1] msg="Non-coded packet received" seq=35 rtt=1095.4532623291016ms  lat=78.93649291992188 lon=11.95029067993164 time=2026-05-01 17:08:53.370593
[term31-1] seq=36 rtt=1356.0621738433838ms  lat=-35.274253845214844 lon=-461.01190185546875 time=2026-05-01 17:08:53.370851
[term31-1] seq=37 rtt=1356.4748764038086ms  lat=-12.514571189880371 lon=-24.389385223388672 time=2026-05-01 17:08:53.641524
[term31-1] seq=38 rtt=1355.790138244629ms  lat=102.01839447021484 lon=0.8327913880348206 time=2026-05-01 17:08:53.913293
[term31-1] seq=39 rtt=1356.1103343963623ms  lat=-16.44935417175293 lon=-0.010199625976383686 time=2026-05-01 17:08:54.184073
[term31-1] seq=40 rtt=1345.3915119171143ms  lat=36.67937469482422 lon=-15.22795295715332 time=2026-05-01 17:08:54.465973
[term31-1] seq=41 rtt=1355.5958271026611ms  lat=-30.209331512451172 lon=-26.68864631652832 time=2026-05-01 17:08:54.727020
[term31-1] seq=42 rtt=1356.0495376586914ms  lat=36.41355895996094 lon=15.889513969421387 time=2026-05-01 17:08:54.997852
[term31-1] seq=43 rtt=1356.1320304870605ms  lat=18.776268005371094 lon=-11.70977783203125 time=2026-05-01 17:08:55.268909
[term31-1] seq=44 rtt=1356.2138080596924ms  lat=-56.27985382080078 lon=-55.852237701416016 time=2026-05-01 17:08:55.540037
[term31-1] seq=45 rtt=1356.421709060669ms  lat=29.02559471130371 lon=35.336952209472656 time=2026-05-01 17:08:55.811177
[term31-1] seq=46 rtt=1356.4910888671875ms  lat=11.94903564453125 lon=-237.52139282226562 time=2026-05-01 17:08:56.082436
[term31-1] seq=47 rtt=1356.1816215515137ms  lat=-2.724801778793335 lon=-491.9391784667969 time=2026-05-01 17:08:56.353721
[term31-1] seq=48 rtt=1356.1320304870605ms  lat=492.8560485839844 lon=11.890708923339844 time=2026-05-01 17:08:56.624899
[term31-1] seq=49 rtt=1356.004238128662ms  lat=102.06895446777344 lon=7.707829475402832 time=2026-05-01 17:08:56.896038
[term31-1] seq=50 rtt=1355.7801246643066ms  lat=28.16255760192871 lon=-121.57901000976562 time=2026-05-01 17:08:57.167330
[term31-1] seq=51 rtt=1355.5819988250732ms  lat=-56.76303482055664 lon=229.3212432861328 time=2026-05-01 17:08:57.438717
[term31-1] seq=52 rtt=1355.6652069091797ms  lat=-34.830909729003906 lon=86.14915466308594 time=2026-05-01 17:08:57.709796
[term31-1] seq=53 rtt=1355.4754257202148ms  lat=-3.992612361907959 lon=-6.594516277313232 time=2026-05-01 17:08:57.980899
[term31-1] seq=54 rtt=1355.5712699890137ms  lat=-0.032673437148332596 lon=17.11705207824707 time=2026-05-01 17:08:58.251881
[term31-1] seq=55 rtt=1355.2782535552979ms  lat=455.4249267578125 lon=186.75868225097656 time=2026-05-01 17:08:58.523179
[term31-1] seq=56 rtt=1355.2765846252441ms  lat=431.14276123046875 lon=-70.58760833740234 time=2026-05-01 17:08:58.794176
[term31-1] seq=57 rtt=1355.8845520019531ms  lat=-173.51666259765625 lon=16.856569290161133 time=2026-05-01 17:08:59.065095
[term31-1] seq=58 rtt=1355.700969696045ms  lat=-27.62604331970215 lon=-249.22779846191406 time=2026-05-01 17:08:59.336379
[term31-1] seq=59 rtt=1355.8850288391113ms  lat=21.18301773071289 lon=155.6834259033203 time=2026-05-01 17:08:59.607302
[term31-1] seq=60 rtt=1357.145071029663ms  lat=69.62519073486328 lon=46.60215759277344 time=2026-05-01 17:08:59.877444
[term31-1] seq=61 rtt=1356.8432331085205ms  lat=57.120147705078125 lon=102.39945983886719 time=2026-05-01 17:09:00.149158
[term31-1] seq=62 rtt=1356.6720485687256ms  lat=13.168709754943848 lon=5.829108238220215 time=2026-05-01 17:09:00.420353
[term31-1] seq=63 rtt=1356.2963008880615ms  lat=17.75577735900879 lon=-2.370797634124756 time=2026-05-01 17:09:00.691698
[term31-1] seq=64 rtt=1356.0068607330322ms  lat=18.282764434814453 lon=-3.1591646671295166 time=2026-05-01 17:09:00.963034
Traceback (most recent call last):
  File "terminal31.py", line 130, in <module>
    run_terminal(sys.argv[1], sys.argv[2], sys.argv[3])
  File "terminal31.py", line 50, in run_terminal
    send_socket.sendto(packet, (server_ip, SERVER_PORT))
OSError: [Errno 101] Network is unreachable
