[terminal31-1] msg="Sequence number was missing from sliding window, so packet could not be decoded"
[terminal31-1] seq=3 rtt=1353.0867099761963ms  lat=15.138896942138672 lon=-248.2968292236328 time=2026-05-01 00:59:19.824397
[terminal31-1] seq=4 rtt=1585.1919651031494ms  lat=41.75647735595703 lon=457.2974853515625 time=2026-05-01 00:59:19.592392
[terminal31-1] seq=1 rtt=1392.8329944610596ms  lat=-9.326759338378906 lon=-10.460869789123535 time=2026-05-01 00:59:19.784788
[terminal31-1] seq=5 rtt=1356.8975925445557ms  lat=-395.6954040527344 lon=-69.37686157226562 time=2026-05-01 00:59:19.820752
[terminal31-1] seq=6 rtt=1360.7017993927002ms  lat=17.23221778869629 lon=-69.89781951904297 time=2026-05-01 00:59:20.087879
[terminal31-1] msg="Non-coded packet received" seq=7 rtt=1095.9446430206299ms  lat=-41.57490539550781 lon=-107.99420928955078 time=2026-05-01 00:59:20.633736
[terminal31-1] msg="Non-coded packet received" seq=8 rtt=1096.2584018707275ms  lat=35.56196594238281 lon=-161.9335174560547 time=2026-05-01 00:59:20.904573
[terminal31-1] seq=9 rtt=1349.5590686798096ms  lat=-0.33677875995635986 lon=-3.8771142959594727 time=2026-05-01 00:59:20.912118
[terminal31-1] seq=10 rtt=1353.2278537750244ms  lat=-15.08616828918457 lon=-2.202359676361084 time=2026-05-01 00:59:21.179462
[terminal31-1] seq=11 rtt=1314.171552658081ms  lat=-32.53131103515625 lon=3.9608283042907715 time=2026-05-01 00:59:21.489562
[terminal31-1] seq=13 rtt=1353.9917469024658ms  lat=-0.4235890209674835 lon=2.12599515914917 time=2026-05-01 00:59:21.992117
[terminal31-1] seq=14 rtt=1315.1979446411133ms  lat=19.53769874572754 lon=-174.32855224609375 time=2026-05-01 00:59:22.302132
[terminal31-1] seq=15 rtt=1354.3214797973633ms  lat=3.9915552139282227 lon=249.84539794921875 time=2026-05-01 00:59:22.533980
[terminal31-1] seq=16 rtt=1361.3996505737305ms  lat=-234.66439819335938 lon=437.5901794433594 time=2026-05-01 00:59:22.798052
[terminal31-1] seq=17 rtt=1352.6463508605957ms  lat=18.277406692504883 lon=3.638857126235962 time=2026-05-01 00:59:23.077775
[terminal31-1] seq=18 rtt=1354.386329650879ms  lat=28.804134368896484 lon=-62.8390998840332 time=2026-05-01 00:59:23.347096
[terminal31-1] seq=19 rtt=1357.1467399597168ms  lat=29.591176986694336 lon=336.2382507324219 time=2026-05-01 00:59:23.615275
[terminal31-1] seq=20 rtt=1356.2209606170654ms  lat=-47.2000617980957 lon=101.71247863769531 time=2026-05-01 00:59:23.887097
[terminal31-1] seq=21 rtt=1346.0710048675537ms  lat=26.284093856811523 lon=77.02156829833984 time=2026-05-01 00:59:24.168076
[terminal31-1] seq=22 rtt=1352.0090579986572ms  lat=92.17516326904297 lon=26.157697677612305 time=2026-05-01 00:59:24.433220
[terminal31-1] seq=23 rtt=1353.7256717681885ms  lat=-13.973159790039062 lon=318.27178955078125 time=2026-05-01 00:59:24.702534
[terminal31-1] seq=24 rtt=1356.3127517700195ms  lat=-22.931150436401367 lon=81.44242095947266 time=2026-05-01 00:59:24.970943
[terminal31-1] seq=25 rtt=1355.1757335662842ms  lat=-6.291288375854492 lon=-424.3277282714844 time=2026-05-01 00:59:25.243196
[terminal31-1] seq=26 rtt=1355.5214405059814ms  lat=-3.57092022895813 lon=-39.1734733581543 time=2026-05-01 00:59:25.513993
[terminal31-1] seq=27 rtt=1355.5896282196045ms  lat=-87.3138198852539 lon=-172.24696350097656 time=2026-05-01 00:59:25.785090
[terminal31-1] seq=28 rtt=1355.541706085205ms  lat=13.798262596130371 lon=-0.01441926695406437 time=2026-05-01 00:59:26.056069
[terminal31-1] seq=29 rtt=1355.5829524993896ms  lat=-119.69194030761719 lon=-40.291969299316406 time=2026-05-01 00:59:26.327133
[terminal31-1] seq=30 rtt=1355.6203842163086ms  lat=-4.232840061187744 lon=10.790528297424316 time=2026-05-01 00:59:26.598276
[terminal31-1] seq=31 rtt=1355.9484481811523ms  lat=54.77782440185547 lon=249.55906677246094 time=2026-05-01 00:59:26.869170
[terminal31-1] seq=32 rtt=1356.42409324646ms  lat=-83.66276550292969 lon=70.40562438964844 time=2026-05-01 00:59:27.139873
[terminal31-1] seq=33 rtt=1356.4119338989258ms  lat=19.22613525390625 lon=-26.103797912597656 time=2026-05-01 00:59:27.410877
[terminal31-1] seq=34 rtt=1355.8118343353271ms  lat=-13.050093650817871 lon=284.5393371582031 time=2026-05-01 00:59:27.682526
[terminal31-1] seq=35 rtt=1355.4418087005615ms  lat=46.2319221496582 lon=-12.18110466003418 time=2026-05-01 00:59:27.954069
[terminal31-1] seq=36 rtt=1355.9565544128418ms  lat=-6.626838684082031 lon=-81.32589721679688 time=2026-05-01 00:59:28.224972
[terminal31-1] seq=37 rtt=1355.2544116973877ms  lat=-3.578927755355835 lon=-52.954002380371094 time=2026-05-01 00:59:28.497008
[terminal31-1] seq=38 rtt=1357.5773239135742ms  lat=-55.739707946777344 lon=-65.4317626953125 time=2026-05-01 00:59:28.766070
[terminal31-1] seq=39 rtt=1356.7795753479004ms  lat=-77.60147094726562 lon=264.1944274902344 time=2026-05-01 00:59:29.038140
[terminal31-1] seq=40 rtt=1356.973648071289ms  lat=0.15385304391384125 lon=151.6428985595703 time=2026-05-01 00:59:29.309060
[terminal31-1] seq=41 rtt=1356.083869934082ms  lat=63.867889404296875 lon=27.083417892456055 time=2026-05-01 00:59:29.581039
[terminal31-1] seq=43 rtt=1360.3715896606445ms  lat=315.1017761230469 lon=-7.30309534072876 time=2026-05-01 00:59:30.118798
[terminal31-1] msg="Non-coded packet received" seq=44 rtt=1095.041275024414ms  lat=-62.2414665222168 lon=-77.19932556152344 time=2026-05-01 00:59:30.665473
[terminal31-1] seq=45 rtt=1355.6804656982422ms  lat=-17.14348793029785 lon=0.01519378274679184 time=2026-05-01 00:59:30.665612
[terminal31-1] seq=46 rtt=1356.285572052002ms  lat=-10.098480224609375 lon=0.04685228690505028 time=2026-05-01 00:59:30.936238
[terminal31-1] seq=47 rtt=1355.7004928588867ms  lat=108.82386016845703 lon=10.61453914642334 time=2026-05-01 00:59:31.208090
[terminal31-1] seq=48 rtt=1355.5302619934082ms  lat=15.875511169433594 lon=-97.17615509033203 time=2026-05-01 00:59:31.479448
[terminal31-1] seq=49 rtt=1355.8681011199951ms  lat=29.86043930053711 lon=73.13654327392578 time=2026-05-01 00:59:31.750309
[terminal31-1] seq=50 rtt=1356.5235137939453ms  lat=93.87750244140625 lon=-97.4191665649414 time=2026-05-01 00:59:32.020669
[terminal31-1] seq=51 rtt=1356.529712677002ms  lat=-149.59442138671875 lon=-138.7198028564453 time=2026-05-01 00:59:32.292140
[terminal31-1] seq=52 rtt=1356.457233428955ms  lat=1.5933668613433838 lon=-160.39125061035156 time=2026-05-01 00:59:32.563310
[terminal31-1] seq=53 rtt=1356.0588359832764ms  lat=-1.1190211772918701 lon=-3.0367603302001953 time=2026-05-01 00:59:32.834741
[terminal31-1] seq=54 rtt=1355.9160232543945ms  lat=-9.328719139099121 lon=-31.81126594543457 time=2026-05-01 00:59:33.105990
[terminal31-1] seq=55 rtt=1344.722032546997ms  lat=56.4691276550293 lon=-48.60304641723633 time=2026-05-01 00:59:33.388437
[terminal31-1] seq=57 rtt=1355.4184436798096ms  lat=-127.83692169189453 lon=-72.1280746459961 time=2026-05-01 00:59:33.919791
[terminal31-1] seq=58 rtt=1355.5848598480225ms  lat=-114.17894744873047 lon=78.5153579711914 time=2026-05-01 00:59:34.190657
[terminal31-1] seq=59 rtt=1355.6227684020996ms  lat=-39.508697509765625 lon=3.124157667160034 time=2026-05-01 00:59:34.461753
[terminal31-1] seq=60 rtt=1355.3717136383057ms  lat=-44.90771484375 lon=-3.4053313732147217 time=2026-05-01 00:59:34.732949
[terminal31-1] seq=61 rtt=1355.4558753967285ms  lat=40.79072189331055 lon=-356.9780578613281 time=2026-05-01 00:59:35.003961
[terminal31-1] seq=62 rtt=1355.5653095245361ms  lat=-35.43226623535156 lon=-97.98377990722656 time=2026-05-01 00:59:35.274949
[terminal31-1] seq=63 rtt=1355.5247783660889ms  lat=11.534280776977539 lon=-13.997629165649414 time=2026-05-01 00:59:35.546167
[terminal31-1] seq=64 rtt=1355.6296825408936ms  lat=-25.54418182373047 lon=2.6510424613952637 time=2026-05-01 00:59:35.817234
[terminal31-1] seq=65 rtt=1355.593204498291ms  lat=-37.27081298828125 lon=226.1900634765625 time=2026-05-01 00:59:36.088352
[terminal31-1] seq=66 rtt=1355.853796005249ms  lat=-331.3626403808594 lon=-108.14325714111328 time=2026-05-01 00:59:36.359153
[terminal31-1] seq=67 rtt=1355.877161026001ms  lat=44.2303581237793 lon=-34.125362396240234 time=2026-05-01 00:59:36.630244
[terminal31-1] seq=68 rtt=1355.9010028839111ms  lat=59.40907287597656 lon=56.330936431884766 time=2026-05-01 00:59:36.901502
[terminal31-1] seq=69 rtt=1356.4531803131104ms  lat=49.0851936340332 lon=27.788816452026367 time=2026-05-01 00:59:37.172358
[terminal31-1] seq=70 rtt=1356.2862873077393ms  lat=8.035975456237793 lon=48.21621322631836 time=2026-05-01 00:59:37.443530
[terminal31-1] seq=71 rtt=1355.7460308074951ms  lat=-0.9614894986152649 lon=-101.16854858398438 time=2026-05-01 00:59:37.715157
[terminal31-1] seq=72 rtt=1356.086015701294ms  lat=0.5898295044898987 lon=-215.88665771484375 time=2026-05-01 00:59:37.986054
[terminal31-1] seq=73 rtt=1355.987787246704ms  lat=100.58899688720703 lon=121.27459716796875 time=2026-05-01 00:59:38.257277
[terminal31-1] msg="Non-coded packet received" seq=74 rtt=1095.0722694396973ms  lat=-50.10103225708008 lon=110.07437896728516 time=2026-05-01 00:59:38.799664
[terminal31-1] seq=75 rtt=1355.8623790740967ms  lat=-34.543697357177734 lon=-241.85935974121094 time=2026-05-01 00:59:38.799685
[terminal31-1] seq=76 rtt=1356.1370372772217ms  lat=-5.192703723907471 lon=18.292203903198242 time=2026-05-01 00:59:39.070585
[terminal31-1] seq=77 rtt=1355.593204498291ms  lat=390.5010986328125 lon=-2.8347890377044678 time=2026-05-01 00:59:39.342227
[terminal31-1] seq=78 rtt=1355.855941772461ms  lat=-122.55720520019531 lon=11.758345603942871 time=2026-05-01 00:59:39.613084
[terminal31-1] seq=79 rtt=1356.7957878112793ms  lat=-63.25960922241211 lon=-177.843017578125 time=2026-05-01 00:59:39.883071
[terminal31-1] seq=80 rtt=1355.3073406219482ms  lat=-13.560806274414062 lon=-152.0802764892578 time=2026-05-01 00:59:40.155838
[terminal31-1] seq=81 rtt=1353.3179759979248ms  lat=8.443416595458984 lon=-26.353515625 time=2026-05-01 00:59:40.429050
[terminal31-1] seq=82 rtt=1313.5967254638672ms  lat=-12.578778266906738 lon=19.082754135131836 time=2026-05-01 00:59:40.739907
[terminal31-1] seq=83 rtt=1355.1750183105469ms  lat=14.501282691955566 lon=-5.651278018951416 time=2026-05-01 00:59:40.969682
[terminal31-1] seq=84 rtt=1356.6391468048096ms  lat=0.8072023391723633 lon=56.155494689941406 time=2026-05-01 00:59:41.239405
[terminal31-1] seq=85 rtt=1356.5385341644287ms  lat=-2.6839377880096436 lon=-69.41571807861328 time=2026-05-01 00:59:41.510793
[terminal31-1] seq=86 rtt=1356.238603591919ms  lat=-84.57504272460938 lon=37.22212219238281 time=2026-05-01 00:59:41.782572
[terminal31-1] seq=87 rtt=1356.5113544464111ms  lat=-58.80051803588867 lon=31.012096405029297 time=2026-05-01 00:59:42.053239
[terminal31-1] seq=88 rtt=1356.1205863952637ms  lat=1.344890832901001 lon=47.61882400512695 time=2026-05-01 00:59:42.325001
[terminal31-1] seq=89 rtt=1345.0348377227783ms  lat=27.85441017150879 lon=-46.03185272216797 time=2026-05-01 00:59:42.607013
[terminal31-1] seq=90 rtt=1359.5435619354248ms  lat=-84.05907440185547 lon=-0.03494345769286156 time=2026-05-01 00:59:42.863516
[terminal31-1] seq=91 rtt=1355.6993007659912ms  lat=-11.270414352416992 lon=1.905349612236023 time=2026-05-01 00:59:43.138531
[terminal31-1] seq=92 rtt=1355.6385040283203ms  lat=-3.1878316402435303 lon=419.26446533203125 time=2026-05-01 00:59:43.409625
[terminal31-1] seq=93 rtt=1355.950117111206ms  lat=3.4322643280029297 lon=-33.24736022949219 time=2026-05-01 00:59:43.680433
[terminal31-1] seq=94 rtt=1356.3594818115234ms  lat=-47.35740280151367 lon=-166.09072875976562 time=2026-05-01 00:59:43.951238
[terminal31-1] seq=95 rtt=1352.9682159423828ms  lat=-14.36856460571289 lon=88.06563568115234 time=2026-05-01 00:59:44.225770
[terminal31-1] seq=96 rtt=1374.427318572998ms  lat=127.73938751220703 lon=-53.557796478271484 time=2026-05-01 00:59:44.475325
[terminal31-1] seq=97 rtt=1358.7563037872314ms  lat=11.225465774536133 lon=49.35662841796875 time=2026-05-01 00:59:44.762141
[terminal31-1] seq=98 rtt=1356.5213680267334ms  lat=122.2563705444336 lon=-30.065807342529297 time=2026-05-01 00:59:45.035537
[terminal31-1] seq=99 rtt=1354.6175956726074ms  lat=73.20397186279297 lon=119.14784240722656 time=2026-05-01 00:59:45.308574
[terminal31-1] seq=100 rtt=1352.860450744629ms  lat=-97.54515838623047 lon=164.05674743652344 time=2026-05-01 00:59:45.581320
[terminal31-1] seq=101 rtt=1359.4183921813965ms  lat=120.47827911376953 lon=-126.99784088134766 time=2026-05-01 00:59:45.845757
[terminal31-1] seq=102 rtt=1356.0473918914795ms  lat=-0.23117205500602722 lon=-48.85123825073242 time=2026-05-01 00:59:46.120242
[terminal31-1] seq=103 rtt=1356.126308441162ms  lat=-1.5419942140579224 lon=17.10154914855957 time=2026-05-01 00:59:46.391225
[terminal31-1] seq=104 rtt=1356.1232089996338ms  lat=475.7691650390625 lon=-4.126786231994629 time=2026-05-01 00:59:46.662445
[terminal31-1] seq=105 rtt=1352.4713516235352ms  lat=-54.195003509521484 lon=2.215852975845337 time=2026-05-01 00:59:46.937245
[terminal31-1] seq=106 rtt=1355.877161026001ms  lat=17.16014862060547 lon=-2.721156597137451 time=2026-05-01 00:59:47.205018
[terminal31-1] seq=107 rtt=1355.7629585266113ms  lat=-1.4952253103256226 lon=142.9678955078125 time=2026-05-01 00:59:47.476093
[terminal31-1] Duration elapsed, shutting down.
