[term32-5] Starting (duration=30s)
[term32-5] seq=2 rtt=629.3332576751709ms  lat=-32.341068267822266 lon=-26.9886474609375 time=2026-05-01 17:57:47.164569
[term32-5] Missing packets [1], sending NACK...
[term32-5] seq=4 rtt=649.2390632629395ms  lat=-31.61194610595703 lon=-168.1351776123047 time=2026-05-01 17:57:47.665812
[term32-5] Missing packets [3], sending NACK...
[term32-5] seq=7 rtt=679.7559261322021ms  lat=-8.67408275604248 lon=-41.93962478637695 time=2026-05-01 17:57:48.417584
[term32-5] Missing packets [5, 6], sending NACK...
[term32-5] seq=8 rtt=690.1988983154297ms  lat=43.5367431640625 lon=-171.17453002929688 time=2026-05-01 17:57:48.668164
[term32-5] Missing packets [1], sending NACK...
[term32-5] seq=11 rtt=720.2246189117432ms  lat=81.93811798095703 lon=-161.3505096435547 time=2026-05-01 17:57:49.420548
[term32-5] Missing packets [9, 10], sending NACK...
[term32-5] seq=12 rtt=730.3681373596191ms  lat=-53.24323654174805 lon=-19.4047908782959 time=2026-05-01 17:57:49.671114
[term32-5] Missing packets [3], sending NACK...
[term32-5] seq=13 rtt=740.5657768249512ms  lat=-4.368764400482178 lon=-83.82676696777344 time=2026-05-01 17:57:49.921799
[term32-5] seq=14 rtt=750.6959438323975ms  lat=11.909761428833008 lon=94.61783599853516 time=2026-05-01 17:57:50.172365
[term32-5] seq=16 rtt=510.394811630249ms  lat=-36.5377197265625 lon=-104.07862091064453 time=2026-05-01 17:57:50.673422
[term32-5] Missing packets [5, 6, 15], sending NACK...
[term32-5] seq=19 rtt=540.844202041626ms  lat=65.46654510498047 lon=-8.337937355041504 time=2026-05-01 17:57:51.425262
[term32-5] Missing packets [1, 17, 18], sending NACK...
[term32-5] Missing packets [9, 10], sending NACK...
[term32-5] seq=21 rtt=561.3899230957031ms  lat=-43.96397399902344 lon=141.27761840820312 time=2026-05-01 17:57:51.926531
[term32-5] Missing packets [3, 20], sending NACK...
[term32-5] seq=22 rtt=571.6900825500488ms  lat=-41.1159553527832 lon=-103.21648406982422 time=2026-05-01 17:57:52.177136
[term32-5] seq=23 rtt=581.9015502929688ms  lat=24.220029830932617 lon=40.94043731689453 time=2026-05-01 17:57:52.427881
[term32-5] Missing packets [5, 6, 15], sending NACK...
[term32-5] seq=26 rtt=612.0679378509521ms  lat=-11.993827819824219 lon=-18.833242416381836 time=2026-05-01 17:57:53.180061
[term32-5] Missing packets [24, 25], sending NACK...
[term32-5] Missing packets [1, 17, 18], sending NACK...
[term32-5] Missing packets [9, 10], sending NACK...
[term32-5] seq=29 rtt=642.2474384307861ms  lat=-84.40513610839844 lon=-10.944205284118652 time=2026-05-01 17:57:53.932165
[term32-5] Missing packets [3, 20, 27, 28], sending NACK...
[term32-5] seq=31 rtt=662.6026630401611ms  lat=55.6290397644043 lon=24.70322036743164 time=2026-05-01 17:57:54.433499
[term32-5] Missing packets [30], sending NACK...
[term32-5] seq=32 rtt=672.6729869842529ms  lat=20.454063415527344 lon=-112.86823272705078 time=2026-05-01 17:57:54.684202
[term32-5] Missing packets [5, 6, 15], sending NACK...
[term32-5] seq=33 rtt=682.7259063720703ms  lat=81.66881561279297 lon=-86.03717803955078 time=2026-05-01 17:57:54.934840
[term32-5] Missing packets [24, 25], sending NACK...
[term32-5] seq=35 rtt=702.871561050415ms  lat=-57.96650314331055 lon=-153.59539794921875 time=2026-05-01 17:57:55.436458
[term32-5] Missing packets [1, 17, 18, 34], sending NACK...
[term32-5] Missing packets [9, 10], sending NACK...
[term32-5] seq=37 rtt=723.2983112335205ms  lat=-20.1015682220459 lon=-90.22274780273438 time=2026-05-01 17:57:55.937611
[term32-5] Missing packets [3, 20, 27, 28, 36], sending NACK...
[term32-5] seq=38 rtt=733.5693836212158ms  lat=-69.7588882446289 lon=146.6058807373047 time=2026-05-01 17:57:56.188242
[term32-5] Missing packets [30], sending NACK...
[term32-5] Missing packets [5, 6, 15], sending NACK...
[term32-5] Missing packets [24, 25], sending NACK...
[term32-5] Missing packets [1, 17, 18, 34], sending NACK...
[term32-5] seq=45 rtt=543.3506965637207ms  lat=-85.38429260253906 lon=-156.52328491210938 time=2026-05-01 17:57:57.942496
[term32-5] Missing packets [9, 10, 39, 40, 41, 42, 43, 44], sending NACK...
[term32-5] Missing packets [3, 20, 27, 28, 36], sending NACK...
[term32-5] seq=48 rtt=573.9390850067139ms  lat=-30.45209312438965 lon=-1.7219575643539429 time=2026-05-01 17:57:58.694139
[term32-5] Missing packets [30, 46, 47], sending NACK...
[term32-5] seq=49 rtt=584.0485095977783ms  lat=-20.685649871826172 lon=-114.57283020019531 time=2026-05-01 17:57:58.944809
[term32-5] Missing packets [5, 6, 15], sending NACK...
[term32-5] seq=50 rtt=593.9993858337402ms  lat=68.20792388916016 lon=104.86908721923828 time=2026-05-01 17:57:59.195523
[term32-5] seq=51 rtt=603.8353443145752ms  lat=-59.7916374206543 lon=-4.09755802154541 time=2026-05-01 17:57:59.446447
[term32-5] Missing packets [24, 25], sending NACK...
[term32-5] seq=52 rtt=613.7208938598633ms  lat=-70.76988983154297 lon=-65.243896484375 time=2026-05-01 17:57:59.697184
[term32-5] Missing packets [17, 18, 34], sending NACK...
[term32-5] seq=53 rtt=623.9030361175537ms  lat=-25.577943801879883 lon=-162.20054626464844 time=2026-05-01 17:57:59.947777
[term32-5] Missing packets [9, 10, 39, 40, 41, 42, 43, 44], sending NACK...
[term32-5] Missing packets [20, 27, 28, 36], sending NACK...
[term32-5] seq=56 rtt=654.2158126831055ms  lat=39.93088150024414 lon=-38.72108459472656 time=2026-05-01 17:58:00.699418
[term32-5] Missing packets [30, 46, 47, 54, 55], sending NACK...
[term32-5] Missing packets [15], sending NACK...
[term32-5] seq=58 rtt=674.8781204223633ms  lat=-58.896602630615234 lon=32.863136291503906 time=2026-05-01 17:58:01.200745
[term32-5] Missing packets [57], sending NACK...
[term32-5] seq=59 rtt=684.6861839294434ms  lat=-23.04436683654785 lon=-58.15985107421875 time=2026-05-01 17:58:01.451429
[term32-5] Missing packets [24, 25], sending NACK...
[term32-5] seq=60 rtt=695.1639652252197ms  lat=-43.575721740722656 lon=-53.754390716552734 time=2026-05-01 17:58:01.701975
[term32-5] Missing packets [17, 18, 34], sending NACK...
[term32-5] Missing packets [39, 40, 41, 42, 43, 44], sending NACK...
[term32-5] Missing packets [20, 27, 28, 36], sending NACK...
[term32-5] seq=63 rtt=726.0487079620361ms  lat=-67.71015167236328 lon=102.03831481933594 time=2026-05-01 17:58:02.453783
[term32-5] Missing packets [61, 62], sending NACK...
[term32-5] seq=64 rtt=736.2947463989258ms  lat=-11.40320873260498 lon=22.358078002929688 time=2026-05-01 17:58:02.704295
[term32-5] Missing packets [30, 46, 47, 54, 55], sending NACK...
[term32-5] seq=66 rtt=502.9268264770508ms  lat=-14.484609603881836 lon=-127.14924621582031 time=2026-05-01 17:58:03.205381
[term32-5] Missing packets [65], sending NACK...
[term32-5] Missing packets [57], sending NACK...
[term32-5] Missing packets [24, 25], sending NACK...
[term32-5] Missing packets [17, 18, 34], sending NACK...
[term32-5] seq=70 rtt=543.726921081543ms  lat=-45.18617248535156 lon=-50.70956802368164 time=2026-05-01 17:58:04.207444
[term32-5] Missing packets [39, 40, 41, 42, 43, 44, 67, 68, 69], sending NACK...
[term32-5] Missing packets [27, 28, 36], sending NACK...
[term32-5] Missing packets [61, 62], sending NACK...
[term32-5] Missing packets [30, 46, 47, 54, 55], sending NACK...
[term32-5] Missing packets [65], sending NACK...
[term32-5] seq=75 rtt=594.2604541778564ms  lat=28.74700164794922 lon=-3.562154769897461 time=2026-05-01 17:58:05.460188
[term32-5] Missing packets [57, 71, 72, 73, 74], sending NACK...
[term32-5] Missing packets [34], sending NACK...
[term32-5] Missing packets [39, 40, 41, 42, 43, 44, 67, 68, 69], sending NACK...
[term32-5] Missing packets [27, 28, 36], sending NACK...
[term32-5] seq=80 rtt=644.6466445922852ms  lat=-39.178340911865234 lon=175.4302978515625 time=2026-05-01 17:58:06.713415
[term32-5] Missing packets [61, 62, 76, 77, 78, 79], sending NACK...
[term32-5] Missing packets [46, 47, 54, 55], sending NACK...
[term32-5] seq=82 rtt=664.9854183197021ms  lat=-39.25528335571289 lon=-150.58424377441406 time=2026-05-01 17:58:07.214725
[term32-5] Missing packets [65, 81], sending NACK...
[term32-5] Missing packets [57, 71, 72, 73, 74], sending NACK...
[term32-5] seq=84 rtt=684.9517822265625ms  lat=-59.122310638427734 lon=-57.39175796508789 time=2026-05-01 17:58:07.715887
[term32-5] Missing packets [83], sending NACK...
[term32-5] Missing packets [39, 40, 41, 42, 43, 44, 67, 68, 69], sending NACK...
[term32-5] Missing packets [36], sending NACK...
[term32-5] seq=88 rtt=725.4481315612793ms  lat=-5.115979194641113 lon=-21.518966674804688 time=2026-05-01 17:58:08.718431
[term32-5] Missing packets [61, 62, 76, 77, 78, 79, 85, 86, 87], sending NACK...
[term32-5] Missing packets [46, 47, 54, 55], sending NACK...
[term32-5] seq=90 rtt=746.1483478546143ms  lat=65.4042739868164 lon=26.43267822265625 time=2026-05-01 17:58:09.219563
[term32-5] Missing packets [65, 81, 89], sending NACK...
[term32-5] Missing packets [57, 71, 72, 73, 74], sending NACK...
[term32-5] seq=93 rtt=515.7144069671631ms  lat=-30.236328125 lon=-21.912532806396484 time=2026-05-01 17:58:09.971194
[term32-5] Missing packets [83, 91, 92], sending NACK...
[term32-5] Missing packets [44, 67, 68, 69], sending NACK...
[term32-5] seq=96 rtt=545.7861423492432ms  lat=5.032215118408203 lon=-26.490158081054688 time=2026-05-01 17:58:10.722760
[term32-5] Missing packets [94, 95], sending NACK...
[term32-5] Missing packets [61, 62, 76, 77, 78, 79, 85, 86, 87], sending NACK...
[term32-5] seq=98 rtt=566.3406848907471ms  lat=52.79802703857422 lon=-161.42738342285156 time=2026-05-01 17:58:11.223729
[term32-5] Missing packets [54, 55, 97], sending NACK...
[term32-5] Missing packets [65, 81, 89], sending NACK...
[term32-5] seq=100 rtt=586.2524509429932ms  lat=25.343505859375 lon=-21.054279327392578 time=2026-05-01 17:58:11.724881
[term32-5] Missing packets [57, 71, 72, 73, 74, 99], sending NACK...
[term32-5] seq=101 rtt=596.5509414672852ms  lat=-5.0863518714904785 lon=-116.97620391845703 time=2026-05-01 17:58:11.975333
[term32-5] Missing packets [83, 91, 92], sending NACK...
[term32-5] seq=103 rtt=616.363525390625ms  lat=-34.77420425415039 lon=-123.8426742553711 time=2026-05-01 17:58:12.476529
[term32-5] Missing packets [67, 68, 69, 102], sending NACK...
[term32-5] Missing packets [94, 95], sending NACK...
[term32-5] seq=105 rtt=637.0768547058105ms  lat=3.2450954914093018 lon=-131.26034545898438 time=2026-05-01 17:58:12.977468
[term32-5] Missing packets [61, 62, 76, 77, 78, 79, 85, 86, 87, 104], sending NACK...
[term32-5] Missing packets [97], sending NACK...
[term32-5] seq=107 rtt=656.6905975341797ms  lat=87.00584411621094 lon=-123.59567260742188 time=2026-05-01 17:58:13.478795
[term32-5] Missing packets [65, 81, 89, 106], sending NACK...
[term32-5] seq=108 rtt=666.7935848236084ms  lat=69.89759063720703 lon=44.0496826171875 time=2026-05-01 17:58:13.729392
[term32-5] Missing packets [71, 72, 73, 74, 99], sending NACK...
[term32-5] seq=109 rtt=676.8758296966553ms  lat=-73.08616638183594 lon=68.33763885498047 time=2026-05-01 17:58:13.979989
[term32-5] Missing packets [83, 91, 92], sending NACK...
[term32-5] seq=110 rtt=687.2453689575195ms  lat=-17.8017635345459 lon=-128.0103759765625 time=2026-05-01 17:58:14.230291
[term32-5] seq=111 rtt=697.6768970489502ms  lat=72.19348907470703 lon=64.14453125 time=2026-05-01 17:58:14.480809
[term32-5] Missing packets [67, 68, 69, 102], sending NACK...
[term32-5] seq=112 rtt=707.5748443603516ms  lat=-58.04114532470703 lon=56.994327545166016 time=2026-05-01 17:58:14.731378
[term32-5] Missing packets [94, 95], sending NACK...
[term32-5] Missing packets [76, 77, 78, 79, 85, 86, 87, 104], sending NACK...
[term32-5] Missing packets [97], sending NACK...
[term32-5] Missing packets [65, 81, 89, 106], sending NACK...
[term32-5] seq=116 rtt=748.0075359344482ms  lat=44.539669036865234 lon=-13.18927001953125 time=2026-05-01 17:58:15.733706
[term32-5] seq=117 rtt=503.0398368835449ms  lat=-1.8098864555358887 lon=-33.92924880981445 time=2026-05-01 17:58:15.983991
[term32-5] Missing packets [71, 72, 73, 74, 99, 113, 114, 115], sending NACK...
[term32-5] Missing packets [83, 91, 92], sending NACK...
[term32-5] Duration elapsed, shutting down.
[{label}_{term_id}] Stats saved to /tmp/satcom_stats/jamming_use_case_32_term_5.json
