[term32-8] Starting (duration=30s)
[term32-8] seq=2 rtt=627.4557113647461ms  lat=-32.341068267822266 lon=-26.9886474609375 time=2026-05-01 17:57:47.164569
[term32-8] Missing packets [1], sending NACK...
[term32-8] seq=3 rtt=637.5322341918945ms  lat=85.02093505859375 lon=-102.51419067382812 time=2026-05-01 17:57:47.415134
[term32-8] seq=7 rtt=677.65212059021ms  lat=-8.67408275604248 lon=-41.93962478637695 time=2026-05-01 17:57:48.417584
[term32-8] Missing packets [4, 5, 6], sending NACK...
[term32-8] seq=8 rtt=688.1353855133057ms  lat=43.5367431640625 lon=-171.17453002929688 time=2026-05-01 17:57:48.668164
[term32-8] seq=10 rtt=708.3373069763184ms  lat=-74.02656555175781 lon=-58.875492095947266 time=2026-05-01 17:57:49.169584
[term32-8] Missing packets [1, 9], sending NACK...
[term32-8] msg="Coded packet received" for seqs=[2]
[term32-8] seq=14 rtt=748.7087249755859ms  lat=11.909761428833008 lon=94.61783599853516 time=2026-05-01 17:57:50.172365
[term32-8] seq=15 rtt=502.75230407714844ms  lat=-23.53129768371582 lon=-161.5828399658203 time=2026-05-01 17:57:50.422939
[term32-8] Missing packets [11, 12, 13], sending NACK...
[term32-8] seq=16 rtt=512.9637718200684ms  lat=-36.5377197265625 lon=-104.07862091064453 time=2026-05-01 17:57:50.673422
[term32-8] Missing packets [4, 5, 6], sending NACK...
[term32-8] Missing packets [1, 9], sending NACK...
[term32-8] seq=20 rtt=553.0600547790527ms  lat=73.82642364501953 lon=-72.472900390625 time=2026-05-01 17:57:51.675881
[term32-8] Missing packets [17, 18, 19], sending NACK...
[term32-8] seq=21 rtt=563.0357265472412ms  lat=-43.96397399902344 lon=141.27761840820312 time=2026-05-01 17:57:51.926531
[term32-8] seq=23 rtt=583.045244216919ms  lat=24.220029830932617 lon=40.94043731689453 time=2026-05-01 17:57:52.427881
[term32-8] Missing packets [11, 12, 13, 22], sending NACK...
[term32-8] Missing packets [4, 5, 6], sending NACK...
[term32-8] seq=25 rtt=602.9610633850098ms  lat=2.4533965587615967 lon=-76.647216796875 time=2026-05-01 17:57:52.929264
[term32-8] Missing packets [24], sending NACK...
[term32-8] seq=26 rtt=612.7064228057861ms  lat=-11.993827819824219 lon=-18.833242416381836 time=2026-05-01 17:57:53.180061
[term32-8] seq=27 rtt=622.8294372558594ms  lat=54.26396942138672 lon=-130.90501403808594 time=2026-05-01 17:57:53.430787
[term32-8] Missing packets [1, 9], sending NACK...
[term32-8] Missing packets [17, 18, 19], sending NACK...
[term32-8] seq=29 rtt=642.7907943725586ms  lat=-84.40513610839844 lon=-10.944205284118652 time=2026-05-01 17:57:53.932165
[term32-8] Missing packets [28], sending NACK...
[term32-8] Missing packets [11, 12, 13, 22], sending NACK...
[term32-8] seq=32 rtt=672.7633476257324ms  lat=20.454063415527344 lon=-112.86823272705078 time=2026-05-01 17:57:54.684202
[term32-8] Missing packets [4, 5, 6, 30, 31], sending NACK...
[term32-8] seq=33 rtt=682.6577186584473ms  lat=81.66881561279297 lon=-86.03717803955078 time=2026-05-01 17:57:54.934840
[term32-8] Missing packets [24], sending NACK...
[term32-8] seq=34 rtt=693.1881904602051ms  lat=10.273733139038086 lon=116.0087661743164 time=2026-05-01 17:57:55.185515
[term32-8] seq=35 rtt=702.7852535247803ms  lat=-57.96650314331055 lon=-153.59539794921875 time=2026-05-01 17:57:55.436458
[term32-8] Missing packets [1, 9], sending NACK...
[term32-8] Missing packets [17, 18, 19], sending NACK...
[term32-8] Missing packets [28], sending NACK...
[term32-8] Missing packets [11, 12, 13, 22], sending NACK...
[term32-8] Missing packets [4, 5, 6, 30, 31], sending NACK...
[term32-8] Missing packets [24], sending NACK...
[term32-8] Missing packets [1, 9], sending NACK...
[term32-8] seq=45 rtt=543.0498123168945ms  lat=-85.38429260253906 lon=-156.52328491210938 time=2026-05-01 17:57:57.942496
[term32-8] Missing packets [17, 18, 19, 36, 37, 38, 39, 40, 41, 42, 43, 44], sending NACK...
[term32-8] Missing packets [28], sending NACK...
[term32-8] seq=47 rtt=563.3916854858398ms  lat=68.6212387084961 lon=-9.267955780029297 time=2026-05-01 17:57:58.443607
[term32-8] Missing packets [46], sending NACK...
[term32-8] seq=48 rtt=573.7762451171875ms  lat=-30.45209312438965 lon=-1.7219575643539429 time=2026-05-01 17:57:58.694139
[term32-8] Missing packets [11, 12, 13, 22], sending NACK...
[term32-8] seq=49 rtt=584.174394607544ms  lat=-20.685649871826172 lon=-114.57283020019531 time=2026-05-01 17:57:58.944809
[term32-8] Missing packets [4, 5, 6, 30, 31], sending NACK...
[term32-8] seq=50 rtt=594.4054126739502ms  lat=68.20792388916016 lon=104.86908721923828 time=2026-05-01 17:57:59.195523
[term32-8] Missing packets [24], sending NACK...
[term32-8] seq=52 rtt=613.6445999145508ms  lat=-70.76988983154297 lon=-65.243896484375 time=2026-05-01 17:57:59.697184
[term32-8] Missing packets [9, 51], sending NACK...
[term32-8] seq=53 rtt=623.7096786499023ms  lat=-25.577943801879883 lon=-162.20054626464844 time=2026-05-01 17:57:59.947777
[term32-8] Missing packets [17, 18, 19, 36, 37, 38, 39, 40, 41, 42, 43, 44], sending NACK...
[term32-8] seq=54 rtt=633.8777542114258ms  lat=-37.94953155517578 lon=-62.3082160949707 time=2026-05-01 17:58:00.198411
[term32-8] Missing packets [28], sending NACK...
[term32-8] Missing packets [46], sending NACK...
[term32-8] seq=56 rtt=654.1192531585693ms  lat=39.93088150024414 lon=-38.72108459472656 time=2026-05-01 17:58:00.699418
[term32-8] Missing packets [11, 12, 13, 22, 55], sending NACK...
[term32-8] Missing packets [30, 31], sending NACK...
[term32-8] seq=58 rtt=674.7028827667236ms  lat=-58.896602630615234 lon=32.863136291503906 time=2026-05-01 17:58:01.200745
[term32-8] Missing packets [24, 57], sending NACK...
[term32-8] Missing packets [9, 51], sending NACK...
[term32-8] Missing packets [17, 18, 19, 36, 37, 38, 39, 40, 41, 42, 43, 44], sending NACK...
[term32-8] Missing packets [28], sending NACK...
[term32-8] seq=63 rtt=726.2346744537354ms  lat=-67.71015167236328 lon=102.03831481933594 time=2026-05-01 17:58:02.453783
[term32-8] Missing packets [46, 59, 60, 61, 62], sending NACK...
[term32-8] seq=64 rtt=736.5069389343262ms  lat=-11.40320873260498 lon=22.358078002929688 time=2026-05-01 17:58:02.704295
[term32-8] Missing packets [22, 55], sending NACK...
[term32-8] seq=65 rtt=746.5920448303223ms  lat=42.26567077636719 lon=120.37973022460938 time=2026-05-01 17:58:02.954847
[term32-8] Missing packets [30, 31], sending NACK...
[term32-8] seq=67 rtt=506.4249038696289ms  lat=45.46723556518555 lon=42.05241394042969 time=2026-05-01 17:58:03.455850
[term32-8] Missing packets [24, 57, 66], sending NACK...
[term32-8] Missing packets [51], sending NACK...
[term32-8] seq=70 rtt=537.4336242675781ms  lat=-45.18617248535156 lon=-50.70956802368164 time=2026-05-01 17:58:04.207444
[term32-8] Missing packets [36, 37, 38, 39, 40, 41, 42, 43, 44, 68, 69], sending NACK...
[term32-8] seq=71 rtt=547.6760864257812ms  lat=69.14293670654297 lon=87.72823333740234 time=2026-05-01 17:58:04.457992
[term32-8] Missing packets [28], sending NACK...
[term32-8] Missing packets [46, 59, 60, 61, 62], sending NACK...
[term32-8] Missing packets [22, 55], sending NACK...
[term32-8] Missing packets [30, 31], sending NACK...
[term32-8] Missing packets [24, 57, 66], sending NACK...
[term32-8] Missing packets [51], sending NACK...
[term32-8] Missing packets [36, 37, 38, 39, 40, 41, 42, 43, 44, 68, 69], sending NACK...
[term32-8] seq=79 rtt=628.8998126983643ms  lat=85.90863037109375 lon=-17.501968383789062 time=2026-05-01 17:58:06.462667
[term32-8] Missing packets [72, 73, 74, 75, 76, 77, 78], sending NACK...
[term32-8] seq=80 rtt=638.909101486206ms  lat=-39.178340911865234 lon=175.4302978515625 time=2026-05-01 17:58:06.713415
[term32-8] Missing packets [46, 59, 60, 61, 62], sending NACK...
[term32-8] seq=81 rtt=648.827075958252ms  lat=56.614845275878906 lon=174.2827911376953 time=2026-05-01 17:58:06.964119
[term32-8] Missing packets [55], sending NACK...
[term32-8] seq=82 rtt=659.1317653656006ms  lat=-39.25528335571289 lon=-150.58424377441406 time=2026-05-01 17:58:07.214725
[term32-8] seq=83 rtt=669.3594455718994ms  lat=-89.6982650756836 lon=-141.97938537597656 time=2026-05-01 17:58:07.465231
[term32-8] Missing packets [57, 66], sending NACK...
[term32-8] seq=84 rtt=679.5356273651123ms  lat=-59.122310638427734 lon=-57.39175796508789 time=2026-05-01 17:58:07.715887
[term32-8] Missing packets [51], sending NACK...
[term32-8] Missing packets [36, 37, 38, 39, 40, 41, 42, 43, 44, 68, 69], sending NACK...
[term32-8] Missing packets [72, 73, 74, 75, 76, 77, 78], sending NACK...
[term32-8] seq=88 rtt=719.7108268737793ms  lat=-5.115979194641113 lon=-21.518966674804688 time=2026-05-01 17:58:08.718431
[term32-8] Missing packets [46, 59, 60, 61, 62, 85, 86, 87], sending NACK...
[term32-8] seq=89 rtt=729.914665222168ms  lat=-32.92551803588867 lon=68.7322998046875 time=2026-05-01 17:58:08.968940
[term32-8] Missing packets [55], sending NACK...
[term32-8] seq=90 rtt=740.1711940765381ms  lat=65.4042739868164 lon=26.43267822265625 time=2026-05-01 17:58:09.219563
[term32-8] seq=92 rtt=502.81381607055664ms  lat=2.528695821762085 lon=15.068522453308105 time=2026-05-01 17:58:09.720742
[term32-8] Missing packets [57, 66, 91], sending NACK...
[term32-8] seq=93 rtt=513.3004188537598ms  lat=-30.236328125 lon=-21.912532806396484 time=2026-05-01 17:58:09.971194
[term32-8] Missing packets [51], sending NACK...
[term32-8] Missing packets [44, 68, 69], sending NACK...
[term32-8] seq=96 rtt=543.7617301940918ms  lat=5.032215118408203 lon=-26.490158081054688 time=2026-05-01 17:58:10.722760
[term32-8] Missing packets [72, 73, 74, 75, 76, 77, 78, 94, 95], sending NACK...
[term32-8] Missing packets [59, 60, 61, 62, 85, 86, 87], sending NACK...
[term32-8] seq=98 rtt=564.1374588012695ms  lat=52.79802703857422 lon=-161.42738342285156 time=2026-05-01 17:58:11.223729
[term32-8] Missing packets [55, 97], sending NACK...
[term32-8] seq=100 rtt=584.449291229248ms  lat=25.343505859375 lon=-21.054279327392578 time=2026-05-01 17:58:11.724881
[term32-8] Missing packets [57, 66, 91, 99], sending NACK...
[term32-8] Missing packets [51], sending NACK...
[term32-8] seq=103 rtt=614.9106025695801ms  lat=-34.77420425415039 lon=-123.8426742553711 time=2026-05-01 17:58:12.476529
[term32-8] Missing packets [68, 69, 101, 102], sending NACK...
[term32-8] Missing packets [72, 73, 74, 75, 76, 77, 78, 94, 95], sending NACK...
[term32-8] Missing packets [59, 60, 61, 62, 85, 86, 87], sending NACK...
[term32-8] Missing packets [55, 97], sending NACK...
[term32-8] seq=108 rtt=665.1692390441895ms  lat=69.89759063720703 lon=44.0496826171875 time=2026-05-01 17:58:13.729392
[term32-8] Missing packets [66, 91, 99, 104, 105, 106, 107], sending NACK...
[term32-8] seq=110 rtt=685.5931282043457ms  lat=-17.8017635345459 lon=-128.0103759765625 time=2026-05-01 17:58:14.230291
[term32-8] Missing packets [109], sending NACK...
[term32-8] seq=111 rtt=695.9679126739502ms  lat=72.19348907470703 lon=64.14453125 time=2026-05-01 17:58:14.480809
[term32-8] Missing packets [68, 69, 101, 102], sending NACK...
[term32-8] seq=112 rtt=706.2516212463379ms  lat=-58.04114532470703 lon=56.994327545166016 time=2026-05-01 17:58:14.731378
[term32-8] Missing packets [72, 73, 74, 75, 76, 77, 78, 94, 95], sending NACK...
[term32-8] seq=113 rtt=716.3233757019043ms  lat=80.9760513305664 lon=-14.95080852508545 time=2026-05-01 17:58:14.981920
[term32-8] Missing packets [85, 86, 87], sending NACK...
[term32-8] seq=114 rtt=726.6426086425781ms  lat=-78.38875579833984 lon=138.601318359375 time=2026-05-01 17:58:15.232514
[term32-8] Missing packets [97], sending NACK...
[term32-8] seq=115 rtt=736.703634262085ms  lat=-16.677555084228516 lon=78.0971450805664 time=2026-05-01 17:58:15.483132
[term32-8] seq=116 rtt=746.9825744628906ms  lat=44.539669036865234 lon=-13.18927001953125 time=2026-05-01 17:58:15.733706
[term32-8] seq=117 rtt=502.81476974487305ms  lat=-1.8098864555358887 lon=-33.92924880981445 time=2026-05-01 17:58:15.983991
[term32-8] Missing packets [91, 99, 104, 105, 106, 107], sending NACK...
[term32-8] seq=118 rtt=513.0932331085205ms  lat=-45.38025665283203 lon=-104.72460174560547 time=2026-05-01 17:58:16.234564
[term32-8] Missing packets [109], sending NACK...
[term32-8] Duration elapsed, shutting down.
[{label}_{term_id}] Stats saved to /tmp/satcom_stats/jamming_use_case_32_term_8.json
