[term32-9] Starting (duration=30s)
[term32-9] seq=2 rtt=628.2072067260742ms  lat=-32.341068267822266 lon=-26.9886474609375 time=2026-05-01 17:57:47.164569
[term32-9] Missing packets [1], sending NACK...
[term32-9] seq=5 rtt=658.2736968994141ms  lat=65.31238555908203 lon=117.40528869628906 time=2026-05-01 17:57:47.916382
[term32-9] Missing packets [3, 4], sending NACK...
[term32-9] seq=7 rtt=678.6584854125977ms  lat=-8.67408275604248 lon=-41.93962478637695 time=2026-05-01 17:57:48.417584
[term32-9] Missing packets [6], sending NACK...
[term32-9] seq=8 rtt=688.9872550964355ms  lat=43.5367431640625 lon=-171.17453002929688 time=2026-05-01 17:57:48.668164
[term32-9] Missing packets [1], sending NACK...
[term32-9] seq=11 rtt=719.038724899292ms  lat=81.93811798095703 lon=-161.3505096435547 time=2026-05-01 17:57:49.420548
[term32-9] Missing packets [9, 10], sending NACK...
[term32-9] seq=12 rtt=729.2158603668213ms  lat=-53.24323654174805 lon=-19.4047908782959 time=2026-05-01 17:57:49.671114
[term32-9] Missing packets [3, 4], sending NACK...
[term32-9] seq=14 rtt=749.6917247772217ms  lat=11.909761428833008 lon=94.61783599853516 time=2026-05-01 17:57:50.172365
[term32-9] Missing packets [13], sending NACK...
[term32-9] Missing packets [6], sending NACK...
[term32-9] Missing packets [1], sending NACK...
[term32-9] seq=20 rtt=549.788236618042ms  lat=73.82642364501953 lon=-72.472900390625 time=2026-05-01 17:57:51.675881
[term32-9] Missing packets [9, 10, 15, 16, 17, 18, 19], sending NACK...
[term32-9] seq=21 rtt=560.3575706481934ms  lat=-43.96397399902344 lon=141.27761840820312 time=2026-05-01 17:57:51.926531
[term32-9] seq=22 rtt=570.7013607025146ms  lat=-41.1159553527832 lon=-103.21648406982422 time=2026-05-01 17:57:52.177136
[term32-9] Missing packets [3, 4], sending NACK...
[term32-9] seq=23 rtt=580.9261798858643ms  lat=24.220029830932617 lon=40.94043731689453 time=2026-05-01 17:57:52.427881
[term32-9] Missing packets [13], sending NACK...
[term32-9] seq=24 rtt=591.0758972167969ms  lat=-80.28021240234375 lon=121.55949401855469 time=2026-05-01 17:57:52.678684
[term32-9] Missing packets [6], sending NACK...
[term32-9] seq=25 rtt=601.3078689575195ms  lat=2.4533965587615967 lon=-76.647216796875 time=2026-05-01 17:57:52.929264
[term32-9] seq=26 rtt=611.3924980163574ms  lat=-11.993827819824219 lon=-18.833242416381836 time=2026-05-01 17:57:53.180061
[term32-9] Missing packets [1], sending NACK...
[term32-9] Missing packets [9, 10, 15, 16, 17, 18, 19], sending NACK...
[term32-9] Missing packets [3, 4], sending NACK...
[term32-9] seq=31 rtt=661.9710922241211ms  lat=55.6290397644043 lon=24.70322036743164 time=2026-05-01 17:57:54.433499
[term32-9] Missing packets [13, 27, 28, 29, 30], sending NACK...
[term32-9] Missing packets [6], sending NACK...
[term32-9] seq=34 rtt=692.9061412811279ms  lat=10.273733139038086 lon=116.0087661743164 time=2026-05-01 17:57:55.185515
[term32-9] Missing packets [32, 33], sending NACK...
[term32-9] Missing packets [1], sending NACK...
[term32-9] Missing packets [9, 10, 15, 16, 17, 18, 19], sending NACK...
[term32-9] seq=37 rtt=722.5990295410156ms  lat=-20.1015682220459 lon=-90.22274780273438 time=2026-05-01 17:57:55.937611
[term32-9] Missing packets [35, 36], sending NACK...
[term32-9] seq=38 rtt=733.1447601318359ms  lat=-69.7588882446289 lon=146.6058807373047 time=2026-05-01 17:57:56.188242
[term32-9] Missing packets [3, 4], sending NACK...
[term32-9] Missing packets [13, 27, 28, 29, 30], sending NACK...
[term32-9] Missing packets [6], sending NACK...
[term32-9] seq=43 rtt=522.6466655731201ms  lat=-81.36805725097656 lon=-128.30953979492188 time=2026-05-01 17:57:57.441360
[term32-9] Missing packets [32, 33, 39, 40, 41, 42], sending NACK...
[term32-9] Missing packets [1], sending NACK...
[term32-9] seq=45 rtt=542.7954196929932ms  lat=-85.38429260253906 lon=-156.52328491210938 time=2026-05-01 17:57:57.942496
[term32-9] Missing packets [9, 10, 15, 16, 17, 18, 19, 44], sending NACK...
[term32-9] Missing packets [35, 36], sending NACK...
[term32-9] seq=47 rtt=563.3361339569092ms  lat=68.6212387084961 lon=-9.267955780029297 time=2026-05-01 17:57:58.443607
[term32-9] Missing packets [3, 4, 46], sending NACK...
[term32-9] seq=48 rtt=573.4250545501709ms  lat=-30.45209312438965 lon=-1.7219575643539429 time=2026-05-01 17:57:58.694139
[term32-9] Missing packets [13, 27, 28, 29, 30], sending NACK...
[term32-9] seq=49 rtt=583.9271545410156ms  lat=-20.685649871826172 lon=-114.57283020019531 time=2026-05-01 17:57:58.944809
[term32-9] Missing packets [6], sending NACK...
[term32-9] Missing packets [32, 33, 39, 40, 41, 42], sending NACK...
[term32-9] Missing packets [1], sending NACK...
[term32-9] seq=53 rtt=623.7101554870605ms  lat=-25.577943801879883 lon=-162.20054626464844 time=2026-05-01 17:57:59.947777
[term32-9] Missing packets [9, 10, 15, 16, 17, 18, 19, 44, 50, 51, 52], sending NACK...
[term32-9] Missing packets [35, 36], sending NACK...
[term32-9] Missing packets [4, 46], sending NACK...
[term32-9] Missing packets [13, 27, 28, 29, 30], sending NACK...
[term32-9] Missing packets [6], sending NACK...
[term32-9] seq=58 rtt=674.6659278869629ms  lat=-58.896602630615234 lon=32.863136291503906 time=2026-05-01 17:58:01.200745
[term32-9] Missing packets [54, 55, 56, 57], sending NACK...
[term32-9] Missing packets [32, 33, 39, 40, 41, 42], sending NACK...
[term32-9] seq=60 rtt=694.5919990539551ms  lat=-43.575721740722656 lon=-53.754390716552734 time=2026-05-01 17:58:01.701975
[term32-9] Missing packets [59], sending NACK...
[term32-9] Missing packets [15, 16, 17, 18, 19, 44, 50, 51, 52], sending NACK...
[term32-9] Missing packets [35, 36], sending NACK...
[term32-9] seq=63 rtt=725.0804901123047ms  lat=-67.71015167236328 lon=102.03831481933594 time=2026-05-01 17:58:02.453783
[term32-9] Missing packets [46, 61, 62], sending NACK...
[term32-9] Missing packets [27, 28, 29, 30], sending NACK...
[term32-9] seq=65 rtt=745.1260089874268ms  lat=42.26567077636719 lon=120.37973022460938 time=2026-05-01 17:58:02.954847
[term32-9] seq=66 rtt=502.75230407714844ms  lat=-14.484609603881836 lon=-127.14924621582031 time=2026-05-01 17:58:03.205381
[term32-9] Missing packets [64], sending NACK...
[term32-9] seq=67 rtt=513.1649971008301ms  lat=45.46723556518555 lon=42.05241394042969 time=2026-05-01 17:58:03.455850
[term32-9] Missing packets [54, 55, 56, 57], sending NACK...
[term32-9] Missing packets [32, 33, 39, 40, 41, 42], sending NACK...
[term32-9] seq=69 rtt=533.3819389343262ms  lat=63.45852279663086 lon=34.64057159423828 time=2026-05-01 17:58:03.956864
[term32-9] Missing packets [59, 68], sending NACK...
[term32-9] seq=70 rtt=543.5802936553955ms  lat=-45.18617248535156 lon=-50.70956802368164 time=2026-05-01 17:58:04.207444
[term32-9] Missing packets [44, 50, 51, 52], sending NACK...
[term32-9] seq=71 rtt=553.661584854126ms  lat=69.14293670654297 lon=87.72823333740234 time=2026-05-01 17:58:04.457992
[term32-9] Missing packets [35, 36], sending NACK...
[term32-9] seq=72 rtt=563.852071762085ms  lat=68.3215103149414 lon=-96.7628173828125 time=2026-05-01 17:58:04.708621
[term32-9] Missing packets [46, 61, 62], sending NACK...
[term32-9] seq=73 rtt=574.1524696350098ms  lat=-79.63902282714844 lon=168.2827911376953 time=2026-05-01 17:58:04.959158
[term32-9] Missing packets [27, 28, 29, 30], sending NACK...
[term32-9] Missing packets [64], sending NACK...
[term32-9] seq=75 rtt=594.1708087921143ms  lat=28.74700164794922 lon=-3.562154769897461 time=2026-05-01 17:58:05.460188
[term32-9] Missing packets [54, 55, 56, 57, 74], sending NACK...
[term32-9] Missing packets [32, 33, 39, 40, 41, 42], sending NACK...
[term32-9] seq=77 rtt=615.0712966918945ms  lat=-31.04933738708496 lon=129.8846435546875 time=2026-05-01 17:58:05.961321
[term32-9] Missing packets [59, 68, 76], sending NACK...
[term32-9] Missing packets [44, 50, 51, 52], sending NACK...
[term32-9] seq=79 rtt=635.2190971374512ms  lat=85.90863037109375 lon=-17.501968383789062 time=2026-05-01 17:58:06.462667
[term32-9] Missing packets [35, 36, 78], sending NACK...
[term32-9] seq=80 rtt=644.939661026001ms  lat=-39.178340911865234 lon=175.4302978515625 time=2026-05-01 17:58:06.713415
[term32-9] Missing packets [46, 61, 62], sending NACK...
[term32-9] Missing packets [64], sending NACK...
[term32-9] seq=83 rtt=675.1554012298584ms  lat=-89.6982650756836 lon=-141.97938537597656 time=2026-05-01 17:58:07.465231
[term32-9] Missing packets [54, 55, 56, 57, 74, 81, 82], sending NACK...
[term32-9] seq=84 rtt=685.2467060089111ms  lat=-59.122310638427734 lon=-57.39175796508789 time=2026-05-01 17:58:07.715887
[term32-9] Missing packets [39, 40, 41, 42], sending NACK...
[term32-9] seq=85 rtt=695.4097747802734ms  lat=-87.48612213134766 lon=-162.10301208496094 time=2026-05-01 17:58:07.966364
[term32-9] Missing packets [59, 68, 76], sending NACK...
[term32-9] Missing packets [44, 50, 51, 52], sending NACK...
[term32-9] Missing packets [36, 78], sending NACK...
[term32-9] Missing packets [46, 61, 62], sending NACK...
[term32-9] seq=89 rtt=735.6064319610596ms  lat=-32.92551803588867 lon=68.7322998046875 time=2026-05-01 17:58:08.968940
[term32-9] Missing packets [86, 87, 88], sending NACK...
[term32-9] seq=90 rtt=746.0689544677734ms  lat=65.4042739868164 lon=26.43267822265625 time=2026-05-01 17:58:09.219563
[term32-9] Missing packets [64], sending NACK...
[term32-9] seq=92 rtt=505.418062210083ms  lat=2.528695821762085 lon=15.068522453308105 time=2026-05-01 17:58:09.720742
[term32-9] Missing packets [54, 55, 56, 57, 74, 81, 82, 91], sending NACK...
[term32-9] seq=93 rtt=515.8843994140625ms  lat=-30.236328125 lon=-21.912532806396484 time=2026-05-01 17:58:09.971194
[term32-9] Missing packets [59, 68, 76], sending NACK...
[term32-9] Missing packets [44, 50, 51, 52], sending NACK...
[term32-9] seq=96 rtt=545.8071231842041ms  lat=5.032215118408203 lon=-26.490158081054688 time=2026-05-01 17:58:10.722760
[term32-9] Missing packets [78, 94, 95], sending NACK...
[term32-9] Missing packets [61, 62], sending NACK...
[term32-9] Missing packets [86, 87, 88], sending NACK...
[term32-9] Missing packets [64], sending NACK...
[term32-9] seq=100 rtt=586.1244201660156ms  lat=25.343505859375 lon=-21.054279327392578 time=2026-05-01 17:58:11.724881
[term32-9] Missing packets [54, 55, 56, 57, 74, 81, 82, 91, 97, 98, 99], sending NACK...
[term32-9] seq=101 rtt=596.6348648071289ms  lat=-5.0863518714904785 lon=-116.97620391845703 time=2026-05-01 17:58:11.975333
[term32-9] Missing packets [59, 68, 76], sending NACK...
[term32-9] seq=103 rtt=616.649866104126ms  lat=-34.77420425415039 lon=-123.8426742553711 time=2026-05-01 17:58:12.476529
[term32-9] Missing packets [102], sending NACK...
[term32-9] Missing packets [78, 94, 95], sending NACK...
[term32-9] seq=105 rtt=636.9202136993408ms  lat=3.2450954914093018 lon=-131.26034545898438 time=2026-05-01 17:58:12.977468
[term32-9] Missing packets [61, 62, 104], sending NACK...
[term32-9] Missing packets [86, 87, 88], sending NACK...
[term32-9] seq=107 rtt=656.9352149963379ms  lat=87.00584411621094 lon=-123.59567260742188 time=2026-05-01 17:58:13.478795
[term32-9] Missing packets [64, 106], sending NACK...
[term32-9] Missing packets [74, 81, 82, 91, 97, 98, 99], sending NACK...
[term32-9] seq=109 rtt=677.0598888397217ms  lat=-73.08616638183594 lon=68.33763885498047 time=2026-05-01 17:58:13.979989
[term32-9] Missing packets [108], sending NACK...
[term32-9] Missing packets [68, 76], sending NACK...
[term32-9] seq=111 rtt=697.3922252655029ms  lat=72.19348907470703 lon=64.14453125 time=2026-05-01 17:58:14.480809
[term32-9] Missing packets [102, 110], sending NACK...
[term32-9] seq=112 rtt=707.6928615570068ms  lat=-58.04114532470703 lon=56.994327545166016 time=2026-05-01 17:58:14.731378
[term32-9] Missing packets [78, 94, 95], sending NACK...
[term32-9] seq=113 rtt=717.6637649536133ms  lat=80.9760513305664 lon=-14.95080852508545 time=2026-05-01 17:58:14.981920
[term32-9] Missing packets [104], sending NACK...
[term32-9] seq=114 rtt=727.6864051818848ms  lat=-78.38875579833984 lon=138.601318359375 time=2026-05-01 17:58:15.232514
[term32-9] Missing packets [86, 87, 88], sending NACK...
[term32-9] seq=115 rtt=738.034725189209ms  lat=-16.677555084228516 lon=78.0971450805664 time=2026-05-01 17:58:15.483132
[term32-9] Missing packets [106], sending NACK...
[term32-9] seq=116 rtt=748.2831478118896ms  lat=44.539669036865234 lon=-13.18927001953125 time=2026-05-01 17:58:15.733706
[term32-9] seq=117 rtt=502.99930572509766ms  lat=-1.8098864555358887 lon=-33.92924880981445 time=2026-05-01 17:58:15.983991
[term32-9] Missing packets [74, 81, 82, 91, 97, 98, 99], sending NACK...
[term32-9] seq=118 rtt=513.1936073303223ms  lat=-45.38025665283203 lon=-104.72460174560547 time=2026-05-01 17:58:16.234564
[term32-9] Missing packets [108], sending NACK...
[term32-9] Missing packets [76], sending NACK...
[term32-9] Duration elapsed, shutting down.
[{label}_{term_id}] Stats saved to /tmp/satcom_stats/jamming_use_case_32_term_9.json
