[term32-6] Starting (duration=30s)
[term32-6] seq=3 rtt=610.5532646179199ms  lat=85.02093505859375 lon=-102.51419067382812 time=2026-05-01 17:57:47.415134
[term32-6] Missing packets [1, 2], sending NACK...
[term32-6] seq=4 rtt=620.5897331237793ms  lat=-31.61194610595703 lon=-168.1351776123047 time=2026-05-01 17:57:47.665812
[term32-6] seq=5 rtt=630.6679248809814ms  lat=65.31238555908203 lon=117.40528869628906 time=2026-05-01 17:57:47.916382
[term32-6] seq=7 rtt=650.5534648895264ms  lat=-8.67408275604248 lon=-41.93962478637695 time=2026-05-01 17:57:48.417584
[term32-6] Missing packets [6], sending NACK...
  [term32-6] RECOVERED seq=2 rtt=3197.943925857544ms lat=-61.11725997924805 lon=-59.256431579589844
[term32-6] msg="Coded packet received" for seqs=[2]
[term32-6] Missing packets [1], sending NACK...
[term32-6] seq=12 rtt=701.617956161499ms  lat=-53.24323654174805 lon=-19.4047908782959 time=2026-05-01 17:57:49.671114
[term32-6] Missing packets [8, 9, 10, 11], sending NACK...
[term32-6] seq=14 rtt=722.1956253051758ms  lat=11.909761428833008 lon=94.61783599853516 time=2026-05-01 17:57:50.172365
[term32-6] Missing packets [13], sending NACK...
[term32-6] seq=15 rtt=732.7151298522949ms  lat=-23.53129768371582 lon=-161.5828399658203 time=2026-05-01 17:57:50.422939
[term32-6] Missing packets [6], sending NACK...
[term32-6] seq=16 rtt=743.1037425994873ms  lat=-36.5377197265625 lon=-104.07862091064453 time=2026-05-01 17:57:50.673422
[term32-6] seq=19 rtt=512.5236511230469ms  lat=65.46654510498047 lon=-8.337937355041504 time=2026-05-01 17:57:51.425262
[term32-6] Missing packets [17, 18], sending NACK...
[term32-6] seq=20 rtt=522.7527618408203ms  lat=73.82642364501953 lon=-72.472900390625 time=2026-05-01 17:57:51.675881
[term32-6] Missing packets [1], sending NACK...
[term32-6] seq=21 rtt=532.7773094177246ms  lat=-43.96397399902344 lon=141.27761840820312 time=2026-05-01 17:57:51.926531
[term32-6] Missing packets [8, 9, 10, 11], sending NACK...
[term32-6] Missing packets [13], sending NACK...
[term32-6] seq=24 rtt=563.0860328674316ms  lat=-80.28021240234375 lon=121.55949401855469 time=2026-05-01 17:57:52.678684
[term32-6] Missing packets [6, 22, 23], sending NACK...
[term32-6] seq=25 rtt=573.2169151306152ms  lat=2.4533965587615967 lon=-76.647216796875 time=2026-05-01 17:57:52.929264
[term32-6] seq=26 rtt=583.4481716156006ms  lat=-11.993827819824219 lon=-18.833242416381836 time=2026-05-01 17:57:53.180061
[term32-6] seq=27 rtt=593.4193134307861ms  lat=54.26396942138672 lon=-130.90501403808594 time=2026-05-01 17:57:53.430787
[term32-6] Missing packets [17, 18], sending NACK...
[term32-6] Missing packets [1], sending NACK...
[term32-6] seq=29 rtt=613.2943630218506ms  lat=-84.40513610839844 lon=-10.944205284118652 time=2026-05-01 17:57:53.932165
[term32-6] Missing packets [8, 9, 10, 11, 28], sending NACK...
[term32-6] Missing packets [13], sending NACK...
[term32-6] Missing packets [6, 22, 23], sending NACK...
[term32-6] seq=33 rtt=653.2974243164062ms  lat=81.66881561279297 lon=-86.03717803955078 time=2026-05-01 17:57:54.934840
[term32-6] Missing packets [30, 31, 32], sending NACK...
[term32-6] seq=34 rtt=663.4635925292969ms  lat=10.273733139038086 lon=116.0087661743164 time=2026-05-01 17:57:55.185515
[term32-6] seq=35 rtt=673.5424995422363ms  lat=-57.96650314331055 lon=-153.59539794921875 time=2026-05-01 17:57:55.436458
[term32-6] Missing packets [17, 18], sending NACK...
[term32-6] Missing packets [1], sending NACK...
[term32-6] seq=37 rtt=693.7263011932373ms  lat=-20.1015682220459 lon=-90.22274780273438 time=2026-05-01 17:57:55.937611
[term32-6] Missing packets [8, 9, 10, 11, 28, 36], sending NACK...
[term32-6] seq=38 rtt=703.8791179656982ms  lat=-69.7588882446289 lon=146.6058807373047 time=2026-05-01 17:57:56.188242
[term32-6] Missing packets [13], sending NACK...
[term32-6] Missing packets [6, 22, 23], sending NACK...
[term32-6] Missing packets [30, 31, 32], sending NACK...
[term32-6] seq=43 rtt=502.90656089782715ms  lat=-81.36805725097656 lon=-128.30953979492188 time=2026-05-01 17:57:57.441360
[term32-6] Missing packets [39, 40, 41, 42], sending NACK...
[term32-6] Missing packets [17, 18], sending NACK...
[term32-6] seq=45 rtt=523.2136249542236ms  lat=-85.38429260253906 lon=-156.52328491210938 time=2026-05-01 17:57:57.942496
[term32-6] Missing packets [1, 44], sending NACK...
[term32-6] Missing packets [8, 9, 10, 11, 28, 36], sending NACK...
[term32-6] seq=48 rtt=553.4906387329102ms  lat=-30.45209312438965 lon=-1.7219575643539429 time=2026-05-01 17:57:58.694139
[term32-6] Missing packets [13, 46, 47], sending NACK...
[term32-6] Missing packets [6, 22, 23], sending NACK...
[term32-6] Missing packets [30, 31, 32], sending NACK...
[term32-6] seq=51 rtt=583.1341743469238ms  lat=-59.7916374206543 lon=-4.09755802154541 time=2026-05-01 17:57:59.446447
[term32-6] Missing packets [39, 40, 41, 42, 49, 50], sending NACK...
[term32-6] seq=52 rtt=593.174934387207ms  lat=-70.76988983154297 lon=-65.243896484375 time=2026-05-01 17:57:59.697184
[term32-6] Missing packets [17, 18], sending NACK...
[term32-6] seq=53 rtt=603.5916805267334ms  lat=-25.577943801879883 lon=-162.20054626464844 time=2026-05-01 17:57:59.947777
[term32-6] Missing packets [44], sending NACK...
[term32-6] Missing packets [8, 9, 10, 11, 28, 36], sending NACK...
[term32-6] seq=56 rtt=634.5782279968262ms  lat=39.93088150024414 lon=-38.72108459472656 time=2026-05-01 17:58:00.699418
[term32-6] Missing packets [13, 46, 47, 54, 55], sending NACK...
[term32-6] Missing packets [22, 23], sending NACK...
[term32-6] seq=58 rtt=654.8922061920166ms  lat=-58.896602630615234 lon=32.863136291503906 time=2026-05-01 17:58:01.200745
[term32-6] Missing packets [30, 31, 32, 57], sending NACK...
[term32-6] seq=59 rtt=664.9110317230225ms  lat=-23.04436683654785 lon=-58.15985107421875 time=2026-05-01 17:58:01.451429
[term32-6] Missing packets [39, 40, 41, 42, 49, 50], sending NACK...
[term32-6] seq=60 rtt=675.0414371490479ms  lat=-43.575721740722656 lon=-53.754390716552734 time=2026-05-01 17:58:01.701975
[term32-6] Missing packets [17, 18], sending NACK...
[term32-6] Missing packets [44], sending NACK...
[term32-6] Missing packets [11, 28, 36], sending NACK...
[term32-6] seq=63 rtt=705.2702903747559ms  lat=-67.71015167236328 lon=102.03831481933594 time=2026-05-01 17:58:02.453783
[term32-6] Missing packets [61, 62], sending NACK...
[term32-6] seq=64 rtt=715.4536247253418ms  lat=-11.40320873260498 lon=22.358078002929688 time=2026-05-01 17:58:02.704295
[term32-6] Missing packets [46, 47, 54, 55], sending NACK...
[term32-6] seq=65 rtt=725.5935668945312ms  lat=42.26567077636719 lon=120.37973022460938 time=2026-05-01 17:58:02.954847
[term32-6] Missing packets [22, 23], sending NACK...
[term32-6] Missing packets [30, 31, 32, 57], sending NACK...
[term32-6] Missing packets [39, 40, 41, 42, 49, 50], sending NACK...
[term32-6] seq=69 rtt=505.61070442199707ms  lat=63.45852279663086 lon=34.64057159423828 time=2026-05-01 17:58:03.956864
[term32-6] Missing packets [66, 67, 68], sending NACK...
[term32-6] seq=70 rtt=515.876293182373ms  lat=-45.18617248535156 lon=-50.70956802368164 time=2026-05-01 17:58:04.207444
[term32-6] Missing packets [44], sending NACK...
[term32-6] seq=71 rtt=525.9661674499512ms  lat=69.14293670654297 lon=87.72823333740234 time=2026-05-01 17:58:04.457992
[term32-6] Missing packets [28, 36], sending NACK...
[term32-6] Missing packets [61, 62], sending NACK...
[term32-6] Missing packets [46, 47, 54, 55], sending NACK...
[term32-6] Missing packets [22, 23], sending NACK...
[term32-6] seq=75 rtt=566.575288772583ms  lat=28.74700164794922 lon=-3.562154769897461 time=2026-05-01 17:58:05.460188
[term32-6] Missing packets [30, 31, 32, 57, 72, 73, 74], sending NACK...
[term32-6] Missing packets [39, 40, 41, 42, 49, 50], sending NACK...
[term32-6] seq=77 rtt=586.7691040039062ms  lat=-31.04933738708496 lon=129.8846435546875 time=2026-05-01 17:58:05.961321
[term32-6] Missing packets [66, 67, 68, 76], sending NACK...
[term32-6] Missing packets [44], sending NACK...
[term32-6] Missing packets [28, 36], sending NACK...
[term32-6] seq=80 rtt=616.7805194854736ms  lat=-39.178340911865234 lon=175.4302978515625 time=2026-05-01 17:58:06.713415
[term32-6] Missing packets [61, 62, 78, 79], sending NACK...
[term32-6] seq=81 rtt=626.8670558929443ms  lat=56.614845275878906 lon=174.2827911376953 time=2026-05-01 17:58:06.964119
[term32-6] Missing packets [46, 47, 54, 55], sending NACK...
[term32-6] seq=82 rtt=637.2177600860596ms  lat=-39.25528335571289 lon=-150.58424377441406 time=2026-05-01 17:58:07.214725
[term32-6] Missing packets [57, 72, 73, 74], sending NACK...
[term32-6] seq=84 rtt=657.4175357818604ms  lat=-59.122310638427734 lon=-57.39175796508789 time=2026-05-01 17:58:07.715887
[term32-6] Missing packets [39, 40, 41, 42, 49, 50, 83], sending NACK...
[term32-6] seq=85 rtt=667.7396297454834ms  lat=-87.48612213134766 lon=-162.10301208496094 time=2026-05-01 17:58:07.966364
[term32-6] Missing packets [66, 67, 68, 76], sending NACK...
[term32-6] Missing packets [44], sending NACK...
[term32-6] Missing packets [36], sending NACK...
[term32-6] seq=88 rtt=697.4532604217529ms  lat=-5.115979194641113 lon=-21.518966674804688 time=2026-05-01 17:58:08.718431
[term32-6] Missing packets [61, 62, 78, 79, 86, 87], sending NACK...
[term32-6] Missing packets [46, 47, 54, 55], sending NACK...
[term32-6] seq=90 rtt=717.6380157470703ms  lat=65.4042739868164 lon=26.43267822265625 time=2026-05-01 17:58:09.219563
[term32-6] Missing packets [89], sending NACK...
[term32-6] Missing packets [57, 72, 73, 74], sending NACK...
[term32-6] Missing packets [41, 42, 49, 50, 83], sending NACK...
[term32-6] seq=94 rtt=502.79736518859863ms  lat=80.56603240966797 lon=-172.92323303222656 time=2026-05-01 17:58:10.221710
[term32-6] Missing packets [66, 67, 68, 76, 91, 92, 93], sending NACK...
[term32-6] seq=96 rtt=522.8610038757324ms  lat=5.032215118408203 lon=-26.490158081054688 time=2026-05-01 17:58:10.722760
[term32-6] Missing packets [95], sending NACK...
[term32-6] Missing packets [61, 62, 78, 79, 86, 87], sending NACK...
[term32-6] seq=98 rtt=543.1535243988037ms  lat=52.79802703857422 lon=-161.42738342285156 time=2026-05-01 17:58:11.223729
[term32-6] Missing packets [54, 55, 97], sending NACK...
[term32-6] Missing packets [89], sending NACK...
[term32-6] seq=100 rtt=563.6050701141357ms  lat=25.343505859375 lon=-21.054279327392578 time=2026-05-01 17:58:11.724881
[term32-6] Missing packets [57, 72, 73, 74, 99], sending NACK...
[term32-6] seq=101 rtt=573.7831592559814ms  lat=-5.0863518714904785 lon=-116.97620391845703 time=2026-05-01 17:58:11.975333
[term32-6] Missing packets [83], sending NACK...
[term32-6] Missing packets [66, 67, 68, 76, 91, 92, 93], sending NACK...
[term32-6] Missing packets [95], sending NACK...
[term32-6] Missing packets [61, 62, 78, 79, 86, 87], sending NACK...
[term32-6] Missing packets [54, 55, 97], sending NACK...
[term32-6] Missing packets [89], sending NACK...
[term32-6] seq=108 rtt=643.2299613952637ms  lat=69.89759063720703 lon=44.0496826171875 time=2026-05-01 17:58:13.729392
[term32-6] Missing packets [72, 73, 74, 99, 102, 103, 104, 105, 106, 107], sending NACK...
[term32-6] Missing packets [83], sending NACK...
[term32-6] Missing packets [66, 67, 68, 76, 91, 92, 93], sending NACK...
[term32-6] Missing packets [95], sending NACK...
[term32-6] Missing packets [61, 62, 78, 79, 86, 87], sending NACK...
[term32-6] seq=114 rtt=703.7124633789062ms  lat=-78.38875579833984 lon=138.601318359375 time=2026-05-01 17:58:15.232514
[term32-6] Missing packets [97, 109, 110, 111, 112, 113], sending NACK...
[term32-6] Missing packets [89], sending NACK...
[term32-6] seq=116 rtt=723.6084938049316ms  lat=44.539669036865234 lon=-13.18927001953125 time=2026-05-01 17:58:15.733706
[term32-6] Missing packets [72, 73, 74, 99, 102, 103, 104, 105, 106, 107, 115], sending NACK...
[term32-6] Missing packets [83], sending NACK...
[term32-6] seq=118 rtt=743.8194751739502ms  lat=-45.38025665283203 lon=-104.72460174560547 time=2026-05-01 17:58:16.234564
[term32-6] Missing packets [76, 91, 92, 93, 117], sending NACK...
[term32-6] Duration elapsed, shutting down.
[{label}_{term_id}] Stats saved to /tmp/satcom_stats/jamming_use_case_32_term_6.json
