[term32-2] Starting (duration=30s)
[term32-2] seq=3 rtt=625.0803470611572ms  lat=85.02093505859375 lon=-102.51419067382812 time=2026-05-01 17:57:47.415134
[term32-2] Missing packets [1, 2], sending NACK...
[term32-2] seq=4 rtt=635.1213455200195ms  lat=-31.61194610595703 lon=-168.1351776123047 time=2026-05-01 17:57:47.665812
[term32-2] seq=5 rtt=645.2407836914062ms  lat=65.31238555908203 lon=117.40528869628906 time=2026-05-01 17:57:47.916382
[term32-2] seq=10 rtt=695.6710815429688ms  lat=-74.02656555175781 lon=-58.875492095947266 time=2026-05-01 17:57:49.169584
[term32-2] Missing packets [6, 7, 8, 9], sending NACK...
[term32-2] seq=11 rtt=705.5203914642334ms  lat=81.93811798095703 lon=-161.3505096435547 time=2026-05-01 17:57:49.420548
  [term32-2] RECOVERED seq=2 rtt=3212.423086166382ms lat=-61.11725997924805 lon=-59.256431579589844
[term32-2] msg="Coded packet received" for seqs=[2]
[term32-2] Missing packets [1], sending NACK...
[term32-2] seq=12 rtt=715.7578468322754ms  lat=-53.24323654174805 lon=-19.4047908782959 time=2026-05-01 17:57:49.671114
[term32-2] seq=13 rtt=725.7499694824219ms  lat=-4.368764400482178 lon=-83.82676696777344 time=2026-05-01 17:57:49.921799
[term32-2] seq=14 rtt=735.8736991882324ms  lat=11.909761428833008 lon=94.61783599853516 time=2026-05-01 17:57:50.172365
[term32-2] seq=16 rtt=503.3447742462158ms  lat=-36.5377197265625 lon=-104.07862091064453 time=2026-05-01 17:57:50.673422
[term32-2] Missing packets [15], sending NACK...
[term32-2] Missing packets [6, 7, 8, 9], sending NACK...
[term32-2] seq=20 rtt=543.0464744567871ms  lat=73.82642364501953 lon=-72.472900390625 time=2026-05-01 17:57:51.675881
[term32-2] Missing packets [1, 17, 18, 19], sending NACK...
[term32-2] seq=21 rtt=553.2951354980469ms  lat=-43.96397399902344 lon=141.27761840820312 time=2026-05-01 17:57:51.926531
[term32-2] seq=22 rtt=563.3358955383301ms  lat=-41.1159553527832 lon=-103.21648406982422 time=2026-05-01 17:57:52.177136
[term32-2] seq=24 rtt=583.1429958343506ms  lat=-80.28021240234375 lon=121.55949401855469 time=2026-05-01 17:57:52.678684
[term32-2] Missing packets [15, 23], sending NACK...
[term32-2] seq=27 rtt=612.4746799468994ms  lat=54.26396942138672 lon=-130.90501403808594 time=2026-05-01 17:57:53.430787
[term32-2] Missing packets [6, 7, 8, 9, 25, 26], sending NACK...
[term32-2] Missing packets [1, 17, 18, 19], sending NACK...
[term32-2] seq=29 rtt=632.075309753418ms  lat=-84.40513610839844 lon=-10.944205284118652 time=2026-05-01 17:57:53.932165
[term32-2] Missing packets [28], sending NACK...
[term32-2] seq=31 rtt=652.0848274230957ms  lat=55.6290397644043 lon=24.70322036743164 time=2026-05-01 17:57:54.433499
[term32-2] Missing packets [30], sending NACK...
[term32-2] seq=32 rtt=662.4433994293213ms  lat=20.454063415527344 lon=-112.86823272705078 time=2026-05-01 17:57:54.684202
[term32-2] Missing packets [15, 23], sending NACK...
[term32-2] seq=33 rtt=672.4894046783447ms  lat=81.66881561279297 lon=-86.03717803955078 time=2026-05-01 17:57:54.934840
[term32-2] seq=34 rtt=682.8439235687256ms  lat=10.273733139038086 lon=116.0087661743164 time=2026-05-01 17:57:55.185515
[term32-2] seq=35 rtt=692.6639080047607ms  lat=-57.96650314331055 lon=-153.59539794921875 time=2026-05-01 17:57:55.436458
[term32-2] Missing packets [6, 7, 8, 9, 25, 26], sending NACK...
[term32-2] Missing packets [1, 17, 18, 19], sending NACK...
[term32-2] seq=37 rtt=713.0758762359619ms  lat=-20.1015682220459 lon=-90.22274780273438 time=2026-05-01 17:57:55.937611
[term32-2] Missing packets [28, 36], sending NACK...
[term32-2] Missing packets [30], sending NACK...
[term32-2] Missing packets [15, 23], sending NACK...
[term32-2] seq=43 rtt=512.500524520874ms  lat=-81.36805725097656 lon=-128.30953979492188 time=2026-05-01 17:57:57.441360
[term32-2] Missing packets [38, 39, 40, 41, 42], sending NACK...
[term32-2] Missing packets [6, 7, 8, 9, 25, 26], sending NACK...
[term32-2] seq=45 rtt=533.1230163574219ms  lat=-85.38429260253906 lon=-156.52328491210938 time=2026-05-01 17:57:57.942496
[term32-2] Missing packets [1, 17, 18, 19, 44], sending NACK...
[term32-2] Missing packets [28, 36], sending NACK...
[term32-2] Missing packets [30], sending NACK...
[term32-2] Missing packets [15, 23], sending NACK...
[term32-2] seq=51 rtt=593.2269096374512ms  lat=-59.7916374206543 lon=-4.09755802154541 time=2026-05-01 17:57:59.446447
[term32-2] Missing packets [38, 39, 40, 41, 42, 46, 47, 48, 49, 50], sending NACK...
[term32-2] seq=52 rtt=603.2810211181641ms  lat=-70.76988983154297 lon=-65.243896484375 time=2026-05-01 17:57:59.697184
[term32-2] Missing packets [6, 7, 8, 9, 25, 26], sending NACK...
[term32-2] Missing packets [17, 18, 19, 44], sending NACK...
[term32-2] seq=54 rtt=623.3913898468018ms  lat=-37.94953155517578 lon=-62.3082160949707 time=2026-05-01 17:58:00.198411
[term32-2] Missing packets [28, 36, 53], sending NACK...
[term32-2] seq=56 rtt=644.1049575805664ms  lat=39.93088150024414 lon=-38.72108459472656 time=2026-05-01 17:58:00.699418
[term32-2] Missing packets [30, 55], sending NACK...
[term32-2] Missing packets [15, 23], sending NACK...
[term32-2] Missing packets [38, 39, 40, 41, 42, 46, 47, 48, 49, 50], sending NACK...
[term32-2] seq=60 rtt=683.9385032653809ms  lat=-43.575721740722656 lon=-53.754390716552734 time=2026-05-01 17:58:01.701975
[term32-2] Missing packets [25, 26, 57, 58, 59], sending NACK...
[term32-2] Missing packets [17, 18, 19, 44], sending NACK...
[term32-2] Missing packets [28, 36, 53], sending NACK...
[term32-2] seq=64 rtt=723.9623069763184ms  lat=-11.40320873260498 lon=22.358078002929688 time=2026-05-01 17:58:02.704295
[term32-2] Missing packets [30, 55, 61, 62, 63], sending NACK...
[term32-2] seq=65 rtt=734.0636253356934ms  lat=42.26567077636719 lon=120.37973022460938 time=2026-05-01 17:58:02.954847
[term32-2] Missing packets [23], sending NACK...
[term32-2] seq=66 rtt=744.3382740020752ms  lat=-14.484609603881836 lon=-127.14924621582031 time=2026-05-01 17:58:03.205381
[term32-2] seq=67 rtt=502.69556045532227ms  lat=45.46723556518555 lon=42.05241394042969 time=2026-05-01 17:58:03.455850
[term32-2] Missing packets [38, 39, 40, 41, 42, 46, 47, 48, 49, 50], sending NACK...
[term32-2] seq=69 rtt=523.3523845672607ms  lat=63.45852279663086 lon=34.64057159423828 time=2026-05-01 17:58:03.956864
[term32-2] Missing packets [25, 26, 57, 58, 59, 68], sending NACK...
[term32-2] seq=70 rtt=533.6923599243164ms  lat=-45.18617248535156 lon=-50.70956802368164 time=2026-05-01 17:58:04.207444
[term32-2] Missing packets [44], sending NACK...
[term32-2] seq=71 rtt=543.787956237793ms  lat=69.14293670654297 lon=87.72823333740234 time=2026-05-01 17:58:04.457992
[term32-2] Missing packets [28, 36, 53], sending NACK...
[term32-2] seq=73 rtt=564.0230178833008ms  lat=-79.63902282714844 lon=168.2827911376953 time=2026-05-01 17:58:04.959158
[term32-2] Missing packets [30, 55, 61, 62, 63, 72], sending NACK...
[term32-2] seq=75 rtt=584.2647552490234ms  lat=28.74700164794922 lon=-3.562154769897461 time=2026-05-01 17:58:05.460188
[term32-2] Missing packets [74], sending NACK...
[term32-2] Missing packets [38, 39, 40, 41, 42, 46, 47, 48, 49, 50], sending NACK...
[term32-2] seq=77 rtt=604.3133735656738ms  lat=-31.04933738708496 lon=129.8846435546875 time=2026-05-01 17:58:05.961321
[term32-2] Missing packets [57, 58, 59, 68, 76], sending NACK...
[term32-2] Missing packets [44], sending NACK...
[term32-2] seq=79 rtt=624.441385269165ms  lat=85.90863037109375 lon=-17.501968383789062 time=2026-05-01 17:58:06.462667
[term32-2] Missing packets [36, 53, 78], sending NACK...
[term32-2] seq=81 rtt=643.8989639282227ms  lat=56.614845275878906 lon=174.2827911376953 time=2026-05-01 17:58:06.964119
[term32-2] Missing packets [55, 61, 62, 63, 72, 80], sending NACK...
[term32-2] seq=82 rtt=654.0112495422363ms  lat=-39.25528335571289 lon=-150.58424377441406 time=2026-05-01 17:58:07.214725
[term32-2] seq=83 rtt=664.3562316894531ms  lat=-89.6982650756836 lon=-141.97938537597656 time=2026-05-01 17:58:07.465231
[term32-2] Missing packets [74], sending NACK...
[term32-2] Missing packets [38, 39, 40, 41, 42, 46, 47, 48, 49, 50], sending NACK...
[term32-2] seq=85 rtt=684.4961643218994ms  lat=-87.48612213134766 lon=-162.10301208496094 time=2026-05-01 17:58:07.966364
[term32-2] Missing packets [57, 58, 59, 68, 76, 84], sending NACK...
[term32-2] Missing packets [44], sending NACK...
[term32-2] Missing packets [36, 53, 78], sending NACK...
[term32-2] seq=88 rtt=714.5481109619141ms  lat=-5.115979194641113 lon=-21.518966674804688 time=2026-05-01 17:58:08.718431
[term32-2] Missing packets [86, 87], sending NACK...
[term32-2] seq=89 rtt=724.844217300415ms  lat=-32.92551803588867 lon=68.7322998046875 time=2026-05-01 17:58:08.968940
[term32-2] Missing packets [55, 61, 62, 63, 72, 80], sending NACK...
[term32-2] Missing packets [74], sending NACK...
[term32-2] Missing packets [40, 41, 42, 46, 47, 48, 49, 50], sending NACK...
[term32-2] seq=94 rtt=514.4772529602051ms  lat=80.56603240966797 lon=-172.92323303222656 time=2026-05-01 17:58:10.221710
[term32-2] Missing packets [57, 58, 59, 68, 76, 84, 90, 91, 92, 93], sending NACK...
[term32-2] seq=96 rtt=534.7130298614502ms  lat=5.032215118408203 lon=-26.490158081054688 time=2026-05-01 17:58:10.722760
[term32-2] Missing packets [53, 78, 95], sending NACK...
[term32-2] Missing packets [86, 87], sending NACK...
[term32-2] seq=98 rtt=555.1121234893799ms  lat=52.79802703857422 lon=-161.42738342285156 time=2026-05-01 17:58:11.223729
[term32-2] Missing packets [55, 61, 62, 63, 72, 80, 97], sending NACK...
[term32-2] seq=100 rtt=575.3030776977539ms  lat=25.343505859375 lon=-21.054279327392578 time=2026-05-01 17:58:11.724881
[term32-2] Missing packets [74, 99], sending NACK...
[term32-2] seq=101 rtt=585.6196880340576ms  lat=-5.0863518714904785 lon=-116.97620391845703 time=2026-05-01 17:58:11.975333
[term32-2] Missing packets [57, 58, 59, 68, 76, 84, 90, 91, 92, 93], sending NACK...
[term32-2] seq=103 rtt=606.0364246368408ms  lat=-34.77420425415039 lon=-123.8426742553711 time=2026-05-01 17:58:12.476529
[term32-2] Missing packets [102], sending NACK...
[term32-2] Missing packets [78, 95], sending NACK...
[term32-2] seq=105 rtt=626.3606548309326ms  lat=3.2450954914093018 lon=-131.26034545898438 time=2026-05-01 17:58:12.977468
[term32-2] Missing packets [86, 87, 104], sending NACK...
[term32-2] Missing packets [61, 62, 63, 72, 80, 97], sending NACK...
[term32-2] seq=108 rtt=656.2349796295166ms  lat=69.89759063720703 lon=44.0496826171875 time=2026-05-01 17:58:13.729392
[term32-2] Missing packets [74, 99, 106, 107], sending NACK...
[term32-2] seq=109 rtt=666.2757396697998ms  lat=-73.08616638183594 lon=68.33763885498047 time=2026-05-01 17:58:13.979989
[term32-2] seq=110 rtt=676.7535209655762ms  lat=-17.8017635345459 lon=-128.0103759765625 time=2026-05-01 17:58:14.230291
[term32-2] Missing packets [68, 76, 84, 90, 91, 92, 93], sending NACK...
[term32-2] seq=111 rtt=686.9065761566162ms  lat=72.19348907470703 lon=64.14453125 time=2026-05-01 17:58:14.480809
[term32-2] Missing packets [102], sending NACK...
[term32-2] seq=112 rtt=696.868896484375ms  lat=-58.04114532470703 lon=56.994327545166016 time=2026-05-01 17:58:14.731378
[term32-2] Missing packets [78, 95], sending NACK...
[term32-2] seq=113 rtt=707.0889472961426ms  lat=80.9760513305664 lon=-14.95080852508545 time=2026-05-01 17:58:14.981920
[term32-2] Missing packets [86, 87, 104], sending NACK...
[term32-2] Missing packets [72, 80, 97], sending NACK...
[term32-2] seq=115 rtt=727.3807525634766ms  lat=-16.677555084228516 lon=78.0971450805664 time=2026-05-01 17:58:15.483132
[term32-2] Missing packets [114], sending NACK...
[term32-2] seq=116 rtt=737.7142906188965ms  lat=44.539669036865234 lon=-13.18927001953125 time=2026-05-01 17:58:15.733706
[term32-2] Missing packets [74, 99, 106, 107], sending NACK...
[term32-2] seq=117 rtt=748.4481334686279ms  lat=-1.8098864555358887 lon=-33.92924880981445 time=2026-05-01 17:58:15.983991
[term32-2] seq=118 rtt=503.07726860046387ms  lat=-45.38025665283203 lon=-104.72460174560547 time=2026-05-01 17:58:16.234564
[term32-2] Duration elapsed, shutting down.
[{label}_{term_id}] Stats saved to /tmp/satcom_stats/jamming_use_case_32_term_2.json
