[term32-3] Starting (duration=30s)
[term32-3] seq=3 rtt=633.4269046783447ms  lat=85.02093505859375 lon=-102.51419067382812 time=2026-05-01 17:57:47.415134
[term32-3] Missing packets [1, 2], sending NACK...
[term32-3] seq=4 rtt=643.4121131896973ms  lat=-31.61194610595703 lon=-168.1351776123047 time=2026-05-01 17:57:47.665812
[term32-3] seq=5 rtt=653.562068939209ms  lat=65.31238555908203 lon=117.40528869628906 time=2026-05-01 17:57:47.916382
[term32-3] seq=7 rtt=673.7794876098633ms  lat=-8.67408275604248 lon=-41.93962478637695 time=2026-05-01 17:57:48.417584
[term32-3] Missing packets [6], sending NACK...
[term32-3] seq=11 rtt=713.6492729187012ms  lat=81.93811798095703 lon=-161.3505096435547 time=2026-05-01 17:57:49.420548
  [term32-3] RECOVERED seq=2 rtt=3220.5898761749268ms lat=-61.11725997924805 lon=-59.256431579589844
[term32-3] msg="Coded packet received" for seqs=[2]
[term32-3] Missing packets [1, 8, 9, 10], sending NACK...
[term32-3] seq=13 rtt=733.9465618133545ms  lat=-4.368764400482178 lon=-83.82676696777344 time=2026-05-01 17:57:49.921799
[term32-3] Missing packets [12], sending NACK...
[term32-3] seq=14 rtt=744.2700862884521ms  lat=11.909761428833008 lon=94.61783599853516 time=2026-05-01 17:57:50.172365
[term32-3] seq=15 rtt=502.7635097503662ms  lat=-23.53129768371582 lon=-161.5828399658203 time=2026-05-01 17:57:50.422939
[term32-3] seq=16 rtt=512.9222869873047ms  lat=-36.5377197265625 lon=-104.07862091064453 time=2026-05-01 17:57:50.673422
[term32-3] Missing packets [6], sending NACK...
[term32-3] seq=19 rtt=543.0395603179932ms  lat=65.46654510498047 lon=-8.337937355041504 time=2026-05-01 17:57:51.425262
[term32-3] Missing packets [17, 18], sending NACK...
[term32-3] Missing packets [1, 8, 9, 10], sending NACK...
[term32-3] seq=21 rtt=562.9329681396484ms  lat=-43.96397399902344 lon=141.27761840820312 time=2026-05-01 17:57:51.926531
[term32-3] Missing packets [20], sending NACK...
[term32-3] seq=22 rtt=572.960376739502ms  lat=-41.1159553527832 lon=-103.21648406982422 time=2026-05-01 17:57:52.177136
[term32-3] Missing packets [12], sending NACK...
[term32-3] seq=24 rtt=592.8101539611816ms  lat=-80.28021240234375 lon=121.55949401855469 time=2026-05-01 17:57:52.678684
[term32-3] Missing packets [6, 23], sending NACK...
[term32-3] seq=25 rtt=603.0631065368652ms  lat=2.4533965587615967 lon=-76.647216796875 time=2026-05-01 17:57:52.929264
[term32-3] Missing packets [17, 18], sending NACK...
[term32-3] Missing packets [1, 8, 9, 10], sending NACK...
[term32-3] seq=29 rtt=643.0153846740723ms  lat=-84.40513610839844 lon=-10.944205284118652 time=2026-05-01 17:57:53.932165
[term32-3] Missing packets [20, 26, 27, 28], sending NACK...
[term32-3] Missing packets [12], sending NACK...
[term32-3] seq=31 rtt=663.4566783905029ms  lat=55.6290397644043 lon=24.70322036743164 time=2026-05-01 17:57:54.433499
[term32-3] Missing packets [30], sending NACK...
[term32-3] seq=32 rtt=673.7957000732422ms  lat=20.454063415527344 lon=-112.86823272705078 time=2026-05-01 17:57:54.684202
[term32-3] Missing packets [6, 23], sending NACK...
[term32-3] Missing packets [17, 18], sending NACK...
[term32-3] Missing packets [1, 8, 9, 10], sending NACK...
[term32-3] seq=37 rtt=722.8260040283203ms  lat=-20.1015682220459 lon=-90.22274780273438 time=2026-05-01 17:57:55.937611
[term32-3] Missing packets [20, 26, 27, 28, 33, 34, 35, 36], sending NACK...
[term32-3] seq=38 rtt=732.9721450805664ms  lat=-69.7588882446289 lon=146.6058807373047 time=2026-05-01 17:57:56.188242
[term32-3] Missing packets [12], sending NACK...
[term32-3] Missing packets [30], sending NACK...
[term32-3] Missing packets [6, 23], sending NACK...
[term32-3] seq=43 rtt=523.0188369750977ms  lat=-81.36805725097656 lon=-128.30953979492188 time=2026-05-01 17:57:57.441360
[term32-3] Missing packets [39, 40, 41, 42], sending NACK...
[term32-3] Missing packets [17, 18], sending NACK...
[term32-3] seq=45 rtt=543.0538654327393ms  lat=-85.38429260253906 lon=-156.52328491210938 time=2026-05-01 17:57:57.942496
[term32-3] Missing packets [1, 8, 9, 10, 44], sending NACK...
[term32-3] Missing packets [20, 26, 27, 28, 33, 34, 35, 36], sending NACK...
[term32-3] seq=47 rtt=563.2233619689941ms  lat=68.6212387084961 lon=-9.267955780029297 time=2026-05-01 17:57:58.443607
[term32-3] Missing packets [12, 46], sending NACK...
[term32-3] Missing packets [30], sending NACK...
[term32-3] seq=49 rtt=583.6806297302246ms  lat=-20.685649871826172 lon=-114.57283020019531 time=2026-05-01 17:57:58.944809
[term32-3] Missing packets [6, 23, 48], sending NACK...
[term32-3] seq=50 rtt=594.0067768096924ms  lat=68.20792388916016 lon=104.86908721923828 time=2026-05-01 17:57:59.195523
[term32-3] seq=51 rtt=603.7516593933105ms  lat=-59.7916374206543 lon=-4.09755802154541 time=2026-05-01 17:57:59.446447
[term32-3] Missing packets [39, 40, 41, 42], sending NACK...
[term32-3] Missing packets [17, 18], sending NACK...
[term32-3] seq=53 rtt=623.9376068115234ms  lat=-25.577943801879883 lon=-162.20054626464844 time=2026-05-01 17:57:59.947777
[term32-3] Missing packets [8, 9, 10, 44, 52], sending NACK...
[term32-3] Missing packets [20, 26, 27, 28, 33, 34, 35, 36], sending NACK...
[term32-3] Missing packets [12, 46], sending NACK...
[term32-3] seq=56 rtt=654.2105674743652ms  lat=39.93088150024414 lon=-38.72108459472656 time=2026-05-01 17:58:00.699418
[term32-3] Missing packets [30, 54, 55], sending NACK...
[term32-3] Missing packets [23, 48], sending NACK...
[term32-3] seq=58 rtt=674.5283603668213ms  lat=-58.896602630615234 lon=32.863136291503906 time=2026-05-01 17:58:01.200745
[term32-3] Missing packets [57], sending NACK...
[term32-3] seq=59 rtt=684.9777698516846ms  lat=-23.04436683654785 lon=-58.15985107421875 time=2026-05-01 17:58:01.451429
[term32-3] Missing packets [39, 40, 41, 42], sending NACK...
[term32-3] Missing packets [17, 18], sending NACK...
[term32-3] Missing packets [10, 44, 52], sending NACK...
[term32-3] Missing packets [20, 26, 27, 28, 33, 34, 35, 36], sending NACK...
[term32-3] seq=63 rtt=726.1595726013184ms  lat=-67.71015167236328 lon=102.03831481933594 time=2026-05-01 17:58:02.453783
[term32-3] Missing packets [46, 60, 61, 62], sending NACK...
[term32-3] seq=64 rtt=736.1533641815186ms  lat=-11.40320873260498 lon=22.358078002929688 time=2026-05-01 17:58:02.704295
[term32-3] Missing packets [30, 54, 55], sending NACK...
[term32-3] seq=65 rtt=746.1159229278564ms  lat=42.26567077636719 lon=120.37973022460938 time=2026-05-01 17:58:02.954847
[term32-3] seq=66 rtt=502.72274017333984ms  lat=-14.484609603881836 lon=-127.14924621582031 time=2026-05-01 17:58:03.205381
[term32-3] Missing packets [23, 48], sending NACK...
[term32-3] seq=67 rtt=512.9499435424805ms  lat=45.46723556518555 lon=42.05241394042969 time=2026-05-01 17:58:03.455850
[term32-3] Missing packets [57], sending NACK...
[term32-3] Missing packets [39, 40, 41, 42], sending NACK...
[term32-3] seq=69 rtt=533.5557460784912ms  lat=63.45852279663086 lon=34.64057159423828 time=2026-05-01 17:58:03.956864
[term32-3] Missing packets [68], sending NACK...
[term32-3] seq=70 rtt=543.7624454498291ms  lat=-45.18617248535156 lon=-50.70956802368164 time=2026-05-01 17:58:04.207444
[term32-3] Missing packets [44, 52], sending NACK...
[term32-3] seq=71 rtt=553.7917613983154ms  lat=69.14293670654297 lon=87.72823333740234 time=2026-05-01 17:58:04.457992
[term32-3] Missing packets [26, 27, 28, 33, 34, 35, 36], sending NACK...
[term32-3] Missing packets [46, 60, 61, 62], sending NACK...
[term32-3] Missing packets [30, 54, 55], sending NACK...
[term32-3] Missing packets [23, 48], sending NACK...
[term32-3] seq=75 rtt=594.0237045288086ms  lat=28.74700164794922 lon=-3.562154769897461 time=2026-05-01 17:58:05.460188
[term32-3] Missing packets [57, 72, 73, 74], sending NACK...
[term32-3] Missing packets [39, 40, 41, 42], sending NACK...
[term32-3] seq=77 rtt=615.2284145355225ms  lat=-31.04933738708496 lon=129.8846435546875 time=2026-05-01 17:58:05.961321
[term32-3] Missing packets [68, 76], sending NACK...
[term32-3] Missing packets [44, 52], sending NACK...
[term32-3] seq=79 rtt=635.4579925537109ms  lat=85.90863037109375 lon=-17.501968383789062 time=2026-05-01 17:58:06.462667
[term32-3] Missing packets [33, 34, 35, 36, 78], sending NACK...
[term32-3] seq=80 rtt=645.3278064727783ms  lat=-39.178340911865234 lon=175.4302978515625 time=2026-05-01 17:58:06.713415
[term32-3] Missing packets [46, 60, 61, 62], sending NACK...
[term32-3] seq=81 rtt=655.2517414093018ms  lat=56.614845275878906 lon=174.2827911376953 time=2026-05-01 17:58:06.964119
[term32-3] Missing packets [54, 55], sending NACK...
[term32-3] seq=82 rtt=665.3661727905273ms  lat=-39.25528335571289 lon=-150.58424377441406 time=2026-05-01 17:58:07.214725
[term32-3] Missing packets [48], sending NACK...
[term32-3] seq=83 rtt=675.4202842712402ms  lat=-89.6982650756836 lon=-141.97938537597656 time=2026-05-01 17:58:07.465231
[term32-3] Missing packets [57, 72, 73, 74], sending NACK...
[term32-3] seq=84 rtt=685.4150295257568ms  lat=-59.122310638427734 lon=-57.39175796508789 time=2026-05-01 17:58:07.715887
[term32-3] Missing packets [39, 40, 41, 42], sending NACK...
[term32-3] seq=85 rtt=695.7039833068848ms  lat=-87.48612213134766 lon=-162.10301208496094 time=2026-05-01 17:58:07.966364
[term32-3] Missing packets [68, 76], sending NACK...
[term32-3] Missing packets [44, 52], sending NACK...
[term32-3] Missing packets [36, 78], sending NACK...
[term32-3] seq=88 rtt=725.8024215698242ms  lat=-5.115979194641113 lon=-21.518966674804688 time=2026-05-01 17:58:08.718431
[term32-3] Missing packets [46, 60, 61, 62, 86, 87], sending NACK...
[term32-3] seq=89 rtt=735.9302043914795ms  lat=-32.92551803588867 lon=68.7322998046875 time=2026-05-01 17:58:08.968940
[term32-3] Missing packets [54, 55], sending NACK...
[term32-3] Missing packets [48], sending NACK...
[term32-3] Missing packets [57, 72, 73, 74], sending NACK...
[term32-3] Missing packets [40, 41, 42], sending NACK...
[term32-3] Missing packets [68, 76], sending NACK...
[term32-3] Missing packets [44, 52], sending NACK...
[term32-3] seq=96 rtt=545.9446907043457ms  lat=5.032215118408203 lon=-26.490158081054688 time=2026-05-01 17:58:10.722760
[term32-3] Missing packets [78, 90, 91, 92, 93, 94, 95], sending NACK...
[term32-3] Missing packets [60, 61, 62, 86, 87], sending NACK...
[term32-3] seq=98 rtt=566.5128231048584ms  lat=52.79802703857422 lon=-161.42738342285156 time=2026-05-01 17:58:11.223729
[term32-3] Missing packets [54, 55, 97], sending NACK...
[term32-3] seq=100 rtt=586.5681171417236ms  lat=25.343505859375 lon=-21.054279327392578 time=2026-05-01 17:58:11.724881
[term32-3] Missing packets [57, 72, 73, 74, 99], sending NACK...
[term32-3] Missing packets [68, 76], sending NACK...
[term32-3] seq=103 rtt=616.6892051696777ms  lat=-34.77420425415039 lon=-123.8426742553711 time=2026-05-01 17:58:12.476529
[term32-3] Missing packets [101, 102], sending NACK...
[term32-3] Missing packets [78, 90, 91, 92, 93, 94, 95], sending NACK...
[term32-3] seq=105 rtt=637.2296810150146ms  lat=3.2450954914093018 lon=-131.26034545898438 time=2026-05-01 17:58:12.977468
[term32-3] Missing packets [60, 61, 62, 86, 87, 104], sending NACK...
[term32-3] Missing packets [97], sending NACK...
[term32-3] seq=107 rtt=657.1550369262695ms  lat=87.00584411621094 lon=-123.59567260742188 time=2026-05-01 17:58:13.478795
[term32-3] Missing packets [106], sending NACK...
[term32-3] seq=108 rtt=667.5055027008057ms  lat=69.89759063720703 lon=44.0496826171875 time=2026-05-01 17:58:13.729392
[term32-3] Missing packets [72, 73, 74, 99], sending NACK...
[term32-3] seq=109 rtt=677.5860786437988ms  lat=-73.08616638183594 lon=68.33763885498047 time=2026-05-01 17:58:13.979989
[term32-3] seq=110 rtt=687.8852844238281ms  lat=-17.8017635345459 lon=-128.0103759765625 time=2026-05-01 17:58:14.230291
[term32-3] Missing packets [68, 76], sending NACK...
[term32-3] seq=111 rtt=697.7193355560303ms  lat=72.19348907470703 lon=64.14453125 time=2026-05-01 17:58:14.480809
[term32-3] Missing packets [101, 102], sending NACK...
[term32-3] seq=112 rtt=707.9019546508789ms  lat=-58.04114532470703 lon=56.994327545166016 time=2026-05-01 17:58:14.731378
[term32-3] Missing packets [78, 90, 91, 92, 93, 94, 95], sending NACK...
[term32-3] seq=113 rtt=718.4667587280273ms  lat=80.9760513305664 lon=-14.95080852508545 time=2026-05-01 17:58:14.981920
[term32-3] Missing packets [86, 87, 104], sending NACK...
[term32-3] seq=114 rtt=728.365421295166ms  lat=-78.38875579833984 lon=138.601318359375 time=2026-05-01 17:58:15.232514
[term32-3] Missing packets [97], sending NACK...
[term32-3] Missing packets [106], sending NACK...
[term32-3] seq=116 rtt=748.931884765625ms  lat=44.539669036865234 lon=-13.18927001953125 time=2026-05-01 17:58:15.733706
[term32-3] Missing packets [72, 73, 74, 99, 115], sending NACK...
[term32-3] seq=118 rtt=508.93616676330566ms  lat=-45.38025665283203 lon=-104.72460174560547 time=2026-05-01 17:58:16.234564
[term32-3] Missing packets [117], sending NACK...
[term32-3] Missing packets [76], sending NACK...
[term32-3] Duration elapsed, shutting down.
[{label}_{term_id}] Stats saved to /tmp/satcom_stats/jamming_use_case_32_term_3.json
