[term32-7] Starting (duration=30s)
[term32-7] seq=2 rtt=631.5639019012451ms  lat=-32.341068267822266 lon=-26.9886474609375 time=2026-05-01 17:57:47.164569
[term32-7] Missing packets [1], sending NACK...
[term32-7] seq=3 rtt=641.6835784912109ms  lat=85.02093505859375 lon=-102.51419067382812 time=2026-05-01 17:57:47.415134
[term32-7] seq=5 rtt=661.4930629730225ms  lat=65.31238555908203 lon=117.40528869628906 time=2026-05-01 17:57:47.916382
[term32-7] Missing packets [4], sending NACK...
[term32-7] seq=8 rtt=691.7293071746826ms  lat=43.5367431640625 lon=-171.17453002929688 time=2026-05-01 17:57:48.668164
[term32-7] Missing packets [6, 7], sending NACK...
[term32-7] Missing packets [1], sending NACK...
[term32-7] seq=11 rtt=721.5242385864258ms  lat=81.93811798095703 lon=-161.3505096435547 time=2026-05-01 17:57:49.420548
[term32-7] msg="Coded packet received" for seqs=[2]
[term32-7] Missing packets [9, 10], sending NACK...
[term32-7] seq=13 rtt=741.5320873260498ms  lat=-4.368764400482178 lon=-83.82676696777344 time=2026-05-01 17:57:49.921799
[term32-7] Missing packets [4, 12], sending NACK...
[term32-7] seq=15 rtt=502.67863273620605ms  lat=-23.53129768371582 lon=-161.5828399658203 time=2026-05-01 17:57:50.422939
[term32-7] Missing packets [14], sending NACK...
[term32-7] seq=16 rtt=513.2532119750977ms  lat=-36.5377197265625 lon=-104.07862091064453 time=2026-05-01 17:57:50.673422
[term32-7] Missing packets [6, 7], sending NACK...
[term32-7] seq=19 rtt=543.0068969726562ms  lat=65.46654510498047 lon=-8.337937355041504 time=2026-05-01 17:57:51.425262
[term32-7] Missing packets [1, 17, 18], sending NACK...
[term32-7] Missing packets [9, 10], sending NACK...
[term32-7] seq=21 rtt=562.8206729888916ms  lat=-43.96397399902344 lon=141.27761840820312 time=2026-05-01 17:57:51.926531
[term32-7] Missing packets [20], sending NACK...
[term32-7] seq=22 rtt=572.8931427001953ms  lat=-41.1159553527832 lon=-103.21648406982422 time=2026-05-01 17:57:52.177136
[term32-7] Missing packets [4, 12], sending NACK...
[term32-7] seq=23 rtt=582.6442241668701ms  lat=24.220029830932617 lon=40.94043731689453 time=2026-05-01 17:57:52.427881
[term32-7] Missing packets [14], sending NACK...
[term32-7] seq=24 rtt=592.5431251525879ms  lat=-80.28021240234375 lon=121.55949401855469 time=2026-05-01 17:57:52.678684
[term32-7] seq=25 rtt=602.6709079742432ms  lat=2.4533965587615967 lon=-76.647216796875 time=2026-05-01 17:57:52.929264
[term32-7] Missing packets [6, 7], sending NACK...
[term32-7] Missing packets [1, 17, 18], sending NACK...
[term32-7] Missing packets [9, 10], sending NACK...
[term32-7] Missing packets [20], sending NACK...
[term32-7] Missing packets [4, 12], sending NACK...
[term32-7] seq=31 rtt=662.4660491943359ms  lat=55.6290397644043 lon=24.70322036743164 time=2026-05-01 17:57:54.433499
[term32-7] Missing packets [14, 26, 27, 28, 29, 30], sending NACK...
[term32-7] seq=32 rtt=672.645092010498ms  lat=20.454063415527344 lon=-112.86823272705078 time=2026-05-01 17:57:54.684202
[term32-7] Missing packets [6, 7], sending NACK...
[term32-7] seq=35 rtt=702.4581432342529ms  lat=-57.96650314331055 lon=-153.59539794921875 time=2026-05-01 17:57:55.436458
[term32-7] Missing packets [1, 17, 18, 33, 34], sending NACK...
[term32-7] Missing packets [9, 10], sending NACK...
[term32-7] seq=37 rtt=722.9616641998291ms  lat=-20.1015682220459 lon=-90.22274780273438 time=2026-05-01 17:57:55.937611
[term32-7] Missing packets [20, 36], sending NACK...
[term32-7] seq=38 rtt=733.2980632781982ms  lat=-69.7588882446289 lon=146.6058807373047 time=2026-05-01 17:57:56.188242
[term32-7] Missing packets [4, 12], sending NACK...
[term32-7] Missing packets [14, 26, 27, 28, 29, 30], sending NACK...
[term32-7] Missing packets [6, 7], sending NACK...
[term32-7] seq=43 rtt=522.5422382354736ms  lat=-81.36805725097656 lon=-128.30953979492188 time=2026-05-01 17:57:57.441360
[term32-7] Missing packets [39, 40, 41, 42], sending NACK...
[term32-7] Missing packets [1, 17, 18, 33, 34], sending NACK...
[term32-7] seq=45 rtt=543.1966781616211ms  lat=-85.38429260253906 lon=-156.52328491210938 time=2026-05-01 17:57:57.942496
[term32-7] Missing packets [9, 10, 44], sending NACK...
[term32-7] Missing packets [20, 36], sending NACK...
[term32-7] seq=47 rtt=563.4555816650391ms  lat=68.6212387084961 lon=-9.267955780029297 time=2026-05-01 17:57:58.443607
[term32-7] Missing packets [4, 12, 46], sending NACK...
[term32-7] seq=48 rtt=573.7495422363281ms  lat=-30.45209312438965 lon=-1.7219575643539429 time=2026-05-01 17:57:58.694139
[term32-7] Missing packets [14, 26, 27, 28, 29, 30], sending NACK...
[term32-7] seq=49 rtt=584.0742588043213ms  lat=-20.685649871826172 lon=-114.57283020019531 time=2026-05-01 17:57:58.944809
[term32-7] Missing packets [6, 7], sending NACK...
[term32-7] seq=51 rtt=603.5349369049072ms  lat=-59.7916374206543 lon=-4.09755802154541 time=2026-05-01 17:57:59.446447
[term32-7] Missing packets [39, 40, 41, 42, 50], sending NACK...
[term32-7] seq=52 rtt=613.6445999145508ms  lat=-70.76988983154297 lon=-65.243896484375 time=2026-05-01 17:57:59.697184
[term32-7] Missing packets [17, 18, 33, 34], sending NACK...
[term32-7] Missing packets [9, 10, 44], sending NACK...
[term32-7] seq=54 rtt=634.0370178222656ms  lat=-37.94953155517578 lon=-62.3082160949707 time=2026-05-01 17:58:00.198411
[term32-7] Missing packets [20, 36, 53], sending NACK...
[term32-7] Missing packets [12, 46], sending NACK...
[term32-7] seq=56 rtt=654.4513702392578ms  lat=39.93088150024414 lon=-38.72108459472656 time=2026-05-01 17:58:00.699418
[term32-7] Missing packets [14, 26, 27, 28, 29, 30, 55], sending NACK...
[term32-7] seq=58 rtt=674.6270656585693ms  lat=-58.896602630615234 lon=32.863136291503906 time=2026-05-01 17:58:01.200745
[term32-7] Missing packets [57], sending NACK...
[term32-7] seq=59 rtt=684.607744216919ms  lat=-23.04436683654785 lon=-58.15985107421875 time=2026-05-01 17:58:01.451429
[term32-7] Missing packets [39, 40, 41, 42, 50], sending NACK...
[term32-7] seq=60 rtt=694.7841644287109ms  lat=-43.575721740722656 lon=-53.754390716552734 time=2026-05-01 17:58:01.701975
[term32-7] Missing packets [17, 18, 33, 34], sending NACK...
[term32-7] Missing packets [44], sending NACK...
[term32-7] Missing packets [20, 36, 53], sending NACK...
[term32-7] seq=63 rtt=725.9092330932617ms  lat=-67.71015167236328 lon=102.03831481933594 time=2026-05-01 17:58:02.453783
[term32-7] Missing packets [46, 61, 62], sending NACK...
[term32-7] Missing packets [14, 26, 27, 28, 29, 30, 55], sending NACK...
[term32-7] seq=65 rtt=745.7404136657715ms  lat=42.26567077636719 lon=120.37973022460938 time=2026-05-01 17:58:02.954847
[term32-7] seq=66 rtt=502.64453887939453ms  lat=-14.484609603881836 lon=-127.14924621582031 time=2026-05-01 17:58:03.205381
[term32-7] Missing packets [64], sending NACK...
[term32-7] seq=67 rtt=512.8641128540039ms  lat=45.46723556518555 lon=42.05241394042969 time=2026-05-01 17:58:03.455850
[term32-7] Missing packets [57], sending NACK...
[term32-7] Missing packets [39, 40, 41, 42, 50], sending NACK...
[term32-7] Missing packets [18, 33, 34], sending NACK...
[term32-7] seq=70 rtt=543.8656806945801ms  lat=-45.18617248535156 lon=-50.70956802368164 time=2026-05-01 17:58:04.207444
[term32-7] Missing packets [44, 68, 69], sending NACK...
[term32-7] seq=71 rtt=554.0075302124023ms  lat=69.14293670654297 lon=87.72823333740234 time=2026-05-01 17:58:04.457992
[term32-7] Missing packets [36, 53], sending NACK...
[term32-7] Missing packets [46, 61, 62], sending NACK...
[term32-7] seq=73 rtt=573.9195346832275ms  lat=-79.63902282714844 lon=168.2827911376953 time=2026-05-01 17:58:04.959158
[term32-7] Missing packets [26, 27, 28, 29, 30, 55, 72], sending NACK...
[term32-7] Missing packets [64], sending NACK...
[term32-7] seq=75 rtt=594.0861701965332ms  lat=28.74700164794922 lon=-3.562154769897461 time=2026-05-01 17:58:05.460188
[term32-7] Missing packets [57, 74], sending NACK...
[term32-7] Missing packets [39, 40, 41, 42, 50], sending NACK...
[term32-7] Missing packets [33, 34], sending NACK...
[term32-7] Missing packets [44, 68, 69], sending NACK...
[term32-7] Missing packets [36, 53], sending NACK...
[term32-7] seq=80 rtt=645.0862884521484ms  lat=-39.178340911865234 lon=175.4302978515625 time=2026-05-01 17:58:06.713415
[term32-7] Missing packets [46, 61, 62, 76, 77, 78, 79], sending NACK...
[term32-7] Missing packets [55, 72], sending NACK...
[term32-7] seq=82 rtt=665.1403903961182ms  lat=-39.25528335571289 lon=-150.58424377441406 time=2026-05-01 17:58:07.214725
[term32-7] Missing packets [64, 81], sending NACK...
[term32-7] seq=83 rtt=675.3506660461426ms  lat=-89.6982650756836 lon=-141.97938537597656 time=2026-05-01 17:58:07.465231
[term32-7] Missing packets [57, 74], sending NACK...
[term32-7] seq=84 rtt=685.3640079498291ms  lat=-59.122310638427734 lon=-57.39175796508789 time=2026-05-01 17:58:07.715887
[term32-7] Missing packets [39, 40, 41, 42, 50], sending NACK...
[term32-7] seq=85 rtt=695.5735683441162ms  lat=-87.48612213134766 lon=-162.10301208496094 time=2026-05-01 17:58:07.966364
[term32-7] Missing packets [44, 68, 69], sending NACK...
[term32-7] Missing packets [36, 53], sending NACK...
[term32-7] seq=88 rtt=725.212574005127ms  lat=-5.115979194641113 lon=-21.518966674804688 time=2026-05-01 17:58:08.718431
[term32-7] Missing packets [46, 61, 62, 76, 77, 78, 79, 86, 87], sending NACK...
[term32-7] Missing packets [55, 72], sending NACK...
[term32-7] Missing packets [64, 81], sending NACK...
[term32-7] Missing packets [57, 74], sending NACK...
[term32-7] Missing packets [39, 40, 41, 42, 50], sending NACK...
[term32-7] seq=94 rtt=525.6714820861816ms  lat=80.56603240966797 lon=-172.92323303222656 time=2026-05-01 17:58:10.221710
[term32-7] Missing packets [89, 90, 91, 92, 93], sending NACK...
[term32-7] Missing packets [68, 69], sending NACK...
[term32-7] seq=96 rtt=545.9165573120117ms  lat=5.032215118408203 lon=-26.490158081054688 time=2026-05-01 17:58:10.722760
[term32-7] Missing packets [53, 95], sending NACK...
[term32-7] Missing packets [61, 62, 76, 77, 78, 79, 86, 87], sending NACK...
[term32-7] seq=98 rtt=566.0438537597656ms  lat=52.79802703857422 lon=-161.42738342285156 time=2026-05-01 17:58:11.223729
[term32-7] Missing packets [55, 72, 97], sending NACK...
[term32-7] Missing packets [64, 81], sending NACK...
[term32-7] Missing packets [57, 74], sending NACK...
[term32-7] seq=101 rtt=596.2100028991699ms  lat=-5.0863518714904785 lon=-116.97620391845703 time=2026-05-01 17:58:11.975333
[term32-7] Missing packets [99, 100], sending NACK...
[term32-7] Missing packets [89, 90, 91, 92, 93], sending NACK...
[term32-7] seq=103 rtt=616.2028312683105ms  lat=-34.77420425415039 lon=-123.8426742553711 time=2026-05-01 17:58:12.476529
[term32-7] Missing packets [68, 69, 102], sending NACK...
[term32-7] Missing packets [95], sending NACK...
[term32-7] seq=105 rtt=637.0604038238525ms  lat=3.2450954914093018 lon=-131.26034545898438 time=2026-05-01 17:58:12.977468
[term32-7] Missing packets [61, 62, 76, 77, 78, 79, 86, 87, 104], sending NACK...
[term32-7] Missing packets [72, 97], sending NACK...
[term32-7] seq=107 rtt=656.9511890411377ms  lat=87.00584411621094 lon=-123.59567260742188 time=2026-05-01 17:58:13.478795
[term32-7] Missing packets [64, 81, 106], sending NACK...
[term32-7] seq=108 rtt=667.0577526092529ms  lat=69.89759063720703 lon=44.0496826171875 time=2026-05-01 17:58:13.729392
[term32-7] Missing packets [74], sending NACK...
[term32-7] seq=109 rtt=677.1557331085205ms  lat=-73.08616638183594 lon=68.33763885498047 time=2026-05-01 17:58:13.979989
[term32-7] Missing packets [99, 100], sending NACK...
[term32-7] Missing packets [89, 90, 91, 92, 93], sending NACK...
[term32-7] seq=111 rtt=697.4353790283203ms  lat=72.19348907470703 lon=64.14453125 time=2026-05-01 17:58:14.480809
[term32-7] Missing packets [68, 69, 102, 110], sending NACK...
[term32-7] seq=112 rtt=707.7639102935791ms  lat=-58.04114532470703 lon=56.994327545166016 time=2026-05-01 17:58:14.731378
[term32-7] Missing packets [95], sending NACK...
[term32-7] seq=113 rtt=718.2888984680176ms  lat=80.9760513305664 lon=-14.95080852508545 time=2026-05-01 17:58:14.981920
[term32-7] Missing packets [76, 77, 78, 79, 86, 87, 104], sending NACK...
[term32-7] Missing packets [72, 97], sending NACK...
[term32-7] seq=115 rtt=738.419771194458ms  lat=-16.677555084228516 lon=78.0971450805664 time=2026-05-01 17:58:15.483132
[term32-7] Missing packets [81, 106, 114], sending NACK...
[term32-7] seq=116 rtt=748.7175464630127ms  lat=44.539669036865234 lon=-13.18927001953125 time=2026-05-01 17:58:15.733706
[term32-7] Missing packets [74], sending NACK...
[term32-7] Missing packets [99, 100], sending NACK...
[term32-7] Missing packets [89, 90, 91, 92, 93], sending NACK...
[term32-7] Duration elapsed, shutting down.
[{label}_{term_id}] Stats saved to /tmp/satcom_stats/jamming_use_case_32_term_7.json
