[term32-0] Starting (duration=30s)
[term32-0] seq=2 rtt=610.370397567749ms  lat=-32.341068267822266 lon=-26.9886474609375 time=2026-05-01 17:57:47.164569
[term32-0] Missing packets [1], sending NACK...
[term32-0] seq=4 rtt=630.3579807281494ms  lat=-31.61194610595703 lon=-168.1351776123047 time=2026-05-01 17:57:47.665812
[term32-0] Missing packets [3], sending NACK...
[term32-0] seq=5 rtt=640.4786109924316ms  lat=65.31238555908203 lon=117.40528869628906 time=2026-05-01 17:57:47.916382
[term32-0] seq=7 rtt=660.8147621154785ms  lat=-8.67408275604248 lon=-41.93962478637695 time=2026-05-01 17:57:48.417584
[term32-0] Missing packets [6], sending NACK...
[term32-0] Missing packets [1], sending NACK...
[term32-0] seq=11 rtt=701.3819217681885ms  lat=81.93811798095703 lon=-161.3505096435547 time=2026-05-01 17:57:49.420548
[term32-0] msg="Coded packet received" for seqs=[2]
[term32-0] Missing packets [8, 9, 10], sending NACK...
[term32-0] Missing packets [3], sending NACK...
[term32-0] seq=13 rtt=721.9607830047607ms  lat=-4.368764400482178 lon=-83.82676696777344 time=2026-05-01 17:57:49.921799
[term32-0] Missing packets [12], sending NACK...
[term32-0] seq=14 rtt=732.4440479278564ms  lat=11.909761428833008 lon=94.61783599853516 time=2026-05-01 17:57:50.172365
[term32-0] seq=15 rtt=742.8431510925293ms  lat=-23.53129768371582 lon=-161.5828399658203 time=2026-05-01 17:57:50.422939
[term32-0] Missing packets [6], sending NACK...
[term32-0] seq=16 rtt=753.0722618103027ms  lat=-36.5377197265625 lon=-104.07862091064453 time=2026-05-01 17:57:50.673422
[term32-0] seq=19 rtt=522.5791931152344ms  lat=65.46654510498047 lon=-8.337937355041504 time=2026-05-01 17:57:51.425262
[term32-0] Missing packets [1, 17, 18], sending NACK...
[term32-0] seq=20 rtt=532.9830646514893ms  lat=73.82642364501953 lon=-72.472900390625 time=2026-05-01 17:57:51.675881
[term32-0] Missing packets [8, 9, 10], sending NACK...
[term32-0] Missing packets [3], sending NACK...
[term32-0] Missing packets [12], sending NACK...
[term32-0] seq=23 rtt=563.2212162017822ms  lat=24.220029830932617 lon=40.94043731689453 time=2026-05-01 17:57:52.427881
[term32-0] Missing packets [21, 22], sending NACK...
[term32-0] Missing packets [6], sending NACK...
[term32-0] seq=25 rtt=583.5001468658447ms  lat=2.4533965587615967 lon=-76.647216796875 time=2026-05-01 17:57:52.929264
[term32-0] Missing packets [24], sending NACK...
[term32-0] seq=26 rtt=593.2672023773193ms  lat=-11.993827819824219 lon=-18.833242416381836 time=2026-05-01 17:57:53.180061
[term32-0] Missing packets [1, 17, 18], sending NACK...
[term32-0] Missing packets [8, 9, 10], sending NACK...
[term32-0] Missing packets [3], sending NACK...
[term32-0] Missing packets [12], sending NACK...
[term32-0] seq=31 rtt=643.1403160095215ms  lat=55.6290397644043 lon=24.70322036743164 time=2026-05-01 17:57:54.433499
[term32-0] Missing packets [21, 22, 27, 28, 29, 30], sending NACK...
[term32-0] seq=32 rtt=653.7230014801025ms  lat=20.454063415527344 lon=-112.86823272705078 time=2026-05-01 17:57:54.684202
[term32-0] Missing packets [6], sending NACK...
[term32-0] seq=33 rtt=663.959264755249ms  lat=81.66881561279297 lon=-86.03717803955078 time=2026-05-01 17:57:54.934840
[term32-0] Missing packets [24], sending NACK...
[term32-0] seq=34 rtt=674.0036010742188ms  lat=10.273733139038086 lon=116.0087661743164 time=2026-05-01 17:57:55.185515
[term32-0] Missing packets [1, 17, 18], sending NACK...
[term32-0] Missing packets [8, 9, 10], sending NACK...
[term32-0] seq=37 rtt=704.4613361358643ms  lat=-20.1015682220459 lon=-90.22274780273438 time=2026-05-01 17:57:55.937611
[term32-0] Missing packets [3, 35, 36], sending NACK...
[term32-0] seq=38 rtt=714.6527767181396ms  lat=-69.7588882446289 lon=146.6058807373047 time=2026-05-01 17:57:56.188242
[term32-0] Missing packets [12], sending NACK...
[term32-0] Missing packets [21, 22, 27, 28, 29, 30], sending NACK...
[term32-0] Missing packets [6], sending NACK...
[term32-0] Missing packets [24], sending NACK...
[term32-0] seq=43 rtt=504.1773319244385ms  lat=-81.36805725097656 lon=-128.30953979492188 time=2026-05-01 17:57:57.441360
[term32-0] Missing packets [39, 40, 41, 42], sending NACK...
[term32-0] Missing packets [1, 17, 18], sending NACK...
[term32-0] seq=45 rtt=524.2111682891846ms  lat=-85.38429260253906 lon=-156.52328491210938 time=2026-05-01 17:57:57.942496
[term32-0] Missing packets [8, 9, 10, 44], sending NACK...
[term32-0] Missing packets [3, 35, 36], sending NACK...
[term32-0] seq=47 rtt=544.5399284362793ms  lat=68.6212387084961 lon=-9.267955780029297 time=2026-05-01 17:57:58.443607
[term32-0] Missing packets [12, 46], sending NACK...
[term32-0] seq=48 rtt=554.78835105896ms  lat=-30.45209312438965 lon=-1.7219575643539429 time=2026-05-01 17:57:58.694139
[term32-0] Missing packets [21, 22, 27, 28, 29, 30], sending NACK...
[term32-0] Missing packets [6], sending NACK...
[term32-0] seq=50 rtt=574.821949005127ms  lat=68.20792388916016 lon=104.86908721923828 time=2026-05-01 17:57:59.195523
[term32-0] Missing packets [24, 49], sending NACK...
[term32-0] seq=51 rtt=584.3467712402344ms  lat=-59.7916374206543 lon=-4.09755802154541 time=2026-05-01 17:57:59.446447
[term32-0] Missing packets [39, 40, 41, 42], sending NACK...
[term32-0] seq=52 rtt=594.0101146697998ms  lat=-70.76988983154297 lon=-65.243896484375 time=2026-05-01 17:57:59.697184
[term32-0] Missing packets [17, 18], sending NACK...
[term32-0] Missing packets [8, 9, 10, 44], sending NACK...
[term32-0] seq=54 rtt=613.755464553833ms  lat=-37.94953155517578 lon=-62.3082160949707 time=2026-05-01 17:58:00.198411
[term32-0] Missing packets [35, 36, 53], sending NACK...
[term32-0] Missing packets [12, 46], sending NACK...
[term32-0] seq=56 rtt=634.7362995147705ms  lat=39.93088150024414 lon=-38.72108459472656 time=2026-05-01 17:58:00.699418
[term32-0] Missing packets [21, 22, 27, 28, 29, 30, 55], sending NACK...
[term32-0] seq=58 rtt=654.6916961669922ms  lat=-58.896602630615234 lon=32.863136291503906 time=2026-05-01 17:58:01.200745
[term32-0] Missing packets [24, 49, 57], sending NACK...
[term32-0] Missing packets [39, 40, 41, 42], sending NACK...
[term32-0] Missing packets [17, 18], sending NACK...
[term32-0] Missing packets [9, 10, 44], sending NACK...
[term32-0] Missing packets [35, 36, 53], sending NACK...
[term32-0] seq=63 rtt=705.0361633300781ms  lat=-67.71015167236328 lon=102.03831481933594 time=2026-05-01 17:58:02.453783
[term32-0] Missing packets [46, 59, 60, 61, 62], sending NACK...
[term32-0] seq=64 rtt=715.6422138214111ms  lat=-11.40320873260498 lon=22.358078002929688 time=2026-05-01 17:58:02.704295
[term32-0] Missing packets [21, 22, 27, 28, 29, 30, 55], sending NACK...
[term32-0] seq=65 rtt=725.806474685669ms  lat=42.26567077636719 lon=120.37973022460938 time=2026-05-01 17:58:02.954847
[term32-0] seq=66 rtt=736.0069751739502ms  lat=-14.484609603881836 lon=-127.14924621582031 time=2026-05-01 17:58:03.205381
[term32-0] Missing packets [24, 49, 57], sending NACK...
[term32-0] Missing packets [39, 40, 41, 42], sending NACK...
[term32-0] Missing packets [17, 18], sending NACK...
[term32-0] seq=70 rtt=515.7148838043213ms  lat=-45.18617248535156 lon=-50.70956802368164 time=2026-05-01 17:58:04.207444
[term32-0] Missing packets [44, 67, 68, 69], sending NACK...
[term32-0] seq=71 rtt=526.1073112487793ms  lat=69.14293670654297 lon=87.72823333740234 time=2026-05-01 17:58:04.457992
[term32-0] Missing packets [35, 36, 53], sending NACK...
[term32-0] seq=72 rtt=536.0445976257324ms  lat=68.3215103149414 lon=-96.7628173828125 time=2026-05-01 17:58:04.708621
[term32-0] Missing packets [46, 59, 60, 61, 62], sending NACK...
[term32-0] Missing packets [27, 28, 29, 30, 55], sending NACK...
[term32-0] Missing packets [24, 49, 57], sending NACK...
[term32-0] Missing packets [39, 40, 41, 42], sending NACK...
[term32-0] seq=77 rtt=586.9226455688477ms  lat=-31.04933738708496 lon=129.8846435546875 time=2026-05-01 17:58:05.961321
[term32-0] Missing packets [73, 74, 75, 76], sending NACK...
[term32-0] Missing packets [44, 67, 68, 69], sending NACK...
[term32-0] seq=79 rtt=606.7736148834229ms  lat=85.90863037109375 lon=-17.501968383789062 time=2026-05-01 17:58:06.462667
[term32-0] Missing packets [35, 36, 53, 78], sending NACK...
[term32-0] seq=80 rtt=616.9555187225342ms  lat=-39.178340911865234 lon=175.4302978515625 time=2026-05-01 17:58:06.713415
[term32-0] Missing packets [46, 59, 60, 61, 62], sending NACK...
[term32-0] seq=81 rtt=627.0561218261719ms  lat=56.614845275878906 lon=174.2827911376953 time=2026-05-01 17:58:06.964119
[term32-0] Missing packets [55], sending NACK...
[term32-0] seq=82 rtt=637.0570659637451ms  lat=-39.25528335571289 lon=-150.58424377441406 time=2026-05-01 17:58:07.214725
[term32-0] Missing packets [49, 57], sending NACK...
[term32-0] seq=84 rtt=657.2411060333252ms  lat=-59.122310638427734 lon=-57.39175796508789 time=2026-05-01 17:58:07.715887
[term32-0] Missing packets [39, 40, 41, 42, 83], sending NACK...
[term32-0] seq=85 rtt=667.5424575805664ms  lat=-87.48612213134766 lon=-162.10301208496094 time=2026-05-01 17:58:07.966364
[term32-0] Missing packets [73, 74, 75, 76], sending NACK...
[term32-0] Missing packets [44, 67, 68, 69], sending NACK...
[term32-0] Missing packets [36, 53, 78], sending NACK...
[term32-0] seq=88 rtt=697.6606845855713ms  lat=-5.115979194641113 lon=-21.518966674804688 time=2026-05-01 17:58:08.718431
[term32-0] Missing packets [46, 59, 60, 61, 62, 86, 87], sending NACK...
[term32-0] seq=89 rtt=707.634687423706ms  lat=-32.92551803588867 lon=68.7322998046875 time=2026-05-01 17:58:08.968940
[term32-0] Missing packets [55], sending NACK...
[term32-0] seq=90 rtt=717.8161144256592ms  lat=65.4042739868164 lon=26.43267822265625 time=2026-05-01 17:58:09.219563
[term32-0] Missing packets [49, 57], sending NACK...
[term32-0] seq=92 rtt=738.32106590271ms  lat=2.528695821762085 lon=15.068522453308105 time=2026-05-01 17:58:09.720742
[term32-0] Missing packets [83, 91], sending NACK...
[term32-0] seq=93 rtt=748.7285137176514ms  lat=-30.236328125 lon=-21.912532806396484 time=2026-05-01 17:58:09.971194
[term32-0] Missing packets [73, 74, 75, 76], sending NACK...
[term32-0] Missing packets [44, 67, 68, 69], sending NACK...
[term32-0] seq=96 rtt=518.5220241546631ms  lat=5.032215118408203 lon=-26.490158081054688 time=2026-05-01 17:58:10.722760
[term32-0] Missing packets [53, 78, 94, 95], sending NACK...
[term32-0] Missing packets [59, 60, 61, 62, 86, 87], sending NACK...
[term32-0] seq=98 rtt=539.1371250152588ms  lat=52.79802703857422 lon=-161.42738342285156 time=2026-05-01 17:58:11.223729
[term32-0] Missing packets [55, 97], sending NACK...
[term32-0] seq=100 rtt=559.3030452728271ms  lat=25.343505859375 lon=-21.054279327392578 time=2026-05-01 17:58:11.724881
[term32-0] Missing packets [57, 99], sending NACK...
[term32-0] seq=101 rtt=569.6125030517578ms  lat=-5.0863518714904785 lon=-116.97620391845703 time=2026-05-01 17:58:11.975333
[term32-0] Missing packets [83, 91], sending NACK...
[term32-0] Missing packets [73, 74, 75, 76], sending NACK...
[term32-0] seq=103 rtt=589.9367332458496ms  lat=-34.77420425415039 lon=-123.8426742553711 time=2026-05-01 17:58:12.476529
[term32-0] Missing packets [67, 68, 69, 102], sending NACK...
[term32-0] Missing packets [78, 94, 95], sending NACK...
[term32-0] Missing packets [59, 60, 61, 62, 86, 87], sending NACK...
[term32-0] Missing packets [55, 97], sending NACK...
[term32-0] seq=108 rtt=640.6726837158203ms  lat=69.89759063720703 lon=44.0496826171875 time=2026-05-01 17:58:13.729392
[term32-0] Missing packets [99, 104, 105, 106, 107], sending NACK...
[term32-0] seq=109 rtt=650.8009433746338ms  lat=-73.08616638183594 lon=68.33763885498047 time=2026-05-01 17:58:13.979989
[term32-0] Missing packets [83, 91], sending NACK...
[term32-0] seq=110 rtt=661.4153385162354ms  lat=-17.8017635345459 lon=-128.0103759765625 time=2026-05-01 17:58:14.230291
[term32-0] Missing packets [73, 74, 75, 76], sending NACK...
[term32-0] Missing packets [67, 68, 69, 102], sending NACK...
[term32-0] seq=112 rtt=681.6673278808594ms  lat=-58.04114532470703 lon=56.994327545166016 time=2026-05-01 17:58:14.731378
[term32-0] Missing packets [78, 94, 95, 111], sending NACK...
[term32-0] seq=113 rtt=691.8652057647705ms  lat=80.9760513305664 lon=-14.95080852508545 time=2026-05-01 17:58:14.981920
[term32-0] Missing packets [86, 87], sending NACK...
[term32-0] seq=114 rtt=701.8818855285645ms  lat=-78.38875579833984 lon=138.601318359375 time=2026-05-01 17:58:15.232514
[term32-0] Missing packets [97], sending NACK...
[term32-0] seq=115 rtt=711.8949890136719ms  lat=-16.677555084228516 lon=78.0971450805664 time=2026-05-01 17:58:15.483132
[term32-0] Missing packets [99, 104, 105, 106, 107], sending NACK...
[term32-0] seq=117 rtt=732.3212623596191ms  lat=-1.8098864555358887 lon=-33.92924880981445 time=2026-05-01 17:58:15.983991
[term32-0] Missing packets [83, 91, 116], sending NACK...
[term32-0] seq=118 rtt=742.3779964447021ms  lat=-45.38025665283203 lon=-104.72460174560547 time=2026-05-01 17:58:16.234564
[term32-0] Missing packets [73, 74, 75, 76], sending NACK...
[term32-0] Duration elapsed, shutting down.
[{label}_{term_id}] Stats saved to /tmp/satcom_stats/jamming_use_case_32_term_0.json
