[term_nc] Starting no coding terminal (duration=30s)
[term_nc-0] seq=27 rtt=3131.0768127441406ms  lat=-3.399740219116211 lon=-162.70660400390625 time=2026-05-01 17:56:34.907802
[term_nc-0] seq=36 rtt=783.1039428710938ms  lat=35.726287841796875 lon=32.72831344604492 time=2026-05-01 17:56:37.255991
[term_nc-0] seq=37 rtt=522.1376419067383ms  lat=-65.43228912353516 lon=122.41606140136719 time=2026-05-01 17:56:37.517008
[term_nc-0] seq=40 rtt=522.2868919372559ms  lat=1.3913687467575073 lon=-13.207786560058594 time=2026-05-01 17:56:38.299742
[term_nc-0] seq=45 rtt=522.162675857544ms  lat=67.09012603759766 lon=167.041015625 time=2026-05-01 17:56:39.604536
[term_nc-0] seq=46 rtt=522.4974155426025ms  lat=84.4988784790039 lon=36.15721893310547 time=2026-05-01 17:56:39.865481
[term_nc-0] seq=48 rtt=522.4130153656006ms  lat=60.600040435791016 lon=-78.38399505615234 time=2026-05-01 17:56:40.387470
[term_nc-0] seq=49 rtt=522.4571228027344ms  lat=-33.28572463989258 lon=-10.62324047088623 time=2026-05-01 17:56:40.648596
[term_nc-0] seq=50 rtt=522.2902297973633ms  lat=51.4981575012207 lon=171.57322692871094 time=2026-05-01 17:56:40.909763
[term_nc-0] seq=52 rtt=522.4196910858154ms  lat=-57.68375015258789 lon=175.21441650390625 time=2026-05-01 17:56:41.431571
[term_nc-0] seq=56 rtt=522.6554870605469ms  lat=59.21908187866211 lon=84.18317413330078 time=2026-05-01 17:56:42.475433
[term_nc-0] seq=58 rtt=522.160530090332ms  lat=-60.540184020996094 lon=67.3834457397461 time=2026-05-01 17:56:42.997895
[term_nc-0] seq=60 rtt=522.0725536346436ms  lat=-31.73176383972168 lon=-117.64814758300781 time=2026-05-01 17:56:43.519872
[term_nc-0] seq=61 rtt=522.0894813537598ms  lat=-20.230703353881836 lon=68.03156280517578 time=2026-05-01 17:56:43.780735
[term_nc-0] seq=63 rtt=522.425651550293ms  lat=-62.95408248901367 lon=123.29840087890625 time=2026-05-01 17:56:44.302518
[term_nc-0] seq=65 rtt=522.6809978485107ms  lat=-67.88390350341797 lon=33.685115814208984 time=2026-05-01 17:56:44.824265
[term_nc-0] seq=66 rtt=522.8831768035889ms  lat=10.065070152282715 lon=-162.9110870361328 time=2026-05-01 17:56:45.085230
[term_nc-0] seq=68 rtt=522.554874420166ms  lat=-57.82432174682617 lon=-126.15245056152344 time=2026-05-01 17:56:45.607250
[term_nc-0] seq=70 rtt=522.4599838256836ms  lat=-11.96877384185791 lon=128.24073791503906 time=2026-05-01 17:56:46.128856
[term_nc-0] seq=71 rtt=522.7689743041992ms  lat=-50.58513641357422 lon=-123.48958587646484 time=2026-05-01 17:56:46.389668
[term_nc-0] seq=73 rtt=522.2427845001221ms  lat=-76.27286529541016 lon=-90.96906280517578 time=2026-05-01 17:56:46.911944
[term_nc-0] seq=74 rtt=522.0651626586914ms  lat=-76.67858123779297 lon=179.11520385742188 time=2026-05-01 17:56:47.173031
[term_nc-0] seq=75 rtt=522.1824645996094ms  lat=52.65679931640625 lon=50.33152389526367 time=2026-05-01 17:56:47.433927
[term_nc-0] seq=76 rtt=522.5200653076172ms  lat=4.5475969314575195 lon=-39.63782501220703 time=2026-05-01 17:56:47.694762
[term_nc-0] seq=78 rtt=522.0077037811279ms  lat=43.71013641357422 lon=91.0304946899414 time=2026-05-01 17:56:48.217090
[term_nc-0] seq=80 rtt=522.0110416412354ms  lat=31.40818977355957 lon=89.88191223144531 time=2026-05-01 17:56:48.738975
[term_nc-0] seq=87 rtt=521.9001770019531ms  lat=56.646392822265625 lon=-145.81834411621094 time=2026-05-01 17:56:50.565312
[term_nc-0] seq=91 rtt=521.9330787658691ms  lat=23.289445877075195 lon=81.31391143798828 time=2026-05-01 17:56:51.609517
[term_nc-0] seq=93 rtt=522.3753452301025ms  lat=75.60922241210938 lon=170.14735412597656 time=2026-05-01 17:56:52.131815
[term_nc-0] seq=94 rtt=522.2327709197998ms  lat=-13.707239151000977 lon=2.929680824279785 time=2026-05-01 17:56:52.392833
[term_nc-0] seq=96 rtt=522.2249031066895ms  lat=-39.48456573486328 lon=164.7281494140625 time=2026-05-01 17:56:52.914720
[term_nc-0] seq=97 rtt=522.2768783569336ms  lat=36.461036682128906 lon=2.5206680297851562 time=2026-05-01 17:56:53.175771
[term_nc-0] seq=98 rtt=522.4099159240723ms  lat=-76.54171752929688 lon=18.83257484436035 time=2026-05-01 17:56:53.436770
[term_nc-0] seq=99 rtt=522.4111080169678ms  lat=-77.35694122314453 lon=129.2169952392578 time=2026-05-01 17:56:53.697830
[term_nc-0] seq=101 rtt=522.3698616027832ms  lat=-33.36201858520508 lon=-166.71302795410156 time=2026-05-01 17:56:54.219984
[term_nc-0] seq=102 rtt=522.1836566925049ms  lat=-24.059486389160156 lon=129.14102172851562 time=2026-05-01 17:56:54.481203
[term_nc-0] seq=111 rtt=521.651029586792ms  lat=-43.52363586425781 lon=-119.08869934082031 time=2026-05-01 17:56:56.829903
[term_nc-0] seq=112 rtt=521.9380855560303ms  lat=5.202765941619873 lon=-88.08197021484375 time=2026-05-01 17:56:57.090716
[{}] Duration elapsed, shutting down.
[{label}_{term_id}] Stats saved to /tmp/satcom_stats/jamming_control_nc_termA.json
