[term32-4] Starting (duration=30s)
[term32-4] seq=2 rtt=632.5688362121582ms  lat=-32.341068267822266 lon=-26.9886474609375 time=2026-05-01 17:57:47.164569
[term32-4] Missing packets [1], sending NACK...
[term32-4] seq=5 rtt=663.2356643676758ms  lat=65.31238555908203 lon=117.40528869628906 time=2026-05-01 17:57:47.916382
[term32-4] Missing packets [3, 4], sending NACK...
[term32-4] Missing packets [1], sending NACK...
[term32-4] seq=11 rtt=723.2208251953125ms  lat=81.93811798095703 lon=-161.3505096435547 time=2026-05-01 17:57:49.420548
[term32-4] Missing packets [6, 7, 8, 9, 10], sending NACK...
[term32-4] seq=13 rtt=743.1981563568115ms  lat=-4.368764400482178 lon=-83.82676696777344 time=2026-05-01 17:57:49.921799
[term32-4] Missing packets [3, 4, 12], sending NACK...
[term32-4] seq=15 rtt=503.1430721282959ms  lat=-23.53129768371582 lon=-161.5828399658203 time=2026-05-01 17:57:50.422939
[term32-4] Missing packets [14], sending NACK...
[term32-4] seq=16 rtt=513.0577087402344ms  lat=-36.5377197265625 lon=-104.07862091064453 time=2026-05-01 17:57:50.673422
[term32-4] seq=19 rtt=543.3075428009033ms  lat=65.46654510498047 lon=-8.337937355041504 time=2026-05-01 17:57:51.425262
[term32-4] Missing packets [1, 17, 18], sending NACK...
[term32-4] seq=20 rtt=553.3294677734375ms  lat=73.82642364501953 lon=-72.472900390625 time=2026-05-01 17:57:51.675881
[term32-4] Missing packets [6, 7, 8, 9, 10], sending NACK...
[term32-4] seq=21 rtt=563.3218288421631ms  lat=-43.96397399902344 lon=141.27761840820312 time=2026-05-01 17:57:51.926531
[term32-4] Missing packets [3, 4, 12], sending NACK...
[term32-4] Missing packets [14], sending NACK...
[term32-4] seq=24 rtt=592.8177833557129ms  lat=-80.28021240234375 lon=121.55949401855469 time=2026-05-01 17:57:52.678684
[term32-4] Missing packets [22, 23], sending NACK...
[term32-4] seq=26 rtt=612.5798225402832ms  lat=-11.993827819824219 lon=-18.833242416381836 time=2026-05-01 17:57:53.180061
[term32-4] Missing packets [25], sending NACK...
[term32-4] Missing packets [1, 17, 18], sending NACK...
[term32-4] Missing packets [6, 7, 8, 9, 10], sending NACK...
[term32-4] Missing packets [3, 4, 12], sending NACK...
[term32-4] seq=31 rtt=662.2633934020996ms  lat=55.6290397644043 lon=24.70322036743164 time=2026-05-01 17:57:54.433499
[term32-4] Missing packets [14, 27, 28, 29, 30], sending NACK...
[term32-4] seq=32 rtt=672.487735748291ms  lat=20.454063415527344 lon=-112.86823272705078 time=2026-05-01 17:57:54.684202
[term32-4] Missing packets [22, 23], sending NACK...
[term32-4] seq=33 rtt=683.0277442932129ms  lat=81.66881561279297 lon=-86.03717803955078 time=2026-05-01 17:57:54.934840
[term32-4] seq=34 rtt=692.8820610046387ms  lat=10.273733139038086 lon=116.0087661743164 time=2026-05-01 17:57:55.185515
[term32-4] Missing packets [25], sending NACK...
[term32-4] Missing packets [1, 17, 18], sending NACK...
[term32-4] Missing packets [6, 7, 8, 9, 10], sending NACK...
[term32-4] seq=37 rtt=722.5992679595947ms  lat=-20.1015682220459 lon=-90.22274780273438 time=2026-05-01 17:57:55.937611
[term32-4] Missing packets [35, 36], sending NACK...
[term32-4] Missing packets [3, 4, 12], sending NACK...
[term32-4] Missing packets [14, 27, 28, 29, 30], sending NACK...
[term32-4] Missing packets [22, 23], sending NACK...
[term32-4] seq=43 rtt=522.8867530822754ms  lat=-81.36805725097656 lon=-128.30953979492188 time=2026-05-01 17:57:57.441360
[term32-4] Missing packets [25, 38, 39, 40, 41, 42], sending NACK...
[term32-4] Missing packets [1, 17, 18], sending NACK...
[term32-4] seq=45 rtt=542.9532527923584ms  lat=-85.38429260253906 lon=-156.52328491210938 time=2026-05-01 17:57:57.942496
[term32-4] Missing packets [6, 7, 8, 9, 10, 44], sending NACK...
[term32-4] Missing packets [35, 36], sending NACK...
[term32-4] seq=47 rtt=563.0600452423096ms  lat=68.6212387084961 lon=-9.267955780029297 time=2026-05-01 17:57:58.443607
[term32-4] Missing packets [3, 4, 12, 46], sending NACK...
[term32-4] seq=48 rtt=573.6360549926758ms  lat=-30.45209312438965 lon=-1.7219575643539429 time=2026-05-01 17:57:58.694139
[term32-4] Missing packets [14, 27, 28, 29, 30], sending NACK...
[term32-4] seq=49 rtt=584.2041969299316ms  lat=-20.685649871826172 lon=-114.57283020019531 time=2026-05-01 17:57:58.944809
[term32-4] Missing packets [22, 23], sending NACK...
[term32-4] seq=50 rtt=594.2707061767578ms  lat=68.20792388916016 lon=104.86908721923828 time=2026-05-01 17:57:59.195523
[term32-4] Missing packets [25, 38, 39, 40, 41, 42], sending NACK...
[term32-4] Missing packets [1, 17, 18], sending NACK...
[term32-4] seq=53 rtt=623.7382888793945ms  lat=-25.577943801879883 lon=-162.20054626464844 time=2026-05-01 17:57:59.947777
[term32-4] Missing packets [6, 7, 8, 9, 10, 44, 51, 52], sending NACK...
[term32-4] seq=54 rtt=633.7904930114746ms  lat=-37.94953155517578 lon=-62.3082160949707 time=2026-05-01 17:58:00.198411
[term32-4] Missing packets [35, 36], sending NACK...
[term32-4] Missing packets [12, 46], sending NACK...
[term32-4] Missing packets [14, 27, 28, 29, 30], sending NACK...
[term32-4] Missing packets [22, 23], sending NACK...
[term32-4] Missing packets [25, 38, 39, 40, 41, 42], sending NACK...
[term32-4] seq=60 rtt=694.9834823608398ms  lat=-43.575721740722656 lon=-53.754390716552734 time=2026-05-01 17:58:01.701975
[term32-4] Missing packets [17, 18, 55, 56, 57, 58, 59], sending NACK...
[term32-4] Missing packets [44, 51, 52], sending NACK...
[term32-4] Missing packets [35, 36], sending NACK...
[term32-4] Missing packets [12, 46], sending NACK...
[term32-4] seq=64 rtt=735.3434562683105ms  lat=-11.40320873260498 lon=22.358078002929688 time=2026-05-01 17:58:02.704295
[term32-4] Missing packets [27, 28, 29, 30, 61, 62, 63], sending NACK...
[term32-4] seq=65 rtt=745.3629970550537ms  lat=42.26567077636719 lon=120.37973022460938 time=2026-05-01 17:58:02.954847
[term32-4] seq=66 rtt=502.84290313720703ms  lat=-14.484609603881836 lon=-127.14924621582031 time=2026-05-01 17:58:03.205381
[term32-4] Missing packets [22, 23], sending NACK...
[term32-4] seq=67 rtt=513.054370880127ms  lat=45.46723556518555 lon=42.05241394042969 time=2026-05-01 17:58:03.455850
[term32-4] Missing packets [25, 38, 39, 40, 41, 42], sending NACK...
[term32-4] seq=69 rtt=533.5938930511475ms  lat=63.45852279663086 lon=34.64057159423828 time=2026-05-01 17:58:03.956864
[term32-4] Missing packets [55, 56, 57, 58, 59, 68], sending NACK...
[term32-4] seq=70 rtt=543.5357093811035ms  lat=-45.18617248535156 lon=-50.70956802368164 time=2026-05-01 17:58:04.207444
[term32-4] Missing packets [44, 51, 52], sending NACK...
[term32-4] Missing packets [35, 36], sending NACK...
[term32-4] seq=72 rtt=563.8697147369385ms  lat=68.3215103149414 lon=-96.7628173828125 time=2026-05-01 17:58:04.708621
[term32-4] Missing packets [46, 71], sending NACK...
[term32-4] seq=73 rtt=573.922872543335ms  lat=-79.63902282714844 lon=168.2827911376953 time=2026-05-01 17:58:04.959158
[term32-4] Missing packets [27, 28, 29, 30, 61, 62, 63], sending NACK...
[term32-4] seq=75 rtt=594.2797660827637ms  lat=28.74700164794922 lon=-3.562154769897461 time=2026-05-01 17:58:05.460188
[term32-4] Missing packets [74], sending NACK...
[term32-4] Missing packets [38, 39, 40, 41, 42], sending NACK...
[term32-4] seq=77 rtt=614.4945621490479ms  lat=-31.04933738708496 lon=129.8846435546875 time=2026-05-01 17:58:05.961321
[term32-4] Missing packets [55, 56, 57, 58, 59, 68, 76], sending NACK...
[term32-4] Missing packets [44, 51, 52], sending NACK...
[term32-4] seq=79 rtt=635.0588798522949ms  lat=85.90863037109375 lon=-17.501968383789062 time=2026-05-01 17:58:06.462667
[term32-4] Missing packets [35, 36, 78], sending NACK...
[term32-4] seq=80 rtt=644.808292388916ms  lat=-39.178340911865234 lon=175.4302978515625 time=2026-05-01 17:58:06.713415
[term32-4] Missing packets [46, 71], sending NACK...
[term32-4] Missing packets [61, 62, 63], sending NACK...
[term32-4] seq=82 rtt=664.8435592651367ms  lat=-39.25528335571289 lon=-150.58424377441406 time=2026-05-01 17:58:07.214725
[term32-4] Missing packets [81], sending NACK...
[term32-4] seq=83 rtt=674.9980449676514ms  lat=-89.6982650756836 lon=-141.97938537597656 time=2026-05-01 17:58:07.465231
[term32-4] Missing packets [74], sending NACK...
[term32-4] seq=84 rtt=685.0545406341553ms  lat=-59.122310638427734 lon=-57.39175796508789 time=2026-05-01 17:58:07.715887
[term32-4] Missing packets [38, 39, 40, 41, 42], sending NACK...
[term32-4] seq=85 rtt=695.4872608184814ms  lat=-87.48612213134766 lon=-162.10301208496094 time=2026-05-01 17:58:07.966364
[term32-4] Missing packets [55, 56, 57, 58, 59, 68, 76], sending NACK...
[term32-4] Missing packets [44, 51, 52], sending NACK...
[term32-4] Missing packets [36, 78], sending NACK...
[term32-4] seq=88 rtt=725.6362438201904ms  lat=-5.115979194641113 lon=-21.518966674804688 time=2026-05-01 17:58:08.718431
[term32-4] Missing packets [46, 71, 86, 87], sending NACK...
[term32-4] seq=89 rtt=735.7676029205322ms  lat=-32.92551803588867 lon=68.7322998046875 time=2026-05-01 17:58:08.968940
[term32-4] Missing packets [61, 62, 63], sending NACK...
[term32-4] seq=90 rtt=745.8431720733643ms  lat=65.4042739868164 lon=26.43267822265625 time=2026-05-01 17:58:09.219563
[term32-4] Missing packets [81], sending NACK...
[term32-4] seq=92 rtt=505.27167320251465ms  lat=2.528695821762085 lon=15.068522453308105 time=2026-05-01 17:58:09.720742
[term32-4] Missing packets [74, 91], sending NACK...
[term32-4] seq=93 rtt=515.4979228973389ms  lat=-30.236328125 lon=-21.912532806396484 time=2026-05-01 17:58:09.971194
[term32-4] Missing packets [55, 56, 57, 58, 59, 68, 76], sending NACK...
[term32-4] Missing packets [44, 51, 52], sending NACK...
[term32-4] seq=96 rtt=545.5667972564697ms  lat=5.032215118408203 lon=-26.490158081054688 time=2026-05-01 17:58:10.722760
[term32-4] Missing packets [78, 94, 95], sending NACK...
[term32-4] Missing packets [71, 86, 87], sending NACK...
[term32-4] seq=98 rtt=566.2209987640381ms  lat=52.79802703857422 lon=-161.42738342285156 time=2026-05-01 17:58:11.223729
[term32-4] Missing packets [61, 62, 63, 97], sending NACK...
[term32-4] Missing packets [81], sending NACK...
[term32-4] seq=100 rtt=586.341381072998ms  lat=25.343505859375 lon=-21.054279327392578 time=2026-05-01 17:58:11.724881
[term32-4] Missing packets [74, 91, 99], sending NACK...
[term32-4] Missing packets [55, 56, 57, 58, 59, 68, 76], sending NACK...
[term32-4] seq=103 rtt=616.5390014648438ms  lat=-34.77420425415039 lon=-123.8426742553711 time=2026-05-01 17:58:12.476529
[term32-4] Missing packets [101, 102], sending NACK...
[term32-4] Missing packets [78, 94, 95], sending NACK...
[term32-4] seq=105 rtt=636.8687152862549ms  lat=3.2450954914093018 lon=-131.26034545898438 time=2026-05-01 17:58:12.977468
[term32-4] Missing packets [71, 86, 87, 104], sending NACK...
[term32-4] Missing packets [61, 62, 63, 97], sending NACK...
[term32-4] seq=107 rtt=657.0720672607422ms  lat=87.00584411621094 lon=-123.59567260742188 time=2026-05-01 17:58:13.478795
[term32-4] Missing packets [81, 106], sending NACK...
[term32-4] seq=108 rtt=667.0219898223877ms  lat=69.89759063720703 lon=44.0496826171875 time=2026-05-01 17:58:13.729392
[term32-4] Missing packets [74, 91, 99], sending NACK...
[term32-4] seq=109 rtt=677.2181987762451ms  lat=-73.08616638183594 lon=68.33763885498047 time=2026-05-01 17:58:13.979989
[term32-4] seq=110 rtt=687.5014305114746ms  lat=-17.8017635345459 lon=-128.0103759765625 time=2026-05-01 17:58:14.230291
[term32-4] Missing packets [68, 76], sending NACK...
[term32-4] seq=111 rtt=697.5312232971191ms  lat=72.19348907470703 lon=64.14453125 time=2026-05-01 17:58:14.480809
[term32-4] Missing packets [101, 102], sending NACK...
[term32-4] seq=112 rtt=707.787036895752ms  lat=-58.04114532470703 lon=56.994327545166016 time=2026-05-01 17:58:14.731378
[term32-4] Missing packets [78, 94, 95], sending NACK...
[term32-4] Missing packets [71, 86, 87, 104], sending NACK...
[term32-4] seq=114 rtt=727.9016971588135ms  lat=-78.38875579833984 lon=138.601318359375 time=2026-05-01 17:58:15.232514
[term32-4] Missing packets [97, 113], sending NACK...
[term32-4] seq=115 rtt=738.2190227508545ms  lat=-16.677555084228516 lon=78.0971450805664 time=2026-05-01 17:58:15.483132
[term32-4] Missing packets [81, 106], sending NACK...
[term32-4] seq=116 rtt=748.162031173706ms  lat=44.539669036865234 lon=-13.18927001953125 time=2026-05-01 17:58:15.733706
[term32-4] seq=117 rtt=502.8955936431885ms  lat=-1.8098864555358887 lon=-33.92924880981445 time=2026-05-01 17:58:15.983991
[term32-4] Missing packets [74, 91, 99], sending NACK...
[term32-4] seq=118 rtt=512.9075050354004ms  lat=-45.38025665283203 lon=-104.72460174560547 time=2026-05-01 17:58:16.234564
[term32-4] Missing packets [76], sending NACK...
[term32-4] Duration elapsed, shutting down.
[{label}_{term_id}] Stats saved to /tmp/satcom_stats/jamming_use_case_32_term_4.json
