[term31-0] msg="Sequence number was missing from sliding window, so packet could not be decoded"
[term31-0] seq=3 rtt=1897.7162837982178ms  lat=18.647558212280273 lon=65.01598358154297 time=2026-05-01 17:55:09.600239
[term31-0] seq=4 rtt=1626.7502307891846ms  lat=-8.383353233337402 lon=-12.486624717712402 time=2026-05-01 17:55:09.871397
[term31-0] seq=1 rtt=1897.8736400604248ms  lat=-28.325767517089844 lon=-206.83163452148438 time=2026-05-01 17:55:09.600327
[term31-0] seq=5 rtt=1355.6978702545166ms  lat=-41.83642578125 lon=12.607499122619629 time=2026-05-01 17:55:10.142550
[term31-0] seq=6 rtt=1355.8435440063477ms  lat=-234.2079620361328 lon=102.61774444580078 time=2026-05-01 17:55:10.413468
[term31-0] seq=7 rtt=1356.2939167022705ms  lat=23.89109992980957 lon=35.7356071472168 time=2026-05-01 17:55:10.684326
[term31-0] seq=8 rtt=1356.4798831939697ms  lat=-128.7570037841797 lon=-36.67850875854492 time=2026-05-01 17:55:10.955338
[term31-0] seq=9 rtt=1356.468677520752ms  lat=-10.972251892089844 lon=356.9178466796875 time=2026-05-01 17:55:11.226475
[term31-0] seq=10 rtt=1356.5559387207031ms  lat=-0.008980304934084415 lon=-16.068218231201172 time=2026-05-01 17:55:11.497517
[term31-0] seq=11 rtt=1356.2307357788086ms  lat=22.355606079101562 lon=-111.94017791748047 time=2026-05-01 17:55:11.769107
[term31-0] seq=12 rtt=1356.6620349884033ms  lat=103.33396911621094 lon=47.8439826965332 time=2026-05-01 17:55:12.039745
[term31-0] seq=13 rtt=1355.7610511779785ms  lat=31.4635009765625 lon=24.157657623291016 time=2026-05-01 17:55:12.311923
[term31-0] seq=14 rtt=1356.0171127319336ms  lat=87.79924011230469 lon=-254.03912353515625 time=2026-05-01 17:55:12.582794
[term31-0] seq=15 rtt=1355.9246063232422ms  lat=-62.088890075683594 lon=69.67974090576172 time=2026-05-01 17:55:12.853915
[term31-0] seq=16 rtt=1356.2824726104736ms  lat=-127.31690979003906 lon=-157.95962524414062 time=2026-05-01 17:55:13.125185
[term31-0] seq=17 rtt=1356.2521934509277ms  lat=66.60176849365234 lon=44.47635269165039 time=2026-05-01 17:55:13.396255
[term31-0] seq=18 rtt=1355.9765815734863ms  lat=109.16922760009766 lon=-13.746988296508789 time=2026-05-01 17:55:13.667594
[term31-0] seq=19 rtt=1356.1837673187256ms  lat=23.24814224243164 lon=-13.65424919128418 time=2026-05-01 17:55:13.938691
[term31-0] seq=20 rtt=1356.8999767303467ms  lat=7.673881530761719 lon=-104.99974060058594 time=2026-05-01 17:55:14.209174
[term31-0] seq=21 rtt=1355.9651374816895ms  lat=-328.51605224609375 lon=215.92747497558594 time=2026-05-01 17:55:14.481194
[term31-0] seq=22 rtt=1356.166124343872ms  lat=112.98529815673828 lon=15.226420402526855 time=2026-05-01 17:55:14.752209
[term31-0] seq=23 rtt=1359.814167022705ms  lat=-85.07355499267578 lon=22.241979598999023 time=2026-05-01 17:55:15.019769
[term31-0] seq=24 rtt=1356.489658355713ms  lat=67.61341094970703 lon=-124.89393615722656 time=2026-05-01 17:55:15.294102
[term31-0] seq=25 rtt=1356.2023639678955ms  lat=-5.464327812194824 lon=285.71343994140625 time=2026-05-01 17:55:15.565720
[term31-0] seq=26 rtt=1356.1758995056152ms  lat=-9.92569637298584 lon=110.54351043701172 time=2026-05-01 17:55:15.837007
[term31-0] seq=27 rtt=1356.346845626831ms  lat=23.617740631103516 lon=-337.4366149902344 time=2026-05-01 17:55:16.108197
[term31-0] seq=28 rtt=1356.062412261963ms  lat=-15.810579299926758 lon=7.343656063079834 time=2026-05-01 17:55:16.379723
[term31-0] seq=29 rtt=1376.1773109436035ms  lat=-11.305190086364746 lon=-30.61069107055664 time=2026-05-01 17:55:16.630736
[term31-0] seq=30 rtt=1356.3411235809326ms  lat=59.683719635009766 lon=11.828186988830566 time=2026-05-01 17:55:16.921681
[term31-0] msg="Non-coded packet received" seq=31 rtt=1095.271110534668ms  lat=-55.374629974365234 lon=-141.1784210205078 time=2026-05-01 17:55:17.464300
[term31-0] seq=32 rtt=1356.137752532959ms  lat=10.481083869934082 lon=116.51505279541016 time=2026-05-01 17:55:17.464359
[term31-0] seq=33 rtt=1356.0905456542969ms  lat=-62.52568817138672 lon=440.2742614746094 time=2026-05-01 17:55:17.735524
[term31-0] seq=34 rtt=1356.0335636138916ms  lat=-64.8143539428711 lon=56.94499969482422 time=2026-05-01 17:55:18.006814
[term31-0] seq=35 rtt=1356.4705848693848ms  lat=-5.275157928466797 lon=-101.8704605102539 time=2026-05-01 17:55:18.277839
[term31-0] seq=36 rtt=1345.2701568603516ms  lat=25.271167755126953 lon=-50.30747604370117 time=2026-05-01 17:55:18.560444
[term31-0] seq=37 rtt=1355.7837009429932ms  lat=23.240854263305664 lon=13.559553146362305 time=2026-05-01 17:55:18.821224
[term31-0] seq=38 rtt=1356.9998741149902ms  lat=-64.1833267211914 lon=112.14653778076172 time=2026-05-01 17:55:19.091418
[term31-0] seq=39 rtt=1357.5575351715088ms  lat=-57.095733642578125 lon=211.04080200195312 time=2026-05-01 17:55:19.362331
[term31-0] seq=40 rtt=1356.9254875183105ms  lat=-9.993813514709473 lon=-80.68494415283203 time=2026-05-01 17:55:19.634120
[term31-0] seq=41 rtt=1356.738567352295ms  lat=9.240495681762695 lon=-145.12586975097656 time=2026-05-01 17:55:19.905488
[term31-0] seq=42 rtt=1356.4481735229492ms  lat=9.779847145080566 lon=80.96577453613281 time=2026-05-01 17:55:20.176800
[term31-0] seq=43 rtt=1356.3871383666992ms  lat=-9.455780982971191 lon=5.400691032409668 time=2026-05-01 17:55:20.448073
[term31-0] seq=44 rtt=1356.241226196289ms  lat=-0.02802184782922268 lon=3.1257874965667725 time=2026-05-01 17:55:20.719488
[term31-0] seq=46 rtt=1355.849027633667ms  lat=-3.4822919368743896 lon=125.23109436035156 time=2026-05-01 17:55:21.262037
[term31-0] seq=47 rtt=1356.0638427734375ms  lat=113.70476531982422 lon=-502.04547119140625 time=2026-05-01 17:55:21.533155
[term31-0] seq=48 rtt=1355.942964553833ms  lat=-16.086334228515625 lon=-49.828365325927734 time=2026-05-01 17:55:21.804317
[term31-0] seq=49 rtt=1355.900764465332ms  lat=-69.3899154663086 lon=-135.0650177001953 time=2026-05-01 17:55:22.075518
[term31-0] seq=50 rtt=1356.1620712280273ms  lat=-110.64706420898438 lon=144.01695251464844 time=2026-05-01 17:55:22.346601
[term31-0] seq=51 rtt=1356.1031818389893ms  lat=-37.437889099121094 lon=69.72552490234375 time=2026-05-01 17:55:22.617912
[term31-0] seq=52 rtt=1361.0341548919678ms  lat=-94.0528335571289 lon=125.25572204589844 time=2026-05-01 17:55:22.884331
[term31-0] seq=54 rtt=1356.7328453063965ms  lat=-29.904531478881836 lon=6.319600582122803 time=2026-05-01 17:55:23.430967
[term31-0] seq=55 rtt=1356.478214263916ms  lat=14.000633239746094 lon=-7.887596130371094 time=2026-05-01 17:55:23.702569
[term31-0] seq=56 rtt=1356.5723896026611ms  lat=36.28537368774414 lon=94.9422607421875 time=2026-05-01 17:55:23.973828
[term31-0] seq=57 rtt=1356.3666343688965ms  lat=-34.47715377807617 lon=39.58386993408203 time=2026-05-01 17:55:24.245248
[term31-0] seq=58 rtt=1356.630802154541ms  lat=8.758261680603027 lon=255.3014373779297 time=2026-05-01 17:55:24.516408
[term31-0] seq=59 rtt=1356.8978309631348ms  lat=44.46120834350586 lon=166.6871795654297 time=2026-05-01 17:55:24.787493
[term31-0] seq=60 rtt=1356.3237190246582ms  lat=134.4140625 lon=4.024143218994141 time=2026-05-01 17:55:25.059079
[term31-0] seq=61 rtt=1356.6243648529053ms  lat=-12.657600402832031 lon=-6.988539695739746 time=2026-05-01 17:55:25.330130
[term31-0] seq=62 rtt=1356.492280960083ms  lat=19.814035415649414 lon=-182.94573974609375 time=2026-05-01 17:55:25.601536
[term31-0] seq=63 rtt=1356.2989234924316ms  lat=-23.319095611572266 lon=-3.7406301498413086 time=2026-05-01 17:55:25.872812
[term31-0] seq=64 rtt=1355.9961318969727ms  lat=497.8720397949219 lon=99.09217071533203 time=2026-05-01 17:55:26.144216
[term31-0] seq=65 rtt=1356.889009475708ms  lat=-27.101247787475586 lon=175.09825134277344 time=2026-05-01 17:55:26.414834
[term31-0] seq=66 rtt=1356.4636707305908ms  lat=25.807859420776367 lon=12.027798652648926 time=2026-05-01 17:55:26.686308
[term31-0] seq=67 rtt=1356.3799858093262ms  lat=-26.554683685302734 lon=-2.2917778491973877 time=2026-05-01 17:55:26.957325
[term31-0] seq=68 rtt=813.5514259338379ms  lat=26.905418395996094 lon=2.7104268074035645 time=2026-05-01 17:55:27.771446
[term31-0] seq=69 rtt=1356.3580513000488ms  lat=-30.109600067138672 lon=-2.4081830978393555 time=2026-05-01 17:55:27.499945
[term31-0] seq=70 rtt=1356.1427593231201ms  lat=-273.08233642578125 lon=-105.93954467773438 time=2026-05-01 17:55:27.771537
[term31-0] seq=71 rtt=1356.1656475067139ms  lat=52.3020133972168 lon=-239.62841796875 time=2026-05-01 17:55:28.042822
[term31-0] seq=72 rtt=1357.0425510406494ms  lat=-97.65680694580078 lon=20.139034271240234 time=2026-05-01 17:55:28.313015
[term31-0] seq=73 rtt=1355.8721542358398ms  lat=-19.64144515991211 lon=3.7553603649139404 time=2026-05-01 17:55:28.585290
[term31-0] seq=74 rtt=1356.537103652954ms  lat=-30.787660598754883 lon=94.20652770996094 time=2026-05-01 17:55:28.856054
[term31-0] seq=75 rtt=1356.2579154968262ms  lat=8.444169998168945 lon=-311.4908752441406 time=2026-05-01 17:55:29.127685
[term31-0] msg="Non-coded packet received" seq=76 rtt=1095.4232215881348ms  lat=84.87986755371094 lon=-31.688091278076172 time=2026-05-01 17:55:29.669925
[term31-0] seq=77 rtt=1356.645107269287ms  lat=-51.73179244995117 lon=9.368749618530273 time=2026-05-01 17:55:29.669704
[term31-0] seq=78 rtt=1356.6598892211914ms  lat=92.07617950439453 lon=-4.44927453994751 time=2026-05-01 17:55:29.941024
[term31-0] seq=79 rtt=1356.6844463348389ms  lat=-72.34217834472656 lon=-9.613640785217285 time=2026-05-01 17:55:30.212170
[term31-0] seq=80 rtt=1356.8534851074219ms  lat=15.19563102722168 lon=-221.33734130859375 time=2026-05-01 17:55:30.483027
[term31-0] seq=81 rtt=1355.3593158721924ms  lat=-27.941713333129883 lon=2.5671322345733643 time=2026-05-01 17:55:30.755607
[term31-0] seq=82 rtt=1356.1620712280273ms  lat=-190.6322021484375 lon=-117.76346588134766 time=2026-05-01 17:55:31.025829
[term31-0] seq=83 rtt=1353.170394897461ms  lat=71.56580352783203 lon=-2.8089590072631836 time=2026-05-01 17:55:31.299846
[term31-0] seq=84 rtt=1355.642318725586ms  lat=62.79853057861328 lon=176.39930725097656 time=2026-05-01 17:55:31.568449
[term31-0] seq=85 rtt=1355.5078506469727ms  lat=9.696517944335938 lon=399.47479248046875 time=2026-05-01 17:55:31.839710
[term31-0] seq=86 rtt=1356.3618659973145ms  lat=8.910869598388672 lon=-10.739142417907715 time=2026-05-01 17:55:32.109993
[term31-0] seq=87 rtt=1355.0612926483154ms  lat=-22.544849395751953 lon=-36.6208381652832 time=2026-05-01 17:55:32.382720
[term31-0] seq=88 rtt=1355.865240097046ms  lat=27.40738296508789 lon=476.7870178222656 time=2026-05-01 17:55:32.653062
[term31-0] seq=89 rtt=1356.3988208770752ms  lat=201.20309448242188 lon=-195.77572631835938 time=2026-05-01 17:55:32.923849
[term31-0] seq=90 rtt=1356.4491271972656ms  lat=-372.00909423828125 lon=2.8029987812042236 time=2026-05-01 17:55:33.195033
[term31-0] seq=91 rtt=1356.6794395446777ms  lat=47.86617660522461 lon=-368.4367370605469 time=2026-05-01 17:55:33.466205
[term31-0] seq=92 rtt=1356.935739517212ms  lat=38.82003402709961 lon=-25.792102813720703 time=2026-05-01 17:55:33.737219
[term31-0] seq=93 rtt=1356.6596508026123ms  lat=-89.3226547241211 lon=2.897319793701172 time=2026-05-01 17:55:34.008704
[term31-0] seq=94 rtt=1356.558084487915ms  lat=0.8554152846336365 lon=-248.02621459960938 time=2026-05-01 17:55:34.280118
[term31-0] seq=95 rtt=1356.4903736114502ms  lat=19.933815002441406 lon=-40.47114562988281 time=2026-05-01 17:55:34.551300
[term31-0] seq=96 rtt=1356.1618328094482ms  lat=-111.30545806884766 lon=-303.6885986328125 time=2026-05-01 17:55:34.822740
[term31-0] seq=97 rtt=1356.1108112335205ms  lat=20.76749610900879 lon=-81.59700775146484 time=2026-05-01 17:55:35.093935
[term31-0] seq=98 rtt=1356.4436435699463ms  lat=-63.446922302246094 lon=98.27295684814453 time=2026-05-01 17:55:35.364757
[term31-0] seq=99 rtt=1355.9706211090088ms  lat=30.14427375793457 lon=174.9923858642578 time=2026-05-01 17:55:35.636523
[term31-0] seq=100 rtt=1356.1267852783203ms  lat=35.03366470336914 lon=411.9316101074219 time=2026-05-01 17:55:35.907521
[term31-0] msg="Non-coded packet received" seq=102 rtt=1094.6917533874512ms  lat=-74.70832061767578 lon=-44.18327713012695 time=2026-05-01 17:55:36.721351
[term31-0] seq=103 rtt=1356.2283515930176ms  lat=10.760016441345215 lon=-19.326486587524414 time=2026-05-01 17:55:36.720887
[term31-0] seq=104 rtt=1355.5419445037842ms  lat=10.647232055664062 lon=3.1008801460266113 time=2026-05-01 17:55:36.992519
[term31-0] seq=105 rtt=1356.2510013580322ms  lat=32.248374938964844 lon=-93.24454498291016 time=2026-05-01 17:55:37.263407
[term31-0] seq=106 rtt=1356.6675186157227ms  lat=61.58876419067383 lon=102.67101287841797 time=2026-05-01 17:55:37.533831
[term31-0] seq=107 rtt=1356.5621376037598ms  lat=-153.47596740722656 lon=-18.74399757385254 time=2026-05-01 17:55:37.805364
[term31-0] Duration elapsed, shutting down.
[{label}_{term_id}] Stats saved to /tmp/satcom_stats/control_use_case_31_termA.json
