[term_nc] Starting no coding terminal (duration=30s)
[term_nc-0] seq=1 rtt=1043.5826778411865ms  lat=3.584395408630371 lon=66.06486511230469 time=2026-05-01 17:54:32.736487
[term_nc-0] seq=2 rtt=782.942533493042ms  lat=-23.743440628051758 lon=-144.16323852539062 time=2026-05-01 17:54:32.997274
[term_nc-0] seq=3 rtt=522.1967697143555ms  lat=57.5313606262207 lon=140.76577758789062 time=2026-05-01 17:54:33.258060
[term_nc-0] seq=4 rtt=522.1827030181885ms  lat=8.027084350585938 lon=-66.29457092285156 time=2026-05-01 17:54:33.518887
[term_nc-0] seq=5 rtt=522.3572254180908ms  lat=48.968475341796875 lon=13.728677749633789 time=2026-05-01 17:54:33.779631
[term_nc-0] seq=6 rtt=522.1776962280273ms  lat=-27.16543960571289 lon=177.7960205078125 time=2026-05-01 17:54:34.040811
[term_nc-0] seq=7 rtt=522.1755504608154ms  lat=7.388120651245117 lon=-81.99335479736328 time=2026-05-01 17:54:34.301838
[term_nc-0] seq=8 rtt=522.0558643341064ms  lat=-76.93758392333984 lon=5.544772624969482 time=2026-05-01 17:54:34.562839
[term_nc-0] seq=9 rtt=522.0320224761963ms  lat=-53.801124572753906 lon=122.97297668457031 time=2026-05-01 17:54:34.823925
[term_nc-0] seq=10 rtt=522.0067501068115ms  lat=54.79518508911133 lon=14.892024040222168 time=2026-05-01 17:54:35.084906
[term_nc-0] seq=11 rtt=522.0332145690918ms  lat=-85.5813980102539 lon=71.72476959228516 time=2026-05-01 17:54:35.345859
[term_nc-0] seq=12 rtt=522.1810340881348ms  lat=71.8594970703125 lon=63.20817565917969 time=2026-05-01 17:54:35.606801
[term_nc-0] seq=13 rtt=522.2620964050293ms  lat=26.921478271484375 lon=-151.6204376220703 time=2026-05-01 17:54:35.867787
[term_nc-0] seq=14 rtt=522.0932960510254ms  lat=47.22361373901367 lon=94.86895751953125 time=2026-05-01 17:54:36.128913
[term_nc-0] seq=15 rtt=522.2282409667969ms  lat=-83.54474639892578 lon=-64.84805297851562 time=2026-05-01 17:54:36.389894
[term_nc-0] seq=16 rtt=522.3233699798584ms  lat=-68.24095916748047 lon=-129.71958923339844 time=2026-05-01 17:54:36.650890
[term_nc-0] seq=18 rtt=522.0558643341064ms  lat=-3.9024739265441895 lon=-4.699352741241455 time=2026-05-01 17:54:37.173050
[term_nc-0] seq=19 rtt=522.0637321472168ms  lat=63.20252990722656 lon=47.15571594238281 time=2026-05-01 17:54:37.434045
[term_nc-0] seq=20 rtt=522.0794677734375ms  lat=-12.630826950073242 lon=166.65078735351562 time=2026-05-01 17:54:37.695027
[term_nc-0] seq=21 rtt=522.294282913208ms  lat=-81.6632308959961 lon=173.0384063720703 time=2026-05-01 17:54:37.955938
[term_nc-0] seq=22 rtt=522.3097801208496ms  lat=-41.703086853027344 lon=-20.591995239257812 time=2026-05-01 17:54:38.216993
[term_nc-0] seq=23 rtt=522.2668647766113ms  lat=9.583385467529297 lon=104.38754272460938 time=2026-05-01 17:54:38.478080
[term_nc-0] seq=24 rtt=522.3169326782227ms  lat=74.42615509033203 lon=-39.381282806396484 time=2026-05-01 17:54:38.739107
[term_nc-0] seq=25 rtt=522.2299098968506ms  lat=-56.661746978759766 lon=-6.691658973693848 time=2026-05-01 17:54:39.000263
[term_nc-0] seq=26 rtt=522.2249031066895ms  lat=-63.03750228881836 lon=159.68775939941406 time=2026-05-01 17:54:39.261274
[term_nc-0] seq=27 rtt=522.3865509033203ms  lat=66.5990982055664 lon=17.02052879333496 time=2026-05-01 17:54:39.522341
[term_nc-0] seq=28 rtt=522.3395824432373ms  lat=-39.667964935302734 lon=-171.68907165527344 time=2026-05-01 17:54:39.783370
[term_nc-0] seq=29 rtt=522.5629806518555ms  lat=-75.20143127441406 lon=-105.42798614501953 time=2026-05-01 17:54:40.044403
[term_nc-0] seq=30 rtt=522.7189064025879ms  lat=1.8980051279067993 lon=160.1533660888672 time=2026-05-01 17:54:40.305410
[term_nc-0] seq=31 rtt=522.5539207458496ms  lat=-13.179008483886719 lon=13.171493530273438 time=2026-05-01 17:54:40.566614
[term_nc-0] seq=32 rtt=522.3608016967773ms  lat=49.31644821166992 lon=105.87167358398438 time=2026-05-01 17:54:40.827974
[term_nc-0] seq=33 rtt=522.1431255340576ms  lat=38.9824104309082 lon=-2.966463327407837 time=2026-05-01 17:54:41.089001
[term_nc-0] seq=34 rtt=521.9759941101074ms  lat=88.7593765258789 lon=-63.18281173706055 time=2026-05-01 17:54:41.350138
[term_nc-0] seq=35 rtt=522.282600402832ms  lat=-62.20519256591797 lon=-154.1280517578125 time=2026-05-01 17:54:41.611032
[term_nc-0] seq=36 rtt=522.5317478179932ms  lat=33.36326217651367 lon=-80.4875717163086 time=2026-05-01 17:54:41.871942
[term_nc-0] seq=37 rtt=522.4502086639404ms  lat=13.874080657958984 lon=36.9881477355957 time=2026-05-01 17:54:42.133136
[term_nc-0] seq=38 rtt=522.4072933197021ms  lat=82.63585662841797 lon=-70.74845123291016 time=2026-05-01 17:54:42.394310
[term_nc-0] seq=39 rtt=522.3069190979004ms  lat=-40.00776672363281 lon=-85.54039001464844 time=2026-05-01 17:54:42.655409
[term_nc-0] seq=40 rtt=522.3100185394287ms  lat=47.300540924072266 lon=-15.68743896484375 time=2026-05-01 17:54:42.916546
[term_nc-0] seq=41 rtt=522.4618911743164ms  lat=-30.381486892700195 lon=8.477683067321777 time=2026-05-01 17:54:43.177541
[term_nc-0] seq=42 rtt=522.3662853240967ms  lat=10.289710998535156 lon=26.210121154785156 time=2026-05-01 17:54:43.438694
[term_nc-0] seq=43 rtt=522.1662521362305ms  lat=-68.21873474121094 lon=-81.70440673828125 time=2026-05-01 17:54:43.699834
[term_nc-0] seq=44 rtt=522.1962928771973ms  lat=-36.29928970336914 lon=88.03855895996094 time=2026-05-01 17:54:43.960905
[term_nc-0] seq=45 rtt=522.2408771514893ms  lat=21.443912506103516 lon=165.34637451171875 time=2026-05-01 17:54:44.221876
[term_nc-0] seq=46 rtt=522.1841335296631ms  lat=49.299163818359375 lon=126.20880126953125 time=2026-05-01 17:54:44.482927
[term_nc-0] seq=47 rtt=522.4463939666748ms  lat=-14.298091888427734 lon=-172.54550170898438 time=2026-05-01 17:54:44.743941
[term_nc-0] seq=48 rtt=522.5093364715576ms  lat=52.35677719116211 lon=118.07157897949219 time=2026-05-01 17:54:45.004999
[term_nc-0] seq=49 rtt=522.3708152770996ms  lat=-2.7390780448913574 lon=-161.8304443359375 time=2026-05-01 17:54:45.266231
[term_nc-0] seq=50 rtt=522.0863819122314ms  lat=41.735862731933594 lon=-134.74716186523438 time=2026-05-01 17:54:45.527329
[term_nc-0] seq=51 rtt=522.0353603363037ms  lat=53.59204864501953 lon=-80.69979095458984 time=2026-05-01 17:54:45.788427
[term_nc-0] seq=52 rtt=522.0725536346436ms  lat=-37.27423858642578 lon=-135.0550079345703 time=2026-05-01 17:54:46.049441
[term_nc-0] seq=53 rtt=522.1865177154541ms  lat=-17.272872924804688 lon=-81.01721954345703 time=2026-05-01 17:54:46.310340
[term_nc-0] seq=54 rtt=522.3062038421631ms  lat=69.71449279785156 lon=-107.42748260498047 time=2026-05-01 17:54:46.571437
[term_nc-0] seq=55 rtt=522.3240852355957ms  lat=-27.64206886291504 lon=-3.588073968887329 time=2026-05-01 17:54:46.832419
[term_nc-0] seq=56 rtt=522.2315788269043ms  lat=79.38174438476562 lon=-176.62045288085938 time=2026-05-01 17:54:47.093558
[term_nc-0] seq=57 rtt=522.5734710693359ms  lat=65.23604583740234 lon=88.34015655517578 time=2026-05-01 17:54:47.354625
[term_nc-0] seq=58 rtt=522.5000381469727ms  lat=15.157383918762207 lon=-156.5576629638672 time=2026-05-01 17:54:47.615688
[term_nc-0] seq=59 rtt=522.5331783294678ms  lat=17.85289192199707 lon=-156.85577392578125 time=2026-05-01 17:54:47.876758
[term_nc-0] seq=60 rtt=522.3498344421387ms  lat=20.767566680908203 lon=124.29877471923828 time=2026-05-01 17:54:48.137920
[term_nc-0] seq=61 rtt=522.4618911743164ms  lat=-63.94477081298828 lon=-154.02557373046875 time=2026-05-01 17:54:48.398939
[term_nc-0] seq=62 rtt=522.25661277771ms  lat=80.2096939086914 lon=46.55909729003906 time=2026-05-01 17:54:48.660111
[term_nc-0] seq=63 rtt=522.2136974334717ms  lat=74.94193267822266 lon=-33.54486083984375 time=2026-05-01 17:54:48.921232
[term_nc-0] seq=64 rtt=522.7842330932617ms  lat=82.09304809570312 lon=87.45421600341797 time=2026-05-01 17:54:49.182317
[term_nc-0] seq=65 rtt=522.8867530822754ms  lat=-49.14890670776367 lon=-128.76124572753906 time=2026-05-01 17:54:49.443323
[term_nc-0] seq=66 rtt=522.6659774780273ms  lat=-57.82674026489258 lon=-72.70719146728516 time=2026-05-01 17:54:49.704469
[term_nc-0] seq=67 rtt=522.5160121917725ms  lat=11.364806175231934 lon=43.829872131347656 time=2026-05-01 17:54:49.965764
[term_nc-0] seq=68 rtt=522.4635601043701ms  lat=43.226585388183594 lon=-64.88815307617188 time=2026-05-01 17:54:50.226927
[term_nc-0] seq=69 rtt=522.3827362060547ms  lat=-17.224754333496094 lon=61.55998992919922 time=2026-05-01 17:54:50.488102
[term_nc-0] seq=70 rtt=522.0880508422852ms  lat=81.83794403076172 lon=-11.85509967803955 time=2026-05-01 17:54:50.749343
[term_nc-0] seq=71 rtt=521.9097137451172ms  lat=87.92761993408203 lon=155.53631591796875 time=2026-05-01 17:54:51.010428
[term_nc-0] seq=72 rtt=522.0644474029541ms  lat=-2.7133514881134033 lon=-174.25062561035156 time=2026-05-01 17:54:51.271358
[term_nc-0] seq=73 rtt=522.0692157745361ms  lat=-56.898468017578125 lon=177.2106475830078 time=2026-05-01 17:54:51.532292
[term_nc-0] seq=74 rtt=521.9709873199463ms  lat=40.05104446411133 lon=61.85865020751953 time=2026-05-01 17:54:51.793285
[term_nc-0] seq=75 rtt=522.1273899078369ms  lat=66.69598388671875 lon=-152.54429626464844 time=2026-05-01 17:54:52.054278
[term_nc-0] seq=76 rtt=522.5584506988525ms  lat=81.45074462890625 lon=-103.67881774902344 time=2026-05-01 17:54:52.315188
[term_nc-0] seq=77 rtt=522.7880477905273ms  lat=-28.18767738342285 lon=-148.7356414794922 time=2026-05-01 17:54:52.576235
[term_nc-0] seq=78 rtt=522.5045680999756ms  lat=-1.7475653886795044 lon=62.06717300415039 time=2026-05-01 17:54:52.837527
[term_nc-0] seq=79 rtt=522.1588611602783ms  lat=-11.61453914642334 lon=-18.315919876098633 time=2026-05-01 17:54:53.098772
[term_nc-0] seq=80 rtt=522.1462249755859ms  lat=40.34971237182617 lon=44.66099166870117 time=2026-05-01 17:54:53.359827
[term_nc-0] seq=81 rtt=522.2740173339844ms  lat=35.06719970703125 lon=-46.32917404174805 time=2026-05-01 17:54:53.620744
[term_nc-0] seq=82 rtt=522.3517417907715ms  lat=-27.634952545166016 lon=175.06185913085938 time=2026-05-01 17:54:53.881757
[term_nc-0] seq=83 rtt=522.6049423217773ms  lat=22.99537467956543 lon=-47.167938232421875 time=2026-05-01 17:54:54.142855
[term_nc-0] seq=84 rtt=522.9735374450684ms  lat=-3.062796115875244 lon=-145.66334533691406 time=2026-05-01 17:54:54.403924
[term_nc-0] seq=85 rtt=522.9287147521973ms  lat=-28.69167137145996 lon=-120.89920806884766 time=2026-05-01 17:54:54.665237
[term_nc-0] seq=86 rtt=522.6068496704102ms  lat=54.213741302490234 lon=-120.8178482055664 time=2026-05-01 17:54:54.926681
[term_nc-0] seq=87 rtt=522.5863456726074ms  lat=-56.715110778808594 lon=-57.278133392333984 time=2026-05-01 17:54:55.187912
[term_nc-0] seq=88 rtt=522.5155353546143ms  lat=-42.79122543334961 lon=-24.686668395996094 time=2026-05-01 17:54:55.449093
[term_nc-0] seq=89 rtt=522.942066192627ms  lat=32.976261138916016 lon=74.02761840820312 time=2026-05-01 17:54:55.710161
[term_nc-0] seq=90 rtt=522.7069854736328ms  lat=60.22633743286133 lon=97.76724243164062 time=2026-05-01 17:54:55.971430
[term_nc-0] seq=91 rtt=522.4854946136475ms  lat=-43.20122146606445 lon=101.4466323852539 time=2026-05-01 17:54:56.232702
[term_nc-0] seq=92 rtt=522.5374698638916ms  lat=88.90959167480469 lon=2.264251708984375 time=2026-05-01 17:54:56.493763
[term_nc-0] seq=93 rtt=522.4997997283936ms  lat=46.807106018066406 lon=146.9598846435547 time=2026-05-01 17:54:56.754858
[term_nc-0] seq=94 rtt=522.2108364105225ms  lat=-60.113407135009766 lon=-68.12836456298828 time=2026-05-01 17:54:57.016109
[term_nc-0] seq=95 rtt=522.0496654510498ms  lat=-50.13797378540039 lon=0.5963460803031921 time=2026-05-01 17:54:57.277202
[term_nc-0] seq=96 rtt=522.083044052124ms  lat=-39.54208755493164 lon=-63.850704193115234 time=2026-05-01 17:54:57.538106
[term_nc-0] seq=97 rtt=522.0353603363037ms  lat=62.4830436706543 lon=71.81599426269531 time=2026-05-01 17:54:57.799083
[term_nc-0] seq=98 rtt=522.066593170166ms  lat=-6.044393539428711 lon=-95.49922180175781 time=2026-05-01 17:54:58.060120
[term_nc-0] seq=99 rtt=522.0468044281006ms  lat=-59.164730072021484 lon=86.2330322265625 time=2026-05-01 17:54:58.321051
[term_nc-0] seq=100 rtt=522.13454246521ms  lat=64.2111587524414 lon=52.34317398071289 time=2026-05-01 17:54:58.582032
[term_nc-0] seq=101 rtt=522.2513675689697ms  lat=-80.85379791259766 lon=25.587594985961914 time=2026-05-01 17:54:58.842979
[term_nc-0] seq=102 rtt=522.5605964660645ms  lat=-49.878517150878906 lon=12.793438911437988 time=2026-05-01 17:54:59.103923
[term_nc-0] seq=103 rtt=522.2883224487305ms  lat=22.62387466430664 lon=-127.04344940185547 time=2026-05-01 17:54:59.365032
[term_nc-0] seq=104 rtt=522.2198963165283ms  lat=60.09208679199219 lon=20.540390014648438 time=2026-05-01 17:54:59.626203
[term_nc-0] seq=105 rtt=522.3972797393799ms  lat=59.64588165283203 lon=-121.43994140625 time=2026-05-01 17:54:59.887166
[term_nc-0] seq=106 rtt=522.5541591644287ms  lat=-88.88373565673828 lon=51.23262023925781 time=2026-05-01 17:55:00.148278
[term_nc-0] seq=107 rtt=522.7956771850586ms  lat=41.83025360107422 lon=-39.17040252685547 time=2026-05-01 17:55:00.409366
[term_nc-0] seq=108 rtt=522.6781368255615ms  lat=-83.53404235839844 lon=-105.40599060058594 time=2026-05-01 17:55:00.670556
[term_nc-0] seq=109 rtt=522.5014686584473ms  lat=-61.5908088684082 lon=-57.21971130371094 time=2026-05-01 17:55:00.931742
[term_nc-0] seq=110 rtt=522.2461223602295ms  lat=-40.483123779296875 lon=-48.93428421020508 time=2026-05-01 17:55:01.193050
[term_nc-0] seq=111 rtt=522.6485729217529ms  lat=-42.542110443115234 lon=-171.6690216064453 time=2026-05-01 17:55:01.453874
[term_nc-0] seq=112 rtt=522.5615501403809ms  lat=-50.764007568359375 lon=-160.91307067871094 time=2026-05-01 17:55:01.715012
[term_nc-0] seq=113 rtt=522.3956108093262ms  lat=-20.781368255615234 lon=179.45407104492188 time=2026-05-01 17:55:01.976322
[{}] Duration elapsed, shutting down.
[{label}_{term_id}] Stats saved to /tmp/satcom_stats/control_control_nc_termA.json
