[term_nc] Starting no coding terminal (duration=30s)
[term_nc-1] seq=1 rtt=1042.8237915039062ms  lat=-10.123156547546387 lon=53.64078140258789 time=2026-05-01 17:54:32.737010
[term_nc-1] seq=2 rtt=782.4482917785645ms  lat=-13.055061340332031 lon=77.65773010253906 time=2026-05-01 17:54:32.997576
[term_nc-1] seq=3 rtt=521.7075347900391ms  lat=-69.060302734375 lon=-30.03252410888672 time=2026-05-01 17:54:33.258357
[term_nc-1] seq=4 rtt=521.8605995178223ms  lat=88.85935974121094 lon=40.16230010986328 time=2026-05-01 17:54:33.519121
[term_nc-1] seq=5 rtt=522.057294845581ms  lat=-66.20097351074219 lon=-17.204870223999023 time=2026-05-01 17:54:33.779924
[term_nc-1] seq=6 rtt=522.0468044281006ms  lat=66.92266845703125 lon=162.98257446289062 time=2026-05-01 17:54:34.040941
[term_nc-1] seq=7 rtt=522.2353935241699ms  lat=-16.937976837158203 lon=5.799094200134277 time=2026-05-01 17:54:34.301848
[term_nc-1] seq=8 rtt=522.2084522247314ms  lat=34.38276672363281 lon=27.705955505371094 time=2026-05-01 17:54:34.562843
[term_nc-1] seq=9 rtt=522.1624374389648ms  lat=80.1708755493164 lon=-22.988689422607422 time=2026-05-01 17:54:34.823846
[term_nc-1] seq=10 rtt=522.1621990203857ms  lat=43.80693054199219 lon=-165.439697265625 time=2026-05-01 17:54:35.084752
[term_nc-1] seq=11 rtt=522.1858024597168ms  lat=-23.271787643432617 lon=-140.45494079589844 time=2026-05-01 17:54:35.345778
[term_nc-1] seq=12 rtt=522.2792625427246ms  lat=-57.357391357421875 lon=14.51693344116211 time=2026-05-01 17:54:35.606800
[term_nc-1] seq=13 rtt=522.3402976989746ms  lat=56.44022750854492 lon=-87.55110931396484 time=2026-05-01 17:54:35.867714
[term_nc-1] seq=14 rtt=522.2265720367432ms  lat=-16.774700164794922 lon=-49.9820556640625 time=2026-05-01 17:54:36.128821
[term_nc-1] seq=15 rtt=522.2258567810059ms  lat=58.46209716796875 lon=67.82202911376953 time=2026-05-01 17:54:36.389896
[term_nc-1] seq=16 rtt=522.3822593688965ms  lat=-8.41203498840332 lon=-103.53530883789062 time=2026-05-01 17:54:36.650836
[term_nc-1] seq=17 rtt=522.2327709197998ms  lat=60.79100036621094 lon=124.25431060791016 time=2026-05-01 17:54:36.911960
[term_nc-1] seq=18 rtt=522.1364498138428ms  lat=-43.60417938232422 lon=24.748319625854492 time=2026-05-01 17:54:37.173045
[term_nc-1] seq=19 rtt=522.1347808837891ms  lat=-67.08590698242188 lon=160.85418701171875 time=2026-05-01 17:54:37.433974
[term_nc-1] seq=20 rtt=522.2418308258057ms  lat=-61.225337982177734 lon=67.87970733642578 time=2026-05-01 17:54:37.694912
[term_nc-1] seq=21 rtt=522.2916603088379ms  lat=85.03880310058594 lon=-24.585050582885742 time=2026-05-01 17:54:37.955938
[term_nc-1] seq=22 rtt=522.3641395568848ms  lat=32.11726760864258 lon=8.457505226135254 time=2026-05-01 17:54:38.216938
[term_nc-1] seq=23 rtt=522.3259925842285ms  lat=35.38663864135742 lon=-94.72254180908203 time=2026-05-01 17:54:38.478084
[term_nc-1] seq=24 rtt=522.3159790039062ms  lat=-81.3843002319336 lon=175.2716827392578 time=2026-05-01 17:54:38.739107
[term_nc-1] seq=25 rtt=522.2964286804199ms  lat=12.665489196777344 lon=-157.72837829589844 time=2026-05-01 17:54:39.000196
[term_nc-1] seq=26 rtt=522.2432613372803ms  lat=25.246339797973633 lon=-87.20781707763672 time=2026-05-01 17:54:39.261278
[term_nc-1] seq=27 rtt=522.2487449645996ms  lat=-20.878929138183594 lon=-167.07347106933594 time=2026-05-01 17:54:39.522340
[term_nc-1] seq=28 rtt=522.2582817077637ms  lat=-14.077231407165527 lon=39.20090103149414 time=2026-05-01 17:54:39.783302
[term_nc-1] seq=29 rtt=522.3822593688965ms  lat=73.66637420654297 lon=146.19810485839844 time=2026-05-01 17:54:40.044474
[term_nc-1] seq=30 rtt=522.6149559020996ms  lat=24.96346664428711 lon=48.1650505065918 time=2026-05-01 17:54:40.305530
[term_nc-1] seq=31 rtt=522.374153137207ms  lat=-23.75963020324707 lon=-173.01654052734375 time=2026-05-01 17:54:40.566794
[term_nc-1] seq=32 rtt=522.3724842071533ms  lat=-22.82755470275879 lon=-7.47343111038208 time=2026-05-01 17:54:40.827962
[term_nc-1] seq=33 rtt=522.1431255340576ms  lat=88.4889144897461 lon=31.205671310424805 time=2026-05-01 17:54:41.089001
[term_nc-1] seq=34 rtt=521.9762325286865ms  lat=59.53742599487305 lon=-101.19544219970703 time=2026-05-01 17:54:41.350138
[term_nc-1] seq=35 rtt=522.282600402832ms  lat=27.6914005279541 lon=13.88292121887207 time=2026-05-01 17:54:41.611032
[term_nc-1] seq=36 rtt=522.5310325622559ms  lat=-51.83034896850586 lon=-10.840160369873047 time=2026-05-01 17:54:41.871942
[term_nc-1] seq=37 rtt=522.4626064300537ms  lat=-25.24537467956543 lon=171.6533966064453 time=2026-05-01 17:54:42.133136
[term_nc-1] seq=38 rtt=522.402286529541ms  lat=28.610105514526367 lon=-27.044448852539062 time=2026-05-01 17:54:42.394315
[term_nc-1] seq=39 rtt=522.3383903503418ms  lat=27.844629287719727 lon=-145.9286651611328 time=2026-05-01 17:54:42.655411
[term_nc-1] seq=40 rtt=522.3090648651123ms  lat=11.252500534057617 lon=149.42420959472656 time=2026-05-01 17:54:42.916546
[term_nc-1] seq=41 rtt=522.5193500518799ms  lat=-60.706722259521484 lon=20.185834884643555 time=2026-05-01 17:54:43.177502
[term_nc-1] seq=42 rtt=522.362232208252ms  lat=12.287214279174805 lon=-45.01581573486328 time=2026-05-01 17:54:43.438698
[term_nc-1] seq=43 rtt=522.1996307373047ms  lat=-23.75647735595703 lon=121.185546875 time=2026-05-01 17:54:43.699811
[term_nc-1] seq=44 rtt=522.1898555755615ms  lat=-33.02643585205078 lon=-32.003787994384766 time=2026-05-01 17:54:43.960912
[term_nc-1] seq=45 rtt=522.2480297088623ms  lat=43.52573776245117 lon=-53.26511001586914 time=2026-05-01 17:54:44.221858
[term_nc-1] seq=46 rtt=522.2430229187012ms  lat=76.63438415527344 lon=3.2220823764801025 time=2026-05-01 17:54:44.482911
[term_nc-1] seq=47 rtt=522.4394798278809ms  lat=-32.162601470947266 lon=-71.29206085205078 time=2026-05-01 17:54:44.743949
[term_nc-1] seq=48 rtt=522.5965976715088ms  lat=-6.812014102935791 lon=8.475313186645508 time=2026-05-01 17:54:45.004922
[term_nc-1] seq=49 rtt=522.3696231842041ms  lat=-46.34306335449219 lon=65.0620346069336 time=2026-05-01 17:54:45.266227
[term_nc-1] seq=50 rtt=522.2187042236328ms  lat=-2.4648728370666504 lon=-62.9649772644043 time=2026-05-01 17:54:45.527330
[term_nc-1] seq=51 rtt=522.0904350280762ms  lat=-40.068031311035156 lon=-52.86540985107422 time=2026-05-01 17:54:45.788427
[term_nc-1] seq=52 rtt=522.2938060760498ms  lat=-80.53353881835938 lon=107.78814697265625 time=2026-05-01 17:54:46.049295
[term_nc-1] seq=53 rtt=522.2716331481934ms  lat=72.64725494384766 lon=-4.946528434753418 time=2026-05-01 17:54:46.310302
[term_nc-1] seq=54 rtt=522.4056243896484ms  lat=88.0476303100586 lon=-103.14498901367188 time=2026-05-01 17:54:46.571368
[term_nc-1] seq=55 rtt=522.4854946136475ms  lat=3.0133273601531982 lon=137.73231506347656 time=2026-05-01 17:54:46.832356
[term_nc-1] seq=56 rtt=522.2818851470947ms  lat=44.93541717529297 lon=-113.41111755371094 time=2026-05-01 17:54:47.093525
[term_nc-1] seq=57 rtt=522.4394798278809ms  lat=-75.84224700927734 lon=119.71338653564453 time=2026-05-01 17:54:47.354525
[term_nc-1] seq=58 rtt=522.4394798278809ms  lat=-81.73092651367188 lon=110.00983428955078 time=2026-05-01 17:54:47.615657
[term_nc-1] seq=59 rtt=522.144079208374ms  lat=-68.52464294433594 lon=-122.26480102539062 time=2026-05-01 17:54:47.876987
[term_nc-1] seq=60 rtt=522.235631942749ms  lat=-81.59613800048828 lon=110.74114990234375 time=2026-05-01 17:54:48.138034
[term_nc-1] seq=61 rtt=522.3262310028076ms  lat=40.20662307739258 lon=-110.86505126953125 time=2026-05-01 17:54:48.399082
[term_nc-1] seq=62 rtt=522.350549697876ms  lat=86.26439666748047 lon=53.35487365722656 time=2026-05-01 17:54:48.660116
[term_nc-1] seq=63 rtt=522.2733020782471ms  lat=-80.110595703125 lon=1.4626492261886597 time=2026-05-01 17:54:48.921215
[term_nc-1] seq=64 rtt=522.4928855895996ms  lat=44.537960052490234 lon=-85.21844482421875 time=2026-05-01 17:54:49.182212
[term_nc-1] seq=65 rtt=522.6507186889648ms  lat=-44.388431549072266 lon=-53.16484832763672 time=2026-05-01 17:54:49.443297
[term_nc-1] seq=66 rtt=522.5532054901123ms  lat=49.19650650024414 lon=4.953580856323242 time=2026-05-01 17:54:49.704564
[term_nc-1] seq=67 rtt=522.2556591033936ms  lat=45.493629455566406 lon=-125.4003677368164 time=2026-05-01 17:54:49.966025
[term_nc-1] seq=68 rtt=522.5052833557129ms  lat=-66.25360870361328 lon=176.94703674316406 time=2026-05-01 17:54:50.226990
[term_nc-1] seq=69 rtt=522.4733352661133ms  lat=55.40550231933594 lon=-101.12857055664062 time=2026-05-01 17:54:50.488101
[term_nc-1] seq=70 rtt=522.2697257995605ms  lat=10.541521072387695 lon=-170.76876831054688 time=2026-05-01 17:54:50.749230
[term_nc-1] seq=71 rtt=522.1295356750488ms  lat=81.18433380126953 lon=143.29403686523438 time=2026-05-01 17:54:51.010323
[term_nc-1] seq=72 rtt=522.148609161377ms  lat=53.43951416015625 lon=14.519951820373535 time=2026-05-01 17:54:51.271300
[term_nc-1] seq=73 rtt=522.1908092498779ms  lat=-46.77431869506836 lon=9.994508743286133 time=2026-05-01 17:54:51.532173
[term_nc-1] seq=74 rtt=522.0565795898438ms  lat=10.231108665466309 lon=-59.42778778076172 time=2026-05-01 17:54:51.793250
[term_nc-1] seq=75 rtt=522.1631526947021ms  lat=34.871910095214844 lon=-123.74864959716797 time=2026-05-01 17:54:52.054242
[term_nc-1] seq=76 rtt=522.6635932922363ms  lat=-63.176231384277344 lon=141.24818420410156 time=2026-05-01 17:54:52.315095
[term_nc-1] seq=77 rtt=522.6600170135498ms  lat=30.55402183532715 lon=-62.334190368652344 time=2026-05-01 17:54:52.576235
[term_nc-1] seq=78 rtt=522.48215675354ms  lat=-56.232295989990234 lon=-147.8164825439453 time=2026-05-01 17:54:52.837512
[term_nc-1] seq=79 rtt=522.1641063690186ms  lat=17.98346710205078 lon=-15.455023765563965 time=2026-05-01 17:54:53.098685
[term_nc-1] seq=80 rtt=522.0832824707031ms  lat=-10.809150695800781 lon=-77.41118621826172 time=2026-05-01 17:54:53.359870
[term_nc-1] seq=81 rtt=522.1400260925293ms  lat=82.74365234375 lon=132.90335083007812 time=2026-05-01 17:54:53.620842
[term_nc-1] seq=82 rtt=522.3214626312256ms  lat=-10.955395698547363 lon=59.488338470458984 time=2026-05-01 17:54:53.881777
[term_nc-1] seq=83 rtt=522.5763320922852ms  lat=-1.7799054384231567 lon=99.51164245605469 time=2026-05-01 17:54:54.142850
[term_nc-1] seq=84 rtt=522.9241847991943ms  lat=10.055350303649902 lon=8.387762069702148 time=2026-05-01 17:54:54.403929
[term_nc-1] seq=85 rtt=522.8345394134521ms  lat=79.11703491210938 lon=-12.011336326599121 time=2026-05-01 17:54:54.665252
[term_nc-1] seq=86 rtt=522.5861072540283ms  lat=4.725582122802734 lon=-131.09796142578125 time=2026-05-01 17:54:54.926701
[term_nc-1] seq=87 rtt=522.3612785339355ms  lat=-30.037689208984375 lon=97.59701538085938 time=2026-05-01 17:54:55.187978
[term_nc-1] seq=88 rtt=522.5250720977783ms  lat=-69.5224838256836 lon=126.01084899902344 time=2026-05-01 17:54:55.449088
[term_nc-1] seq=89 rtt=522.5536823272705ms  lat=55.497859954833984 lon=58.02554702758789 time=2026-05-01 17:54:55.710294
[term_nc-1] seq=90 rtt=522.5167274475098ms  lat=29.751283645629883 lon=77.04898834228516 time=2026-05-01 17:54:55.971426
[term_nc-1] seq=91 rtt=522.5539207458496ms  lat=26.73781967163086 lon=-97.91582489013672 time=2026-05-01 17:54:56.232729
[term_nc-1] seq=92 rtt=522.3221778869629ms  lat=-11.927114486694336 lon=80.6678466796875 time=2026-05-01 17:54:56.493954
[term_nc-1] seq=93 rtt=522.357702255249ms  lat=-27.523704528808594 lon=-47.76240158081055 time=2026-05-01 17:54:56.755000
[term_nc-1] seq=94 rtt=522.0894813537598ms  lat=53.89314651489258 lon=17.544586181640625 time=2026-05-01 17:54:57.016173
[term_nc-1] seq=95 rtt=522.0496654510498ms  lat=84.41500091552734 lon=-85.89979553222656 time=2026-05-01 17:54:57.277202
[term_nc-1] seq=96 rtt=522.0463275909424ms  lat=-12.519929885864258 lon=4.332512378692627 time=2026-05-01 17:54:57.538188
[term_nc-1] seq=97 rtt=522.0947265625ms  lat=32.407493591308594 lon=86.51341247558594 time=2026-05-01 17:54:57.799094
[term_nc-1] seq=98 rtt=522.1326351165771ms  lat=-39.777278900146484 lon=-160.64022827148438 time=2026-05-01 17:54:58.060048
[term_nc-1] seq=99 rtt=522.1869945526123ms  lat=-9.508577346801758 lon=147.9965057373047 time=2026-05-01 17:54:58.320953
[term_nc-1] seq=100 rtt=522.0394134521484ms  lat=-7.1998701095581055 lon=-122.10005950927734 time=2026-05-01 17:54:58.582032
[term_nc-1] seq=101 rtt=522.3069190979004ms  lat=-20.665124893188477 lon=155.0071258544922 time=2026-05-01 17:54:58.842934
[term_nc-1] seq=102 rtt=522.2892761230469ms  lat=45.551578521728516 lon=82.34339141845703 time=2026-05-01 17:54:59.104020
[term_nc-1] seq=103 rtt=522.294282913208ms  lat=83.33776092529297 lon=111.48653411865234 time=2026-05-01 17:54:59.365039
[term_nc-1] seq=104 rtt=522.0205783843994ms  lat=16.98496437072754 lon=17.02629280090332 time=2026-05-01 17:54:59.626402
[term_nc-1] seq=105 rtt=522.4015712738037ms  lat=-25.554784774780273 lon=-109.31724548339844 time=2026-05-01 17:54:59.887162
[term_nc-1] seq=106 rtt=522.4568843841553ms  lat=72.68746185302734 lon=-109.37239837646484 time=2026-05-01 17:55:00.148276
[term_nc-1] seq=107 rtt=522.5822925567627ms  lat=-55.90352249145508 lon=-151.58004760742188 time=2026-05-01 17:55:00.409366
[term_nc-1] seq=109 rtt=522.3290920257568ms  lat=41.569129943847656 lon=98.18329620361328 time=2026-05-01 17:55:00.931718
[term_nc-1] seq=110 rtt=522.1223831176758ms  lat=-56.440372467041016 lon=-160.8260955810547 time=2026-05-01 17:55:01.193083
[term_nc-1] seq=111 rtt=522.4287509918213ms  lat=11.78246784210205 lon=14.426968574523926 time=2026-05-01 17:55:01.454082
[term_nc-1] seq=112 rtt=522.4370956420898ms  lat=-77.91626739501953 lon=-116.10342407226562 time=2026-05-01 17:55:01.715122
[term_nc-1] seq=113 rtt=522.3889350891113ms  lat=47.997074127197266 lon=140.1739501953125 time=2026-05-01 17:55:01.976333
[{}] Duration elapsed, shutting down.
[{label}_{term_id}] Stats saved to /tmp/satcom_stats/control_control_nc_termB.json
