[term32-3] Starting (duration=30s)
[term32-3] seq=1 rtt=614.5639419555664ms  lat=82.59552764892578 lon=-73.69511413574219 time=2026-05-01 17:55:51.259882
[term32-3] seq=2 rtt=624.6788501739502ms  lat=73.3711929321289 lon=-44.12110900878906 time=2026-05-01 17:55:51.510427
[term32-3] seq=3 rtt=634.8786354064941ms  lat=86.52149963378906 lon=129.09117126464844 time=2026-05-01 17:55:51.761063
[term32-3] seq=4 rtt=644.9689865112305ms  lat=75.35643768310547 lon=-11.181867599487305 time=2026-05-01 17:55:52.011705
[term32-3] seq=5 rtt=655.1156044006348ms  lat=60.66043472290039 lon=90.31780242919922 time=2026-05-01 17:55:52.262247
[term32-3] seq=6 rtt=665.3718948364258ms  lat=-81.78252410888672 lon=-7.97000789642334 time=2026-05-01 17:55:52.512838
[term32-3] seq=7 rtt=675.4987239837646ms  lat=56.0234489440918 lon=125.1605453491211 time=2026-05-01 17:55:52.763409
[term32-3] seq=8 rtt=685.6527328491211ms  lat=-22.02652359008789 lon=142.44439697265625 time=2026-05-01 17:55:53.014081
[term32-3] seq=9 rtt=695.8134174346924ms  lat=14.43570613861084 lon=-111.49365234375 time=2026-05-01 17:55:53.264715
[term32-3] seq=10 rtt=706.1295509338379ms  lat=81.33885955810547 lon=44.27162551879883 time=2026-05-01 17:55:53.515252
[term32-3] seq=11 rtt=716.4568901062012ms  lat=61.24611282348633 lon=-138.19757080078125 time=2026-05-01 17:55:53.765872
[term32-3] seq=12 rtt=726.7866134643555ms  lat=-58.9475212097168 lon=-147.1747283935547 time=2026-05-01 17:55:54.016518
[term32-3] seq=13 rtt=737.0498180389404ms  lat=-12.609325408935547 lon=-131.27012634277344 time=2026-05-01 17:55:54.267063
[term32-3] msg="Coded packet received" for seqs=[4]
[term32-3] seq=14 rtt=747.398853302002ms  lat=-49.0467643737793 lon=149.87274169921875 time=2026-05-01 17:55:54.517706
[term32-3] seq=15 rtt=503.3609867095947ms  lat=60.219337463378906 lon=86.81436920166016 time=2026-05-01 17:55:54.768591
[term32-3] seq=16 rtt=513.2277011871338ms  lat=-43.73787307739258 lon=11.872633934020996 time=2026-05-01 17:55:55.019548
[term32-3] seq=17 rtt=523.4980583190918ms  lat=-84.73355865478516 lon=148.4459991455078 time=2026-05-01 17:55:55.270143
[term32-3] seq=18 rtt=533.4978103637695ms  lat=7.720133304595947 lon=148.58790588378906 time=2026-05-01 17:55:55.520844
[term32-3] seq=19 rtt=543.7397956848145ms  lat=59.90673828125 lon=-94.73667907714844 time=2026-05-01 17:55:55.771461
[term32-3] seq=20 rtt=553.9014339447021ms  lat=-14.05403995513916 lon=-164.40438842773438 time=2026-05-01 17:55:56.022169
[term32-3] seq=21 rtt=564.0928745269775ms  lat=76.54901123046875 lon=23.54587173461914 time=2026-05-01 17:55:56.272941
[term32-3] seq=22 rtt=574.026346206665ms  lat=0.5875281095504761 lon=38.701881408691406 time=2026-05-01 17:55:56.523979
[term32-3] seq=23 rtt=584.1536521911621ms  lat=4.638341426849365 lon=93.58776092529297 time=2026-05-01 17:55:56.774668
[term32-3] seq=24 rtt=594.3942070007324ms  lat=-67.8377914428711 lon=-52.2409782409668 time=2026-05-01 17:55:57.025334
[term32-3] seq=25 rtt=604.8359870910645ms  lat=45.437217712402344 lon=129.35296630859375 time=2026-05-01 17:55:57.275913
[term32-3] seq=26 rtt=614.9044036865234ms  lat=-50.65687942504883 lon=33.718414306640625 time=2026-05-01 17:55:57.526668
[term32-3] seq=27 rtt=625.0152587890625ms  lat=-31.235172271728516 lon=-61.946372985839844 time=2026-05-01 17:55:57.777367
[term32-3] seq=28 rtt=634.918212890625ms  lat=30.810884475708008 lon=167.68515014648438 time=2026-05-01 17:55:58.028180
[term32-3] seq=29 rtt=644.9596881866455ms  lat=30.44597816467285 lon=-21.414979934692383 time=2026-05-01 17:55:58.278939
[term32-3] seq=30 rtt=655.1527976989746ms  lat=47.31018829345703 lon=-11.011273384094238 time=2026-05-01 17:55:58.529709
[term32-3] seq=31 rtt=665.3902530670166ms  lat=-79.73114013671875 lon=32.89638900756836 time=2026-05-01 17:55:58.780398
[term32-3] seq=32 rtt=675.5685806274414ms  lat=-56.022056579589844 lon=-39.64774703979492 time=2026-05-01 17:55:59.031119
[term32-3] seq=34 rtt=695.8036422729492ms  lat=-66.26396942138672 lon=-74.52115631103516 time=2026-05-01 17:55:59.532557
[term32-3] Missing packets [33], sending NACK...
[term32-3] seq=35 rtt=706.0141563415527ms  lat=40.26517868041992 lon=-110.57196044921875 time=2026-05-01 17:55:59.783281
[term32-3] seq=36 rtt=716.0394191741943ms  lat=16.446208953857422 lon=150.62852478027344 time=2026-05-01 17:56:00.033900
[term32-3] seq=37 rtt=726.3972759246826ms  lat=24.68694496154785 lon=87.1543960571289 time=2026-05-01 17:56:00.284554
[term32-3] seq=38 rtt=736.5968227386475ms  lat=-25.485755920410156 lon=166.4675750732422 time=2026-05-01 17:56:00.535230
[term32-3] seq=39 rtt=747.0974922180176ms  lat=9.721040725708008 lon=107.82437896728516 time=2026-05-01 17:56:00.785756
[term32-3] seq=40 rtt=503.0210018157959ms  lat=5.6537981033325195 lon=-17.377246856689453 time=2026-05-01 17:56:01.036405
[term32-3] seq=41 rtt=513.1936073303223ms  lat=-13.511645317077637 lon=-68.4344711303711 time=2026-05-01 17:56:01.286945
[term32-3] seq=42 rtt=523.3561992645264ms  lat=5.621705055236816 lon=-48.2317008972168 time=2026-05-01 17:56:01.537590
[term32-3] seq=43 rtt=533.4954261779785ms  lat=-42.0682373046875 lon=-59.860713958740234 time=2026-05-01 17:56:01.788480
[term32-3] Missing packets [33], sending NACK...
[term32-3] seq=44 rtt=544.0182685852051ms  lat=23.636119842529297 lon=179.46072387695312 time=2026-05-01 17:56:02.039019
[term32-3] seq=45 rtt=554.1930198669434ms  lat=-35.08788299560547 lon=-2.115042209625244 time=2026-05-01 17:56:02.289758
[term32-3] seq=46 rtt=564.2518997192383ms  lat=53.98093795776367 lon=134.1326446533203 time=2026-05-01 17:56:02.540490
[term32-3] seq=47 rtt=574.6209621429443ms  lat=-9.355955123901367 lon=-55.951995849609375 time=2026-05-01 17:56:02.791080
[term32-3] seq=48 rtt=584.6459865570068ms  lat=16.220355987548828 lon=-179.9619598388672 time=2026-05-01 17:56:03.041965
[term32-3] seq=49 rtt=594.8126316070557ms  lat=-66.13908386230469 lon=115.81295776367188 time=2026-05-01 17:56:03.292737
[term32-3] seq=50 rtt=605.1499843597412ms  lat=89.70170593261719 lon=175.71633911132812 time=2026-05-01 17:56:03.543405
[term32-3] seq=51 rtt=615.4298782348633ms  lat=84.7786636352539 lon=-15.710212707519531 time=2026-05-01 17:56:03.794060
[term32-3] Missing packets [33], sending NACK...
[term32-3] seq=52 rtt=625.617504119873ms  lat=-74.13455963134766 lon=25.093753814697266 time=2026-05-01 17:56:04.044712
[term32-3] seq=53 rtt=635.9939575195312ms  lat=-2.9160315990448 lon=5.620743751525879 time=2026-05-01 17:56:04.295320
[term32-3] seq=54 rtt=646.3868618011475ms  lat=88.44801330566406 lon=117.52540588378906 time=2026-05-01 17:56:04.545901
[term32-3] seq=55 rtt=656.2621593475342ms  lat=-36.64990234375 lon=-18.290388107299805 time=2026-05-01 17:56:04.796690
[term32-3] seq=56 rtt=666.1133766174316ms  lat=33.58627700805664 lon=138.05148315429688 time=2026-05-01 17:56:05.047681
[term32-3] seq=57 rtt=676.5611171722412ms  lat=-83.12230682373047 lon=-169.0811767578125 time=2026-05-01 17:56:05.298218
[term32-3] seq=58 rtt=686.974048614502ms  lat=87.38533782958984 lon=89.80180358886719 time=2026-05-01 17:56:05.548864
[term32-3] seq=59 rtt=697.213888168335ms  lat=78.72916412353516 lon=58.81301498413086 time=2026-05-01 17:56:05.799506
[term32-3] Missing packets [33], sending NACK...
[term32-3] seq=60 rtt=707.3626518249512ms  lat=3.586007595062256 lon=-23.609548568725586 time=2026-05-01 17:56:06.050224
[term32-3] seq=61 rtt=717.6620960235596ms  lat=67.24283599853516 lon=-35.950660705566406 time=2026-05-01 17:56:06.300862
[term32-3] seq=62 rtt=728.1606197357178ms  lat=-36.599853515625 lon=18.11248016357422 time=2026-05-01 17:56:06.551534
[term32-3] seq=63 rtt=738.5926246643066ms  lat=-26.125144958496094 lon=-150.13487243652344 time=2026-05-01 17:56:06.802239
[term32-3] seq=64 rtt=748.7928867340088ms  lat=0.7293785214424133 lon=127.56549835205078 time=2026-05-01 17:56:07.052902
[term32-3] seq=65 rtt=503.0841827392578ms  lat=-44.90325164794922 lon=11.601838111877441 time=2026-05-01 17:56:07.303397
[term32-3] seq=66 rtt=513.4010314941406ms  lat=44.585716247558594 lon=-126.07642364501953 time=2026-05-01 17:56:07.553971
[term32-3] seq=67 rtt=523.6577987670898ms  lat=70.9890365600586 lon=140.60354614257812 time=2026-05-01 17:56:07.804669
[term32-3] seq=68 rtt=534.1482162475586ms  lat=36.75202560424805 lon=-108.51332092285156 time=2026-05-01 17:56:08.055173
[term32-3] Missing packets [33], sending NACK...
[term32-3] seq=69 rtt=544.365406036377ms  lat=46.42036819458008 lon=-134.16696166992188 time=2026-05-01 17:56:08.305860
[term32-3] seq=70 rtt=554.3155670166016ms  lat=-60.153934478759766 lon=99.12454223632812 time=2026-05-01 17:56:08.556702
[term32-3] seq=71 rtt=564.3882751464844ms  lat=-23.79189109802246 lon=-97.13716888427734 time=2026-05-01 17:56:08.807559
[term32-3] seq=72 rtt=574.4309425354004ms  lat=-12.96872615814209 lon=-122.64054870605469 time=2026-05-01 17:56:09.058384
[term32-3] seq=73 rtt=584.5580101013184ms  lat=72.64094543457031 lon=110.5982894897461 time=2026-05-01 17:56:09.308988
[term32-3] seq=74 rtt=594.4061279296875ms  lat=34.61931610107422 lon=-172.15164184570312 time=2026-05-01 17:56:09.559811
[term32-3] seq=75 rtt=604.5331954956055ms  lat=-78.60005950927734 lon=160.0340118408203 time=2026-05-01 17:56:09.810562
[term32-3] seq=76 rtt=614.7031784057617ms  lat=2.2627155780792236 lon=-171.9687957763672 time=2026-05-01 17:56:10.061337
[term32-3] Missing packets [33], sending NACK...
[term32-3] seq=77 rtt=625.1323223114014ms  lat=0.43958109617233276 lon=94.49878692626953 time=2026-05-01 17:56:10.311930
[term32-3] seq=78 rtt=635.5321407318115ms  lat=29.647626876831055 lon=-37.862247467041016 time=2026-05-01 17:56:10.562518
[term32-3] seq=79 rtt=645.9488868713379ms  lat=74.38397979736328 lon=-171.1947479248047 time=2026-05-01 17:56:10.813254
[term32-3] seq=80 rtt=656.1281681060791ms  lat=32.4810676574707 lon=-50.53743362426758 time=2026-05-01 17:56:11.063926
[term32-3] seq=81 rtt=666.4121150970459ms  lat=46.638465881347656 lon=-74.58271026611328 time=2026-05-01 17:56:11.314672
[term32-3] seq=82 rtt=676.3286590576172ms  lat=-60.618038177490234 lon=-161.0891571044922 time=2026-05-01 17:56:11.565210
[term32-3] seq=83 rtt=687.1614456176758ms  lat=40.96309280395508 lon=-134.46974182128906 time=2026-05-01 17:56:11.815839
[term32-3] seq=84 rtt=697.474479675293ms  lat=-11.792920112609863 lon=-143.8422088623047 time=2026-05-01 17:56:12.066442
[term32-3] seq=85 rtt=707.9567909240723ms  lat=-45.17035675048828 lon=169.62451171875 time=2026-05-01 17:56:12.316919
[term32-3] seq=86 rtt=718.2052135467529ms  lat=-25.273746490478516 lon=15.809741973876953 time=2026-05-01 17:56:12.567574
[term32-3] seq=87 rtt=728.6849021911621ms  lat=20.0820255279541 lon=-15.523256301879883 time=2026-05-01 17:56:12.818157
[term32-3] seq=88 rtt=738.8863563537598ms  lat=75.8405990600586 lon=-102.44183349609375 time=2026-05-01 17:56:13.068837
[term32-3] seq=89 rtt=749.2227554321289ms  lat=-47.64928436279297 lon=143.17568969726562 time=2026-05-01 17:56:13.319377
[term32-3] seq=90 rtt=503.59177589416504ms  lat=-66.41590881347656 lon=-83.6897201538086 time=2026-05-01 17:56:13.569921
[term32-3] seq=91 rtt=513.6382579803467ms  lat=-35.82535171508789 lon=-41.78463363647461 time=2026-05-01 17:56:13.820607
[term32-3] seq=92 rtt=523.7979888916016ms  lat=-81.88011169433594 lon=2.266386032104492 time=2026-05-01 17:56:14.071185
[term32-3] seq=93 rtt=533.9994430541992ms  lat=77.15740966796875 lon=34.85599899291992 time=2026-05-01 17:56:14.321900
[term32-3] seq=94 rtt=544.163703918457ms  lat=72.82164001464844 lon=-150.47811889648438 time=2026-05-01 17:56:14.572582
[term32-3] seq=95 rtt=554.5122623443604ms  lat=-42.15970993041992 lon=30.732969284057617 time=2026-05-01 17:56:14.823337
[term32-3] seq=96 rtt=564.77952003479ms  lat=-69.12669372558594 lon=-153.78640747070312 time=2026-05-01 17:56:15.073958
[term32-3] seq=97 rtt=575.3645896911621ms  lat=11.783905982971191 lon=63.494476318359375 time=2026-05-01 17:56:15.324583
[term32-3] seq=98 rtt=585.3381156921387ms  lat=1.7127605676651 lon=-160.59706115722656 time=2026-05-01 17:56:15.575361
[term32-3] seq=99 rtt=595.3564643859863ms  lat=-11.650280952453613 lon=-151.19920349121094 time=2026-05-01 17:56:15.826114
[term32-3] seq=100 rtt=605.4511070251465ms  lat=14.231592178344727 lon=126.47229766845703 time=2026-05-01 17:56:16.076837
[term32-3] seq=101 rtt=615.6880855560303ms  lat=-25.171228408813477 lon=-98.45378112792969 time=2026-05-01 17:56:16.327492
[term32-3] seq=102 rtt=625.5264282226562ms  lat=-81.45989990234375 lon=67.2363510131836 time=2026-05-01 17:56:16.578401
[term32-3] seq=103 rtt=635.6337070465088ms  lat=50.8739128112793 lon=-0.23130491375923157 time=2026-05-01 17:56:16.829120
[term32-3] seq=104 rtt=645.7273960113525ms  lat=-21.82558250427246 lon=137.77102661132812 time=2026-05-01 17:56:17.079804
[term32-3] seq=105 rtt=655.9395790100098ms  lat=-9.675248146057129 lon=-169.47413635253906 time=2026-05-01 17:56:17.330531
[term32-3] seq=106 rtt=666.1665439605713ms  lat=12.233901977539062 lon=145.80540466308594 time=2026-05-01 17:56:17.581360
[term32-3] seq=107 rtt=676.1174201965332ms  lat=-56.269744873046875 lon=3.014338970184326 time=2026-05-01 17:56:17.832110
[term32-3] seq=108 rtt=686.9397163391113ms  lat=-38.41139602661133 lon=-20.46929168701172 time=2026-05-01 17:56:18.082882
[term32-3] seq=109 rtt=697.0705986022949ms  lat=-73.3206558227539 lon=81.08367919921875 time=2026-05-01 17:56:18.333604
[term32-3] seq=110 rtt=706.911563873291ms  lat=-70.7354965209961 lon=147.5924835205078 time=2026-05-01 17:56:18.584537
[term32-3] seq=111 rtt=716.977596282959ms  lat=-45.839820861816406 lon=-148.35757446289062 time=2026-05-01 17:56:18.835102
[term32-3] seq=112 rtt=727.057695388794ms  lat=-46.288475036621094 lon=25.2868595123291 time=2026-05-01 17:56:19.085810
[term32-3] seq=113 rtt=737.401008605957ms  lat=-60.163116455078125 lon=49.17212677001953 time=2026-05-01 17:56:19.336492
[term32-3] seq=114 rtt=747.5636005401611ms  lat=-38.2828483581543 lon=12.914767265319824 time=2026-05-01 17:56:19.587168
[term32-3] seq=115 rtt=503.92961502075195ms  lat=54.35018539428711 lon=-161.52499389648438 time=2026-05-01 17:56:19.837847
[term32-3] seq=116 rtt=513.8521194458008ms  lat=-66.83060455322266 lon=-111.78466796875 time=2026-05-01 17:56:20.088533
[term32-3] seq=117 rtt=524.0328311920166ms  lat=-36.30270767211914 lon=164.9376983642578 time=2026-05-01 17:56:20.339116
[term32-3] seq=118 rtt=534.2023372650146ms  lat=61.829750061035156 lon=-105.78604888916016 time=2026-05-01 17:56:20.589751
[term32-3] Duration elapsed, shutting down.
[{label}_{term_id}] Stats saved to /tmp/satcom_stats/control_use_case_32_term_3.json
