[term31-0] seq=4 rtt=2154.2718410491943ms  lat=7.711755275726318 lon=-387.4283142089844 time=2026-05-01 17:08:44.166087
[term31-0] seq=1 rtt=1897.1920013427734ms  lat=-498.4863586425781 lon=-3.4915828704833984 time=2026-05-01 17:08:44.423318
[term31-0] msg="Sequence number was missing from sliding window, so packet could not be decoded"
[term31-0] seq=3 rtt=1353.9824485778809ms  lat=13.723130226135254 lon=324.2525329589844 time=2026-05-01 17:08:44.966580
[term31-0] seq=5 rtt=1355.3690910339355ms  lat=-30.557832717895508 lon=-392.7023010253906 time=2026-05-01 17:08:44.965227
[term31-0] seq=6 rtt=1355.5552959442139ms  lat=39.721981048583984 lon=16.28635025024414 time=2026-05-01 17:08:45.236303
[term31-0] seq=7 rtt=1355.6592464447021ms  lat=8.35291576385498 lon=170.21884155273438 time=2026-05-01 17:08:45.507270
[term31-0] seq=8 rtt=1355.905532836914ms  lat=0.024042382836341858 lon=-152.8874969482422 time=2026-05-01 17:08:45.778127
[term31-0] seq=9 rtt=1355.905532836914ms  lat=1.447270154953003 lon=311.39495849609375 time=2026-05-01 17:08:46.049260
[term31-0] seq=10 rtt=1356.0822010040283ms  lat=11.862589836120605 lon=3.6504170894622803 time=2026-05-01 17:08:46.320231
[term31-0] seq=11 rtt=1356.2822341918945ms  lat=66.99153137207031 lon=-95.30976867675781 time=2026-05-01 17:08:46.590974
[term31-0] seq=12 rtt=1355.7658195495605ms  lat=-102.47212219238281 lon=245.85427856445312 time=2026-05-01 17:08:46.862599
[term31-0] seq=13 rtt=1355.376958847046ms  lat=62.39142990112305 lon=0.6815937757492065 time=2026-05-01 17:08:47.134178
[term31-0] seq=14 rtt=1355.8483123779297ms  lat=11.428274154663086 lon=-0.012211974710226059 time=2026-05-01 17:08:47.404877
[term31-0] seq=15 rtt=1355.5278778076172ms  lat=78.56134796142578 lon=317.0437316894531 time=2026-05-01 17:08:47.676235
[term31-0] seq=16 rtt=1356.450080871582ms  lat=-8.758329391479492 lon=-9.327991485595703 time=2026-05-01 17:08:47.946423
[term31-0] seq=17 rtt=1355.9131622314453ms  lat=35.64045715332031 lon=-34.9920539855957 time=2026-05-01 17:08:48.218213
[term31-0] seq=18 rtt=1355.633020401001ms  lat=-55.03184509277344 lon=397.1613464355469 time=2026-05-01 17:08:48.489620
[term31-0] seq=19 rtt=1355.8349609375ms  lat=-14.24493408203125 lon=-190.56410217285156 time=2026-05-01 17:08:48.760628
[term31-0] seq=20 rtt=1356.1487197875977ms  lat=-51.94413757324219 lon=11.001092910766602 time=2026-05-01 17:08:49.031707
[term31-0] seq=21 rtt=1356.4293384552002ms  lat=27.109466552734375 lon=-182.2857208251953 time=2026-05-01 17:08:49.302649
[term31-0] seq=22 rtt=1356.3287258148193ms  lat=-51.68279266357422 lon=5.104318141937256 time=2026-05-01 17:08:49.573864
[term31-0] seq=23 rtt=1356.2073707580566ms  lat=-24.77971649169922 lon=-299.41607666015625 time=2026-05-01 17:08:49.845181
[term31-0] seq=24 rtt=1356.3926219940186ms  lat=-22.573837280273438 lon=15.313088417053223 time=2026-05-01 17:08:50.116215
[term31-0] seq=25 rtt=1356.2915325164795ms  lat=-20.075468063354492 lon=240.10186767578125 time=2026-05-01 17:08:50.387607
[term31-0] seq=26 rtt=1355.931282043457ms  lat=-6.175334930419922 lon=87.18470764160156 time=2026-05-01 17:08:50.659012
[term31-0] seq=27 rtt=1356.1911582946777ms  lat=13.692721366882324 lon=104.64398956298828 time=2026-05-01 17:08:50.929976
[term31-0] seq=28 rtt=1360.2089881896973ms  lat=66.66726684570312 lon=2.605952739715576 time=2026-05-01 17:08:51.197210
[term31-0] seq=29 rtt=1356.849193572998ms  lat=41.29707717895508 lon=-37.327476501464844 time=2026-05-01 17:08:51.471726
[term31-0] seq=30 rtt=1356.2719821929932ms  lat=-63.34764862060547 lon=28.501333236694336 time=2026-05-01 17:08:51.743548
[term31-0] seq=31 rtt=1356.0354709625244ms  lat=-74.99386596679688 lon=-12.653427124023438 time=2026-05-01 17:08:52.014790
[term31-0] seq=32 rtt=1356.0874462127686ms  lat=58.15879821777344 lon=82.36893463134766 time=2026-05-01 17:08:52.285948
[term31-0] seq=33 rtt=1355.982780456543ms  lat=-28.028316497802734 lon=292.2272644042969 time=2026-05-01 17:08:52.557251
[term31-0] seq=34 rtt=1352.5288105010986ms  lat=-17.0682430267334 lon=-63.06945037841797 time=2026-05-01 17:08:52.831722
[term31-0] seq=36 rtt=1356.2989234924316ms  lat=-8.24136734008789 lon=-5.302577972412109 time=2026-05-01 17:08:53.370183
[term31-0] seq=37 rtt=1356.7371368408203ms  lat=107.11028289794922 lon=3.3364052772521973 time=2026-05-01 17:08:53.641138
[term31-0] seq=38 rtt=1356.407642364502ms  lat=-56.80973434448242 lon=0.008549720048904419 time=2026-05-01 17:08:53.912653
[term31-0] seq=39 rtt=1356.5394878387451ms  lat=-28.633621215820312 lon=24.243093490600586 time=2026-05-01 17:08:54.183644
[term31-0] seq=40 rtt=1344.92826461792ms  lat=-25.462644577026367 lon=302.269775390625 time=2026-05-01 17:08:54.466436
[term31-0] seq=41 rtt=1356.0843467712402ms  lat=-30.8985595703125 lon=2.8886501789093018 time=2026-05-01 17:08:54.726532
[term31-0] seq=42 rtt=1356.3346862792969ms  lat=25.21260643005371 lon=2.0184326171875 time=2026-05-01 17:08:54.997566
[term31-0] seq=43 rtt=1356.1644554138184ms  lat=26.51558494567871 lon=235.4575958251953 time=2026-05-01 17:08:55.268877
[term31-0] seq=44 rtt=1356.2135696411133ms  lat=-28.39625358581543 lon=-298.1210632324219 time=2026-05-01 17:08:55.540037
[term31-0] seq=45 rtt=1356.4233779907227ms  lat=87.49052429199219 lon=-89.1363296508789 time=2026-05-01 17:08:55.811176
[term31-0] seq=46 rtt=1356.2071323394775ms  lat=-48.366943359375 lon=-188.23838806152344 time=2026-05-01 17:08:56.082436
[term31-0] seq=47 rtt=1356.3728332519531ms  lat=2.7650675773620605 lon=-45.26984405517578 time=2026-05-01 17:08:56.353723
[term31-0] seq=48 rtt=1356.2071323394775ms  lat=19.686241149902344 lon=-2.8819613456726074 time=2026-05-01 17:08:56.624899
[term31-0] seq=49 rtt=1356.017827987671ms  lat=27.160144805908203 lon=105.18335723876953 time=2026-05-01 17:08:56.896038
[term31-0] seq=50 rtt=1355.7968139648438ms  lat=15.958335876464844 lon=164.86204528808594 time=2026-05-01 17:08:57.167330
[term31-0] seq=51 rtt=1355.7662963867188ms  lat=9.343388557434082 lon=72.3695297241211 time=2026-05-01 17:08:57.438489
[term31-0] seq=52 rtt=1355.579137802124ms  lat=17.47003173828125 lon=111.2266845703125 time=2026-05-01 17:08:57.709786
[term31-0] seq=53 rtt=1355.4394245147705ms  lat=-208.07179260253906 lon=-2.2110939025878906 time=2026-05-01 17:08:57.980863
[term31-0] seq=54 rtt=1355.5595874786377ms  lat=-1.6674236059188843 lon=204.45579528808594 time=2026-05-01 17:08:58.251893
[term31-0] seq=55 rtt=1355.2837371826172ms  lat=0.029053261503577232 lon=20.751880645751953 time=2026-05-01 17:08:58.523174
[term31-0] seq=56 rtt=1355.7958602905273ms  lat=-5.18217134475708 lon=83.65633392333984 time=2026-05-01 17:08:58.793958
[term31-0] seq=57 rtt=1355.5643558502197ms  lat=-9.259101867675781 lon=-2.059673547744751 time=2026-05-01 17:08:59.065137
[term31-0] seq=58 rtt=1356.3544750213623ms  lat=-68.772216796875 lon=-3.937063694000244 time=2026-05-01 17:08:59.335946
[term31-0] seq=59 rtt=1355.9932708740234ms  lat=-23.899229049682617 lon=-25.486621856689453 time=2026-05-01 17:08:59.607283
[term31-0] seq=60 rtt=1357.1455478668213ms  lat=-20.237606048583984 lon=9.245595932006836 time=2026-05-01 17:08:59.877443
[term31-0] seq=61 rtt=1356.2486171722412ms  lat=59.703575134277344 lon=-44.00507354736328 time=2026-05-01 17:09:00.149760
[term31-0] seq=62 rtt=1357.0842742919922ms  lat=13.593805313110352 lon=5.380124092102051 time=2026-05-01 17:09:00.419983
[term31-0] seq=63 rtt=1355.9138774871826ms  lat=90.16162109375 lon=117.399658203125 time=2026-05-01 17:09:00.692178
[term31-0] seq=64 rtt=1355.959177017212ms  lat=-10.202261924743652 lon=23.716054916381836 time=2026-05-01 17:09:00.963124
Traceback (most recent call last):
  File "terminal31.py", line 130, in <module>
    run_terminal(sys.argv[1], sys.argv[2], sys.argv[3])
  File "terminal31.py", line 50, in run_terminal
    send_socket.sendto(packet, (server_ip, SERVER_PORT))
OSError: [Errno 101] Network is unreachable
