[terminal31-0] seq=1 rtt=1897.4852561950684ms  lat=-26.216520309448242 lon=-14.328664779663086 time=2026-05-01 00:59:19.278237
[terminal31-0] seq=4 rtt=2076.3585567474365ms  lat=41.47062301635742 lon=427.8999938964844 time=2026-05-01 00:59:19.099533
[terminal31-0] seq=2 rtt=2076.585292816162ms  lat=18.138978958129883 lon=-55.1380615234375 time=2026-05-01 00:59:19.099344
[terminal31-0] msg="Sequence number was missing from sliding window, so packet could not be decoded"
[terminal31-0] seq=5 rtt=1353.6419868469238ms  lat=-499.9090270996094 lon=159.36990356445312 time=2026-05-01 00:59:19.822336
[terminal31-0] seq=6 rtt=1357.2351932525635ms  lat=-392.8861083984375 lon=79.79351806640625 time=2026-05-01 00:59:20.089616
[terminal31-0] seq=9 rtt=1361.4842891693115ms  lat=-0.25146225094795227 lon=29.461313247680664 time=2026-05-01 00:59:20.898495
[terminal31-0] seq=10 rtt=1357.9657077789307ms  lat=0.12493931502103806 lon=99.33843994140625 time=2026-05-01 00:59:21.173349
[terminal31-0] seq=11 rtt=1311.0356330871582ms  lat=28.143455505371094 lon=7.31182861328125 time=2026-05-01 00:59:21.491265
[terminal31-0] msg="Non-coded packet received" seq=12 rtt=1093.7745571136475ms  lat=0.4836465120315552 lon=173.13662719726562 time=2026-05-01 00:59:21.990380
[terminal31-0] seq=13 rtt=1355.194330215454ms  lat=-55.968589782714844 lon=-22.5705623626709 time=2026-05-01 00:59:21.989951
[terminal31-0] seq=14 rtt=1314.8009777069092ms  lat=-22.381393432617188 lon=-2.178140640258789 time=2026-05-01 00:59:22.301427
[terminal31-0] seq=15 rtt=1359.6715927124023ms  lat=199.31285095214844 lon=80.4188232421875 time=2026-05-01 00:59:22.527738
[terminal31-0] seq=16 rtt=1358.8511943817139ms  lat=-22.924245834350586 lon=336.7267150878906 time=2026-05-01 00:59:22.799505
[terminal31-0] seq=17 rtt=1358.8736057281494ms  lat=57.061153411865234 lon=13.206411361694336 time=2026-05-01 00:59:23.070598
[terminal31-0] seq=18 rtt=1356.4069271087646ms  lat=18.31599998474121 lon=2.519423723220825 time=2026-05-01 00:59:23.344164
[terminal31-0] seq=19 rtt=1355.3686141967773ms  lat=-47.205291748046875 lon=109.86705780029297 time=2026-05-01 00:59:23.616357
[terminal31-0] seq=20 rtt=1354.7160625457764ms  lat=27.6546573638916 lon=52.92072677612305 time=2026-05-01 00:59:23.888266
[terminal31-0] seq=21 rtt=1345.2107906341553ms  lat=14.178696632385254 lon=111.49357604980469 time=2026-05-01 00:59:24.168963
[terminal31-0] seq=22 rtt=1358.8542938232422ms  lat=-25.445240020751953 lon=-31.92824363708496 time=2026-05-01 00:59:24.426377
[terminal31-0] seq=24 rtt=1355.0353050231934ms  lat=79.0993423461914 lon=40.890804290771484 time=2026-05-01 00:59:24.972161
[terminal31-0] seq=25 rtt=1355.5562496185303ms  lat=-7.592220783233643 lon=-221.589111328125 time=2026-05-01 00:59:25.242833
[terminal31-0] seq=26 rtt=1355.3767204284668ms  lat=-44.730167388916016 lon=465.6700744628906 time=2026-05-01 00:59:25.514023
[terminal31-0] seq=27 rtt=1355.5471897125244ms  lat=100.25093841552734 lon=32.93288040161133 time=2026-05-01 00:59:25.785092
[terminal31-0] seq=28 rtt=1355.7050228118896ms  lat=21.717853546142578 lon=-0.05862162634730339 time=2026-05-01 00:59:26.056078
[terminal31-0] seq=29 rtt=1355.7822704315186ms  lat=10.500636100769043 lon=-0.0560128428041935 time=2026-05-01 00:59:26.327047
[terminal31-0] seq=30 rtt=1355.5388450622559ms  lat=-2.4472198486328125 lon=-15.794790267944336 time=2026-05-01 00:59:26.598306
[terminal31-0] seq=31 rtt=1355.7450771331787ms  lat=3.894547939300537 lon=6.652588367462158 time=2026-05-01 00:59:26.869274
[terminal31-0] seq=32 rtt=1356.5900325775146ms  lat=-126.41350555419922 lon=-6.974095821380615 time=2026-05-01 00:59:27.139667
[terminal31-0] seq=33 rtt=1356.5974235534668ms  lat=-14.374123573303223 lon=-203.57550048828125 time=2026-05-01 00:59:27.410578
[terminal31-0] seq=34 rtt=1355.621576309204ms  lat=82.91004180908203 lon=-12.360010147094727 time=2026-05-01 00:59:27.682620
[terminal31-0] seq=35 rtt=1355.38911819458ms  lat=105.0699234008789 lon=28.06804847717285 time=2026-05-01 00:59:27.954077
[terminal31-0] seq=36 rtt=1355.9582233428955ms  lat=-4.949919700622559 lon=41.640865325927734 time=2026-05-01 00:59:28.224794
[terminal31-0] seq=37 rtt=1355.118989944458ms  lat=-86.61750030517578 lon=48.423004150390625 time=2026-05-01 00:59:28.496954
[terminal31-0] seq=38 rtt=1357.123851776123ms  lat=-119.04326629638672 lon=-94.70829772949219 time=2026-05-01 00:59:28.766198
[terminal31-0] seq=39 rtt=1356.571912765503ms  lat=-116.26408386230469 lon=-38.19818878173828 time=2026-05-01 00:59:29.038019
[terminal31-0] seq=40 rtt=1356.7123413085938ms  lat=0.2708096504211426 lon=-47.53990173339844 time=2026-05-01 00:59:29.308969
[terminal31-0] seq=41 rtt=1356.602668762207ms  lat=-0.20507602393627167 lon=-29.99078369140625 time=2026-05-01 00:59:29.580303
[terminal31-0] msg="Non-coded packet received" seq=42 rtt=1094.897747039795ms  lat=-7.7667388916015625 lon=175.7922821044922 time=2026-05-01 00:59:30.123395
[terminal31-0] seq=43 rtt=1360.2313995361328ms  lat=-9.108736991882324 lon=28.252391815185547 time=2026-05-01 00:59:30.119085
[terminal31-0] seq=45 rtt=1356.3494682312012ms  lat=-16.373640060424805 lon=-0.023795248940587044 time=2026-05-01 00:59:30.665224
[terminal31-0] seq=46 rtt=1356.4879894256592ms  lat=-109.79898071289062 lon=231.37646484375 time=2026-05-01 00:59:30.936480
[terminal31-0] seq=47 rtt=1356.3024997711182ms  lat=-55.63835525512695 lon=311.53192138671875 time=2026-05-01 00:59:31.207807
[terminal31-0] seq=48 rtt=1355.870008468628ms  lat=11.749396324157715 lon=-316.7486572265625 time=2026-05-01 00:59:31.479317
[terminal31-0] seq=49 rtt=1356.0452461242676ms  lat=78.64500427246094 lon=-223.97862243652344 time=2026-05-01 00:59:31.750136
[terminal31-0] seq=50 rtt=1356.2583923339844ms  lat=-62.691524505615234 lon=76.81106567382812 time=2026-05-01 00:59:32.020926
[terminal31-0] seq=51 rtt=1355.8294773101807ms  lat=159.48394775390625 lon=175.77359008789062 time=2026-05-01 00:59:32.292660
[terminal31-0] seq=52 rtt=1356.6930294036865ms  lat=0.4263388514518738 lon=155.6805877685547 time=2026-05-01 00:59:32.563200
[terminal31-0] seq=53 rtt=1355.9155464172363ms  lat=25.93836784362793 lon=-3.9497499465942383 time=2026-05-01 00:59:32.834983
[terminal31-0] seq=54 rtt=1355.8671474456787ms  lat=-10.024561882019043 lon=-136.230224609375 time=2026-05-01 00:59:33.106039
[terminal31-0] seq=55 rtt=1344.7208404541016ms  lat=-9.053535461425781 lon=172.2437286376953 time=2026-05-01 00:59:33.388438
[terminal31-0] msg="Non-coded packet received" seq=56 rtt=1094.9387550354004ms  lat=19.139644622802734 lon=-159.8197021484375 time=2026-05-01 00:59:33.919608
[terminal31-0] seq=57 rtt=1355.4844856262207ms  lat=96.89287567138672 lon=-148.68572998046875 time=2026-05-01 00:59:33.919827
[terminal31-0] seq=58 rtt=1355.5331230163574ms  lat=16.36468505859375 lon=146.59213256835938 time=2026-05-01 00:59:34.190719
[terminal31-0] seq=59 rtt=1355.5738925933838ms  lat=11.789102554321289 lon=-3.1573069095611572 time=2026-05-01 00:59:34.461728
[terminal31-0] seq=60 rtt=1355.3662300109863ms  lat=42.911739349365234 lon=-86.90003204345703 time=2026-05-01 00:59:34.732955
[terminal31-0] seq=61 rtt=1355.4394245147705ms  lat=40.523895263671875 lon=-359.8837585449219 time=2026-05-01 00:59:35.003940
[terminal31-0] seq=62 rtt=1355.3364276885986ms  lat=-32.99651336669922 lon=-474.850341796875 time=2026-05-01 00:59:35.275059
[terminal31-0] seq=63 rtt=1355.471134185791ms  lat=-9.196422576904297 lon=-19.642032623291016 time=2026-05-01 00:59:35.546208
[terminal31-0] seq=64 rtt=1355.7755947113037ms  lat=63.267398834228516 lon=434.3377380371094 time=2026-05-01 00:59:35.817089
[terminal31-0] seq=65 rtt=1355.964183807373ms  lat=15.625106811523438 lon=111.58031463623047 time=2026-05-01 00:59:36.088325
[terminal31-0] seq=66 rtt=1355.9157848358154ms  lat=-384.4784240722656 lon=169.21287536621094 time=2026-05-01 00:59:36.359342
[terminal31-0] seq=67 rtt=1355.9165000915527ms  lat=3.136117696762085 lon=44.134552001953125 time=2026-05-01 00:59:36.630341
[terminal31-0] seq=68 rtt=1355.9494018554688ms  lat=99.63338470458984 lon=216.7947998046875 time=2026-05-01 00:59:36.901421
[terminal31-0] seq=69 rtt=1356.3392162322998ms  lat=-43.4248046875 lon=-4.461220741271973 time=2026-05-01 00:59:37.172358
[terminal31-0] seq=70 rtt=1355.8506965637207ms  lat=-12.561878204345703 lon=-57.632179260253906 time=2026-05-01 00:59:37.443958
[terminal31-0] seq=71 rtt=1355.9465408325195ms  lat=0.012267234735190868 lon=114.0511245727539 time=2026-05-01 00:59:37.714955
[terminal31-0] seq=73 rtt=1355.9379577636719ms  lat=40.03178405761719 lon=-89.63843536376953 time=2026-05-01 00:59:38.257172
[terminal31-0] seq=75 rtt=1355.6437492370605ms  lat=-25.407733917236328 lon=85.93218994140625 time=2026-05-01 00:59:38.799664
[terminal31-0] seq=76 rtt=1355.6432723999023ms  lat=-165.05807495117188 lon=28.70956802368164 time=2026-05-01 00:59:39.070585
[terminal31-0] seq=77 rtt=1355.3025722503662ms  lat=-15.03233528137207 lon=304.85064697265625 time=2026-05-01 00:59:39.342153
[terminal31-0] seq=78 rtt=1355.8413982391357ms  lat=-243.35328674316406 lon=-352.0445556640625 time=2026-05-01 00:59:39.612874
[terminal31-0] seq=79 rtt=1356.7793369293213ms  lat=-16.906967163085938 lon=341.1238098144531 time=2026-05-01 00:59:39.883115
[terminal31-0] seq=80 rtt=1356.6720485687256ms  lat=109.134033203125 lon=-45.36172103881836 time=2026-05-01 00:59:40.154612
[terminal31-0] seq=81 rtt=1353.0428409576416ms  lat=-15.545906066894531 lon=-26.556697845458984 time=2026-05-01 00:59:40.429533
[terminal31-0] seq=82 rtt=1313.2317066192627ms  lat=-43.87836837768555 lon=203.11984252929688 time=2026-05-01 00:59:40.740450
[terminal31-0] seq=83 rtt=1356.879472732544ms  lat=40.25318908691406 lon=35.886993408203125 time=2026-05-01 00:59:40.967994
[terminal31-0] seq=84 rtt=1356.2541007995605ms  lat=0.8801258206367493 lon=-30.504701614379883 time=2026-05-01 00:59:41.240087
[terminal31-0] seq=85 rtt=1356.6389083862305ms  lat=-4.3319244384765625 lon=17.360271453857422 time=2026-05-01 00:59:41.511050
[terminal31-0] seq=86 rtt=1356.2877178192139ms  lat=-2.80000376701355 lon=-15.849175453186035 time=2026-05-01 00:59:41.782633
[terminal31-0] seq=87 rtt=1356.1744689941406ms  lat=-60.63334274291992 lon=-64.45077514648438 time=2026-05-01 00:59:42.053576
[terminal31-0] seq=88 rtt=1356.050729751587ms  lat=0.9242708683013916 lon=47.36061477661133 time=2026-05-01 00:59:42.325046
[terminal31-0] seq=89 rtt=1345.9115028381348ms  lat=-0.025423569604754448 lon=89.25247192382812 time=2026-05-01 00:59:42.606645
[terminal31-0] seq=90 rtt=1353.0657291412354ms  lat=28.80571937561035 lon=0.03587845340371132 time=2026-05-01 00:59:42.870652
[terminal31-0] seq=91 rtt=1356.1384677886963ms  lat=11.59595012664795 lon=28.15987777709961 time=2026-05-01 00:59:43.138710
[terminal31-0] seq=92 rtt=1356.4088344573975ms  lat=-197.97805786132812 lon=404.3158874511719 time=2026-05-01 00:59:43.409566
[terminal31-0] seq=93 rtt=1356.8408489227295ms  lat=67.1518325805664 lon=-428.6902160644531 time=2026-05-01 00:59:43.680441
[terminal31-0] seq=94 rtt=1355.3531169891357ms  lat=84.30453491210938 lon=-498.9367980957031 time=2026-05-01 00:59:43.953061
[terminal31-0] seq=95 rtt=1353.4181118011475ms  lat=-14.246853828430176 lon=-150.7691192626953 time=2026-05-01 00:59:44.226186
[terminal31-0] seq=96 rtt=1376.1203289031982ms  lat=-11.957079887390137 lon=-505.1980285644531 time=2026-05-01 00:59:44.474406
[terminal31-0] seq=97 rtt=1352.8811931610107ms  lat=-30.587799072265625 lon=80.54292297363281 time=2026-05-01 00:59:44.768739
[terminal31-0] seq=98 rtt=1354.0258407592773ms  lat=12.236748695373535 lon=14.644327163696289 time=2026-05-01 00:59:45.038542
[terminal31-0] seq=99 rtt=1356.313705444336ms  lat=-13.032022476196289 lon=22.000898361206055 time=2026-05-01 00:59:45.307187
[terminal31-0] seq=100 rtt=1354.1152477264404ms  lat=-31.918909072875977 lon=-403.8898620605469 time=2026-05-01 00:59:45.580479
[terminal31-0] seq=101 rtt=1360.51344871521ms  lat=-17.625713348388672 lon=-206.9303741455078 time=2026-05-01 00:59:45.844941
[terminal31-0] seq=102 rtt=1354.3999195098877ms  lat=-0.14785423874855042 lon=-47.9444694519043 time=2026-05-01 00:59:46.121889
[terminal31-0] seq=103 rtt=1356.5747737884521ms  lat=479.5745544433594 lon=-34.13951110839844 time=2026-05-01 00:59:46.390723
[terminal31-0] seq=104 rtt=1354.8693656921387ms  lat=82.76996612548828 lon=-4.062068939208984 time=2026-05-01 00:59:46.663675
[terminal31-0] seq=105 rtt=1353.1162738800049ms  lat=9.578125953674316 lon=319.4423522949219 time=2026-05-01 00:59:46.936616
[terminal31-0] seq=106 rtt=1355.6556701660156ms  lat=39.820945739746094 lon=120.5869140625 time=2026-05-01 00:59:47.205318
[terminal31-0] seq=107 rtt=1355.832576751709ms  lat=-1.597406029701233 lon=14.682042121887207 time=2026-05-01 00:59:47.476087
[terminal31-0] Duration elapsed, shutting down.
