[term_nc] Starting no coding terminal (duration=30s)
[term_nc-1] seq=1 rtt=1043.5121059417725ms  lat=23.85624885559082 lon=100.97630310058594 time=2026-05-01 16:16:34.895447
[term_nc-1] seq=2 rtt=783.087968826294ms  lat=81.65912628173828 lon=-101.99546813964844 time=2026-05-01 16:16:35.156168
[term_nc-1] seq=3 rtt=522.5908756256104ms  lat=-57.30900192260742 lon=112.42681884765625 time=2026-05-01 16:16:35.416738
[term_nc-1] seq=4 rtt=522.7668285369873ms  lat=-30.539003372192383 lon=129.50880432128906 time=2026-05-01 16:16:35.677620
[term_nc-1] seq=5 rtt=522.6953029632568ms  lat=-45.331581115722656 lon=62.98542022705078 time=2026-05-01 16:16:35.938628
[term_nc-1] seq=6 rtt=522.3245620727539ms  lat=-71.41267395019531 lon=-57.817317962646484 time=2026-05-01 16:16:36.199857
[term_nc-1] seq=7 rtt=522.263765335083ms  lat=-12.444029808044434 lon=-10.382596969604492 time=2026-05-01 16:16:36.460729
[term_nc-1] seq=8 rtt=522.2156047821045ms  lat=-54.47541427612305 lon=4.051652908325195 time=2026-05-01 16:16:36.721726
[term_nc-1] seq=9 rtt=522.3479270935059ms  lat=57.48154830932617 lon=-52.71859359741211 time=2026-05-01 16:16:36.982632
[term_nc-1] seq=10 rtt=522.3262310028076ms  lat=-82.69042205810547 lon=-168.7522735595703 time=2026-05-01 16:16:37.243604
[term_nc-1] seq=11 rtt=522.1688747406006ms  lat=-84.2973861694336 lon=143.53118896484375 time=2026-05-01 16:16:37.504665
[term_nc-1] seq=12 rtt=522.0682621002197ms  lat=34.1976203918457 lon=62.543785095214844 time=2026-05-01 16:16:37.765745
[term_nc-1] seq=13 rtt=522.0692157745361ms  lat=-45.17649459838867 lon=102.11288452148438 time=2026-05-01 16:16:38.026640
[term_nc-1] seq=14 rtt=522.0010280609131ms  lat=-12.638511657714844 lon=-139.398681640625 time=2026-05-01 16:16:38.287565
[term_nc-1] seq=15 rtt=521.8513011932373ms  lat=-35.748252868652344 lon=-61.875396728515625 time=2026-05-01 16:16:38.548498
[term_nc-1] seq=16 rtt=521.852970123291ms  lat=-74.76058197021484 lon=-171.80809020996094 time=2026-05-01 16:16:38.809381
[term_nc-1] seq=17 rtt=522.0587253570557ms  lat=-20.42725372314453 lon=-42.46297836303711 time=2026-05-01 16:16:39.070246
[term_nc-1] seq=18 rtt=522.3057270050049ms  lat=-31.734848022460938 lon=-82.636962890625 time=2026-05-01 16:16:39.331080
[term_nc-1] seq=19 rtt=522.1772193908691ms  lat=-7.641467571258545 lon=91.57145690917969 time=2026-05-01 16:16:39.591922
[term_nc-1] seq=20 rtt=522.1993923187256ms  lat=15.62597942352295 lon=-78.87515258789062 time=2026-05-01 16:16:39.852855
[term_nc-1] seq=22 rtt=522.1657752990723ms  lat=-31.953245162963867 lon=55.40480422973633 time=2026-05-01 16:16:40.374658
[term_nc-1] seq=23 rtt=521.9764709472656ms  lat=62.774269104003906 lon=121.1171646118164 time=2026-05-01 16:16:40.635737
[term_nc-1] seq=24 rtt=521.7859745025635ms  lat=-65.58531188964844 lon=45.48196792602539 time=2026-05-01 16:16:40.896666
[term_nc-1] seq=25 rtt=521.8732357025146ms  lat=84.44298553466797 lon=-96.66803741455078 time=2026-05-01 16:16:41.157547
[term_nc-1] seq=26 rtt=521.9357013702393ms  lat=-48.890541076660156 lon=166.17764282226562 time=2026-05-01 16:16:41.418321
[term_nc-1] seq=27 rtt=521.782636642456ms  lat=69.1632308959961 lon=156.39889526367188 time=2026-05-01 16:16:41.679270
[term_nc-1] seq=28 rtt=521.7900276184082ms  lat=42.643348693847656 lon=-175.6251220703125 time=2026-05-01 16:16:41.940130
[term_nc-1] seq=29 rtt=522.031307220459ms  lat=-55.923274993896484 lon=-41.641082763671875 time=2026-05-01 16:16:42.200916
[term_nc-1] seq=30 rtt=522.0911502838135ms  lat=-48.38450622558594 lon=-142.18504333496094 time=2026-05-01 16:16:42.461771
[term_nc-1] seq=31 rtt=521.939754486084ms  lat=-18.030149459838867 lon=-19.47174644470215 time=2026-05-01 16:16:42.722800
[term_nc-1] seq=32 rtt=521.7869281768799ms  lat=51.87653350830078 lon=121.54579162597656 time=2026-05-01 16:16:42.983747
[term_nc-1] seq=33 rtt=521.8138694763184ms  lat=-42.185874938964844 lon=13.944293022155762 time=2026-05-01 16:16:43.244611
[term_nc-1] seq=34 rtt=521.740198135376ms  lat=66.4879150390625 lon=-100.3365249633789 time=2026-05-01 16:16:43.505384
[term_nc-1] seq=35 rtt=521.7850208282471ms  lat=17.39049530029297 lon=-157.92398071289062 time=2026-05-01 16:16:43.766264
[term_nc-1] seq=36 rtt=522.2182273864746ms  lat=-36.33571243286133 lon=-74.64273071289062 time=2026-05-01 16:16:44.027011
[term_nc-1] seq=37 rtt=522.3119258880615ms  lat=-45.82796859741211 lon=-178.32476806640625 time=2026-05-01 16:16:44.287900
[term_nc-1] seq=38 rtt=522.197961807251ms  lat=72.37487030029297 lon=-18.482301712036133 time=2026-05-01 16:16:44.549016
[term_nc-1] seq=39 rtt=522.1595764160156ms  lat=68.43553924560547 lon=-91.25982666015625 time=2026-05-01 16:16:44.809977
[term_nc-1] seq=40 rtt=522.2835540771484ms  lat=36.68312072753906 lon=-13.262969970703125 time=2026-05-01 16:16:45.070890
[term_nc-1] seq=41 rtt=522.3879814147949ms  lat=19.0059871673584 lon=32.1282844543457 time=2026-05-01 16:16:45.331887
[term_nc-1] seq=42 rtt=522.381067276001ms  lat=3.7326323986053467 lon=142.64942932128906 time=2026-05-01 16:16:45.592973
[term_nc-1] seq=43 rtt=522.2740173339844ms  lat=-8.252395629882812 lon=-139.3529052734375 time=2026-05-01 16:16:45.854135
[term_nc-1] seq=44 rtt=522.4072933197021ms  lat=19.278419494628906 lon=-100.99162292480469 time=2026-05-01 16:16:46.115052
[term_nc-1] seq=45 rtt=522.4895477294922ms  lat=31.13601303100586 lon=-19.752187728881836 time=2026-05-01 16:16:46.376223
[term_nc-1] seq=46 rtt=522.4401950836182ms  lat=-0.5307840704917908 lon=104.84075164794922 time=2026-05-01 16:16:46.637286
[term_nc-1] seq=47 rtt=522.0882892608643ms  lat=35.564903259277344 lon=115.00633239746094 time=2026-05-01 16:16:46.898697
[term_nc-1] seq=48 rtt=522.057056427002ms  lat=-62.126773834228516 lon=105.83304595947266 time=2026-05-01 16:16:47.159554
[term_nc-1] seq=49 rtt=522.0489501953125ms  lat=-62.2143669128418 lon=-171.77969360351562 time=2026-05-01 16:16:47.420441
[term_nc-1] seq=50 rtt=522.301435470581ms  lat=40.166404724121094 lon=-45.85041809082031 time=2026-05-01 16:16:47.681356
[term_nc-1] seq=51 rtt=522.3085880279541ms  lat=-48.082794189453125 lon=125.92742156982422 time=2026-05-01 16:16:47.942138
[term_nc-1] seq=52 rtt=522.3512649536133ms  lat=33.991432189941406 lon=50.05685806274414 time=2026-05-01 16:16:48.203089
[term_nc-1] seq=53 rtt=522.169828414917ms  lat=-80.1291275024414 lon=-5.277833938598633 time=2026-05-01 16:16:48.463965
[term_nc-1] seq=54 rtt=522.226095199585ms  lat=1.0231633186340332 lon=102.24152374267578 time=2026-05-01 16:16:48.724749
[term_nc-1] seq=55 rtt=522.1376419067383ms  lat=12.324074745178223 lon=128.55259704589844 time=2026-05-01 16:16:48.985736
[term_nc-1] seq=56 rtt=522.0143795013428ms  lat=-88.71979522705078 lon=-118.04366302490234 time=2026-05-01 16:16:49.246668
[term_nc-1] seq=57 rtt=522.1796035766602ms  lat=81.78836822509766 lon=28.745988845825195 time=2026-05-01 16:16:49.507407
[term_nc-1] seq=58 rtt=522.1197605133057ms  lat=21.50027847290039 lon=-116.68111419677734 time=2026-05-01 16:16:49.768397
[term_nc-1] seq=59 rtt=522.1664905548096ms  lat=-40.42316818237305 lon=90.64339447021484 time=2026-05-01 16:16:50.029434
[term_nc-1] seq=60 rtt=522.3040580749512ms  lat=-74.36560821533203 lon=95.79705810546875 time=2026-05-01 16:16:50.290363
[term_nc-1] seq=61 rtt=522.3147869110107ms  lat=49.87939453125 lon=-26.6335391998291 time=2026-05-01 16:16:50.551429
[term_nc-1] seq=62 rtt=522.2413539886475ms  lat=49.94355773925781 lon=-176.65347290039062 time=2026-05-01 16:16:50.812449
[term_nc-1] seq=63 rtt=522.0396518707275ms  lat=-72.54637908935547 lon=59.00697326660156 time=2026-05-01 16:16:51.073437
[term_nc-1] seq=64 rtt=521.7924118041992ms  lat=-25.10202980041504 lon=9.223334312438965 time=2026-05-01 16:16:51.334315
[term_nc-1] seq=65 rtt=521.9767093658447ms  lat=74.90992736816406 lon=167.28726196289062 time=2026-05-01 16:16:51.595134
[term_nc-1] seq=66 rtt=521.9943523406982ms  lat=41.03040313720703 lon=-35.808677673339844 time=2026-05-01 16:16:51.855856
[term_nc-1] seq=67 rtt=522.0370292663574ms  lat=70.91712951660156 lon=-5.275296688079834 time=2026-05-01 16:16:52.116559
[term_nc-1] seq=68 rtt=522.0670700073242ms  lat=89.18509674072266 lon=-126.01026153564453 time=2026-05-01 16:16:52.377418
[term_nc-1] seq=69 rtt=522.0201015472412ms  lat=0.1346452385187149 lon=-58.240318298339844 time=2026-05-01 16:16:52.638408
[term_nc-1] seq=70 rtt=522.1157073974609ms  lat=20.075082778930664 lon=-74.46324157714844 time=2026-05-01 16:16:52.899296
[term_nc-1] seq=71 rtt=522.1624374389648ms  lat=13.396658897399902 lon=8.932536125183105 time=2026-05-01 16:16:53.160256
[term_nc-1] seq=72 rtt=522.0098495483398ms  lat=2.9481828212738037 lon=7.737321376800537 time=2026-05-01 16:16:53.421242
[term_nc-1] seq=73 rtt=521.9039916992188ms  lat=-76.96395111083984 lon=13.787549018859863 time=2026-05-01 16:16:53.682161
[term_nc-1] seq=74 rtt=521.9106674194336ms  lat=76.0934066772461 lon=137.5378875732422 time=2026-05-01 16:16:53.943111
[term_nc-1] seq=75 rtt=521.9056606292725ms  lat=-64.70307922363281 lon=155.0745849609375 time=2026-05-01 16:16:54.204056
[term_nc-1] seq=76 rtt=521.9900608062744ms  lat=82.04631042480469 lon=-43.78737258911133 time=2026-05-01 16:16:54.464944
[term_nc-1] seq=77 rtt=522.0844745635986ms  lat=56.707313537597656 lon=-122.94841766357422 time=2026-05-01 16:16:54.725832
[term_nc-1] seq=78 rtt=522.0906734466553ms  lat=64.78285217285156 lon=60.03526306152344 time=2026-05-01 16:16:54.986777
[term_nc-1] seq=79 rtt=522.0561027526855ms  lat=-77.60800170898438 lon=-57.332733154296875 time=2026-05-01 16:16:55.247774
[term_nc-1] seq=80 rtt=522.2220420837402ms  lat=3.6206350326538086 lon=149.5655059814453 time=2026-05-01 16:16:55.508671
[term_nc-1] seq=81 rtt=522.2680568695068ms  lat=-10.769939422607422 lon=-141.19187927246094 time=2026-05-01 16:16:55.769689
[term_nc-1] seq=82 rtt=522.3145484924316ms  lat=-34.530601501464844 lon=170.4454345703125 time=2026-05-01 16:16:56.030733
[term_nc-1] seq=83 rtt=522.1517086029053ms  lat=3.24117374420166 lon=168.06919860839844 time=2026-05-01 16:16:56.291924
[term_nc-1] seq=84 rtt=522.2153663635254ms  lat=45.68901062011719 lon=93.6250228881836 time=2026-05-01 16:16:56.552827
[term_nc-1] seq=85 rtt=522.2337245941162ms  lat=-47.41885757446289 lon=-67.91240692138672 time=2026-05-01 16:16:56.813886
[term_nc-1] seq=86 rtt=522.4649906158447ms  lat=58.46477508544922 lon=-64.76756286621094 time=2026-05-01 16:16:57.074922
[term_nc-1] seq=87 rtt=522.587776184082ms  lat=21.59307098388672 lon=7.751690864562988 time=2026-05-01 16:16:57.335971
[term_nc-1] seq=88 rtt=522.5427150726318ms  lat=8.33889102935791 lon=96.04137420654297 time=2026-05-01 16:16:57.597138
[term_nc-1] seq=89 rtt=522.1211910247803ms  lat=-30.22868537902832 lon=-128.25807189941406 time=2026-05-01 16:16:57.858569
[term_nc-1] seq=90 rtt=522.3290920257568ms  lat=21.123991012573242 lon=7.770158767700195 time=2026-05-01 16:16:58.119528
[term_nc-1] seq=92 rtt=522.2864151000977ms  lat=13.811381340026855 lon=-4.371654510498047 time=2026-05-01 16:16:58.641560
[term_nc-1] seq=93 rtt=522.1240520477295ms  lat=-0.507196307182312 lon=-34.5287971496582 time=2026-05-01 16:16:58.902775
[term_nc-1] seq=94 rtt=522.1784114837646ms  lat=25.434005737304688 lon=-126.4798812866211 time=2026-05-01 16:16:59.163832
[term_nc-1] seq=95 rtt=522.3073959350586ms  lat=17.608386993408203 lon=21.60527801513672 time=2026-05-01 16:16:59.424801
[term_nc-1] seq=96 rtt=522.5803852081299ms  lat=-1.7641515731811523 lon=48.629154205322266 time=2026-05-01 16:16:59.685739
[term_nc-1] seq=97 rtt=522.7293968200684ms  lat=-14.936416625976562 lon=-1.366133689880371 time=2026-05-01 16:16:59.946882
[term_nc-1] seq=98 rtt=522.4242210388184ms  lat=-51.59043502807617 lon=-157.56976318359375 time=2026-05-01 16:17:00.208151
[term_nc-1] seq=99 rtt=522.367000579834ms  lat=-46.91435241699219 lon=-43.07374572753906 time=2026-05-01 16:17:00.469259
[term_nc-1] seq=100 rtt=522.2094058990479ms  lat=-21.79547691345215 lon=-107.96520233154297 time=2026-05-01 16:17:00.730317
[term_nc-1] seq=101 rtt=522.1400260925293ms  lat=7.313241958618164 lon=176.4232940673828 time=2026-05-01 16:17:00.991455
[term_nc-1] seq=102 rtt=522.11594581604ms  lat=47.732723236083984 lon=-121.65226745605469 time=2026-05-01 16:17:01.252405
[term_nc-1] seq=103 rtt=522.3104953765869ms  lat=-26.465532302856445 lon=-11.365809440612793 time=2026-05-01 16:17:01.513423
[term_nc-1] seq=104 rtt=522.7162837982178ms  lat=-32.81027603149414 lon=100.70571899414062 time=2026-05-01 16:17:01.774364
[term_nc-1] seq=105 rtt=522.9535102844238ms  lat=-2.4924988746643066 lon=61.818424224853516 time=2026-05-01 16:17:02.035547
[term_nc-1] seq=106 rtt=522.735595703125ms  lat=29.13444709777832 lon=93.75057220458984 time=2026-05-01 16:17:02.296888
[term_nc-1] seq=107 rtt=522.5062370300293ms  lat=-62.567237854003906 lon=-128.41244506835938 time=2026-05-01 16:17:02.558260
[term_nc-1] seq=108 rtt=522.5274562835693ms  lat=86.47750854492188 lon=40.76707458496094 time=2026-05-01 16:17:02.819397
[term_nc-1] seq=109 rtt=522.723913192749ms  lat=-42.79440689086914 lon=-48.747535705566406 time=2026-05-01 16:17:03.080586
[term_nc-1] seq=110 rtt=522.913932800293ms  lat=76.35486602783203 lon=136.2494354248047 time=2026-05-01 16:17:03.341746
[term_nc-1] seq=111 rtt=522.7992534637451ms  lat=1.4687442779541016 lon=88.97227478027344 time=2026-05-01 16:17:03.603077
[term_nc-1] seq=112 rtt=522.723913192749ms  lat=43.68440628051758 lon=-96.27286529541016 time=2026-05-01 16:17:03.864465
[term_nc-1] seq=113 rtt=522.9129791259766ms  lat=-25.41208839416504 lon=164.87245178222656 time=2026-05-01 16:17:04.125699
[{}] Duration elapsed, shutting down.
