[term_nc] Starting no coding terminal (duration=30s)
[term_nc-0] seq=1 rtt=1043.3990955352783ms  lat=-30.935604095458984 lon=29.509916305541992 time=2026-05-01 16:16:34.895447
[term_nc-0] seq=2 rtt=782.9196453094482ms  lat=-55.9781494140625 lon=153.5408477783203 time=2026-05-01 16:16:35.156150
[term_nc-0] seq=3 rtt=522.1419334411621ms  lat=-15.05519962310791 lon=-91.62205505371094 time=2026-05-01 16:16:35.416974
[term_nc-0] seq=4 rtt=522.1850872039795ms  lat=-62.581607818603516 lon=-169.713134765625 time=2026-05-01 16:16:35.677809
[term_nc-0] seq=5 rtt=522.1374034881592ms  lat=17.351253509521484 lon=134.3727569580078 time=2026-05-01 16:16:35.938727
[term_nc-0] seq=6 rtt=521.5966701507568ms  lat=-18.682100296020508 lon=60.559906005859375 time=2026-05-01 16:16:36.200277
[term_nc-0] seq=7 rtt=521.5592384338379ms  lat=-75.95246124267578 lon=-159.2503662109375 time=2026-05-01 16:16:36.461197
[term_nc-0] seq=8 rtt=521.7165946960449ms  lat=-60.66500473022461 lon=175.656005859375 time=2026-05-01 16:16:36.722050
[term_nc-0] seq=9 rtt=521.9628810882568ms  lat=43.422969818115234 lon=17.664695739746094 time=2026-05-01 16:16:36.982887
[term_nc-0] seq=10 rtt=522.1452713012695ms  lat=67.88223266601562 lon=155.83694458007812 time=2026-05-01 16:16:37.243763
[term_nc-0] seq=11 rtt=521.9554901123047ms  lat=-2.391822099685669 lon=111.00203704833984 time=2026-05-01 16:16:37.504835
[term_nc-0] seq=12 rtt=521.9264030456543ms  lat=21.190677642822266 lon=138.2794189453125 time=2026-05-01 16:16:37.765791
[term_nc-0] seq=13 rtt=521.9531059265137ms  lat=63.2133903503418 lon=13.638082504272461 time=2026-05-01 16:16:38.026695
[term_nc-0] seq=14 rtt=521.8122005462646ms  lat=13.973509788513184 lon=-150.92971801757812 time=2026-05-01 16:16:38.287685
[term_nc-0] seq=15 rtt=521.8074321746826ms  lat=-85.90650939941406 lon=-91.8597640991211 time=2026-05-01 16:16:38.548566
[term_nc-0] seq=16 rtt=521.7792987823486ms  lat=-45.62879943847656 lon=55.404788970947266 time=2026-05-01 16:16:38.809454
[term_nc-0] seq=17 rtt=521.9159126281738ms  lat=-67.9456787109375 lon=-36.71833419799805 time=2026-05-01 16:16:39.070174
[term_nc-0] seq=18 rtt=521.918535232544ms  lat=19.249366760253906 lon=77.56359100341797 time=2026-05-01 16:16:39.331091
[term_nc-0] seq=19 rtt=521.7564105987549ms  lat=-78.90644836425781 lon=39.865116119384766 time=2026-05-01 16:16:39.592093
[term_nc-0] seq=20 rtt=521.550178527832ms  lat=-62.07899475097656 lon=158.9663543701172 time=2026-05-01 16:16:39.853271
[term_nc-0] seq=21 rtt=521.9595432281494ms  lat=73.93115234375 lon=168.2610626220703 time=2026-05-01 16:16:40.113967
[term_nc-0] seq=22 rtt=521.9125747680664ms  lat=-87.99702453613281 lon=-72.03630065917969 time=2026-05-01 16:16:40.374888
[term_nc-0] seq=23 rtt=521.751880645752ms  lat=-27.283485412597656 lon=-109.076904296875 time=2026-05-01 16:16:40.635947
[term_nc-0] seq=24 rtt=521.7466354370117ms  lat=-41.17838668823242 lon=-29.466846466064453 time=2026-05-01 16:16:40.896705
[term_nc-0] seq=25 rtt=521.8648910522461ms  lat=77.93120574951172 lon=-32.78936767578125 time=2026-05-01 16:16:41.157554
[term_nc-0] seq=26 rtt=521.935224533081ms  lat=64.59037017822266 lon=-116.29084777832031 time=2026-05-01 16:16:41.418321
[term_nc-0] seq=27 rtt=521.7776298522949ms  lat=-79.84761047363281 lon=-30.671457290649414 time=2026-05-01 16:16:41.679275
[term_nc-0] seq=28 rtt=521.8021869659424ms  lat=-75.60570526123047 lon=163.86582946777344 time=2026-05-01 16:16:41.940118
[term_nc-0] seq=29 rtt=522.0341682434082ms  lat=-40.091800689697266 lon=-91.60445404052734 time=2026-05-01 16:16:42.200911
[term_nc-0] seq=30 rtt=522.1233367919922ms  lat=56.438358306884766 lon=124.77558898925781 time=2026-05-01 16:16:42.461771
[term_nc-0] seq=31 rtt=521.920919418335ms  lat=5.492814540863037 lon=100.26205444335938 time=2026-05-01 16:16:42.722800
[term_nc-0] seq=32 rtt=521.8186378479004ms  lat=42.457427978515625 lon=-57.13467788696289 time=2026-05-01 16:16:42.983704
[term_nc-0] seq=33 rtt=521.7747688293457ms  lat=44.66254806518555 lon=-151.954833984375 time=2026-05-01 16:16:43.244633
[term_nc-0] seq=34 rtt=521.7373371124268ms  lat=-76.84712982177734 lon=10.78718376159668 time=2026-05-01 16:16:43.505408
[term_nc-0] seq=35 rtt=521.7640399932861ms  lat=78.9342041015625 lon=-42.89762496948242 time=2026-05-01 16:16:43.766288
[term_nc-0] seq=36 rtt=522.2179889678955ms  lat=-17.418745040893555 lon=143.66310119628906 time=2026-05-01 16:16:44.027009
[term_nc-0] seq=37 rtt=522.2423076629639ms  lat=71.47332000732422 lon=-140.19728088378906 time=2026-05-01 16:16:44.287898
[term_nc-0] seq=38 rtt=522.0203399658203ms  lat=62.81446838378906 lon=-162.33502197265625 time=2026-05-01 16:16:44.549016
[term_nc-0] seq=39 rtt=522.0353603363037ms  lat=79.29232788085938 lon=-150.81175231933594 time=2026-05-01 16:16:44.810039
[term_nc-0] seq=40 rtt=522.0718383789062ms  lat=-36.5322151184082 lon=100.40862274169922 time=2026-05-01 16:16:45.071081
[term_nc-0] seq=41 rtt=522.3584175109863ms  lat=-52.50298309326172 lon=-101.34576416015625 time=2026-05-01 16:16:45.331963
[term_nc-0] seq=42 rtt=522.2766399383545ms  lat=9.642929077148438 lon=-79.818359375 time=2026-05-01 16:16:45.592997
[term_nc-0] seq=43 rtt=522.2725868225098ms  lat=-89.90853118896484 lon=59.53730010986328 time=2026-05-01 16:16:45.854121
[term_nc-0] seq=44 rtt=522.3143100738525ms  lat=-21.518857955932617 lon=-10.539617538452148 time=2026-05-01 16:16:46.115119
[term_nc-0] seq=45 rtt=522.5772857666016ms  lat=-3.662174940109253 lon=-70.67362976074219 time=2026-05-01 16:16:46.376259
[term_nc-0] seq=46 rtt=522.4120616912842ms  lat=89.7068099975586 lon=-11.719633102416992 time=2026-05-01 16:16:46.637300
[term_nc-0] seq=47 rtt=522.303581237793ms  lat=53.44059371948242 lon=154.2191619873047 time=2026-05-01 16:16:46.898305
[term_nc-0] seq=48 rtt=521.9097137451172ms  lat=9.993839263916016 lon=-64.61349487304688 time=2026-05-01 16:16:47.159569
[term_nc-0] seq=49 rtt=521.7185020446777ms  lat=14.042665481567383 lon=171.74391174316406 time=2026-05-01 16:16:47.420619
[term_nc-0] seq=50 rtt=521.752119064331ms  lat=-88.66437530517578 lon=-59.82126235961914 time=2026-05-01 16:16:47.681519
[term_nc-0] seq=51 rtt=521.7652320861816ms  lat=62.16444396972656 lon=-119.40464782714844 time=2026-05-01 16:16:47.942324
[term_nc-0] seq=52 rtt=521.343469619751ms  lat=-26.7442626953125 lon=118.5362777709961 time=2026-05-01 16:16:48.203545
[term_nc-0] seq=53 rtt=521.5327739715576ms  lat=-35.17076110839844 lon=172.20184326171875 time=2026-05-01 16:16:48.464359
[term_nc-0] seq=54 rtt=521.6355323791504ms  lat=-71.31439208984375 lon=57.03094482421875 time=2026-05-01 16:16:48.725160
[term_nc-0] seq=55 rtt=521.5542316436768ms  lat=26.084075927734375 lon=-135.3123321533203 time=2026-05-01 16:16:48.986022
[term_nc-0] seq=56 rtt=521.7108726501465ms  lat=27.708208084106445 lon=127.42323303222656 time=2026-05-01 16:16:49.246879
[term_nc-0] seq=57 rtt=521.8367576599121ms  lat=3.8933215141296387 lon=95.18049621582031 time=2026-05-01 16:16:49.507750
[term_nc-0] seq=58 rtt=521.942138671875ms  lat=41.08720016479492 lon=164.7300262451172 time=2026-05-01 16:16:49.768575
[term_nc-0] seq=59 rtt=522.1695899963379ms  lat=-48.31413650512695 lon=-98.38264465332031 time=2026-05-01 16:16:50.029434
[term_nc-0] seq=60 rtt=522.230863571167ms  lat=-42.90299987792969 lon=-30.410268783569336 time=2026-05-01 16:16:50.290363
[term_nc-0] seq=61 rtt=522.1455097198486ms  lat=-57.713802337646484 lon=155.35203552246094 time=2026-05-01 16:16:50.551441
[term_nc-0] seq=62 rtt=521.9564437866211ms  lat=-18.511329650878906 lon=105.36610412597656 time=2026-05-01 16:16:50.812505
[term_nc-0] seq=63 rtt=521.714448928833ms  lat=61.044151306152344 lon=-63.97123718261719 time=2026-05-01 16:16:51.073560
[term_nc-0] seq=64 rtt=521.4033126831055ms  lat=72.48394775390625 lon=23.472782135009766 time=2026-05-01 16:16:51.334576
[term_nc-0] seq=65 rtt=521.3007926940918ms  lat=-57.3477897644043 lon=163.41493225097656 time=2026-05-01 16:16:51.595395
[term_nc-0] seq=66 rtt=521.561861038208ms  lat=1.8921067714691162 lon=85.58716583251953 time=2026-05-01 16:16:51.856018
[term_nc-0] seq=67 rtt=521.5408802032471ms  lat=-38.03034210205078 lon=-179.51901245117188 time=2026-05-01 16:16:52.116989
[term_nc-0] seq=68 rtt=521.7139720916748ms  lat=38.27727508544922 lon=44.04846954345703 time=2026-05-01 16:16:52.377726
[term_nc-0] seq=69 rtt=521.9385623931885ms  lat=-8.238300323486328 lon=19.843290328979492 time=2026-05-01 16:16:52.638489
[term_nc-0] seq=70 rtt=522.036075592041ms  lat=58.241031646728516 lon=121.45719146728516 time=2026-05-01 16:16:52.899376
[term_nc-0] seq=71 rtt=522.1061706542969ms  lat=26.424854278564453 lon=-4.707627773284912 time=2026-05-01 16:16:53.160257
[term_nc-0] seq=72 rtt=522.010326385498ms  lat=82.49758911132812 lon=17.008769989013672 time=2026-05-01 16:16:53.421241
[term_nc-0] seq=73 rtt=521.9480991363525ms  lat=62.91708755493164 lon=-78.14183807373047 time=2026-05-01 16:16:53.682250
[term_nc-0] seq=74 rtt=521.9407081604004ms  lat=-9.621438026428223 lon=16.565114974975586 time=2026-05-01 16:16:53.943111
[term_nc-0] seq=75 rtt=522.0398902893066ms  lat=-80.61408996582031 lon=5.522666931152344 time=2026-05-01 16:16:54.203921
[term_nc-0] seq=76 rtt=522.0663547515869ms  lat=31.821285247802734 lon=-140.55316162109375 time=2026-05-01 16:16:54.464856
[term_nc-0] seq=77 rtt=522.0894813537598ms  lat=4.4438886642456055 lon=37.69154739379883 time=2026-05-01 16:16:54.725826
[term_nc-0] seq=78 rtt=522.0456123352051ms  lat=72.47307586669922 lon=-144.3206329345703 time=2026-05-01 16:16:54.986778
[term_nc-0] seq=79 rtt=522.0541954040527ms  lat=20.982398986816406 lon=-17.06757164001465 time=2026-05-01 16:16:55.247776
[term_nc-0] seq=80 rtt=522.165060043335ms  lat=-4.963325500488281 lon=76.8321762084961 time=2026-05-01 16:16:55.508721
[term_nc-0] seq=81 rtt=522.3572254180908ms  lat=42.10439682006836 lon=-115.29354858398438 time=2026-05-01 16:16:55.769696
[term_nc-0] seq=82 rtt=522.2463607788086ms  lat=47.98421859741211 lon=136.24752807617188 time=2026-05-01 16:16:56.030740
[term_nc-0] seq=83 rtt=522.2177505493164ms  lat=-71.62735748291016 lon=-82.87716674804688 time=2026-05-01 16:16:56.291819
[term_nc-0] seq=84 rtt=522.2020149230957ms  lat=33.3042106628418 lon=68.05500793457031 time=2026-05-01 16:16:56.552855
[term_nc-0] seq=85 rtt=522.1729278564453ms  lat=49.99319076538086 lon=-102.94388580322266 time=2026-05-01 16:16:56.813959
[term_nc-0] seq=86 rtt=522.7346420288086ms  lat=-23.439048767089844 lon=24.661645889282227 time=2026-05-01 16:16:57.074864
[term_nc-0] seq=87 rtt=522.7735042572021ms  lat=44.272560119628906 lon=114.5402603149414 time=2026-05-01 16:16:57.335970
[term_nc-0] seq=88 rtt=522.545576095581ms  lat=-28.882843017578125 lon=-24.6404972076416 time=2026-05-01 16:16:57.597138
[term_nc-0] seq=89 rtt=522.3221778869629ms  lat=-23.568408966064453 lon=39.2016487121582 time=2026-05-01 16:16:57.858391
[term_nc-0] seq=90 rtt=522.331714630127ms  lat=-78.6891860961914 lon=135.44711303710938 time=2026-05-01 16:16:58.119526
[term_nc-0] seq=91 rtt=522.4800109863281ms  lat=28.32272720336914 lon=87.68296813964844 time=2026-05-01 16:16:58.380486
[term_nc-0] seq=92 rtt=522.3634243011475ms  lat=65.71994018554688 lon=-18.623125076293945 time=2026-05-01 16:16:58.641617
[term_nc-0] seq=93 rtt=522.1102237701416ms  lat=78.05524444580078 lon=-158.22659301757812 time=2026-05-01 16:16:58.902817
[term_nc-0] seq=94 rtt=522.2148895263672ms  lat=16.478656768798828 lon=-163.1377410888672 time=2026-05-01 16:16:59.163690
[term_nc-0] seq=95 rtt=522.3567485809326ms  lat=-53.62797164916992 lon=-141.18807983398438 time=2026-05-01 16:16:59.424736
[term_nc-0] seq=96 rtt=522.4292278289795ms  lat=52.92306137084961 lon=17.716983795166016 time=2026-05-01 16:16:59.685890
[term_nc-0] seq=97 rtt=522.489070892334ms  lat=-84.41453552246094 lon=-135.01898193359375 time=2026-05-01 16:16:59.946912
[term_nc-0] seq=98 rtt=522.3274230957031ms  lat=69.3623275756836 lon=-48.86358642578125 time=2026-05-01 16:17:00.208151
[term_nc-0] seq=99 rtt=522.3703384399414ms  lat=76.04159545898438 lon=63.57050323486328 time=2026-05-01 16:17:00.469255
[term_nc-0] seq=100 rtt=522.0952033996582ms  lat=8.113840103149414 lon=106.75731658935547 time=2026-05-01 16:17:00.730433
[term_nc-0] seq=102 rtt=522.1319198608398ms  lat=14.171402931213379 lon=17.79359245300293 time=2026-05-01 16:17:01.252405
[term_nc-0] seq=103 rtt=522.3255157470703ms  lat=22.52766990661621 lon=-145.85044860839844 time=2026-05-01 16:17:01.513413
[term_nc-0] seq=104 rtt=522.7499008178711ms  lat=46.235313415527344 lon=-135.41326904296875 time=2026-05-01 16:17:01.774324
[term_nc-0] seq=105 rtt=522.923469543457ms  lat=-41.92443084716797 lon=92.67365264892578 time=2026-05-01 16:17:02.035546
[term_nc-0] seq=106 rtt=522.7019786834717ms  lat=-21.150856018066406 lon=-170.19821166992188 time=2026-05-01 16:17:02.296898
[term_nc-0] seq=107 rtt=522.4671363830566ms  lat=16.49894142150879 lon=123.46890258789062 time=2026-05-01 16:17:02.558292
[term_nc-0] seq=108 rtt=522.4483013153076ms  lat=-76.25981140136719 lon=117.85592651367188 time=2026-05-01 16:17:02.819476
[term_nc-0] seq=109 rtt=522.7110385894775ms  lat=-33.72967529296875 lon=-25.313810348510742 time=2026-05-01 16:17:03.080599
[term_nc-0] seq=110 rtt=522.9136943817139ms  lat=-17.050840377807617 lon=-89.41796875 time=2026-05-01 16:17:03.341746
[term_nc-0] seq=111 rtt=522.799015045166ms  lat=-12.79144287109375 lon=165.8404998779297 time=2026-05-01 16:17:03.603077
[term_nc-0] seq=112 rtt=522.7293968200684ms  lat=52.42164611816406 lon=-101.05780792236328 time=2026-05-01 16:17:03.864465
[term_nc-0] seq=113 rtt=522.9134559631348ms  lat=-71.29949951171875 lon=-79.62358856201172 time=2026-05-01 16:17:04.125698
[{}] Duration elapsed, shutting down.
