[term32-2] Starting (duration=30s)
[term32-2] seq=2 rtt=596.3687896728516ms  lat=-37.240596771240234 lon=34.54713439941406 time=2026-05-01 17:44:27.545835
[term32-2] Missing packets [1], sending NACK...
[term32-2] seq=4 rtt=616.3864135742188ms  lat=32.700984954833984 lon=-166.0138397216797 time=2026-05-01 17:44:28.047162
[term32-2] Missing packets [3], sending NACK...
[term32-2] seq=6 rtt=636.681079864502ms  lat=-67.66622924804688 lon=179.15438842773438 time=2026-05-01 17:44:28.548264
[term32-2] Missing packets [5], sending NACK...
[term32-2] seq=7 rtt=646.7323303222656ms  lat=28.640060424804688 lon=-143.8770294189453 time=2026-05-01 17:44:28.798884
[term32-2] seq=8 rtt=656.7642688751221ms  lat=66.72303771972656 lon=-125.05570983886719 time=2026-05-01 17:44:29.049342
[term32-2] seq=10 rtt=676.9375801086426ms  lat=41.457462310791016 lon=25.408357620239258 time=2026-05-01 17:44:29.550408
[term32-2] Missing packets [1, 9], sending NACK...
[term32-2] Missing packets [3], sending NACK...
[term32-2] seq=14 rtt=717.6940441131592ms  lat=32.83969497680664 lon=-102.3178939819336 time=2026-05-01 17:44:30.552642
[term32-2] Missing packets [5, 11, 12, 13], sending NACK...
[term32-2] seq=16 rtt=738.1954193115234ms  lat=-51.36210632324219 lon=42.874481201171875 time=2026-05-01 17:44:31.053730
[term32-2] Missing packets [15], sending NACK...
[term32-2] seq=17 rtt=748.546838760376ms  lat=87.5479965209961 lon=-130.35157775878906 time=2026-05-01 17:44:31.304249
[term32-2] seq=18 rtt=502.52771377563477ms  lat=52.49835968017578 lon=-100.80332946777344 time=2026-05-01 17:44:31.554947
[term32-2] seq=19 rtt=512.5951766967773ms  lat=-8.034072875976562 lon=76.5449447631836 time=2026-05-01 17:44:31.805521
[term32-2] Missing packets [1, 9], sending NACK...
[term32-2] seq=21 rtt=533.5667133331299ms  lat=-68.03877258300781 lon=-156.16104125976562 time=2026-05-01 17:44:32.306520
[term32-2] Missing packets [3, 20], sending NACK...
[term32-2] seq=22 rtt=543.9410209655762ms  lat=59.36897277832031 lon=-164.31613159179688 time=2026-05-01 17:44:32.557177
[term32-2] Missing packets [5, 11, 12, 13], sending NACK...
[term32-2] seq=24 rtt=564.3017292022705ms  lat=30.666614532470703 lon=98.6557846069336 time=2026-05-01 17:44:33.058779
[term32-2] Missing packets [23], sending NACK...
[term32-2] seq=25 rtt=574.9368667602539ms  lat=28.7934627532959 lon=-119.20838165283203 time=2026-05-01 17:44:33.309339
[term32-2] Missing packets [15], sending NACK...
[term32-2] seq=27 rtt=595.362663269043ms  lat=-71.29666900634766 lon=115.01710510253906 time=2026-05-01 17:44:33.810701
[term32-2] Missing packets [1, 9, 26], sending NACK...
[term32-2] Missing packets [3, 20], sending NACK...
[term32-2] Missing packets [5, 11, 12, 13], sending NACK...
[term32-2] Missing packets [23], sending NACK...
[term32-2] seq=33 rtt=656.7494869232178ms  lat=-87.95860290527344 lon=-78.35447692871094 time=2026-05-01 17:44:35.315090
[term32-2] Missing packets [15, 28, 29, 30, 31, 32], sending NACK...
[term32-2] Missing packets [1, 9, 26], sending NACK...
[term32-2] seq=37 rtt=697.9811191558838ms  lat=-61.857418060302734 lon=85.50029754638672 time=2026-05-01 17:44:36.317834
[term32-2] Missing packets [3, 20, 34, 35, 36], sending NACK...
[term32-2] seq=39 rtt=718.543291091919ms  lat=41.2773323059082 lon=121.3343734741211 time=2026-05-01 17:44:36.819138
[term32-2] Missing packets [5, 11, 12, 13, 38], sending NACK...
[term32-2] Missing packets [23], sending NACK...
[term32-2] seq=41 rtt=737.6468181610107ms  lat=-22.322248458862305 lon=79.9958267211914 time=2026-05-01 17:44:37.321766
[term32-2] Missing packets [15, 28, 29, 30, 31, 32, 40], sending NACK...
[term32-2] seq=42 rtt=748.0361461639404ms  lat=-5.624488353729248 lon=61.92283630371094 time=2026-05-01 17:44:37.572510
[term32-2] seq=43 rtt=502.55489349365234ms  lat=76.22007751464844 lon=170.3955535888672 time=2026-05-01 17:44:37.823186
[term32-2] seq=44 rtt=512.9282474517822ms  lat=54.51032638549805 lon=100.74713134765625 time=2026-05-01 17:44:38.073802
[term32-2] Missing packets [1, 9, 26], sending NACK...
[term32-2] seq=45 rtt=523.3960151672363ms  lat=-32.66196060180664 lon=-96.35015869140625 time=2026-05-01 17:44:38.324357
[term32-2] Missing packets [3, 20, 34, 35, 36], sending NACK...
[term32-2] Missing packets [5, 11, 12, 13, 38], sending NACK...
[term32-2] Missing packets [23], sending NACK...
[term32-2] Missing packets [15, 28, 29, 30, 31, 32, 40], sending NACK...
[term32-2] Missing packets [1, 9, 26], sending NACK...
[term32-2] seq=53 rtt=604.7663688659668ms  lat=12.825517654418945 lon=152.71334838867188 time=2026-05-01 17:44:40.329911
[term32-2] Missing packets [46, 47, 48, 49, 50, 51, 52], sending NACK...
[term32-2] seq=54 rtt=615.1936054229736ms  lat=-88.41077423095703 lon=-45.64712905883789 time=2026-05-01 17:44:40.580649
[term32-2] Missing packets [20, 34, 35, 36], sending NACK...
[term32-2] seq=55 rtt=625.7197856903076ms  lat=81.15773010253906 lon=83.90087127685547 time=2026-05-01 17:44:40.831374
[term32-2] Missing packets [11, 12, 13, 38], sending NACK...
[term32-2] Missing packets [23], sending NACK...
[term32-2] seq=58 rtt=656.7671298980713ms  lat=-38.513797760009766 lon=146.80360412597656 time=2026-05-01 17:44:41.583543
[term32-2] Missing packets [15, 28, 29, 30, 31, 32, 40, 56, 57], sending NACK...
[term32-2] Missing packets [9, 26], sending NACK...
[term32-2] Missing packets [46, 47, 48, 49, 50, 51, 52], sending NACK...
[term32-2] Missing packets [20, 34, 35, 36], sending NACK...
[term32-2] seq=64 rtt=716.7253494262695ms  lat=-47.514068603515625 lon=-132.57269287109375 time=2026-05-01 17:44:43.089152
[term32-2] Missing packets [38, 59, 60, 61, 62, 63], sending NACK...
[term32-2] seq=65 rtt=727.1101474761963ms  lat=27.215829849243164 lon=-65.89179229736328 time=2026-05-01 17:44:43.339840
[term32-2] Missing packets [23], sending NACK...
[term32-2] seq=66 rtt=737.4310493469238ms  lat=-50.69947814941406 lon=22.926485061645508 time=2026-05-01 17:44:43.590379
[term32-2] Missing packets [28, 29, 30, 31, 32, 40, 56, 57], sending NACK...
[term32-2] seq=67 rtt=747.8530406951904ms  lat=-35.077606201171875 lon=153.72525024414062 time=2026-05-01 17:44:43.840957
[term32-2] Missing packets [26], sending NACK...
[term32-2] seq=70 rtt=517.1947479248047ms  lat=-12.550248146057129 lon=159.93521118164062 time=2026-05-01 17:44:44.593122
[term32-2] Missing packets [46, 47, 48, 49, 50, 51, 52, 68, 69], sending NACK...
[term32-2] Missing packets [34, 35, 36], sending NACK...
[term32-2] seq=72 rtt=537.3623371124268ms  lat=35.450286865234375 lon=-76.70401763916016 time=2026-05-01 17:44:45.094776
[term32-2] Missing packets [71], sending NACK...
[term32-2] Missing packets [38, 59, 60, 61, 62, 63], sending NACK...
[term32-2] Missing packets [23], sending NACK...
[term32-2] Missing packets [28, 29, 30, 31, 32, 40, 56, 57], sending NACK...
[term32-2] seq=76 rtt=577.2767066955566ms  lat=55.112876892089844 lon=-81.2370834350586 time=2026-05-01 17:44:46.097908
[term32-2] Missing packets [73, 74, 75], sending NACK...
[term32-2] seq=77 rtt=587.5673294067383ms  lat=70.65359497070312 lon=-138.1499786376953 time=2026-05-01 17:44:46.348580
[term32-2] Missing packets [46, 47, 48, 49, 50, 51, 52, 68, 69], sending NACK...
